# gmm-align-compiled --transition-scale=1.0 --acoustic-scale=0.1 --self-loop-scale=0.1 --beam=10 --retry-beam=40 --careful=false "gmm-boost-silence --boost=1.0 1 exp/mono/38.mdl - |" "ark:gunzip -c exp/mono/fsts.1.gz|" "ark,s,cs:apply-cmvn  --utt2spk=ark:data/train/split1/1/utt2spk scp:data/train/split1/1/cmvn.scp scp:data/train/split1/1/feats.scp ark:- | add-deltas ark:- ark:- |" "ark,t:|gzip -c >exp/mono/ali.1.gz" 
# Started at Sun Apr 30 11:25:29 IST 2017
#
gmm-align-compiled --transition-scale=1.0 --acoustic-scale=0.1 --self-loop-scale=0.1 --beam=10 --retry-beam=40 --careful=false 'gmm-boost-silence --boost=1.0 1 exp/mono/38.mdl - |' 'ark:gunzip -c exp/mono/fsts.1.gz|' 'ark,s,cs:apply-cmvn  --utt2spk=ark:data/train/split1/1/utt2spk scp:data/train/split1/1/cmvn.scp scp:data/train/split1/1/feats.scp ark:- | add-deltas ark:- ark:- |' 'ark,t:|gzip -c >exp/mono/ali.1.gz' 
gmm-boost-silence --boost=1.0 1 exp/mono/38.mdl - 
WARNING (gmm-boost-silence[5.0.61~2-37b53]:main():gmm-boost-silence.cc:82) The pdfs for the silence phones may be shared by other phones (note: this probably does not matter.)
LOG (gmm-boost-silence[5.0.61~2-37b53]:main():gmm-boost-silence.cc:93) Boosted weights for 5 pdfs, by factor of 1
LOG (gmm-boost-silence[5.0.61~2-37b53]:main():gmm-boost-silence.cc:103) Wrote model to -
add-deltas ark:- ark:- 
apply-cmvn --utt2spk=ark:data/train/split1/1/utt2spk scp:data/train/split1/1/cmvn.scp scp:data/train/split1/1/feats.scp ark:- 
WARNING (gmm-align-compiled[5.0.61~2-37b53]:AlignUtteranceWrapper():decoder-wrappers.cc:466) Retrying utterance lakshya-indie_pop-tanha_dil with beam 40
WARNING (gmm-align-compiled[5.0.61~2-37b53]:AlignUtteranceWrapper():decoder-wrappers.cc:466) Retrying utterance lakshya1-indie_pop-tanha_dil with beam 40
WARNING (gmm-align-compiled[5.0.61~2-37b53]:AlignUtteranceWrapper():decoder-wrappers.cc:466) Retrying utterance lakshya2-indie_pop-tanha_dil with beam 40
WARNING (gmm-align-compiled[5.0.61~2-37b53]:AlignUtteranceWrapper():decoder-wrappers.cc:466) Retrying utterance lakshya3-indie_pop-tanha_dil with beam 40
WARNING (gmm-align-compiled[5.0.61~2-37b53]:AlignUtteranceWrapper():decoder-wrappers.cc:466) Retrying utterance lakshya4-indie_pop-tanha_dil with beam 40
WARNING (gmm-align-compiled[5.0.61~2-37b53]:AlignUtteranceWrapper():decoder-wrappers.cc:466) Retrying utterance lakshya5-indie_pop-tanha_dil with beam 40
WARNING (gmm-align-compiled[5.0.61~2-37b53]:AlignUtteranceWrapper():decoder-wrappers.cc:466) Retrying utterance srijay-indie_pop-woh_chali_woh_chali with beam 40
WARNING (gmm-align-compiled[5.0.61~2-37b53]:AlignUtteranceWrapper():decoder-wrappers.cc:466) Retrying utterance srijay-jazz-autumn_leaves with beam 40
WARNING (gmm-align-compiled[5.0.61~2-37b53]:AlignUtteranceWrapper():decoder-wrappers.cc:466) Retrying utterance srijay-jazz-my_funny_valentine with beam 40
WARNING (gmm-align-compiled[5.0.61~2-37b53]:AlignUtteranceWrapper():decoder-wrappers.cc:466) Retrying utterance srijay-jazz-sing_sing_sing with beam 40
WARNING (gmm-align-compiled[5.0.61~2-37b53]:AlignUtteranceWrapper():decoder-wrappers.cc:475) Did not successfully decode file srijay-jazz-sing_sing_sing, len = 117
WARNING (gmm-align-compiled[5.0.61~2-37b53]:AlignUtteranceWrapper():decoder-wrappers.cc:466) Retrying utterance srijay-jazz-sophisticated_lady with beam 40
WARNING (gmm-align-compiled[5.0.61~2-37b53]:AlignUtteranceWrapper():decoder-wrappers.cc:466) Retrying utterance srijay-pop-play_that_song with beam 40
LOG (apply-cmvn[5.0.61~2-37b53]:main():apply-cmvn.cc:146) Applied cepstral mean normalization to 576 utterances, errors on 0
LOG (gmm-align-compiled[5.0.61~2-37b53]:main():gmm-align-compiled.cc:129) Overall log-likelihood per frame is -75.6722 over 92795 frames.
LOG (gmm-align-compiled[5.0.61~2-37b53]:main():gmm-align-compiled.cc:131) Retried 12 out of 576 utterances.
LOG (gmm-align-compiled[5.0.61~2-37b53]:main():gmm-align-compiled.cc:133) Done 575, errors on 1
# Accounting: time=6 threads=1
# Ended (code 0) at Sun Apr 30 11:25:35 IST 2017, elapsed time 6 seconds
