# gmm-align-compiled --transition-scale=1.0 --acoustic-scale=0.1 --self-loop-scale=0.1 --beam=6 --retry-beam=24 --careful=false "gmm-boost-silence --boost=1.0 1 exp/mono/1.mdl - |" "ark:gunzip -c exp/mono/fsts.1.gz|" "ark,s,cs:apply-cmvn  --utt2spk=ark:data/train/split1/1/utt2spk scp:data/train/split1/1/cmvn.scp scp:data/train/split1/1/feats.scp ark:- | add-deltas ark:- ark:- |" "ark,t:|gzip -c >exp/mono/ali.1.gz" 
# Started at Sun Apr 30 11:23:43 IST 2017
#
gmm-align-compiled --transition-scale=1.0 --acoustic-scale=0.1 --self-loop-scale=0.1 --beam=6 --retry-beam=24 --careful=false 'gmm-boost-silence --boost=1.0 1 exp/mono/1.mdl - |' 'ark:gunzip -c exp/mono/fsts.1.gz|' 'ark,s,cs:apply-cmvn  --utt2spk=ark:data/train/split1/1/utt2spk scp:data/train/split1/1/cmvn.scp scp:data/train/split1/1/feats.scp ark:- | add-deltas ark:- ark:- |' 'ark,t:|gzip -c >exp/mono/ali.1.gz' 
gmm-boost-silence --boost=1.0 1 exp/mono/1.mdl - 
WARNING (gmm-boost-silence[5.0.61~2-37b53]:main():gmm-boost-silence.cc:82) The pdfs for the silence phones may be shared by other phones (note: this probably does not matter.)
LOG (gmm-boost-silence[5.0.61~2-37b53]:main():gmm-boost-silence.cc:93) Boosted weights for 5 pdfs, by factor of 1
LOG (gmm-boost-silence[5.0.61~2-37b53]:main():gmm-boost-silence.cc:103) Wrote model to -
add-deltas ark:- ark:- 
apply-cmvn --utt2spk=ark:data/train/split1/1/utt2spk scp:data/train/split1/1/cmvn.scp scp:data/train/split1/1/feats.scp ark:- 
WARNING (gmm-align-compiled[5.0.61~2-37b53]:AlignUtteranceWrapper():decoder-wrappers.cc:466) Retrying utterance lakshya-indie_pop-tanha_dil with beam 24
WARNING (gmm-align-compiled[5.0.61~2-37b53]:AlignUtteranceWrapper():decoder-wrappers.cc:466) Retrying utterance lakshya-jazz-strange_fruit with beam 24
WARNING (gmm-align-compiled[5.0.61~2-37b53]:AlignUtteranceWrapper():decoder-wrappers.cc:466) Retrying utterance lakshya-rock-born_to_be_wild with beam 24
WARNING (gmm-align-compiled[5.0.61~2-37b53]:AlignUtteranceWrapper():decoder-wrappers.cc:466) Retrying utterance lakshya1-jazz-sophisticated_lady with beam 24
WARNING (gmm-align-compiled[5.0.61~2-37b53]:AlignUtteranceWrapper():decoder-wrappers.cc:466) Retrying utterance lakshya2-indie_pop-tanha_dil with beam 24
WARNING (gmm-align-compiled[5.0.61~2-37b53]:AlignUtteranceWrapper():decoder-wrappers.cc:466) Retrying utterance lakshya2-jazz-strange_fruit with beam 24
WARNING (gmm-align-compiled[5.0.61~2-37b53]:AlignUtteranceWrapper():decoder-wrappers.cc:466) Retrying utterance lakshya2-rock-born_to_be_wild with beam 24
WARNING (gmm-align-compiled[5.0.61~2-37b53]:AlignUtteranceWrapper():decoder-wrappers.cc:466) Retrying utterance lakshya3-indie_pop-tanha_dil with beam 24
WARNING (gmm-align-compiled[5.0.61~2-37b53]:AlignUtteranceWrapper():decoder-wrappers.cc:466) Retrying utterance lakshya3-jazz-strange_fruit with beam 24
WARNING (gmm-align-compiled[5.0.61~2-37b53]:AlignUtteranceWrapper():decoder-wrappers.cc:466) Retrying utterance lakshya3-rock-born_to_be_wild with beam 24
WARNING (gmm-align-compiled[5.0.61~2-37b53]:AlignUtteranceWrapper():decoder-wrappers.cc:466) Retrying utterance lakshya4-indie_pop-tanha_dil with beam 24
WARNING (gmm-align-compiled[5.0.61~2-37b53]:AlignUtteranceWrapper():decoder-wrappers.cc:466) Retrying utterance lakshya4-jazz-strange_fruit with beam 24
WARNING (gmm-align-compiled[5.0.61~2-37b53]:AlignUtteranceWrapper():decoder-wrappers.cc:466) Retrying utterance lakshya4-rock-born_to_be_wild with beam 24
WARNING (gmm-align-compiled[5.0.61~2-37b53]:AlignUtteranceWrapper():decoder-wrappers.cc:466) Retrying utterance lakshya5-indie_pop-tanha_dil with beam 24
WARNING (gmm-align-compiled[5.0.61~2-37b53]:AlignUtteranceWrapper():decoder-wrappers.cc:466) Retrying utterance lakshya5-jazz-strange_fruit with beam 24
WARNING (gmm-align-compiled[5.0.61~2-37b53]:AlignUtteranceWrapper():decoder-wrappers.cc:466) Retrying utterance lakshya5-rock-born_to_be_wild with beam 24
WARNING (gmm-align-compiled[5.0.61~2-37b53]:AlignUtteranceWrapper():decoder-wrappers.cc:466) Retrying utterance srijay-jazz-my_funny_valentine with beam 24
WARNING (gmm-align-compiled[5.0.61~2-37b53]:AlignUtteranceWrapper():decoder-wrappers.cc:466) Retrying utterance srijay1-jazz-my_funny_valentine with beam 24
WARNING (gmm-align-compiled[5.0.61~2-37b53]:AlignUtteranceWrapper():decoder-wrappers.cc:466) Retrying utterance srijay1-rock-stairway_to_heaven with beam 24
WARNING (gmm-align-compiled[5.0.61~2-37b53]:AlignUtteranceWrapper():decoder-wrappers.cc:466) Retrying utterance srijay2-jazz-my_funny_valentine with beam 24
WARNING (gmm-align-compiled[5.0.61~2-37b53]:AlignUtteranceWrapper():decoder-wrappers.cc:466) Retrying utterance srijay2-rock-stairway_to_heaven with beam 24
WARNING (gmm-align-compiled[5.0.61~2-37b53]:AlignUtteranceWrapper():decoder-wrappers.cc:466) Retrying utterance srijay3-jazz-my_funny_valentine with beam 24
WARNING (gmm-align-compiled[5.0.61~2-37b53]:AlignUtteranceWrapper():decoder-wrappers.cc:466) Retrying utterance srijay3-rock-stairway_to_heaven with beam 24
WARNING (gmm-align-compiled[5.0.61~2-37b53]:AlignUtteranceWrapper():decoder-wrappers.cc:466) Retrying utterance srijay4-jazz-my_funny_valentine with beam 24
WARNING (gmm-align-compiled[5.0.61~2-37b53]:AlignUtteranceWrapper():decoder-wrappers.cc:466) Retrying utterance srijay4-rock-stairway_to_heaven with beam 24
WARNING (gmm-align-compiled[5.0.61~2-37b53]:AlignUtteranceWrapper():decoder-wrappers.cc:466) Retrying utterance srijay5-jazz-my_funny_valentine with beam 24
LOG (apply-cmvn[5.0.61~2-37b53]:main():apply-cmvn.cc:146) Applied cepstral mean normalization to 576 utterances, errors on 0
WARNING (gmm-align-compiled[5.0.61~2-37b53]:AlignUtteranceWrapper():decoder-wrappers.cc:466) Retrying utterance srijay5-rock-stairway_to_heaven with beam 24
LOG (gmm-align-compiled[5.0.61~2-37b53]:main():gmm-align-compiled.cc:129) Overall log-likelihood per frame is -94.91 over 92912 frames.
LOG (gmm-align-compiled[5.0.61~2-37b53]:main():gmm-align-compiled.cc:131) Retried 27 out of 576 utterances.
LOG (gmm-align-compiled[5.0.61~2-37b53]:main():gmm-align-compiled.cc:133) Done 576, errors on 0
# Accounting: time=4 threads=1
# Ended (code 0) at Sun Apr 30 11:23:47 IST 2017, elapsed time 4 seconds
