# gunzip -c exp/mono/decode/depth_stats_tmp.*.gz | steps/diagnostic/analyze_lattice_depth_stats.py exp/mono/graph 
# Started at Sun Apr 30 13:54:41 IST 2017
#
The total amount of data analyzed assuming 100 frames per second is 0.0 hours
Overall, lattice depth (10,50,90-percentile)=(1,1,3) and mean=1.6
Nonsilence phones as a group account for 64.1% of frames, with lattice depth (10,50,90-percentile)=(1,1,3) and mean=1.6
Phone sil accounts for 35.9% of frames, with lattice depth (10,50,90-percentile)=(1,1,3) and mean=1.6
Phone e_I accounts for 5.8% of frames, with lattice depth (10,50,90-percentile)=(1,1,1) and mean=1.0
Phone r_E accounts for 4.9% of frames, with lattice depth (10,50,90-percentile)=(1,1,1) and mean=1.0
Phone ə_E accounts for 3.7% of frames, with lattice depth (10,50,90-percentile)=(1,3,6) and mean=3.3
Phone n_I accounts for 2.4% of frames, with lattice depth (10,50,90-percentile)=(1,1,3) and mean=1.3
Phone dʒ_B accounts for 2.0% of frames, with lattice depth (10,50,90-percentile)=(1,1,1) and mean=1.3
Phone ɒ_I accounts for 1.9% of frames, with lattice depth (10,50,90-percentile)=(1,1,1) and mean=1.1
Phone ʌ_I accounts for 1.7% of frames, with lattice depth (10,50,90-percentile)=(1,1,11) and mean=4.3
Phone z_E accounts for 1.6% of frames, with lattice depth (10,50,90-percentile)=(1,1,1) and mean=1.1
Phone eɪ_I accounts for 1.6% of frames, with lattice depth (10,50,90-percentile)=(1,1,1) and mean=1.0
Phone v_E accounts for 1.5% of frames, with lattice depth (10,50,90-percentile)=(1,1,2) and mean=1.2
Phone aɪ_I accounts for 1.5% of frames, with lattice depth (10,50,90-percentile)=(1,1,2) and mean=1.5
Phone ɪ_E accounts for 1.4% of frames, with lattice depth (10,50,90-percentile)=(1,1,3) and mean=1.3
Phone ɪ_I accounts for 1.3% of frames, with lattice depth (10,50,90-percentile)=(1,1,3) and mean=1.6
Phone ə_I accounts for 1.3% of frames, with lattice depth (10,50,90-percentile)=(1,1,3) and mean=1.6
Phone k_E accounts for 1.3% of frames, with lattice depth (10,50,90-percentile)=(1,1,2) and mean=1.3
Phone æ_I accounts for 1.2% of frames, with lattice depth (10,50,90-percentile)=(1,1,2) and mean=1.3
Phone d_E accounts for 1.2% of frames, with lattice depth (10,50,90-percentile)=(1,2,3) and mean=2.1
Phone n_E accounts for 1.1% of frames, with lattice depth (10,50,90-percentile)=(1,1,3) and mean=1.8
Phone t_B accounts for 1.1% of frames, with lattice depth (10,50,90-percentile)=(1,3,4) and mean=2.7
Phone l_E accounts for 1.1% of frames, with lattice depth (10,50,90-percentile)=(1,1,5) and mean=1.7
Phone j_I accounts for 1.1% of frames, with lattice depth (10,50,90-percentile)=(1,2,2) and mean=1.7
Phone m_B accounts for 0.9% of frames, with lattice depth (10,50,90-percentile)=(1,1,4) and mean=2.4
Phone l_I accounts for 0.9% of frames, with lattice depth (10,50,90-percentile)=(1,1,2) and mean=1.2
Phone g_I accounts for 0.8% of frames, with lattice depth (10,50,90-percentile)=(1,1,2) and mean=1.4
Phone ɪə_E accounts for 0.8% of frames, with lattice depth (10,50,90-percentile)=(1,1,2) and mean=1.3
Phone s_B accounts for 0.8% of frames, with lattice depth (10,50,90-percentile)=(1,1,2) and mean=1.3
Phone r_I accounts for 0.8% of frames, with lattice depth (10,50,90-percentile)=(1,1,1) and mean=1.0
Phone eɪ_E accounts for 0.8% of frames, with lattice depth (10,50,90-percentile)=(1,2,2) and mean=1.7
Phone ð_B accounts for 0.7% of frames, with lattice depth (10,50,90-percentile)=(1,1,2) and mean=1.6
Phone tʃ_B accounts for 0.7% of frames, with lattice depth (10,50,90-percentile)=(1,1,3) and mean=1.5
Phone ŋ_E accounts for 0.7% of frames, with lattice depth (10,50,90-percentile)=(1,1,1) and mean=1.2
Phone ɜ:_I accounts for 0.7% of frames, with lattice depth (10,50,90-percentile)=(1,1,1) and mean=1.1
Phone t_I accounts for 0.7% of frames, with lattice depth (10,50,90-percentile)=(1,1,1) and mean=1.1
Phone p_B accounts for 0.7% of frames, with lattice depth (10,50,90-percentile)=(1,1,2) and mean=1.3
Phone θ_I accounts for 0.6% of frames, with lattice depth (10,50,90-percentile)=(1,1,1) and mean=1.0
Phone u:_I accounts for 0.6% of frames, with lattice depth (10,50,90-percentile)=(1,1,1) and mean=1.0
Phone w_B accounts for 0.6% of frames, with lattice depth (10,50,90-percentile)=(1,2,8) and mean=2.7
Phone b_B accounts for 0.5% of frames, with lattice depth (10,50,90-percentile)=(1,1,3) and mean=1.6
Phone j_B accounts for 0.5% of frames, with lattice depth (10,50,90-percentile)=(1,1,2) and mean=1.1
Phone ɑ:_I accounts for 0.5% of frames, with lattice depth (10,50,90-percentile)=(1,1,2) and mean=1.1
Phone aɪ_E accounts for 0.5% of frames, with lattice depth (10,50,90-percentile)=(1,1,5) and mean=2.0
# Accounting: time=0 threads=1
# Ended (code 0) at Sun Apr 30 13:54:41 IST 2017, elapsed time 0 seconds
