# lattice-best-path --lm-scale=13 --word-symbol-table=exp/mono/graph/words.txt "ark:gunzip -c exp/mono/decode/lat.*.gz|" ark,t:exp/mono/decode/scoring/13.tra 
# Started at Sun Apr 30 13:54:41 IST 2017
#
lattice-best-path --lm-scale=13 --word-symbol-table=exp/mono/graph/words.txt 'ark:gunzip -c exp/mono/decode/lat.*.gz|' ark,t:exp/mono/decode/scoring/13.tra 
LOG (lattice-best-path[5.0.61~2-37b53]:main():lattice-best-path.cc:99) For utterance lakshya6-24, best cost 209.2 + 16460.5 = 16669.7 over 274 frames.
lakshya6-24 genre 
LOG (lattice-best-path[5.0.61~2-37b53]:main():lattice-best-path.cc:99) For utterance lakshya6-25, best cost 169.771 + 20351.5 = 20521.3 over 325 frames.
lakshya6-25 genre 
LOG (lattice-best-path[5.0.61~2-37b53]:main():lattice-best-path.cc:99) For utterance lakshya6-26, best cost 208.243 + 14719.7 = 14928 over 244 frames.
lakshya6-26 genre 
LOG (lattice-best-path[5.0.61~2-37b53]:main():lattice-best-path.cc:99) For utterance lakshya6-27, best cost 256.297 + 20820.8 = 21077.1 over 323 frames.
lakshya6-27 genre 
LOG (lattice-best-path[5.0.61~2-37b53]:main():lattice-best-path.cc:99) For utterance lakshya6-28, best cost 246.774 + 17358.8 = 17605.6 over 263 frames.
lakshya6-28 genre 
LOG (lattice-best-path[5.0.61~2-37b53]:main():lattice-best-path.cc:99) For utterance lakshya6-indie_pop-bhool_ja, best cost 275.355 + 11358.7 = 11634 over 158 frames.
lakshya6-indie_pop-bhool_ja bhool ja 
LOG (lattice-best-path[5.0.61~2-37b53]:main():lattice-best-path.cc:99) For utterance lakshya6-indie_pop-deewana_tera, best cost 308.468 + 12993.8 = 13302.3 over 174 frames.
lakshya6-indie_pop-deewana_tera deewana tera 
LOG (lattice-best-path[5.0.61~2-37b53]:main():lattice-best-path.cc:99) For utterance lakshya6-indie_pop-indie_pop, best cost 324.127 + 14645 = 14969.2 over 191 frames.
lakshya6-indie_pop-indie_pop indie pop 
LOG (lattice-best-path[5.0.61~2-37b53]:main():lattice-best-path.cc:99) For utterance lakshya6-indie_pop-kajra_re, best cost 253.152 + 10204.7 = 10457.8 over 140 frames.
lakshya6-indie_pop-kajra_re kajra re 
LOG (lattice-best-path[5.0.61~2-37b53]:main():lattice-best-path.cc:99) For utterance lakshya6-indie_pop-o_piya, best cost 238.496 + 10453.5 = 10692 over 151 frames.
lakshya6-indie_pop-o_piya o piya 
LOG (lattice-best-path[5.0.61~2-37b53]:main():lattice-best-path.cc:99) For utterance lakshya6-indie_pop-saathiya, best cost 177.312 + 9791.91 = 9969.22 over 135 frames.
lakshya6-indie_pop-saathiya saathiya 
LOG (lattice-best-path[5.0.61~2-37b53]:main():lattice-best-path.cc:99) For utterance lakshya6-indie_pop-tanha_dil, best cost 175.04 + 11592.9 = 11767.9 over 151 frames.
lakshya6-indie_pop-tanha_dil tanha 
LOG (lattice-best-path[5.0.61~2-37b53]:main():lattice-best-path.cc:99) For utterance lakshya6-indie_pop-tera_chehra, best cost 270.417 + 11897.6 = 12168 over 161 frames.
lakshya6-indie_pop-tera_chehra to chehra 
LOG (lattice-best-path[5.0.61~2-37b53]:main():lattice-best-path.cc:99) For utterance lakshya6-indie_pop-woh_chali_woh_chali, best cost 373.32 + 14064.2 = 14437.5 over 184 frames.
lakshya6-indie_pop-woh_chali_woh_chali chali woh chali 
LOG (lattice-best-path[5.0.61~2-37b53]:main():lattice-best-path.cc:99) For utterance lakshya6-indie_pop-yaad_pia_ki, best cost 366.937 + 14653.6 = 15020.6 over 200 frames.
lakshya6-indie_pop-yaad_pia_ki yaad pia ki 
LOG (lattice-best-path[5.0.61~2-37b53]:main():lattice-best-path.cc:99) For utterance lakshya6-indie_pop-yaaron, best cost 162.889 + 11031.2 = 11194.1 over 154 frames.
lakshya6-indie_pop-yaaron yaaron 
LOG (lattice-best-path[5.0.61~2-37b53]:main():lattice-best-path.cc:99) For utterance lakshya6-jazz-all_of_me, best cost 313.553 + 11298.4 = 11612 over 156 frames.
lakshya6-jazz-all_of_me all of me 
LOG (lattice-best-path[5.0.61~2-37b53]:main():lattice-best-path.cc:99) For utterance lakshya6-jazz-autumn_leaves, best cost 261.403 + 11614.6 = 11876 over 163 frames.
lakshya6-jazz-autumn_leaves autumn leaves 
LOG (lattice-best-path[5.0.61~2-37b53]:main():lattice-best-path.cc:99) For utterance lakshya6-jazz-blue_monk, best cost 315.423 + 12761.1 = 13076.6 over 172 frames.
lakshya6-jazz-blue_monk blue monk 
LOG (lattice-best-path[5.0.61~2-37b53]:main():lattice-best-path.cc:99) For utterance lakshya6-jazz-body_and_soul, best cost 288.297 + 13382.5 = 13670.8 over 186 frames.
lakshya6-jazz-body_and_soul body and 
LOG (lattice-best-path[5.0.61~2-37b53]:main():lattice-best-path.cc:99) For utterance lakshya6-jazz-jazz, best cost 187.425 + 11642.8 = 11830.2 over 163 frames.
lakshya6-jazz-jazz jazz 
LOG (lattice-best-path[5.0.61~2-37b53]:main():lattice-best-path.cc:99) For utterance lakshya6-jazz-misty, best cost 197.131 + 11934.1 = 12131.3 over 163 frames.
lakshya6-jazz-misty misty 
LOG (lattice-best-path[5.0.61~2-37b53]:main():lattice-best-path.cc:99) For utterance lakshya6-jazz-my_funny_valentine, best cost 401.844 + 15680.9 = 16082.7 over 205 frames.
lakshya6-jazz-my_funny_valentine my funny valentine 
LOG (lattice-best-path[5.0.61~2-37b53]:main():lattice-best-path.cc:99) For utterance lakshya6-jazz-sing_sing_sing, best cost 369.032 + 12559.6 = 12928.6 over 179 frames.
lakshya6-jazz-sing_sing_sing sing sing sing 
LOG (lattice-best-path[5.0.61~2-37b53]:main():lattice-best-path.cc:99) For utterance lakshya6-jazz-sophisticated_lady, best cost 327.732 + 17219.3 = 17547 over 226 frames.
lakshya6-jazz-sophisticated_lady sophisticated lady 
LOG (lattice-best-path[5.0.61~2-37b53]:main():lattice-best-path.cc:99) For utterance lakshya6-jazz-strange_fruit, best cost 201.838 + 14796.4 = 14998.2 over 181 frames.
lakshya6-jazz-strange_fruit strange 
LOG (lattice-best-path[5.0.61~2-37b53]:main():lattice-best-path.cc:99) For utterance lakshya6-jazz-take_five, best cost 282.624 + 12206.3 = 12488.9 over 172 frames.
lakshya6-jazz-take_five take five 
LOG (lattice-best-path[5.0.61~2-37b53]:main():lattice-best-path.cc:99) For utterance lakshya6-pop-cheap_thrills, best cost 297.025 + 12803 = 13100 over 174 frames.
lakshya6-pop-cheap_thrills cheap thrills 
LOG (lattice-best-path[5.0.61~2-37b53]:main():lattice-best-path.cc:99) For utterance lakshya6-pop-fake_love, best cost 165.776 + 13758.9 = 13924.7 over 181 frames.
lakshya6-pop-fake_love love 
LOG (lattice-best-path[5.0.61~2-37b53]:main():lattice-best-path.cc:99) For utterance lakshya6-pop-hey_jude, best cost 179.513 + 11457.5 = 11637.1 over 156 frames.
lakshya6-pop-hey_jude hey 
LOG (lattice-best-path[5.0.61~2-37b53]:main():lattice-best-path.cc:99) For utterance lakshya6-pop-i_love_you, best cost 245.052 + 11925 = 12170 over 170 frames.
lakshya6-pop-i_love_you love you 
LOG (lattice-best-path[5.0.61~2-37b53]:main():lattice-best-path.cc:99) For utterance lakshya6-pop-photograph, best cost 196.308 + 14361.9 = 14558.2 over 191 frames.
lakshya6-pop-photograph photograph 
LOG (lattice-best-path[5.0.61~2-37b53]:main():lattice-best-path.cc:99) For utterance lakshya6-pop-play_that_song, best cost 364.807 + 13490.1 = 13854.9 over 188 frames.
lakshya6-pop-play_that_song play shape song 
LOG (lattice-best-path[5.0.61~2-37b53]:main():lattice-best-path.cc:99) For utterance lakshya6-pop-pop, best cost 190.952 + 10666.8 = 10857.7 over 154 frames.
lakshya6-pop-pop pop 
LOG (lattice-best-path[5.0.61~2-37b53]:main():lattice-best-path.cc:99) For utterance lakshya6-pop-rockabye, best cost 200.028 + 13252.5 = 13452.5 over 179 frames.
lakshya6-pop-rockabye rockabye 
LOG (lattice-best-path[5.0.61~2-37b53]:main():lattice-best-path.cc:99) For utterance lakshya6-pop-shape_of_you, best cost 361.534 + 15776.9 = 16138.4 over 226 frames.
lakshya6-pop-shape_of_you shape of you 
LOG (lattice-best-path[5.0.61~2-37b53]:main():lattice-best-path.cc:99) For utterance lakshya6-pop-something_just_like_this, best cost 387.233 + 19497.1 = 19884.4 over 246 frames.
lakshya6-pop-something_just_like_this just like this 
LOG (lattice-best-path[5.0.61~2-37b53]:main():lattice-best-path.cc:99) For utterance lakshya6-rock-back_in_black, best cost 327.865 + 9929.77 = 10257.6 over 130 frames.
lakshya6-rock-back_in_black back in black 
LOG (lattice-best-path[5.0.61~2-37b53]:main():lattice-best-path.cc:99) For utterance lakshya6-rock-born_to_be_wild, best cost 365.886 + 13264.7 = 13630.6 over 172 frames.
lakshya6-rock-born_to_be_wild born to wild 
LOG (lattice-best-path[5.0.61~2-37b53]:main():lattice-best-path.cc:99) For utterance lakshya6-rock-free_bird, best cost 190.835 + 11402.5 = 11593.3 over 149 frames.
lakshya6-rock-free_bird bird 
LOG (lattice-best-path[5.0.61~2-37b53]:main():lattice-best-path.cc:99) For utterance lakshya6-rock-highway_to_hell, best cost 363.619 + 12394 = 12757.7 over 163 frames.
lakshya6-rock-highway_to_hell highway to hey 
LOG (lattice-best-path[5.0.61~2-37b53]:main():lattice-best-path.cc:99) For utterance lakshya6-rock-hotel_california, best cost 306.307 + 14945.9 = 15252.2 over 184 frames.
lakshya6-rock-hotel_california to california 
LOG (lattice-best-path[5.0.61~2-37b53]:main():lattice-best-path.cc:99) For utterance lakshya6-rock-purple_haze, best cost 282.706 + 12835.7 = 13118.4 over 181 frames.
lakshya6-rock-purple_haze purple haze 
LOG (lattice-best-path[5.0.61~2-37b53]:main():lattice-best-path.cc:99) For utterance lakshya6-rock-rock, best cost 164.419 + 10697.4 = 10861.9 over 154 frames.
lakshya6-rock-rock rock 
LOG (lattice-best-path[5.0.61~2-37b53]:main():lattice-best-path.cc:99) For utterance lakshya6-rock-smoke_on_the_water, best cost 285.687 + 15152.8 = 15438.5 over 205 frames.
lakshya6-rock-smoke_on_the_water the water 
LOG (lattice-best-path[5.0.61~2-37b53]:main():lattice-best-path.cc:99) For utterance lakshya6-rock-stairway_to_heaven, best cost 268.704 + 13867.9 = 14136.6 over 172 frames.
lakshya6-rock-stairway_to_heaven to and 
LOG (lattice-best-path[5.0.61~2-37b53]:main():lattice-best-path.cc:99) For utterance lakshya6-rock-sweet_child_o_mine, best cost 396.438 + 16086.5 = 16483 over 209 frames.
lakshya6-rock-sweet_child_o_mine sweet child mine 
LOG (lattice-best-path[5.0.61~2-37b53]:main():lattice-best-path.cc:99) For utterance lakshya6-rock-welcome_to_the_jungle, best cost 289.321 + 14198.4 = 14487.8 over 184 frames.
lakshya6-rock-welcome_to_the_jungle to jungle 
LOG (lattice-best-path[5.0.61~2-37b53]:main():lattice-best-path.cc:99) For utterance srijay6-24, best cost 153.26 + 16500.9 = 16654.1 over 274 frames.
srijay6-24 genre 
LOG (lattice-best-path[5.0.61~2-37b53]:main():lattice-best-path.cc:99) For utterance srijay6-25, best cost 153.712 + 20140.9 = 20294.6 over 325 frames.
srijay6-25 genre 
LOG (lattice-best-path[5.0.61~2-37b53]:main():lattice-best-path.cc:99) For utterance srijay6-26, best cost 152.526 + 14723 = 14875.5 over 244 frames.
srijay6-26 genre 
LOG (lattice-best-path[5.0.61~2-37b53]:main():lattice-best-path.cc:99) For utterance srijay6-27, best cost 271.973 + 20767.7 = 21039.6 over 323 frames.
srijay6-27 genre genre 
LOG (lattice-best-path[5.0.61~2-37b53]:main():lattice-best-path.cc:99) For utterance srijay6-28, best cost 188.734 + 17402.5 = 17591.2 over 263 frames.
srijay6-28 genre 
LOG (lattice-best-path[5.0.61~2-37b53]:main():lattice-best-path.cc:99) For utterance srijay6-indie_pop-bhool_ja, best cost 231.612 + 9251.87 = 9483.48 over 117 frames.
srijay6-indie_pop-bhool_ja bhool ja 
LOG (lattice-best-path[5.0.61~2-37b53]:main():lattice-best-path.cc:99) For utterance srijay6-indie_pop-deewana_tera, best cost 190.609 + 10068.9 = 10259.5 over 117 frames.
srijay6-indie_pop-deewana_tera deewana 
LOG (lattice-best-path[5.0.61~2-37b53]:main():lattice-best-path.cc:99) For utterance srijay6-indie_pop-indie_pop, best cost 264.512 + 9548.72 = 9813.23 over 117 frames.
srijay6-indie_pop-indie_pop indie pop 
LOG (lattice-best-path[5.0.61~2-37b53]:main():lattice-best-path.cc:99) For utterance srijay6-indie_pop-kajra_re, best cost 175.781 + 9569.29 = 9745.07 over 117 frames.
srijay6-indie_pop-kajra_re kajra 
LOG (lattice-best-path[5.0.61~2-37b53]:main():lattice-best-path.cc:99) For utterance srijay6-indie_pop-o_piya, best cost 179.267 + 9866.99 = 10046.3 over 117 frames.
srijay6-indie_pop-o_piya piya 
LOG (lattice-best-path[5.0.61~2-37b53]:main():lattice-best-path.cc:99) For utterance srijay6-indie_pop-saathiya, best cost 178.174 + 8825.26 = 9003.43 over 117 frames.
srijay6-indie_pop-saathiya saathiya 
LOG (lattice-best-path[5.0.61~2-37b53]:main():lattice-best-path.cc:99) For utterance srijay6-indie_pop-tanha_dil, best cost 259.241 + 9831.12 = 10090.4 over 117 frames.
srijay6-indie_pop-tanha_dil to dil 
LOG (lattice-best-path[5.0.61~2-37b53]:main():lattice-best-path.cc:99) For utterance srijay6-indie_pop-tera_chehra, best cost 256.724 + 9799.5 = 10056.2 over 117 frames.
srijay6-indie_pop-tera_chehra to chehra 
LOG (lattice-best-path[5.0.61~2-37b53]:main():lattice-best-path.cc:99) For utterance srijay6-indie_pop-woh_chali_woh_chali, best cost 419.019 + 9886.89 = 10305.9 over 117 frames.
srijay6-indie_pop-woh_chali_woh_chali woh chali woh chali 
LOG (lattice-best-path[5.0.61~2-37b53]:main():lattice-best-path.cc:99) For utterance srijay6-indie_pop-yaad_pia_ki, best cost 341.988 + 9585.72 = 9927.71 over 117 frames.
srijay6-indie_pop-yaad_pia_ki yaad pia ki 
LOG (lattice-best-path[5.0.61~2-37b53]:main():lattice-best-path.cc:99) For utterance srijay6-indie_pop-yaaron, best cost 161.777 + 9147.27 = 9309.05 over 117 frames.
srijay6-indie_pop-yaaron yaaron 
LOG (lattice-best-path[5.0.61~2-37b53]:main():lattice-best-path.cc:99) For utterance srijay6-jazz-all_of_me, best cost 328.534 + 9294.47 = 9623.01 over 117 frames.
srijay6-jazz-all_of_me all of me 
LOG (lattice-best-path[5.0.61~2-37b53]:main():lattice-best-path.cc:99) For utterance srijay6-jazz-autumn_leaves, best cost 181.154 + 9365.38 = 9546.54 over 117 frames.
srijay6-jazz-autumn_leaves leaves 
LOG (lattice-best-path[5.0.61~2-37b53]:main():lattice-best-path.cc:99) For utterance srijay6-jazz-blue_monk, best cost 254.363 + 9423.99 = 9678.35 over 117 frames.
srijay6-jazz-blue_monk blue monk 
LOG (lattice-best-path[5.0.61~2-37b53]:main():lattice-best-path.cc:99) For utterance srijay6-jazz-body_and_soul, best cost 346.812 + 10007.3 = 10354.1 over 117 frames.
srijay6-jazz-body_and_soul body and soul 
LOG (lattice-best-path[5.0.61~2-37b53]:main():lattice-best-path.cc:99) For utterance srijay6-jazz-jazz, best cost 186.651 + 9081.47 = 9268.12 over 117 frames.
srijay6-jazz-jazz jazz 
LOG (lattice-best-path[5.0.61~2-37b53]:main():lattice-best-path.cc:99) For utterance srijay6-jazz-misty, best cost 170.412 + 8866.13 = 9036.54 over 117 frames.
srijay6-jazz-misty misty 
LOG (lattice-best-path[5.0.61~2-37b53]:main():lattice-best-path.cc:99) For utterance srijay6-jazz-my_funny_valentine, best cost 263.693 + 9369.99 = 9633.68 over 117 frames.
srijay6-jazz-my_funny_valentine mine valentine 
LOG (lattice-best-path[5.0.61~2-37b53]:main():lattice-best-path.cc:99) For utterance srijay6-jazz-sing_sing_sing, best cost 311.581 + 9598.65 = 9910.23 over 117 frames.
srijay6-jazz-sing_sing_sing sing this 
LOG (lattice-best-path[5.0.61~2-37b53]:main():lattice-best-path.cc:99) For utterance srijay6-jazz-sophisticated_lady, best cost 210.58 + 10675.1 = 10885.7 over 117 frames.
srijay6-jazz-sophisticated_lady sophisticated 
LOG (lattice-best-path[5.0.61~2-37b53]:main():lattice-best-path.cc:99) For utterance srijay6-jazz-strange_fruit, best cost 251.793 + 9488.9 = 9740.7 over 117 frames.
srijay6-jazz-strange_fruit strange fruit 
LOG (lattice-best-path[5.0.61~2-37b53]:main():lattice-best-path.cc:99) For utterance srijay6-jazz-take_five, best cost 269.612 + 9567 = 9836.61 over 117 frames.
srijay6-jazz-take_five take five 
LOG (lattice-best-path[5.0.61~2-37b53]:main():lattice-best-path.cc:99) For utterance srijay6-pop-cheap_thrills, best cost 251.623 + 9345.34 = 9596.96 over 117 frames.
srijay6-pop-cheap_thrills cheap thrills 
LOG (lattice-best-path[5.0.61~2-37b53]:main():lattice-best-path.cc:99) For utterance srijay6-pop-fake_love, best cost 247.6 + 9029.32 = 9276.92 over 117 frames.
srijay6-pop-fake_love fake love 
LOG (lattice-best-path[5.0.61~2-37b53]:main():lattice-best-path.cc:99) For utterance srijay6-pop-hey_jude, best cost 249.619 + 9165.91 = 9415.53 over 117 frames.
srijay6-pop-hey_jude hey jude 
LOG (lattice-best-path[5.0.61~2-37b53]:main():lattice-best-path.cc:99) For utterance srijay6-pop-i_love_you, best cost 171.768 + 9276.52 = 9448.29 over 117 frames.
srijay6-pop-i_love_you love 
LOG (lattice-best-path[5.0.61~2-37b53]:main():lattice-best-path.cc:99) For utterance srijay6-pop-photograph, best cost 173.792 + 8735.84 = 8909.63 over 117 frames.
srijay6-pop-photograph photograph 
LOG (lattice-best-path[5.0.61~2-37b53]:main():lattice-best-path.cc:99) For utterance srijay6-pop-play_that_song, best cost 353.631 + 9594.63 = 9948.26 over 117 frames.
srijay6-pop-play_that_song play shape song 
LOG (lattice-best-path[5.0.61~2-37b53]:main():lattice-best-path.cc:99) For utterance srijay6-pop-pop, best cost 155.674 + 9250.82 = 9406.5 over 117 frames.
srijay6-pop-pop pop 
LOG (lattice-best-path[5.0.61~2-37b53]:main():lattice-best-path.cc:99) For utterance srijay6-pop-rockabye, best cost 178.449 + 9480.68 = 9659.13 over 117 frames.
srijay6-pop-rockabye rockabye 
LOG (lattice-best-path[5.0.61~2-37b53]:main():lattice-best-path.cc:99) For utterance srijay6-pop-shape_of_you, best cost 335.533 + 9584.92 = 9920.45 over 117 frames.
srijay6-pop-shape_of_you shape of you 
LOG (lattice-best-path[5.0.61~2-37b53]:main():lattice-best-path.cc:99) For utterance srijay6-pop-something_just_like_this, best cost 337.955 + 9907.4 = 10245.4 over 117 frames.
srijay6-pop-something_just_like_this just like this 
LOG (lattice-best-path[5.0.61~2-37b53]:main():lattice-best-path.cc:99) For utterance srijay6-rock-back_in_black, best cost 286.814 + 9613.9 = 9900.71 over 117 frames.
srijay6-rock-back_in_black back black 
LOG (lattice-best-path[5.0.61~2-37b53]:main():lattice-best-path.cc:99) For utterance srijay6-rock-born_to_be_wild, best cost 343.967 + 10094.6 = 10438.6 over 117 frames.
srijay6-rock-born_to_be_wild born to wild 
LOG (lattice-best-path[5.0.61~2-37b53]:main():lattice-best-path.cc:99) For utterance srijay6-rock-free_bird, best cost 232.739 + 8097.52 = 8330.26 over 117 frames.
srijay6-rock-free_bird free bird 
LOG (lattice-best-path[5.0.61~2-37b53]:main():lattice-best-path.cc:99) For utterance srijay6-rock-highway_to_hell, best cost 348.707 + 9892.87 = 10241.6 over 117 frames.
srijay6-rock-highway_to_hell highway to dil 
LOG (lattice-best-path[5.0.61~2-37b53]:main():lattice-best-path.cc:99) For utterance srijay6-rock-hotel_california, best cost 271.427 + 9937.08 = 10208.5 over 117 frames.
srijay6-rock-hotel_california hotel california 
LOG (lattice-best-path[5.0.61~2-37b53]:main():lattice-best-path.cc:99) For utterance srijay6-rock-purple_haze, best cost 245.781 + 9514.94 = 9760.72 over 117 frames.
srijay6-rock-purple_haze purple haze 
LOG (lattice-best-path[5.0.61~2-37b53]:main():lattice-best-path.cc:99) For utterance srijay6-rock-rock, best cost 174.157 + 9613.02 = 9787.18 over 117 frames.
srijay6-rock-rock rock 
LOG (lattice-best-path[5.0.61~2-37b53]:main():lattice-best-path.cc:99) For utterance srijay6-rock-smoke_on_the_water, best cost 264.374 + 9793.42 = 10057.8 over 117 frames.
srijay6-rock-smoke_on_the_water the water 
LOG (lattice-best-path[5.0.61~2-37b53]:main():lattice-best-path.cc:99) For utterance srijay6-rock-stairway_to_heaven, best cost 173.679 + 10226.3 = 10400 over 117 frames.
srijay6-rock-stairway_to_heaven to 
LOG (lattice-best-path[5.0.61~2-37b53]:main():lattice-best-path.cc:99) For utterance srijay6-rock-sweet_child_o_mine, best cost 362.165 + 9795.13 = 10157.3 over 117 frames.
srijay6-rock-sweet_child_o_mine sweet child mine 
LOG (lattice-best-path[5.0.61~2-37b53]:main():lattice-best-path.cc:99) For utterance srijay6-rock-welcome_to_the_jungle, best cost 352.61 + 9781.15 = 10133.8 over 117 frames.
srijay6-rock-welcome_to_the_jungle to the jungle 
LOG (lattice-best-path[5.0.61~2-37b53]:main():lattice-best-path.cc:124) Overall cost per frame is 76.0929 = 1.61187 [graph] + 74.481 [acoustic] over 15422 frames.
LOG (lattice-best-path[5.0.61~2-37b53]:main():lattice-best-path.cc:128) Done 96 lattices, failed for 0
# Accounting: time=0 threads=1
# Ended (code 0) at Sun Apr 30 13:54:41 IST 2017, elapsed time 0 seconds
