# lattice-best-path --lm-scale=11 --word-symbol-table=exp/mono/graph/words.txt "ark:gunzip -c exp/mono/decode/lat.*.gz|" ark,t:exp/mono/decode/scoring/11.tra 
# Started at Sun Apr 30 13:54:41 IST 2017
#
lattice-best-path --lm-scale=11 --word-symbol-table=exp/mono/graph/words.txt 'ark:gunzip -c exp/mono/decode/lat.*.gz|' ark,t:exp/mono/decode/scoring/11.tra 
LOG (lattice-best-path[5.0.61~2-37b53]:main():lattice-best-path.cc:99) For utterance lakshya6-24, best cost 177.016 + 16460.5 = 16637.5 over 274 frames.
lakshya6-24 genre 
LOG (lattice-best-path[5.0.61~2-37b53]:main():lattice-best-path.cc:99) For utterance lakshya6-25, best cost 143.652 + 20351.5 = 20495.1 over 325 frames.
lakshya6-25 genre 
LOG (lattice-best-path[5.0.61~2-37b53]:main():lattice-best-path.cc:99) For utterance lakshya6-26, best cost 176.205 + 14719.7 = 14895.9 over 244 frames.
lakshya6-26 genre 
LOG (lattice-best-path[5.0.61~2-37b53]:main():lattice-best-path.cc:99) For utterance lakshya6-27, best cost 216.866 + 20820.8 = 21037.7 over 323 frames.
lakshya6-27 genre 
LOG (lattice-best-path[5.0.61~2-37b53]:main():lattice-best-path.cc:99) For utterance lakshya6-28, best cost 208.808 + 17358.8 = 17567.6 over 263 frames.
lakshya6-28 genre 
LOG (lattice-best-path[5.0.61~2-37b53]:main():lattice-best-path.cc:99) For utterance lakshya6-indie_pop-bhool_ja, best cost 232.992 + 11358.7 = 11591.7 over 158 frames.
lakshya6-indie_pop-bhool_ja bhool ja 
LOG (lattice-best-path[5.0.61~2-37b53]:main():lattice-best-path.cc:99) For utterance lakshya6-indie_pop-deewana_tera, best cost 261.011 + 12993.8 = 13254.8 over 174 frames.
lakshya6-indie_pop-deewana_tera deewana tera 
LOG (lattice-best-path[5.0.61~2-37b53]:main():lattice-best-path.cc:99) For utterance lakshya6-indie_pop-indie_pop, best cost 274.261 + 14645 = 14919.3 over 191 frames.
lakshya6-indie_pop-indie_pop indie pop 
LOG (lattice-best-path[5.0.61~2-37b53]:main():lattice-best-path.cc:99) For utterance lakshya6-indie_pop-kajra_re, best cost 214.205 + 10204.7 = 10418.9 over 140 frames.
lakshya6-indie_pop-kajra_re kajra re 
LOG (lattice-best-path[5.0.61~2-37b53]:main():lattice-best-path.cc:99) For utterance lakshya6-indie_pop-o_piya, best cost 201.804 + 10453.5 = 10655.3 over 151 frames.
lakshya6-indie_pop-o_piya o piya 
LOG (lattice-best-path[5.0.61~2-37b53]:main():lattice-best-path.cc:99) For utterance lakshya6-indie_pop-saathiya, best cost 150.033 + 9791.91 = 9941.95 over 135 frames.
lakshya6-indie_pop-saathiya saathiya 
LOG (lattice-best-path[5.0.61~2-37b53]:main():lattice-best-path.cc:99) For utterance lakshya6-indie_pop-tanha_dil, best cost 148.111 + 11592.9 = 11741 over 151 frames.
lakshya6-indie_pop-tanha_dil tanha 
LOG (lattice-best-path[5.0.61~2-37b53]:main():lattice-best-path.cc:99) For utterance lakshya6-indie_pop-tera_chehra, best cost 228.815 + 11897.6 = 12126.4 over 161 frames.
lakshya6-indie_pop-tera_chehra to chehra 
LOG (lattice-best-path[5.0.61~2-37b53]:main():lattice-best-path.cc:99) For utterance lakshya6-indie_pop-woh_chali_woh_chali, best cost 315.887 + 14064.2 = 14380.1 over 184 frames.
lakshya6-indie_pop-woh_chali_woh_chali chali woh chali 
LOG (lattice-best-path[5.0.61~2-37b53]:main():lattice-best-path.cc:99) For utterance lakshya6-indie_pop-yaad_pia_ki, best cost 310.485 + 14653.6 = 14964.1 over 200 frames.
lakshya6-indie_pop-yaad_pia_ki yaad pia ki 
LOG (lattice-best-path[5.0.61~2-37b53]:main():lattice-best-path.cc:99) For utterance lakshya6-indie_pop-yaaron, best cost 137.829 + 11031.2 = 11169 over 154 frames.
lakshya6-indie_pop-yaaron yaaron 
LOG (lattice-best-path[5.0.61~2-37b53]:main():lattice-best-path.cc:99) For utterance lakshya6-jazz-all_of_me, best cost 265.314 + 11298.4 = 11563.7 over 156 frames.
lakshya6-jazz-all_of_me all of me 
LOG (lattice-best-path[5.0.61~2-37b53]:main():lattice-best-path.cc:99) For utterance lakshya6-jazz-autumn_leaves, best cost 221.187 + 11614.6 = 11835.8 over 163 frames.
lakshya6-jazz-autumn_leaves autumn leaves 
LOG (lattice-best-path[5.0.61~2-37b53]:main():lattice-best-path.cc:99) For utterance lakshya6-jazz-blue_monk, best cost 266.896 + 12761.1 = 13028 over 172 frames.
lakshya6-jazz-blue_monk blue monk 
LOG (lattice-best-path[5.0.61~2-37b53]:main():lattice-best-path.cc:99) For utterance lakshya6-jazz-body_and_soul, best cost 243.944 + 13382.5 = 13626.4 over 186 frames.
lakshya6-jazz-body_and_soul body and 
LOG (lattice-best-path[5.0.61~2-37b53]:main():lattice-best-path.cc:99) For utterance lakshya6-jazz-jazz, best cost 158.59 + 11642.8 = 11801.4 over 163 frames.
lakshya6-jazz-jazz jazz 
LOG (lattice-best-path[5.0.61~2-37b53]:main():lattice-best-path.cc:99) For utterance lakshya6-jazz-misty, best cost 166.803 + 11934.1 = 12100.9 over 163 frames.
lakshya6-jazz-misty misty 
LOG (lattice-best-path[5.0.61~2-37b53]:main():lattice-best-path.cc:99) For utterance lakshya6-jazz-my_funny_valentine, best cost 340.022 + 15680.9 = 16020.9 over 205 frames.
lakshya6-jazz-my_funny_valentine my funny valentine 
LOG (lattice-best-path[5.0.61~2-37b53]:main():lattice-best-path.cc:99) For utterance lakshya6-jazz-sing_sing_sing, best cost 312.258 + 12559.6 = 12871.9 over 179 frames.
lakshya6-jazz-sing_sing_sing sing sing sing 
LOG (lattice-best-path[5.0.61~2-37b53]:main():lattice-best-path.cc:99) For utterance lakshya6-jazz-sophisticated_lady, best cost 277.311 + 17219.3 = 17496.6 over 226 frames.
lakshya6-jazz-sophisticated_lady sophisticated lady 
LOG (lattice-best-path[5.0.61~2-37b53]:main():lattice-best-path.cc:99) For utterance lakshya6-jazz-strange_fruit, best cost 170.786 + 14796.4 = 14967.2 over 181 frames.
lakshya6-jazz-strange_fruit strange 
LOG (lattice-best-path[5.0.61~2-37b53]:main():lattice-best-path.cc:99) For utterance lakshya6-jazz-take_five, best cost 239.143 + 12206.3 = 12445.4 over 172 frames.
lakshya6-jazz-take_five take five 
LOG (lattice-best-path[5.0.61~2-37b53]:main():lattice-best-path.cc:99) For utterance lakshya6-pop-cheap_thrills, best cost 251.329 + 12803 = 13054.3 over 174 frames.
lakshya6-pop-cheap_thrills cheap thrills 
LOG (lattice-best-path[5.0.61~2-37b53]:main():lattice-best-path.cc:99) For utterance lakshya6-pop-fake_love, best cost 240.801 + 13652.1 = 13892.9 over 181 frames.
lakshya6-pop-fake_love fake love 
LOG (lattice-best-path[5.0.61~2-37b53]:main():lattice-best-path.cc:99) For utterance lakshya6-pop-hey_jude, best cost 151.895 + 11457.5 = 11609.4 over 156 frames.
lakshya6-pop-hey_jude hey 
LOG (lattice-best-path[5.0.61~2-37b53]:main():lattice-best-path.cc:99) For utterance lakshya6-pop-i_love_you, best cost 207.351 + 11925 = 12132.3 over 170 frames.
lakshya6-pop-i_love_you love you 
LOG (lattice-best-path[5.0.61~2-37b53]:main():lattice-best-path.cc:99) For utterance lakshya6-pop-photograph, best cost 166.107 + 14361.9 = 14528 over 191 frames.
lakshya6-pop-photograph photograph 
LOG (lattice-best-path[5.0.61~2-37b53]:main():lattice-best-path.cc:99) For utterance lakshya6-pop-play_that_song, best cost 308.682 + 13490.1 = 13798.7 over 188 frames.
lakshya6-pop-play_that_song play shape song 
LOG (lattice-best-path[5.0.61~2-37b53]:main():lattice-best-path.cc:99) For utterance lakshya6-pop-pop, best cost 161.575 + 10666.8 = 10828.3 over 154 frames.
lakshya6-pop-pop pop 
LOG (lattice-best-path[5.0.61~2-37b53]:main():lattice-best-path.cc:99) For utterance lakshya6-pop-rockabye, best cost 169.254 + 13252.5 = 13421.8 over 179 frames.
lakshya6-pop-rockabye rockabye 
LOG (lattice-best-path[5.0.61~2-37b53]:main():lattice-best-path.cc:99) For utterance lakshya6-pop-shape_of_you, best cost 305.914 + 15776.9 = 16082.8 over 226 frames.
lakshya6-pop-shape_of_you shape of you 
LOG (lattice-best-path[5.0.61~2-37b53]:main():lattice-best-path.cc:99) For utterance lakshya6-pop-something_just_like_this, best cost 327.659 + 19497.1 = 19824.8 over 246 frames.
lakshya6-pop-something_just_like_this just like this 
LOG (lattice-best-path[5.0.61~2-37b53]:main():lattice-best-path.cc:99) For utterance lakshya6-rock-back_in_black, best cost 277.424 + 9929.77 = 10207.2 over 130 frames.
lakshya6-rock-back_in_black back in black 
LOG (lattice-best-path[5.0.61~2-37b53]:main():lattice-best-path.cc:99) For utterance lakshya6-rock-born_to_be_wild, best cost 309.596 + 13264.7 = 13574.3 over 172 frames.
lakshya6-rock-born_to_be_wild born to wild 
LOG (lattice-best-path[5.0.61~2-37b53]:main():lattice-best-path.cc:99) For utterance lakshya6-rock-free_bird, best cost 161.475 + 11402.5 = 11563.9 over 149 frames.
lakshya6-rock-free_bird bird 
LOG (lattice-best-path[5.0.61~2-37b53]:main():lattice-best-path.cc:99) For utterance lakshya6-rock-highway_to_hell, best cost 307.678 + 12394 = 12701.7 over 163 frames.
lakshya6-rock-highway_to_hell highway to hey 
LOG (lattice-best-path[5.0.61~2-37b53]:main():lattice-best-path.cc:99) For utterance lakshya6-rock-hotel_california, best cost 259.183 + 14945.9 = 15205.1 over 184 frames.
lakshya6-rock-hotel_california to california 
LOG (lattice-best-path[5.0.61~2-37b53]:main():lattice-best-path.cc:99) For utterance lakshya6-rock-purple_haze, best cost 239.213 + 12835.7 = 13074.9 over 181 frames.
lakshya6-rock-purple_haze purple haze 
LOG (lattice-best-path[5.0.61~2-37b53]:main():lattice-best-path.cc:99) For utterance lakshya6-rock-rock, best cost 139.123 + 10697.4 = 10836.6 over 154 frames.
lakshya6-rock-rock rock 
LOG (lattice-best-path[5.0.61~2-37b53]:main():lattice-best-path.cc:99) For utterance lakshya6-rock-smoke_on_the_water, best cost 241.735 + 15152.8 = 15394.5 over 205 frames.
lakshya6-rock-smoke_on_the_water the water 
LOG (lattice-best-path[5.0.61~2-37b53]:main():lattice-best-path.cc:99) For utterance lakshya6-rock-stairway_to_heaven, best cost 227.365 + 13867.9 = 14095.3 over 172 frames.
lakshya6-rock-stairway_to_heaven to and 
LOG (lattice-best-path[5.0.61~2-37b53]:main():lattice-best-path.cc:99) For utterance lakshya6-rock-sweet_child_o_mine, best cost 335.448 + 16086.5 = 16422 over 209 frames.
lakshya6-rock-sweet_child_o_mine sweet child mine 
LOG (lattice-best-path[5.0.61~2-37b53]:main():lattice-best-path.cc:99) For utterance lakshya6-rock-welcome_to_the_jungle, best cost 244.81 + 14198.4 = 14443.2 over 184 frames.
lakshya6-rock-welcome_to_the_jungle to jungle 
LOG (lattice-best-path[5.0.61~2-37b53]:main():lattice-best-path.cc:99) For utterance srijay6-24, best cost 129.681 + 16500.9 = 16630.6 over 274 frames.
srijay6-24 genre 
LOG (lattice-best-path[5.0.61~2-37b53]:main():lattice-best-path.cc:99) For utterance srijay6-25, best cost 130.064 + 20140.9 = 20270.9 over 325 frames.
srijay6-25 genre 
LOG (lattice-best-path[5.0.61~2-37b53]:main():lattice-best-path.cc:99) For utterance srijay6-26, best cost 129.061 + 14723 = 14852 over 244 frames.
srijay6-26 genre 
LOG (lattice-best-path[5.0.61~2-37b53]:main():lattice-best-path.cc:99) For utterance srijay6-27, best cost 230.131 + 20767.7 = 20997.8 over 323 frames.
srijay6-27 genre genre 
LOG (lattice-best-path[5.0.61~2-37b53]:main():lattice-best-path.cc:99) For utterance srijay6-28, best cost 159.698 + 17402.5 = 17562.2 over 263 frames.
srijay6-28 genre 
LOG (lattice-best-path[5.0.61~2-37b53]:main():lattice-best-path.cc:99) For utterance srijay6-indie_pop-bhool_ja, best cost 195.979 + 9251.87 = 9447.85 over 117 frames.
srijay6-indie_pop-bhool_ja bhool ja 
LOG (lattice-best-path[5.0.61~2-37b53]:main():lattice-best-path.cc:99) For utterance srijay6-indie_pop-deewana_tera, best cost 232.845 + 9984.43 = 10217.3 over 117 frames.
srijay6-indie_pop-deewana_tera deewana to 
LOG (lattice-best-path[5.0.61~2-37b53]:main():lattice-best-path.cc:99) For utterance srijay6-indie_pop-indie_pop, best cost 223.818 + 9548.72 = 9772.54 over 117 frames.
srijay6-indie_pop-indie_pop indie pop 
LOG (lattice-best-path[5.0.61~2-37b53]:main():lattice-best-path.cc:99) For utterance srijay6-indie_pop-kajra_re, best cost 148.737 + 9569.29 = 9718.03 over 117 frames.
srijay6-indie_pop-kajra_re kajra 
LOG (lattice-best-path[5.0.61~2-37b53]:main():lattice-best-path.cc:99) For utterance srijay6-indie_pop-o_piya, best cost 151.687 + 9866.99 = 10018.7 over 117 frames.
srijay6-indie_pop-o_piya piya 
LOG (lattice-best-path[5.0.61~2-37b53]:main():lattice-best-path.cc:99) For utterance srijay6-indie_pop-saathiya, best cost 150.763 + 8825.26 = 8976.02 over 117 frames.
srijay6-indie_pop-saathiya saathiya 
LOG (lattice-best-path[5.0.61~2-37b53]:main():lattice-best-path.cc:99) For utterance srijay6-indie_pop-tanha_dil, best cost 219.358 + 9831.12 = 10050.5 over 117 frames.
srijay6-indie_pop-tanha_dil to dil 
LOG (lattice-best-path[5.0.61~2-37b53]:main():lattice-best-path.cc:99) For utterance srijay6-indie_pop-tera_chehra, best cost 217.228 + 9799.5 = 10016.7 over 117 frames.
srijay6-indie_pop-tera_chehra to chehra 
LOG (lattice-best-path[5.0.61~2-37b53]:main():lattice-best-path.cc:99) For utterance srijay6-indie_pop-woh_chali_woh_chali, best cost 354.555 + 9886.89 = 10241.4 over 117 frames.
srijay6-indie_pop-woh_chali_woh_chali woh chali woh chali 
LOG (lattice-best-path[5.0.61~2-37b53]:main():lattice-best-path.cc:99) For utterance srijay6-indie_pop-yaad_pia_ki, best cost 289.375 + 9585.72 = 9875.09 over 117 frames.
srijay6-indie_pop-yaad_pia_ki yaad pia ki 
LOG (lattice-best-path[5.0.61~2-37b53]:main():lattice-best-path.cc:99) For utterance srijay6-indie_pop-yaaron, best cost 136.888 + 9147.27 = 9284.16 over 117 frames.
srijay6-indie_pop-yaaron yaaron 
LOG (lattice-best-path[5.0.61~2-37b53]:main():lattice-best-path.cc:99) For utterance srijay6-jazz-all_of_me, best cost 277.99 + 9294.47 = 9572.46 over 117 frames.
srijay6-jazz-all_of_me all of me 
LOG (lattice-best-path[5.0.61~2-37b53]:main():lattice-best-path.cc:99) For utterance srijay6-jazz-autumn_leaves, best cost 153.284 + 9365.38 = 9518.67 over 117 frames.
srijay6-jazz-autumn_leaves leaves 
LOG (lattice-best-path[5.0.61~2-37b53]:main():lattice-best-path.cc:99) For utterance srijay6-jazz-blue_monk, best cost 215.231 + 9423.99 = 9639.22 over 117 frames.
srijay6-jazz-blue_monk blue monk 
LOG (lattice-best-path[5.0.61~2-37b53]:main():lattice-best-path.cc:99) For utterance srijay6-jazz-body_and_soul, best cost 293.456 + 10007.3 = 10300.7 over 117 frames.
srijay6-jazz-body_and_soul body and soul 
LOG (lattice-best-path[5.0.61~2-37b53]:main():lattice-best-path.cc:99) For utterance srijay6-jazz-jazz, best cost 157.935 + 9081.47 = 9239.41 over 117 frames.
srijay6-jazz-jazz jazz 
LOG (lattice-best-path[5.0.61~2-37b53]:main():lattice-best-path.cc:99) For utterance srijay6-jazz-misty, best cost 144.195 + 8866.13 = 9010.33 over 117 frames.
srijay6-jazz-misty misty 
LOG (lattice-best-path[5.0.61~2-37b53]:main():lattice-best-path.cc:99) For utterance srijay6-jazz-my_funny_valentine, best cost 223.124 + 9369.99 = 9593.11 over 117 frames.
srijay6-jazz-my_funny_valentine mine valentine 
LOG (lattice-best-path[5.0.61~2-37b53]:main():lattice-best-path.cc:99) For utterance srijay6-jazz-sing_sing_sing, best cost 263.645 + 9598.65 = 9862.29 over 117 frames.
srijay6-jazz-sing_sing_sing sing this 
LOG (lattice-best-path[5.0.61~2-37b53]:main():lattice-best-path.cc:99) For utterance srijay6-jazz-sophisticated_lady, best cost 178.183 + 10675.1 = 10853.3 over 117 frames.
srijay6-jazz-sophisticated_lady sophisticated 
LOG (lattice-best-path[5.0.61~2-37b53]:main():lattice-best-path.cc:99) For utterance srijay6-jazz-strange_fruit, best cost 213.056 + 9488.9 = 9701.96 over 117 frames.
srijay6-jazz-strange_fruit strange fruit 
LOG (lattice-best-path[5.0.61~2-37b53]:main():lattice-best-path.cc:99) For utterance srijay6-jazz-take_five, best cost 228.133 + 9567 = 9795.14 over 117 frames.
srijay6-jazz-take_five take five 
LOG (lattice-best-path[5.0.61~2-37b53]:main():lattice-best-path.cc:99) For utterance srijay6-pop-cheap_thrills, best cost 212.912 + 9345.34 = 9558.25 over 117 frames.
srijay6-pop-cheap_thrills cheap thrills 
LOG (lattice-best-path[5.0.61~2-37b53]:main():lattice-best-path.cc:99) For utterance srijay6-pop-fake_love, best cost 209.508 + 9029.32 = 9238.83 over 117 frames.
srijay6-pop-fake_love fake love 
LOG (lattice-best-path[5.0.61~2-37b53]:main():lattice-best-path.cc:99) For utterance srijay6-pop-hey_jude, best cost 211.216 + 9165.91 = 9377.13 over 117 frames.
srijay6-pop-hey_jude hey jude 
LOG (lattice-best-path[5.0.61~2-37b53]:main():lattice-best-path.cc:99) For utterance srijay6-pop-i_love_you, best cost 145.342 + 9276.52 = 9421.86 over 117 frames.
srijay6-pop-i_love_you love 
LOG (lattice-best-path[5.0.61~2-37b53]:main():lattice-best-path.cc:99) For utterance srijay6-pop-photograph, best cost 147.055 + 8735.84 = 8882.89 over 117 frames.
srijay6-pop-photograph photograph 
LOG (lattice-best-path[5.0.61~2-37b53]:main():lattice-best-path.cc:99) For utterance srijay6-pop-play_that_song, best cost 299.226 + 9594.63 = 9893.86 over 117 frames.
srijay6-pop-play_that_song play shape song 
LOG (lattice-best-path[5.0.61~2-37b53]:main():lattice-best-path.cc:99) For utterance srijay6-pop-pop, best cost 131.724 + 9250.82 = 9382.55 over 117 frames.
srijay6-pop-pop pop 
LOG (lattice-best-path[5.0.61~2-37b53]:main():lattice-best-path.cc:99) For utterance srijay6-pop-rockabye, best cost 150.995 + 9480.68 = 9631.68 over 117 frames.
srijay6-pop-rockabye rockabye 
LOG (lattice-best-path[5.0.61~2-37b53]:main():lattice-best-path.cc:99) For utterance srijay6-pop-shape_of_you, best cost 283.912 + 9584.92 = 9868.83 over 117 frames.
srijay6-pop-shape_of_you shape of you 
LOG (lattice-best-path[5.0.61~2-37b53]:main():lattice-best-path.cc:99) For utterance srijay6-pop-something_just_like_this, best cost 285.962 + 9907.4 = 10193.4 over 117 frames.
srijay6-pop-something_just_like_this just like this 
LOG (lattice-best-path[5.0.61~2-37b53]:main():lattice-best-path.cc:99) For utterance srijay6-rock-back_in_black, best cost 242.689 + 9613.9 = 9856.59 over 117 frames.
srijay6-rock-back_in_black back black 
LOG (lattice-best-path[5.0.61~2-37b53]:main():lattice-best-path.cc:99) For utterance srijay6-rock-born_to_be_wild, best cost 291.049 + 10094.6 = 10385.7 over 117 frames.
srijay6-rock-born_to_be_wild born to wild 
LOG (lattice-best-path[5.0.61~2-37b53]:main():lattice-best-path.cc:99) For utterance srijay6-rock-free_bird, best cost 196.933 + 8097.52 = 8294.46 over 117 frames.
srijay6-rock-free_bird free bird 
LOG (lattice-best-path[5.0.61~2-37b53]:main():lattice-best-path.cc:99) For utterance srijay6-rock-highway_to_hell, best cost 295.059 + 9892.87 = 10187.9 over 117 frames.
srijay6-rock-highway_to_hell highway to dil 
LOG (lattice-best-path[5.0.61~2-37b53]:main():lattice-best-path.cc:99) For utterance srijay6-rock-hotel_california, best cost 229.669 + 9937.08 = 10166.8 over 117 frames.
srijay6-rock-hotel_california hotel california 
LOG (lattice-best-path[5.0.61~2-37b53]:main():lattice-best-path.cc:99) For utterance srijay6-rock-purple_haze, best cost 207.969 + 9514.94 = 9722.9 over 117 frames.
srijay6-rock-purple_haze purple haze 
LOG (lattice-best-path[5.0.61~2-37b53]:main():lattice-best-path.cc:99) For utterance srijay6-rock-rock, best cost 147.364 + 9613.02 = 9760.38 over 117 frames.
srijay6-rock-rock rock 
LOG (lattice-best-path[5.0.61~2-37b53]:main():lattice-best-path.cc:99) For utterance srijay6-rock-smoke_on_the_water, best cost 223.701 + 9793.42 = 10017.1 over 117 frames.
srijay6-rock-smoke_on_the_water the water 
LOG (lattice-best-path[5.0.61~2-37b53]:main():lattice-best-path.cc:99) For utterance srijay6-rock-stairway_to_heaven, best cost 146.959 + 10226.3 = 10373.3 over 117 frames.
srijay6-rock-stairway_to_heaven to 
LOG (lattice-best-path[5.0.61~2-37b53]:main():lattice-best-path.cc:99) For utterance srijay6-rock-sweet_child_o_mine, best cost 306.447 + 9795.13 = 10101.6 over 117 frames.
srijay6-rock-sweet_child_o_mine sweet child mine 
LOG (lattice-best-path[5.0.61~2-37b53]:main():lattice-best-path.cc:99) For utterance srijay6-rock-welcome_to_the_jungle, best cost 298.362 + 9781.15 = 10079.5 over 117 frames.
srijay6-rock-welcome_to_the_jungle to the jungle 
LOG (lattice-best-path[5.0.61~2-37b53]:main():lattice-best-path.cc:124) Overall cost per frame is 75.8436 = 1.37505 [graph] + 74.4686 [acoustic] over 15422 frames.
LOG (lattice-best-path[5.0.61~2-37b53]:main():lattice-best-path.cc:128) Done 96 lattices, failed for 0
# Accounting: time=0 threads=1
# Ended (code 0) at Sun Apr 30 13:54:41 IST 2017, elapsed time 0 seconds
