# compile-train-graphs --read-disambig-syms=data/lang/phones/disambig.int exp/mono_ali/tree exp/mono_ali/final.mdl data/lang/L.fst "ark:utils/sym2int.pl --map-oov 2 -f 2- data/lang/words.txt data/train/split1/1/text|" ark:- | gmm-align-compiled --transition-scale=1.0 --acoustic-scale=0.1 --self-loop-scale=0.1 --beam=10 --retry-beam=40 --careful=false "gmm-boost-silence --boost=1.0 1 exp/mono_ali/final.mdl - |" ark:- "ark,s,cs:apply-cmvn  --utt2spk=ark:data/train/split1/1/utt2spk scp:data/train/split1/1/cmvn.scp scp:data/train/split1/1/feats.scp ark:- | add-deltas  ark:- ark:- |" "ark,t:|gzip -c >exp/mono_ali/ali.1.gz" 
# Started at Sun Apr 30 13:59:18 IST 2017
#
compile-train-graphs --read-disambig-syms=data/lang/phones/disambig.int exp/mono_ali/tree exp/mono_ali/final.mdl data/lang/L.fst 'ark:utils/sym2int.pl --map-oov 2 -f 2- data/lang/words.txt data/train/split1/1/text|' ark:- 
gmm-align-compiled --transition-scale=1.0 --acoustic-scale=0.1 --self-loop-scale=0.1 --beam=10 --retry-beam=40 --careful=false 'gmm-boost-silence --boost=1.0 1 exp/mono_ali/final.mdl - |' ark:- 'ark,s,cs:apply-cmvn  --utt2spk=ark:data/train/split1/1/utt2spk scp:data/train/split1/1/cmvn.scp scp:data/train/split1/1/feats.scp ark:- | add-deltas  ark:- ark:- |' 'ark,t:|gzip -c >exp/mono_ali/ali.1.gz' 
sym2int.pl: replacing I with 2
sym2int.pl: replacing something with 2
sym2int.pl: replacing be with 2
sym2int.pl: replacing smoke with 2
sym2int.pl: replacing stairway with 2
sym2int.pl: replacing heaven with 2
sym2int.pl: replacing welcome with 2
sym2int.pl: replacing I with 2
sym2int.pl: replacing something with 2
sym2int.pl: replacing be with 2
sym2int.pl: replacing smoke with 2
sym2int.pl: replacing stairway with 2
sym2int.pl: replacing heaven with 2
sym2int.pl: replacing welcome with 2
sym2int.pl: replacing I with 2
sym2int.pl: replacing something with 2
sym2int.pl: replacing be with 2
sym2int.pl: replacing smoke with 2
sym2int.pl: replacing stairway with 2
sym2int.pl: replacing heaven with 2
sym2int.pl: not warning for OOVs any more times
** Replaced 84 instances of OOVs with 2
gmm-boost-silence --boost=1.0 1 exp/mono_ali/final.mdl - 
WARNING (gmm-boost-silence[5.1.32~1-34128]:main():gmm-boost-silence.cc:82) The pdfs for the silence phones may be shared by other phones (note: this probably does not matter.)
LOG (gmm-boost-silence[5.1.32~1-34128]:main():gmm-boost-silence.cc:93) Boosted weights for 5 pdfs, by factor of 1
LOG (gmm-boost-silence[5.1.32~1-34128]:main():gmm-boost-silence.cc:103) Wrote model to -
add-deltas ark:- ark:- 
apply-cmvn --utt2spk=ark:data/train/split1/1/utt2spk scp:data/train/split1/1/cmvn.scp scp:data/train/split1/1/feats.scp ark:- 
WARNING (gmm-align-compiled[5.1.32~1-34128]:AlignUtteranceWrapper():decoder-wrappers.cc:471) Retrying utterance lakshya-indie_pop-tanha_dil with beam 40
WARNING (gmm-align-compiled[5.1.32~1-34128]:AlignUtteranceWrapper():decoder-wrappers.cc:471) Retrying utterance lakshya1-indie_pop-tanha_dil with beam 40
WARNING (gmm-align-compiled[5.1.32~1-34128]:AlignUtteranceWrapper():decoder-wrappers.cc:471) Retrying utterance lakshya2-indie_pop-tanha_dil with beam 40
WARNING (gmm-align-compiled[5.1.32~1-34128]:AlignUtteranceWrapper():decoder-wrappers.cc:471) Retrying utterance lakshya3-indie_pop-tanha_dil with beam 40
WARNING (gmm-align-compiled[5.1.32~1-34128]:AlignUtteranceWrapper():decoder-wrappers.cc:471) Retrying utterance lakshya4-indie_pop-tanha_dil with beam 40
WARNING (gmm-align-compiled[5.1.32~1-34128]:AlignUtteranceWrapper():decoder-wrappers.cc:471) Retrying utterance lakshya5-indie_pop-tanha_dil with beam 40
WARNING (gmm-align-compiled[5.1.32~1-34128]:AlignUtteranceWrapper():decoder-wrappers.cc:471) Retrying utterance srijay-indie_pop-tanha_dil with beam 40
WARNING (gmm-align-compiled[5.1.32~1-34128]:AlignUtteranceWrapper():decoder-wrappers.cc:471) Retrying utterance srijay-indie_pop-woh_chali_woh_chali with beam 40
WARNING (gmm-align-compiled[5.1.32~1-34128]:AlignUtteranceWrapper():decoder-wrappers.cc:471) Retrying utterance srijay-jazz-autumn_leaves with beam 40
WARNING (gmm-align-compiled[5.1.32~1-34128]:AlignUtteranceWrapper():decoder-wrappers.cc:471) Retrying utterance srijay-jazz-my_funny_valentine with beam 40
WARNING (gmm-align-compiled[5.1.32~1-34128]:AlignUtteranceWrapper():decoder-wrappers.cc:471) Retrying utterance srijay-jazz-sing_sing_sing with beam 40
WARNING (gmm-align-compiled[5.1.32~1-34128]:AlignUtteranceWrapper():decoder-wrappers.cc:480) Did not successfully decode file srijay-jazz-sing_sing_sing, len = 117
WARNING (gmm-align-compiled[5.1.32~1-34128]:AlignUtteranceWrapper():decoder-wrappers.cc:471) Retrying utterance srijay-pop-play_that_song with beam 40
LOG (apply-cmvn[5.1.32~1-34128]:main():apply-cmvn.cc:146) Applied cepstral mean normalization to 576 utterances, errors on 0
LOG (compile-train-graphs[5.1.32~1-34128]:main():compile-train-graphs.cc:145) compile-train-graphs: succeeded for 576 graphs, failed for 0
LOG (gmm-align-compiled[5.1.32~1-34128]:main():gmm-align-compiled.cc:129) Overall log-likelihood per frame is -75.6351 over 92795 frames.
LOG (gmm-align-compiled[5.1.32~1-34128]:main():gmm-align-compiled.cc:131) Retried 12 out of 576 utterances.
LOG (gmm-align-compiled[5.1.32~1-34128]:main():gmm-align-compiled.cc:133) Done 575, errors on 1
# Accounting: time=4 threads=1
# Ended (code 0) at Sun Apr 30 13:59:22 IST 2017, elapsed time 4 seconds
