# gmm-acc-stats-ali exp/mono/11.mdl "ark,s,cs:apply-cmvn  --utt2spk=ark:data/train/split1/1/utt2spk scp:data/train/split1/1/cmvn.scp scp:data/train/split1/1/feats.scp ark:- | add-deltas ark:- ark:- |" "ark:gunzip -c exp/mono/ali.1.gz|" exp/mono/11.1.acc 
# Started at Sun Apr 30 13:53:10 IST 2017
#
gmm-acc-stats-ali exp/mono/11.mdl 'ark,s,cs:apply-cmvn  --utt2spk=ark:data/train/split1/1/utt2spk scp:data/train/split1/1/cmvn.scp scp:data/train/split1/1/feats.scp ark:- | add-deltas ark:- ark:- |' 'ark:gunzip -c exp/mono/ali.1.gz|' exp/mono/11.1.acc 
add-deltas ark:- ark:- 
apply-cmvn --utt2spk=ark:data/train/split1/1/utt2spk scp:data/train/split1/1/cmvn.scp scp:data/train/split1/1/feats.scp ark:- 
LOG (gmm-acc-stats-ali[5.0.61~2-37b53]:main():gmm-acc-stats-ali.cc:105) Processed 50 utterances; for utterance lakshya1-25 avg. like is -69.2113 over 325 frames.
LOG (gmm-acc-stats-ali[5.0.61~2-37b53]:main():gmm-acc-stats-ali.cc:105) Processed 100 utterances; for utterance lakshya2-27 avg. like is -68.9383 over 323 frames.
LOG (gmm-acc-stats-ali[5.0.61~2-37b53]:main():gmm-acc-stats-ali.cc:105) Processed 150 utterances; for utterance lakshya3-indie_pop-bhool_ja avg. like is -78.8455 over 158 frames.
LOG (gmm-acc-stats-ali[5.0.61~2-37b53]:main():gmm-acc-stats-ali.cc:105) Processed 200 utterances; for utterance lakshya4-indie_pop-indie_pop avg. like is -81.398 over 191 frames.
LOG (gmm-acc-stats-ali[5.0.61~2-37b53]:main():gmm-acc-stats-ali.cc:105) Processed 250 utterances; for utterance lakshya5-indie_pop-o_piya avg. like is -77.29 over 151 frames.
LOG (gmm-acc-stats-ali[5.0.61~2-37b53]:main():gmm-acc-stats-ali.cc:105) Processed 300 utterances; for utterance srijay-indie_pop-tanha_dil avg. like is -89.0186 over 117 frames.
WARNING (gmm-acc-stats-ali[5.0.61~2-37b53]:main():gmm-acc-stats-ali.cc:79) No alignment for utterance srijay-jazz-sing_sing_sing
LOG (gmm-acc-stats-ali[5.0.61~2-37b53]:main():gmm-acc-stats-ali.cc:105) Processed 350 utterances; for utterance srijay1-indie_pop-yaad_pia_ki avg. like is -90.5867 over 117 frames.
LOG (gmm-acc-stats-ali[5.0.61~2-37b53]:main():gmm-acc-stats-ali.cc:105) Processed 400 utterances; for utterance srijay2-jazz-all_of_me avg. like is -86.8137 over 117 frames.
LOG (gmm-acc-stats-ali[5.0.61~2-37b53]:main():gmm-acc-stats-ali.cc:105) Processed 450 utterances; for utterance srijay3-jazz-blue_monk avg. like is -87.2246 over 117 frames.
LOG (gmm-acc-stats-ali[5.0.61~2-37b53]:main():gmm-acc-stats-ali.cc:105) Processed 500 utterances; for utterance srijay4-jazz-jazz avg. like is -86.6975 over 117 frames.
LOG (gmm-acc-stats-ali[5.0.61~2-37b53]:main():gmm-acc-stats-ali.cc:105) Processed 550 utterances; for utterance srijay5-jazz-my_funny_valentine avg. like is -87.9549 over 117 frames.
LOG (apply-cmvn[5.0.61~2-37b53]:main():apply-cmvn.cc:146) Applied cepstral mean normalization to 576 utterances, errors on 0
LOG (gmm-acc-stats-ali[5.0.61~2-37b53]:main():gmm-acc-stats-ali.cc:112) Done 575 files, 1 with errors.
LOG (gmm-acc-stats-ali[5.0.61~2-37b53]:main():gmm-acc-stats-ali.cc:115) Overall avg like per frame (Gaussian only) = -81.4253 over 92795 frames.
LOG (gmm-acc-stats-ali[5.0.61~2-37b53]:main():gmm-acc-stats-ali.cc:123) Written accs.
# Accounting: time=0 threads=1
# Ended (code 0) at Sun Apr 30 13:53:10 IST 2017, elapsed time 0 seconds
