# gmm-align-compiled --transition-scale=1.0 --acoustic-scale=0.1 --self-loop-scale=0.1 --beam=10 --retry-beam=40 --careful=false "gmm-boost-silence --boost=1.0 1 exp/mono/4.mdl - |" "ark:gunzip -c exp/mono/fsts.1.gz|" "ark,s,cs:apply-cmvn  --utt2spk=ark:data/train/split1/1/utt2spk scp:data/train/split1/1/cmvn.scp scp:data/train/split1/1/feats.scp ark:- | add-deltas ark:- ark:- |" "ark,t:|gzip -c >exp/mono/ali.1.gz" 
# Started at Sun Apr 30 13:52:38 IST 2017
#
gmm-align-compiled --transition-scale=1.0 --acoustic-scale=0.1 --self-loop-scale=0.1 --beam=10 --retry-beam=40 --careful=false 'gmm-boost-silence --boost=1.0 1 exp/mono/4.mdl - |' 'ark:gunzip -c exp/mono/fsts.1.gz|' 'ark,s,cs:apply-cmvn  --utt2spk=ark:data/train/split1/1/utt2spk scp:data/train/split1/1/cmvn.scp scp:data/train/split1/1/feats.scp ark:- | add-deltas ark:- ark:- |' 'ark,t:|gzip -c >exp/mono/ali.1.gz' 
gmm-boost-silence --boost=1.0 1 exp/mono/4.mdl - 
WARNING (gmm-boost-silence[5.0.61~2-37b53]:main():gmm-boost-silence.cc:82) The pdfs for the silence phones may be shared by other phones (note: this probably does not matter.)
LOG (gmm-boost-silence[5.0.61~2-37b53]:main():gmm-boost-silence.cc:93) Boosted weights for 5 pdfs, by factor of 1
LOG (gmm-boost-silence[5.0.61~2-37b53]:main():gmm-boost-silence.cc:103) Wrote model to -
apply-cmvn --utt2spk=ark:data/train/split1/1/utt2spk scp:data/train/split1/1/cmvn.scp scp:data/train/split1/1/feats.scp ark:- 
add-deltas ark:- ark:- 
WARNING (gmm-align-compiled[5.0.61~2-37b53]:AlignUtteranceWrapper():decoder-wrappers.cc:466) Retrying utterance lakshya-pop-hey_jude with beam 40
WARNING (gmm-align-compiled[5.0.61~2-37b53]:AlignUtteranceWrapper():decoder-wrappers.cc:466) Retrying utterance lakshya2-pop-hey_jude with beam 40
WARNING (gmm-align-compiled[5.0.61~2-37b53]:AlignUtteranceWrapper():decoder-wrappers.cc:466) Retrying utterance lakshya3-pop-hey_jude with beam 40
WARNING (gmm-align-compiled[5.0.61~2-37b53]:AlignUtteranceWrapper():decoder-wrappers.cc:466) Retrying utterance lakshya4-pop-hey_jude with beam 40
WARNING (gmm-align-compiled[5.0.61~2-37b53]:AlignUtteranceWrapper():decoder-wrappers.cc:466) Retrying utterance lakshya5-pop-hey_jude with beam 40
WARNING (gmm-align-compiled[5.0.61~2-37b53]:AlignUtteranceWrapper():decoder-wrappers.cc:466) Retrying utterance srijay-indie_pop-woh_chali_woh_chali with beam 40
WARNING (gmm-align-compiled[5.0.61~2-37b53]:AlignUtteranceWrapper():decoder-wrappers.cc:466) Retrying utterance srijay-jazz-my_funny_valentine with beam 40
WARNING (gmm-align-compiled[5.0.61~2-37b53]:AlignUtteranceWrapper():decoder-wrappers.cc:466) Retrying utterance srijay-jazz-sing_sing_sing with beam 40
WARNING (gmm-align-compiled[5.0.61~2-37b53]:AlignUtteranceWrapper():decoder-wrappers.cc:466) Retrying utterance srijay-jazz-strange_fruit with beam 40
WARNING (gmm-align-compiled[5.0.61~2-37b53]:AlignUtteranceWrapper():decoder-wrappers.cc:466) Retrying utterance srijay-rock-highway_to_hell with beam 40
WARNING (gmm-align-compiled[5.0.61~2-37b53]:AlignUtteranceWrapper():decoder-wrappers.cc:466) Retrying utterance srijay-rock-hotel_california with beam 40
WARNING (gmm-align-compiled[5.0.61~2-37b53]:AlignUtteranceWrapper():decoder-wrappers.cc:466) Retrying utterance srijay-rock-sweet_child_o_mine with beam 40
WARNING (gmm-align-compiled[5.0.61~2-37b53]:AlignUtteranceWrapper():decoder-wrappers.cc:466) Retrying utterance srijay1-jazz-autumn_leaves with beam 40
WARNING (gmm-align-compiled[5.0.61~2-37b53]:AlignUtteranceWrapper():decoder-wrappers.cc:466) Retrying utterance srijay1-jazz-my_funny_valentine with beam 40
WARNING (gmm-align-compiled[5.0.61~2-37b53]:AlignUtteranceWrapper():decoder-wrappers.cc:466) Retrying utterance srijay1-jazz-sophisticated_lady with beam 40
WARNING (gmm-align-compiled[5.0.61~2-37b53]:AlignUtteranceWrapper():decoder-wrappers.cc:466) Retrying utterance srijay1-rock-hotel_california with beam 40
WARNING (gmm-align-compiled[5.0.61~2-37b53]:AlignUtteranceWrapper():decoder-wrappers.cc:466) Retrying utterance srijay2-jazz-autumn_leaves with beam 40
WARNING (gmm-align-compiled[5.0.61~2-37b53]:AlignUtteranceWrapper():decoder-wrappers.cc:466) Retrying utterance srijay2-jazz-my_funny_valentine with beam 40
WARNING (gmm-align-compiled[5.0.61~2-37b53]:AlignUtteranceWrapper():decoder-wrappers.cc:466) Retrying utterance srijay2-rock-hotel_california with beam 40
WARNING (gmm-align-compiled[5.0.61~2-37b53]:AlignUtteranceWrapper():decoder-wrappers.cc:466) Retrying utterance srijay3-jazz-autumn_leaves with beam 40
WARNING (gmm-align-compiled[5.0.61~2-37b53]:AlignUtteranceWrapper():decoder-wrappers.cc:466) Retrying utterance srijay3-jazz-my_funny_valentine with beam 40
WARNING (gmm-align-compiled[5.0.61~2-37b53]:AlignUtteranceWrapper():decoder-wrappers.cc:466) Retrying utterance srijay3-rock-hotel_california with beam 40
WARNING (gmm-align-compiled[5.0.61~2-37b53]:AlignUtteranceWrapper():decoder-wrappers.cc:466) Retrying utterance srijay4-jazz-autumn_leaves with beam 40
WARNING (gmm-align-compiled[5.0.61~2-37b53]:AlignUtteranceWrapper():decoder-wrappers.cc:466) Retrying utterance srijay4-jazz-my_funny_valentine with beam 40
WARNING (gmm-align-compiled[5.0.61~2-37b53]:AlignUtteranceWrapper():decoder-wrappers.cc:466) Retrying utterance srijay4-rock-hotel_california with beam 40
WARNING (gmm-align-compiled[5.0.61~2-37b53]:AlignUtteranceWrapper():decoder-wrappers.cc:466) Retrying utterance srijay5-jazz-autumn_leaves with beam 40
WARNING (gmm-align-compiled[5.0.61~2-37b53]:AlignUtteranceWrapper():decoder-wrappers.cc:466) Retrying utterance srijay5-jazz-my_funny_valentine with beam 40
LOG (apply-cmvn[5.0.61~2-37b53]:main():apply-cmvn.cc:146) Applied cepstral mean normalization to 576 utterances, errors on 0
WARNING (gmm-align-compiled[5.0.61~2-37b53]:AlignUtteranceWrapper():decoder-wrappers.cc:466) Retrying utterance srijay5-rock-hotel_california with beam 40
LOG (gmm-align-compiled[5.0.61~2-37b53]:main():gmm-align-compiled.cc:129) Overall log-likelihood per frame is -86.8872 over 92912 frames.
LOG (gmm-align-compiled[5.0.61~2-37b53]:main():gmm-align-compiled.cc:131) Retried 28 out of 576 utterances.
LOG (gmm-align-compiled[5.0.61~2-37b53]:main():gmm-align-compiled.cc:133) Done 576, errors on 0
# Accounting: time=5 threads=1
# Ended (code 0) at Sun Apr 30 13:52:43 IST 2017, elapsed time 5 seconds
