# gmm-est --write-occs=exp/mono/32.occs --mix-up=1000 --power=0.25 exp/mono/31.mdl "gmm-sum-accs - exp/mono/31.*.acc|" exp/mono/32.mdl 
# Started at Sun Apr 30 13:54:05 IST 2017
#
gmm-est --write-occs=exp/mono/32.occs --mix-up=1000 --power=0.25 exp/mono/31.mdl 'gmm-sum-accs - exp/mono/31.*.acc|' exp/mono/32.mdl 
gmm-sum-accs - exp/mono/31.1.acc 
LOG (gmm-sum-accs[5.0.61~2-37b53]:main():gmm-sum-accs.cc:63) Summed 1 stats, total count 92795, avg like/frame -75.8069
LOG (gmm-sum-accs[5.0.61~2-37b53]:main():gmm-sum-accs.cc:66) Total count of stats is 92795
LOG (gmm-sum-accs[5.0.61~2-37b53]:main():gmm-sum-accs.cc:67) Written stats to -
LOG (gmm-est[5.0.61~2-37b53]:MleUpdate():transition-model.cc:517) TransitionModel::Update, objf change is 0 per frame over 92795 frames. 
LOG (gmm-est[5.0.61~2-37b53]:MleUpdate():transition-model.cc:520) 35 probabilities floored, 403 out of 650 transition-states skipped due to insuffient data (it is normal to have some skipped.)
LOG (gmm-est[5.0.61~2-37b53]:main():gmm-est.cc:102) Transition model update: Overall 0 log-like improvement per frame over 92795 frames.
WARNING (gmm-est[5.0.61~2-37b53]:MleDiagGmmUpdate():mle-diag-gmm.cc:365) Gaussian has too little data but not removing it because it is the last Gaussian: i = 0, occ = 0, weight = 1
WARNING (gmm-est[5.0.61~2-37b53]:MleDiagGmmUpdate():mle-diag-gmm.cc:365) Gaussian has too little data but not removing it because it is the last Gaussian: i = 0, occ = 0, weight = 1
WARNING (gmm-est[5.0.61~2-37b53]:MleDiagGmmUpdate():mle-diag-gmm.cc:365) Gaussian has too little data but not removing it because it is the last Gaussian: i = 0, occ = 0, weight = 1
WARNING (gmm-est[5.0.61~2-37b53]:MleDiagGmmUpdate():mle-diag-gmm.cc:365) Gaussian has too little data but not removing it because it is the last Gaussian: i = 0, occ = 0, weight = 1
WARNING (gmm-est[5.0.61~2-37b53]:MleDiagGmmUpdate():mle-diag-gmm.cc:365) Gaussian has too little data but not removing it because it is the last Gaussian: i = 0, occ = 0, weight = 1
WARNING (gmm-est[5.0.61~2-37b53]:MleDiagGmmUpdate():mle-diag-gmm.cc:365) Gaussian has too little data but not removing it because it is the last Gaussian: i = 0, occ = 0, weight = 1
WARNING (gmm-est[5.0.61~2-37b53]:MleDiagGmmUpdate():mle-diag-gmm.cc:365) Gaussian has too little data but not removing it because it is the last Gaussian: i = 0, occ = 0, weight = 1
WARNING (gmm-est[5.0.61~2-37b53]:MleDiagGmmUpdate():mle-diag-gmm.cc:365) Gaussian has too little data but not removing it because it is the last Gaussian: i = 0, occ = 0, weight = 1
WARNING (gmm-est[5.0.61~2-37b53]:MleDiagGmmUpdate():mle-diag-gmm.cc:365) Gaussian has too little data but not removing it because it is the last Gaussian: i = 0, occ = 0, weight = 1
WARNING (gmm-est[5.0.61~2-37b53]:MleDiagGmmUpdate():mle-diag-gmm.cc:365) Gaussian has too little data but not removing it because it is the last Gaussian: i = 0, occ = 0, weight = 1
WARNING (gmm-est[5.0.61~2-37b53]:MleDiagGmmUpdate():mle-diag-gmm.cc:365) Gaussian has too little data but not removing it because it is the last Gaussian: i = 0, occ = 0, weight = 1
WARNING (gmm-est[5.0.61~2-37b53]:MleDiagGmmUpdate():mle-diag-gmm.cc:365) Gaussian has too little data but not removing it because it is the last Gaussian: i = 0, occ = 0, weight = 1
WARNING (gmm-est[5.0.61~2-37b53]:MleDiagGmmUpdate():mle-diag-gmm.cc:365) Gaussian has too little data but not removing it because it is the last Gaussian: i = 0, occ = 0, weight = 1
WARNING (gmm-est[5.0.61~2-37b53]:MleDiagGmmUpdate():mle-diag-gmm.cc:365) Gaussian has too little data but not removing it because it is the last Gaussian: i = 0, occ = 0, weight = 1
WARNING (gmm-est[5.0.61~2-37b53]:MleDiagGmmUpdate():mle-diag-gmm.cc:365) Gaussian has too little data but not removing it because it is the last Gaussian: i = 0, occ = 0, weight = 1
WARNING (gmm-est[5.0.61~2-37b53]:MleDiagGmmUpdate():mle-diag-gmm.cc:365) Gaussian has too little data but not removing it because it is the last Gaussian: i = 0, occ = 0, weight = 1
WARNING (gmm-est[5.0.61~2-37b53]:MleDiagGmmUpdate():mle-diag-gmm.cc:365) Gaussian has too little data but not removing it because it is the last Gaussian: i = 0, occ = 0, weight = 1
WARNING (gmm-est[5.0.61~2-37b53]:MleDiagGmmUpdate():mle-diag-gmm.cc:365) Gaussian has too little data but not removing it because it is the last Gaussian: i = 0, occ = 0, weight = 1
WARNING (gmm-est[5.0.61~2-37b53]:MleDiagGmmUpdate():mle-diag-gmm.cc:365) Gaussian has too little data but not removing it because it is the last Gaussian: i = 0, occ = 0, weight = 1
WARNING (gmm-est[5.0.61~2-37b53]:MleDiagGmmUpdate():mle-diag-gmm.cc:365) Gaussian has too little data but not removing it because it is the last Gaussian: i = 0, occ = 0, weight = 1
WARNING (gmm-est[5.0.61~2-37b53]:MleDiagGmmUpdate():mle-diag-gmm.cc:365) Gaussian has too little data but not removing it because it is the last Gaussian: i = 0, occ = 0, weight = 1
WARNING (gmm-est[5.0.61~2-37b53]:MleDiagGmmUpdate():mle-diag-gmm.cc:365) Gaussian has too little data but not removing it because it is the last Gaussian: i = 0, occ = 0, weight = 1
WARNING (gmm-est[5.0.61~2-37b53]:MleDiagGmmUpdate():mle-diag-gmm.cc:365) Gaussian has too little data but not removing it because it is the last Gaussian: i = 0, occ = 0, weight = 1
WARNING (gmm-est[5.0.61~2-37b53]:MleDiagGmmUpdate():mle-diag-gmm.cc:365) Gaussian has too little data but not removing it because it is the last Gaussian: i = 0, occ = 0, weight = 1
WARNING (gmm-est[5.0.61~2-37b53]:MleDiagGmmUpdate():mle-diag-gmm.cc:365) Gaussian has too little data but not removing it because it is the last Gaussian: i = 0, occ = 0, weight = 1
WARNING (gmm-est[5.0.61~2-37b53]:MleDiagGmmUpdate():mle-diag-gmm.cc:365) Gaussian has too little data but not removing it because it is the last Gaussian: i = 0, occ = 0, weight = 1
WARNING (gmm-est[5.0.61~2-37b53]:MleDiagGmmUpdate():mle-diag-gmm.cc:365) Gaussian has too little data but not removing it because it is the last Gaussian: i = 0, occ = 0, weight = 1
WARNING (gmm-est[5.0.61~2-37b53]:MleDiagGmmUpdate():mle-diag-gmm.cc:365) Gaussian has too little data but not removing it because it is the last Gaussian: i = 0, occ = 0, weight = 1
WARNING (gmm-est[5.0.61~2-37b53]:MleDiagGmmUpdate():mle-diag-gmm.cc:365) Gaussian has too little data but not removing it because it is the last Gaussian: i = 0, occ = 0, weight = 1
WARNING (gmm-est[5.0.61~2-37b53]:MleDiagGmmUpdate():mle-diag-gmm.cc:365) Gaussian has too little data but not removing it because it is the last Gaussian: i = 0, occ = 0, weight = 1
WARNING (gmm-est[5.0.61~2-37b53]:MleDiagGmmUpdate():mle-diag-gmm.cc:365) Gaussian has too little data but not removing it because it is the last Gaussian: i = 0, occ = 0, weight = 1
WARNING (gmm-est[5.0.61~2-37b53]:MleDiagGmmUpdate():mle-diag-gmm.cc:365) Gaussian has too little data but not removing it because it is the last Gaussian: i = 0, occ = 0, weight = 1
WARNING (gmm-est[5.0.61~2-37b53]:MleDiagGmmUpdate():mle-diag-gmm.cc:365) Gaussian has too little data but not removing it because it is the last Gaussian: i = 0, occ = 0, weight = 1
LOG (gmm-est[5.0.61~2-37b53]:MleAmDiagGmmUpdate():mle-am-diag-gmm.cc:225) 137 variance elements floored in 102 Gaussians, out of 972
LOG (gmm-est[5.0.61~2-37b53]:MleAmDiagGmmUpdate():mle-am-diag-gmm.cc:229) Removed 0 Gaussians due to counts < --min-gaussian-occupancy=10 and --remove-low-count-gaussians=true
LOG (gmm-est[5.0.61~2-37b53]:main():gmm-est.cc:113) GMM update: Overall 0.101246 objective function improvement per frame over 92795 frames
LOG (gmm-est[5.0.61~2-37b53]:main():gmm-est.cc:116) GMM update: Overall avg like per frame = -75.8069 over 92795 frames.
LOG (gmm-est[5.0.61~2-37b53]:SplitByCount():am-diag-gmm.cc:116) Split 160 states with target = 1000, power = 0.25, perturb_factor = 0.01 and min_count = 20, split #Gauss from 972 to 1000
LOG (gmm-est[5.0.61~2-37b53]:main():gmm-est.cc:146) Written model to exp/mono/32.mdl
# Accounting: time=0 threads=1
# Ended (code 0) at Sun Apr 30 13:54:05 IST 2017, elapsed time 0 seconds
