# build-tree --verbose=1 --max-leaves=2000 --cluster-thresh=-1 exp/tri1/treeacc data/lang/phones/roots.int exp/tri1/questions.qst data/lang/topo exp/tri1/tree 
# Started at Sun Apr 30 13:59:28 IST 2017
#
build-tree --verbose=1 --max-leaves=2000 --cluster-thresh=-1 exp/tri1/treeacc data/lang/phones/roots.int exp/tri1/questions.qst data/lang/topo exp/tri1/tree 
LOG (build-tree[5.1.32~1-34128]:main():build-tree.cc:100) Number of separate statistics is 1111
LOG (build-tree[5.1.32~1-34128]:BuildTree():build-tree.cc:159) BuildTree: before building trees, map has 52 leaves.
LOG (build-tree[5.1.32~1-34128]:SplitDecisionTree():build-tree-utils.cc:577) DoDecisionTreeSplit: split 801 times, #leaves now 853
LOG (build-tree[5.1.32~1-34128]:BuildTree():build-tree.cc:185) Setting clustering threshold to smallest split 300.832
VLOG[1] (build-tree[5.1.32~1-34128]:BuildTree():build-tree.cc:194) After decision tree split, num-leaves = 853, like-impr = 11.3912 per frame over 92795 frames.
VLOG[1] (build-tree[5.1.32~1-34128]:BuildTree():build-tree.cc:198) Including just phones that were split, improvement is 11.3912 per frame over 92795 frames.
LOG (build-tree[5.1.32~1-34128]:BuildTree():build-tree.cc:213) BuildTree: removed 124 leaves.
VLOG[1] (build-tree[5.1.32~1-34128]:BuildTree():build-tree.cc:220) Objf change due to clustering -0.280608 per frame.
VLOG[1] (build-tree[5.1.32~1-34128]:BuildTree():build-tree.cc:223) Normalizing over only split phones, this is: -0.280608 per frame.
VLOG[1] (build-tree[5.1.32~1-34128]:BuildTree():build-tree.cc:226) Num-leaves is now 729
VLOG[1] (build-tree[5.1.32~1-34128]:main():build-tree.cc:138) For pdf-id 2, low count 0
VLOG[1] (build-tree[5.1.32~1-34128]:main():build-tree.cc:138) For pdf-id 4, low count 0
VLOG[1] (build-tree[5.1.32~1-34128]:main():build-tree.cc:138) For pdf-id 5, low count 43
VLOG[1] (build-tree[5.1.32~1-34128]:main():build-tree.cc:138) For pdf-id 6, low count 0
VLOG[1] (build-tree[5.1.32~1-34128]:main():build-tree.cc:138) For pdf-id 8, low count 0
VLOG[1] (build-tree[5.1.32~1-34128]:main():build-tree.cc:138) For pdf-id 9, low count 0
VLOG[1] (build-tree[5.1.32~1-34128]:main():build-tree.cc:138) For pdf-id 10, low count 0
VLOG[1] (build-tree[5.1.32~1-34128]:main():build-tree.cc:138) For pdf-id 11, low count 0
VLOG[1] (build-tree[5.1.32~1-34128]:main():build-tree.cc:138) For pdf-id 12, low count 5
VLOG[1] (build-tree[5.1.32~1-34128]:main():build-tree.cc:138) For pdf-id 15, low count 37
VLOG[1] (build-tree[5.1.32~1-34128]:main():build-tree.cc:138) For pdf-id 16, low count 0
VLOG[1] (build-tree[5.1.32~1-34128]:main():build-tree.cc:138) For pdf-id 17, low count 36
VLOG[1] (build-tree[5.1.32~1-34128]:main():build-tree.cc:138) For pdf-id 18, low count 0
VLOG[1] (build-tree[5.1.32~1-34128]:main():build-tree.cc:138) For pdf-id 21, low count 67
VLOG[1] (build-tree[5.1.32~1-34128]:main():build-tree.cc:138) For pdf-id 22, low count 0
VLOG[1] (build-tree[5.1.32~1-34128]:main():build-tree.cc:138) For pdf-id 23, low count 18
VLOG[1] (build-tree[5.1.32~1-34128]:main():build-tree.cc:138) For pdf-id 24, low count 12
VLOG[1] (build-tree[5.1.32~1-34128]:main():build-tree.cc:138) For pdf-id 25, low count 25
VLOG[1] (build-tree[5.1.32~1-34128]:main():build-tree.cc:138) For pdf-id 28, low count 50
VLOG[1] (build-tree[5.1.32~1-34128]:main():build-tree.cc:138) For pdf-id 29, low count 69
VLOG[1] (build-tree[5.1.32~1-34128]:main():build-tree.cc:138) For pdf-id 30, low count 46
VLOG[1] (build-tree[5.1.32~1-34128]:main():build-tree.cc:138) For pdf-id 32, low count 30
VLOG[1] (build-tree[5.1.32~1-34128]:main():build-tree.cc:138) For pdf-id 33, low count 84
VLOG[1] (build-tree[5.1.32~1-34128]:main():build-tree.cc:138) For pdf-id 34, low count 39
VLOG[1] (build-tree[5.1.32~1-34128]:main():build-tree.cc:138) For pdf-id 36, low count 67
VLOG[1] (build-tree[5.1.32~1-34128]:main():build-tree.cc:138) For pdf-id 37, low count 24
VLOG[1] (build-tree[5.1.32~1-34128]:main():build-tree.cc:138) For pdf-id 38, low count 29
VLOG[1] (build-tree[5.1.32~1-34128]:main():build-tree.cc:138) For pdf-id 40, low count 80
VLOG[1] (build-tree[5.1.32~1-34128]:main():build-tree.cc:138) For pdf-id 42, low count 34
VLOG[1] (build-tree[5.1.32~1-34128]:main():build-tree.cc:138) For pdf-id 43, low count 52
VLOG[1] (build-tree[5.1.32~1-34128]:main():build-tree.cc:138) For pdf-id 44, low count 94
VLOG[1] (build-tree[5.1.32~1-34128]:main():build-tree.cc:138) For pdf-id 45, low count 84
VLOG[1] (build-tree[5.1.32~1-34128]:main():build-tree.cc:138) For pdf-id 46, low count 70
VLOG[1] (build-tree[5.1.32~1-34128]:main():build-tree.cc:138) For pdf-id 48, low count 0
VLOG[1] (build-tree[5.1.32~1-34128]:main():build-tree.cc:138) For pdf-id 51, low count 20
VLOG[1] (build-tree[5.1.32~1-34128]:main():build-tree.cc:138) For pdf-id 61, low count 89
VLOG[1] (build-tree[5.1.32~1-34128]:main():build-tree.cc:138) For pdf-id 62, low count 54
VLOG[1] (build-tree[5.1.32~1-34128]:main():build-tree.cc:138) For pdf-id 63, low count 36
VLOG[1] (build-tree[5.1.32~1-34128]:main():build-tree.cc:138) For pdf-id 65, low count 84
VLOG[1] (build-tree[5.1.32~1-34128]:main():build-tree.cc:138) For pdf-id 69, low count 97
VLOG[1] (build-tree[5.1.32~1-34128]:main():build-tree.cc:138) For pdf-id 71, low count 82
VLOG[1] (build-tree[5.1.32~1-34128]:main():build-tree.cc:138) For pdf-id 72, low count 34
VLOG[1] (build-tree[5.1.32~1-34128]:main():build-tree.cc:138) For pdf-id 73, low count 50
VLOG[1] (build-tree[5.1.32~1-34128]:main():build-tree.cc:138) For pdf-id 75, low count 32
VLOG[1] (build-tree[5.1.32~1-34128]:main():build-tree.cc:138) For pdf-id 76, low count 31
VLOG[1] (build-tree[5.1.32~1-34128]:main():build-tree.cc:138) For pdf-id 79, low count 5
VLOG[1] (build-tree[5.1.32~1-34128]:main():build-tree.cc:138) For pdf-id 82, low count 22
VLOG[1] (build-tree[5.1.32~1-34128]:main():build-tree.cc:138) For pdf-id 84, low count 37
VLOG[1] (build-tree[5.1.32~1-34128]:main():build-tree.cc:138) For pdf-id 85, low count 30
VLOG[1] (build-tree[5.1.32~1-34128]:main():build-tree.cc:138) For pdf-id 86, low count 49
VLOG[1] (build-tree[5.1.32~1-34128]:main():build-tree.cc:138) For pdf-id 88, low count 98
VLOG[1] (build-tree[5.1.32~1-34128]:main():build-tree.cc:138) For pdf-id 89, low count 26
VLOG[1] (build-tree[5.1.32~1-34128]:main():build-tree.cc:138) For pdf-id 90, low count 24
VLOG[1] (build-tree[5.1.32~1-34128]:main():build-tree.cc:138) For pdf-id 91, low count 71
VLOG[1] (build-tree[5.1.32~1-34128]:main():build-tree.cc:138) For pdf-id 92, low count 62
VLOG[1] (build-tree[5.1.32~1-34128]:main():build-tree.cc:138) For pdf-id 94, low count 78
VLOG[1] (build-tree[5.1.32~1-34128]:main():build-tree.cc:138) For pdf-id 95, low count 71
VLOG[1] (build-tree[5.1.32~1-34128]:main():build-tree.cc:138) For pdf-id 97, low count 48
VLOG[1] (build-tree[5.1.32~1-34128]:main():build-tree.cc:138) For pdf-id 99, low count 97
VLOG[1] (build-tree[5.1.32~1-34128]:main():build-tree.cc:138) For pdf-id 101, low count 74
VLOG[1] (build-tree[5.1.32~1-34128]:main():build-tree.cc:138) For pdf-id 102, low count 37
VLOG[1] (build-tree[5.1.32~1-34128]:main():build-tree.cc:138) For pdf-id 104, low count 55
VLOG[1] (build-tree[5.1.32~1-34128]:main():build-tree.cc:138) For pdf-id 106, low count 5
VLOG[1] (build-tree[5.1.32~1-34128]:main():build-tree.cc:138) For pdf-id 109, low count 5
VLOG[1] (build-tree[5.1.32~1-34128]:main():build-tree.cc:138) For pdf-id 110, low count 30
VLOG[1] (build-tree[5.1.32~1-34128]:main():build-tree.cc:138) For pdf-id 111, low count 6
VLOG[1] (build-tree[5.1.32~1-34128]:main():build-tree.cc:138) For pdf-id 114, low count 92
VLOG[1] (build-tree[5.1.32~1-34128]:main():build-tree.cc:138) For pdf-id 115, low count 31
VLOG[1] (build-tree[5.1.32~1-34128]:main():build-tree.cc:138) For pdf-id 117, low count 90
VLOG[1] (build-tree[5.1.32~1-34128]:main():build-tree.cc:138) For pdf-id 118, low count 18
VLOG[1] (build-tree[5.1.32~1-34128]:main():build-tree.cc:138) For pdf-id 121, low count 21
VLOG[1] (build-tree[5.1.32~1-34128]:main():build-tree.cc:138) For pdf-id 122, low count 36
VLOG[1] (build-tree[5.1.32~1-34128]:main():build-tree.cc:138) For pdf-id 123, low count 15
VLOG[1] (build-tree[5.1.32~1-34128]:main():build-tree.cc:138) For pdf-id 127, low count 37
VLOG[1] (build-tree[5.1.32~1-34128]:main():build-tree.cc:138) For pdf-id 129, low count 67
VLOG[1] (build-tree[5.1.32~1-34128]:main():build-tree.cc:138) For pdf-id 130, low count 88
VLOG[1] (build-tree[5.1.32~1-34128]:main():build-tree.cc:138) For pdf-id 131, low count 23
VLOG[1] (build-tree[5.1.32~1-34128]:main():build-tree.cc:138) For pdf-id 135, low count 75
VLOG[1] (build-tree[5.1.32~1-34128]:main():build-tree.cc:138) For pdf-id 136, low count 44
VLOG[1] (build-tree[5.1.32~1-34128]:main():build-tree.cc:138) For pdf-id 137, low count 35
VLOG[1] (build-tree[5.1.32~1-34128]:main():build-tree.cc:138) For pdf-id 141, low count 52
VLOG[1] (build-tree[5.1.32~1-34128]:main():build-tree.cc:138) For pdf-id 143, low count 36
VLOG[1] (build-tree[5.1.32~1-34128]:main():build-tree.cc:138) For pdf-id 145, low count 46
VLOG[1] (build-tree[5.1.32~1-34128]:main():build-tree.cc:138) For pdf-id 146, low count 54
VLOG[1] (build-tree[5.1.32~1-34128]:main():build-tree.cc:138) For pdf-id 147, low count 36
VLOG[1] (build-tree[5.1.32~1-34128]:main():build-tree.cc:138) For pdf-id 150, low count 71
VLOG[1] (build-tree[5.1.32~1-34128]:main():build-tree.cc:138) For pdf-id 151, low count 5
VLOG[1] (build-tree[5.1.32~1-34128]:main():build-tree.cc:138) For pdf-id 152, low count 84
VLOG[1] (build-tree[5.1.32~1-34128]:main():build-tree.cc:138) For pdf-id 153, low count 76
VLOG[1] (build-tree[5.1.32~1-34128]:main():build-tree.cc:138) For pdf-id 154, low count 37
VLOG[1] (build-tree[5.1.32~1-34128]:main():build-tree.cc:138) For pdf-id 155, low count 27
VLOG[1] (build-tree[5.1.32~1-34128]:main():build-tree.cc:138) For pdf-id 157, low count 71
VLOG[1] (build-tree[5.1.32~1-34128]:main():build-tree.cc:138) For pdf-id 159, low count 61
VLOG[1] (build-tree[5.1.32~1-34128]:main():build-tree.cc:138) For pdf-id 160, low count 92
VLOG[1] (build-tree[5.1.32~1-34128]:main():build-tree.cc:138) For pdf-id 161, low count 76
VLOG[1] (build-tree[5.1.32~1-34128]:main():build-tree.cc:138) For pdf-id 162, low count 5
VLOG[1] (build-tree[5.1.32~1-34128]:main():build-tree.cc:138) For pdf-id 163, low count 45
VLOG[1] (build-tree[5.1.32~1-34128]:main():build-tree.cc:138) For pdf-id 167, low count 36
VLOG[1] (build-tree[5.1.32~1-34128]:main():build-tree.cc:138) For pdf-id 170, low count 18
VLOG[1] (build-tree[5.1.32~1-34128]:main():build-tree.cc:138) For pdf-id 171, low count 60
VLOG[1] (build-tree[5.1.32~1-34128]:main():build-tree.cc:138) For pdf-id 172, low count 72
VLOG[1] (build-tree[5.1.32~1-34128]:main():build-tree.cc:138) For pdf-id 173, low count 17
VLOG[1] (build-tree[5.1.32~1-34128]:main():build-tree.cc:138) For pdf-id 174, low count 72
VLOG[1] (build-tree[5.1.32~1-34128]:main():build-tree.cc:138) For pdf-id 175, low count 55
VLOG[1] (build-tree[5.1.32~1-34128]:main():build-tree.cc:138) For pdf-id 177, low count 11
VLOG[1] (build-tree[5.1.32~1-34128]:main():build-tree.cc:138) For pdf-id 178, low count 79
VLOG[1] (build-tree[5.1.32~1-34128]:main():build-tree.cc:138) For pdf-id 179, low count 37
VLOG[1] (build-tree[5.1.32~1-34128]:main():build-tree.cc:138) For pdf-id 180, low count 43
VLOG[1] (build-tree[5.1.32~1-34128]:main():build-tree.cc:138) For pdf-id 182, low count 59
VLOG[1] (build-tree[5.1.32~1-34128]:main():build-tree.cc:138) For pdf-id 183, low count 22
VLOG[1] (build-tree[5.1.32~1-34128]:main():build-tree.cc:138) For pdf-id 184, low count 78
VLOG[1] (build-tree[5.1.32~1-34128]:main():build-tree.cc:138) For pdf-id 185, low count 63
VLOG[1] (build-tree[5.1.32~1-34128]:main():build-tree.cc:138) For pdf-id 186, low count 54
VLOG[1] (build-tree[5.1.32~1-34128]:main():build-tree.cc:138) For pdf-id 187, low count 27
VLOG[1] (build-tree[5.1.32~1-34128]:main():build-tree.cc:138) For pdf-id 189, low count 38
VLOG[1] (build-tree[5.1.32~1-34128]:main():build-tree.cc:138) For pdf-id 190, low count 56
VLOG[1] (build-tree[5.1.32~1-34128]:main():build-tree.cc:138) For pdf-id 191, low count 39
VLOG[1] (build-tree[5.1.32~1-34128]:main():build-tree.cc:138) For pdf-id 192, low count 80
VLOG[1] (build-tree[5.1.32~1-34128]:main():build-tree.cc:138) For pdf-id 194, low count 19
VLOG[1] (build-tree[5.1.32~1-34128]:main():build-tree.cc:138) For pdf-id 195, low count 40
VLOG[1] (build-tree[5.1.32~1-34128]:main():build-tree.cc:138) For pdf-id 196, low count 67
VLOG[1] (build-tree[5.1.32~1-34128]:main():build-tree.cc:138) For pdf-id 197, low count 48
VLOG[1] (build-tree[5.1.32~1-34128]:main():build-tree.cc:138) For pdf-id 200, low count 79
VLOG[1] (build-tree[5.1.32~1-34128]:main():build-tree.cc:138) For pdf-id 202, low count 87
VLOG[1] (build-tree[5.1.32~1-34128]:main():build-tree.cc:138) For pdf-id 203, low count 64
VLOG[1] (build-tree[5.1.32~1-34128]:main():build-tree.cc:138) For pdf-id 204, low count 23
VLOG[1] (build-tree[5.1.32~1-34128]:main():build-tree.cc:138) For pdf-id 205, low count 42
VLOG[1] (build-tree[5.1.32~1-34128]:main():build-tree.cc:138) For pdf-id 208, low count 48
VLOG[1] (build-tree[5.1.32~1-34128]:main():build-tree.cc:138) For pdf-id 209, low count 22
VLOG[1] (build-tree[5.1.32~1-34128]:main():build-tree.cc:138) For pdf-id 210, low count 24
VLOG[1] (build-tree[5.1.32~1-34128]:main():build-tree.cc:138) For pdf-id 211, low count 18
VLOG[1] (build-tree[5.1.32~1-34128]:main():build-tree.cc:138) For pdf-id 214, low count 5
VLOG[1] (build-tree[5.1.32~1-34128]:main():build-tree.cc:138) For pdf-id 216, low count 35
VLOG[1] (build-tree[5.1.32~1-34128]:main():build-tree.cc:138) For pdf-id 217, low count 55
VLOG[1] (build-tree[5.1.32~1-34128]:main():build-tree.cc:138) For pdf-id 218, low count 36
VLOG[1] (build-tree[5.1.32~1-34128]:main():build-tree.cc:138) For pdf-id 219, low count 24
VLOG[1] (build-tree[5.1.32~1-34128]:main():build-tree.cc:138) For pdf-id 220, low count 25
VLOG[1] (build-tree[5.1.32~1-34128]:main():build-tree.cc:138) For pdf-id 221, low count 62
VLOG[1] (build-tree[5.1.32~1-34128]:main():build-tree.cc:138) For pdf-id 222, low count 53
VLOG[1] (build-tree[5.1.32~1-34128]:main():build-tree.cc:138) For pdf-id 223, low count 32
VLOG[1] (build-tree[5.1.32~1-34128]:main():build-tree.cc:138) For pdf-id 224, low count 34
VLOG[1] (build-tree[5.1.32~1-34128]:main():build-tree.cc:138) For pdf-id 225, low count 34
VLOG[1] (build-tree[5.1.32~1-34128]:main():build-tree.cc:138) For pdf-id 226, low count 40
VLOG[1] (build-tree[5.1.32~1-34128]:main():build-tree.cc:138) For pdf-id 227, low count 5
VLOG[1] (build-tree[5.1.32~1-34128]:main():build-tree.cc:138) For pdf-id 228, low count 37
VLOG[1] (build-tree[5.1.32~1-34128]:main():build-tree.cc:138) For pdf-id 231, low count 28
VLOG[1] (build-tree[5.1.32~1-34128]:main():build-tree.cc:138) For pdf-id 232, low count 5
VLOG[1] (build-tree[5.1.32~1-34128]:main():build-tree.cc:138) For pdf-id 233, low count 39
VLOG[1] (build-tree[5.1.32~1-34128]:main():build-tree.cc:138) For pdf-id 234, low count 28
VLOG[1] (build-tree[5.1.32~1-34128]:main():build-tree.cc:138) For pdf-id 235, low count 42
VLOG[1] (build-tree[5.1.32~1-34128]:main():build-tree.cc:138) For pdf-id 237, low count 47
VLOG[1] (build-tree[5.1.32~1-34128]:main():build-tree.cc:138) For pdf-id 238, low count 38
VLOG[1] (build-tree[5.1.32~1-34128]:main():build-tree.cc:138) For pdf-id 239, low count 37
VLOG[1] (build-tree[5.1.32~1-34128]:main():build-tree.cc:138) For pdf-id 240, low count 29
VLOG[1] (build-tree[5.1.32~1-34128]:main():build-tree.cc:138) For pdf-id 241, low count 45
VLOG[1] (build-tree[5.1.32~1-34128]:main():build-tree.cc:138) For pdf-id 242, low count 19
VLOG[1] (build-tree[5.1.32~1-34128]:main():build-tree.cc:138) For pdf-id 243, low count 49
VLOG[1] (build-tree[5.1.32~1-34128]:main():build-tree.cc:138) For pdf-id 244, low count 17
VLOG[1] (build-tree[5.1.32~1-34128]:main():build-tree.cc:138) For pdf-id 247, low count 46
VLOG[1] (build-tree[5.1.32~1-34128]:main():build-tree.cc:138) For pdf-id 248, low count 57
VLOG[1] (build-tree[5.1.32~1-34128]:main():build-tree.cc:138) For pdf-id 250, low count 31
VLOG[1] (build-tree[5.1.32~1-34128]:main():build-tree.cc:138) For pdf-id 252, low count 57
VLOG[1] (build-tree[5.1.32~1-34128]:main():build-tree.cc:138) For pdf-id 253, low count 5
VLOG[1] (build-tree[5.1.32~1-34128]:main():build-tree.cc:138) For pdf-id 254, low count 6
VLOG[1] (build-tree[5.1.32~1-34128]:main():build-tree.cc:138) For pdf-id 255, low count 78
VLOG[1] (build-tree[5.1.32~1-34128]:main():build-tree.cc:138) For pdf-id 256, low count 13
VLOG[1] (build-tree[5.1.32~1-34128]:main():build-tree.cc:138) For pdf-id 258, low count 61
VLOG[1] (build-tree[5.1.32~1-34128]:main():build-tree.cc:138) For pdf-id 259, low count 49
VLOG[1] (build-tree[5.1.32~1-34128]:main():build-tree.cc:138) For pdf-id 261, low count 50
VLOG[1] (build-tree[5.1.32~1-34128]:main():build-tree.cc:138) For pdf-id 262, low count 24
VLOG[1] (build-tree[5.1.32~1-34128]:main():build-tree.cc:138) For pdf-id 263, low count 6
VLOG[1] (build-tree[5.1.32~1-34128]:main():build-tree.cc:138) For pdf-id 264, low count 94
VLOG[1] (build-tree[5.1.32~1-34128]:main():build-tree.cc:138) For pdf-id 265, low count 46
VLOG[1] (build-tree[5.1.32~1-34128]:main():build-tree.cc:138) For pdf-id 266, low count 97
VLOG[1] (build-tree[5.1.32~1-34128]:main():build-tree.cc:138) For pdf-id 269, low count 57
VLOG[1] (build-tree[5.1.32~1-34128]:main():build-tree.cc:138) For pdf-id 270, low count 41
VLOG[1] (build-tree[5.1.32~1-34128]:main():build-tree.cc:138) For pdf-id 271, low count 50
VLOG[1] (build-tree[5.1.32~1-34128]:main():build-tree.cc:138) For pdf-id 272, low count 6
VLOG[1] (build-tree[5.1.32~1-34128]:main():build-tree.cc:138) For pdf-id 273, low count 6
VLOG[1] (build-tree[5.1.32~1-34128]:main():build-tree.cc:138) For pdf-id 274, low count 37
VLOG[1] (build-tree[5.1.32~1-34128]:main():build-tree.cc:138) For pdf-id 275, low count 53
VLOG[1] (build-tree[5.1.32~1-34128]:main():build-tree.cc:138) For pdf-id 276, low count 49
VLOG[1] (build-tree[5.1.32~1-34128]:main():build-tree.cc:138) For pdf-id 277, low count 7
VLOG[1] (build-tree[5.1.32~1-34128]:main():build-tree.cc:138) For pdf-id 278, low count 40
VLOG[1] (build-tree[5.1.32~1-34128]:main():build-tree.cc:138) For pdf-id 279, low count 37
VLOG[1] (build-tree[5.1.32~1-34128]:main():build-tree.cc:138) For pdf-id 280, low count 41
VLOG[1] (build-tree[5.1.32~1-34128]:main():build-tree.cc:138) For pdf-id 281, low count 32
VLOG[1] (build-tree[5.1.32~1-34128]:main():build-tree.cc:138) For pdf-id 282, low count 24
VLOG[1] (build-tree[5.1.32~1-34128]:main():build-tree.cc:138) For pdf-id 283, low count 29
VLOG[1] (build-tree[5.1.32~1-34128]:main():build-tree.cc:138) For pdf-id 284, low count 17
VLOG[1] (build-tree[5.1.32~1-34128]:main():build-tree.cc:138) For pdf-id 285, low count 31
VLOG[1] (build-tree[5.1.32~1-34128]:main():build-tree.cc:138) For pdf-id 286, low count 46
VLOG[1] (build-tree[5.1.32~1-34128]:main():build-tree.cc:138) For pdf-id 288, low count 96
VLOG[1] (build-tree[5.1.32~1-34128]:main():build-tree.cc:138) For pdf-id 289, low count 71
VLOG[1] (build-tree[5.1.32~1-34128]:main():build-tree.cc:138) For pdf-id 290, low count 27
VLOG[1] (build-tree[5.1.32~1-34128]:main():build-tree.cc:138) For pdf-id 292, low count 62
VLOG[1] (build-tree[5.1.32~1-34128]:main():build-tree.cc:138) For pdf-id 293, low count 93
VLOG[1] (build-tree[5.1.32~1-34128]:main():build-tree.cc:138) For pdf-id 294, low count 69
VLOG[1] (build-tree[5.1.32~1-34128]:main():build-tree.cc:138) For pdf-id 296, low count 13
VLOG[1] (build-tree[5.1.32~1-34128]:main():build-tree.cc:138) For pdf-id 299, low count 37
VLOG[1] (build-tree[5.1.32~1-34128]:main():build-tree.cc:138) For pdf-id 301, low count 6
VLOG[1] (build-tree[5.1.32~1-34128]:main():build-tree.cc:138) For pdf-id 302, low count 23
VLOG[1] (build-tree[5.1.32~1-34128]:main():build-tree.cc:138) For pdf-id 303, low count 78
VLOG[1] (build-tree[5.1.32~1-34128]:main():build-tree.cc:138) For pdf-id 304, low count 37
VLOG[1] (build-tree[5.1.32~1-34128]:main():build-tree.cc:138) For pdf-id 305, low count 24
VLOG[1] (build-tree[5.1.32~1-34128]:main():build-tree.cc:138) For pdf-id 307, low count 44
VLOG[1] (build-tree[5.1.32~1-34128]:main():build-tree.cc:138) For pdf-id 308, low count 88
VLOG[1] (build-tree[5.1.32~1-34128]:main():build-tree.cc:138) For pdf-id 309, low count 6
VLOG[1] (build-tree[5.1.32~1-34128]:main():build-tree.cc:138) For pdf-id 310, low count 34
VLOG[1] (build-tree[5.1.32~1-34128]:main():build-tree.cc:138) For pdf-id 311, low count 58
VLOG[1] (build-tree[5.1.32~1-34128]:main():build-tree.cc:138) For pdf-id 312, low count 41
VLOG[1] (build-tree[5.1.32~1-34128]:main():build-tree.cc:138) For pdf-id 313, low count 5
VLOG[1] (build-tree[5.1.32~1-34128]:main():build-tree.cc:138) For pdf-id 314, low count 29
VLOG[1] (build-tree[5.1.32~1-34128]:main():build-tree.cc:138) For pdf-id 315, low count 31
VLOG[1] (build-tree[5.1.32~1-34128]:main():build-tree.cc:138) For pdf-id 316, low count 61
VLOG[1] (build-tree[5.1.32~1-34128]:main():build-tree.cc:138) For pdf-id 318, low count 9
VLOG[1] (build-tree[5.1.32~1-34128]:main():build-tree.cc:138) For pdf-id 319, low count 29
VLOG[1] (build-tree[5.1.32~1-34128]:main():build-tree.cc:138) For pdf-id 320, low count 23
VLOG[1] (build-tree[5.1.32~1-34128]:main():build-tree.cc:138) For pdf-id 321, low count 44
VLOG[1] (build-tree[5.1.32~1-34128]:main():build-tree.cc:138) For pdf-id 322, low count 41
VLOG[1] (build-tree[5.1.32~1-34128]:main():build-tree.cc:138) For pdf-id 323, low count 28
VLOG[1] (build-tree[5.1.32~1-34128]:main():build-tree.cc:138) For pdf-id 324, low count 47
VLOG[1] (build-tree[5.1.32~1-34128]:main():build-tree.cc:138) For pdf-id 325, low count 26
VLOG[1] (build-tree[5.1.32~1-34128]:main():build-tree.cc:138) For pdf-id 326, low count 53
VLOG[1] (build-tree[5.1.32~1-34128]:main():build-tree.cc:138) For pdf-id 327, low count 34
VLOG[1] (build-tree[5.1.32~1-34128]:main():build-tree.cc:138) For pdf-id 328, low count 56
VLOG[1] (build-tree[5.1.32~1-34128]:main():build-tree.cc:138) For pdf-id 329, low count 33
VLOG[1] (build-tree[5.1.32~1-34128]:main():build-tree.cc:138) For pdf-id 330, low count 27
VLOG[1] (build-tree[5.1.32~1-34128]:main():build-tree.cc:138) For pdf-id 331, low count 84
VLOG[1] (build-tree[5.1.32~1-34128]:main():build-tree.cc:138) For pdf-id 334, low count 28
VLOG[1] (build-tree[5.1.32~1-34128]:main():build-tree.cc:138) For pdf-id 335, low count 30
VLOG[1] (build-tree[5.1.32~1-34128]:main():build-tree.cc:138) For pdf-id 336, low count 35
VLOG[1] (build-tree[5.1.32~1-34128]:main():build-tree.cc:138) For pdf-id 337, low count 65
VLOG[1] (build-tree[5.1.32~1-34128]:main():build-tree.cc:138) For pdf-id 338, low count 38
VLOG[1] (build-tree[5.1.32~1-34128]:main():build-tree.cc:138) For pdf-id 339, low count 32
VLOG[1] (build-tree[5.1.32~1-34128]:main():build-tree.cc:138) For pdf-id 340, low count 48
VLOG[1] (build-tree[5.1.32~1-34128]:main():build-tree.cc:138) For pdf-id 342, low count 72
VLOG[1] (build-tree[5.1.32~1-34128]:main():build-tree.cc:138) For pdf-id 344, low count 38
VLOG[1] (build-tree[5.1.32~1-34128]:main():build-tree.cc:138) For pdf-id 346, low count 48
VLOG[1] (build-tree[5.1.32~1-34128]:main():build-tree.cc:138) For pdf-id 347, low count 41
VLOG[1] (build-tree[5.1.32~1-34128]:main():build-tree.cc:138) For pdf-id 348, low count 66
VLOG[1] (build-tree[5.1.32~1-34128]:main():build-tree.cc:138) For pdf-id 349, low count 40
VLOG[1] (build-tree[5.1.32~1-34128]:main():build-tree.cc:138) For pdf-id 350, low count 6
VLOG[1] (build-tree[5.1.32~1-34128]:main():build-tree.cc:138) For pdf-id 351, low count 49
VLOG[1] (build-tree[5.1.32~1-34128]:main():build-tree.cc:138) For pdf-id 352, low count 43
VLOG[1] (build-tree[5.1.32~1-34128]:main():build-tree.cc:138) For pdf-id 353, low count 18
VLOG[1] (build-tree[5.1.32~1-34128]:main():build-tree.cc:138) For pdf-id 354, low count 37
VLOG[1] (build-tree[5.1.32~1-34128]:main():build-tree.cc:138) For pdf-id 355, low count 30
VLOG[1] (build-tree[5.1.32~1-34128]:main():build-tree.cc:138) For pdf-id 356, low count 21
VLOG[1] (build-tree[5.1.32~1-34128]:main():build-tree.cc:138) For pdf-id 357, low count 7
VLOG[1] (build-tree[5.1.32~1-34128]:main():build-tree.cc:138) For pdf-id 358, low count 37
VLOG[1] (build-tree[5.1.32~1-34128]:main():build-tree.cc:138) For pdf-id 359, low count 45
VLOG[1] (build-tree[5.1.32~1-34128]:main():build-tree.cc:138) For pdf-id 361, low count 33
VLOG[1] (build-tree[5.1.32~1-34128]:main():build-tree.cc:138) For pdf-id 362, low count 69
VLOG[1] (build-tree[5.1.32~1-34128]:main():build-tree.cc:138) For pdf-id 364, low count 30
VLOG[1] (build-tree[5.1.32~1-34128]:main():build-tree.cc:138) For pdf-id 366, low count 37
VLOG[1] (build-tree[5.1.32~1-34128]:main():build-tree.cc:138) For pdf-id 367, low count 36
VLOG[1] (build-tree[5.1.32~1-34128]:main():build-tree.cc:138) For pdf-id 368, low count 42
VLOG[1] (build-tree[5.1.32~1-34128]:main():build-tree.cc:138) For pdf-id 369, low count 11
VLOG[1] (build-tree[5.1.32~1-34128]:main():build-tree.cc:138) For pdf-id 370, low count 46
VLOG[1] (build-tree[5.1.32~1-34128]:main():build-tree.cc:138) For pdf-id 371, low count 52
VLOG[1] (build-tree[5.1.32~1-34128]:main():build-tree.cc:138) For pdf-id 372, low count 94
VLOG[1] (build-tree[5.1.32~1-34128]:main():build-tree.cc:138) For pdf-id 374, low count 30
VLOG[1] (build-tree[5.1.32~1-34128]:main():build-tree.cc:138) For pdf-id 375, low count 55
VLOG[1] (build-tree[5.1.32~1-34128]:main():build-tree.cc:138) For pdf-id 376, low count 35
VLOG[1] (build-tree[5.1.32~1-34128]:main():build-tree.cc:138) For pdf-id 377, low count 30
VLOG[1] (build-tree[5.1.32~1-34128]:main():build-tree.cc:138) For pdf-id 378, low count 60
VLOG[1] (build-tree[5.1.32~1-34128]:main():build-tree.cc:138) For pdf-id 379, low count 36
VLOG[1] (build-tree[5.1.32~1-34128]:main():build-tree.cc:138) For pdf-id 380, low count 30
VLOG[1] (build-tree[5.1.32~1-34128]:main():build-tree.cc:138) For pdf-id 381, low count 26
VLOG[1] (build-tree[5.1.32~1-34128]:main():build-tree.cc:138) For pdf-id 382, low count 58
VLOG[1] (build-tree[5.1.32~1-34128]:main():build-tree.cc:138) For pdf-id 383, low count 72
VLOG[1] (build-tree[5.1.32~1-34128]:main():build-tree.cc:138) For pdf-id 384, low count 88
VLOG[1] (build-tree[5.1.32~1-34128]:main():build-tree.cc:138) For pdf-id 386, low count 24
VLOG[1] (build-tree[5.1.32~1-34128]:main():build-tree.cc:138) For pdf-id 387, low count 30
VLOG[1] (build-tree[5.1.32~1-34128]:main():build-tree.cc:138) For pdf-id 388, low count 47
VLOG[1] (build-tree[5.1.32~1-34128]:main():build-tree.cc:138) For pdf-id 389, low count 46
VLOG[1] (build-tree[5.1.32~1-34128]:main():build-tree.cc:138) For pdf-id 390, low count 42
VLOG[1] (build-tree[5.1.32~1-34128]:main():build-tree.cc:138) For pdf-id 391, low count 66
VLOG[1] (build-tree[5.1.32~1-34128]:main():build-tree.cc:138) For pdf-id 394, low count 18
VLOG[1] (build-tree[5.1.32~1-34128]:main():build-tree.cc:138) For pdf-id 395, low count 5
VLOG[1] (build-tree[5.1.32~1-34128]:main():build-tree.cc:138) For pdf-id 396, low count 12
VLOG[1] (build-tree[5.1.32~1-34128]:main():build-tree.cc:138) For pdf-id 397, low count 5
VLOG[1] (build-tree[5.1.32~1-34128]:main():build-tree.cc:138) For pdf-id 398, low count 38
VLOG[1] (build-tree[5.1.32~1-34128]:main():build-tree.cc:138) For pdf-id 400, low count 16
VLOG[1] (build-tree[5.1.32~1-34128]:main():build-tree.cc:138) For pdf-id 401, low count 36
VLOG[1] (build-tree[5.1.32~1-34128]:main():build-tree.cc:138) For pdf-id 402, low count 61
VLOG[1] (build-tree[5.1.32~1-34128]:main():build-tree.cc:138) For pdf-id 403, low count 47
VLOG[1] (build-tree[5.1.32~1-34128]:main():build-tree.cc:138) For pdf-id 404, low count 22
VLOG[1] (build-tree[5.1.32~1-34128]:main():build-tree.cc:138) For pdf-id 405, low count 30
VLOG[1] (build-tree[5.1.32~1-34128]:main():build-tree.cc:138) For pdf-id 406, low count 91
VLOG[1] (build-tree[5.1.32~1-34128]:main():build-tree.cc:138) For pdf-id 407, low count 6
VLOG[1] (build-tree[5.1.32~1-34128]:main():build-tree.cc:138) For pdf-id 408, low count 25
VLOG[1] (build-tree[5.1.32~1-34128]:main():build-tree.cc:138) For pdf-id 409, low count 20
VLOG[1] (build-tree[5.1.32~1-34128]:main():build-tree.cc:138) For pdf-id 410, low count 72
VLOG[1] (build-tree[5.1.32~1-34128]:main():build-tree.cc:138) For pdf-id 414, low count 75
VLOG[1] (build-tree[5.1.32~1-34128]:main():build-tree.cc:138) For pdf-id 415, low count 22
VLOG[1] (build-tree[5.1.32~1-34128]:main():build-tree.cc:138) For pdf-id 416, low count 63
VLOG[1] (build-tree[5.1.32~1-34128]:main():build-tree.cc:138) For pdf-id 417, low count 88
VLOG[1] (build-tree[5.1.32~1-34128]:main():build-tree.cc:138) For pdf-id 418, low count 6
VLOG[1] (build-tree[5.1.32~1-34128]:main():build-tree.cc:138) For pdf-id 419, low count 36
VLOG[1] (build-tree[5.1.32~1-34128]:main():build-tree.cc:138) For pdf-id 420, low count 85
VLOG[1] (build-tree[5.1.32~1-34128]:main():build-tree.cc:138) For pdf-id 421, low count 83
VLOG[1] (build-tree[5.1.32~1-34128]:main():build-tree.cc:138) For pdf-id 422, low count 5
VLOG[1] (build-tree[5.1.32~1-34128]:main():build-tree.cc:138) For pdf-id 424, low count 10
VLOG[1] (build-tree[5.1.32~1-34128]:main():build-tree.cc:138) For pdf-id 426, low count 6
VLOG[1] (build-tree[5.1.32~1-34128]:main():build-tree.cc:138) For pdf-id 427, low count 25
VLOG[1] (build-tree[5.1.32~1-34128]:main():build-tree.cc:138) For pdf-id 428, low count 16
VLOG[1] (build-tree[5.1.32~1-34128]:main():build-tree.cc:138) For pdf-id 429, low count 18
VLOG[1] (build-tree[5.1.32~1-34128]:main():build-tree.cc:138) For pdf-id 430, low count 6
VLOG[1] (build-tree[5.1.32~1-34128]:main():build-tree.cc:138) For pdf-id 431, low count 50
VLOG[1] (build-tree[5.1.32~1-34128]:main():build-tree.cc:138) For pdf-id 432, low count 63
VLOG[1] (build-tree[5.1.32~1-34128]:main():build-tree.cc:138) For pdf-id 433, low count 95
VLOG[1] (build-tree[5.1.32~1-34128]:main():build-tree.cc:138) For pdf-id 434, low count 27
VLOG[1] (build-tree[5.1.32~1-34128]:main():build-tree.cc:138) For pdf-id 435, low count 34
VLOG[1] (build-tree[5.1.32~1-34128]:main():build-tree.cc:138) For pdf-id 437, low count 27
VLOG[1] (build-tree[5.1.32~1-34128]:main():build-tree.cc:138) For pdf-id 438, low count 32
VLOG[1] (build-tree[5.1.32~1-34128]:main():build-tree.cc:138) For pdf-id 439, low count 31
VLOG[1] (build-tree[5.1.32~1-34128]:main():build-tree.cc:138) For pdf-id 440, low count 18
VLOG[1] (build-tree[5.1.32~1-34128]:main():build-tree.cc:138) For pdf-id 441, low count 35
VLOG[1] (build-tree[5.1.32~1-34128]:main():build-tree.cc:138) For pdf-id 443, low count 56
VLOG[1] (build-tree[5.1.32~1-34128]:main():build-tree.cc:138) For pdf-id 445, low count 89
VLOG[1] (build-tree[5.1.32~1-34128]:main():build-tree.cc:138) For pdf-id 446, low count 25
VLOG[1] (build-tree[5.1.32~1-34128]:main():build-tree.cc:138) For pdf-id 447, low count 5
VLOG[1] (build-tree[5.1.32~1-34128]:main():build-tree.cc:138) For pdf-id 448, low count 5
VLOG[1] (build-tree[5.1.32~1-34128]:main():build-tree.cc:138) For pdf-id 450, low count 12
VLOG[1] (build-tree[5.1.32~1-34128]:main():build-tree.cc:138) For pdf-id 452, low count 46
VLOG[1] (build-tree[5.1.32~1-34128]:main():build-tree.cc:138) For pdf-id 453, low count 49
VLOG[1] (build-tree[5.1.32~1-34128]:main():build-tree.cc:138) For pdf-id 454, low count 43
VLOG[1] (build-tree[5.1.32~1-34128]:main():build-tree.cc:138) For pdf-id 455, low count 38
VLOG[1] (build-tree[5.1.32~1-34128]:main():build-tree.cc:138) For pdf-id 456, low count 26
VLOG[1] (build-tree[5.1.32~1-34128]:main():build-tree.cc:138) For pdf-id 457, low count 60
VLOG[1] (build-tree[5.1.32~1-34128]:main():build-tree.cc:138) For pdf-id 458, low count 21
VLOG[1] (build-tree[5.1.32~1-34128]:main():build-tree.cc:138) For pdf-id 459, low count 15
VLOG[1] (build-tree[5.1.32~1-34128]:main():build-tree.cc:138) For pdf-id 460, low count 31
VLOG[1] (build-tree[5.1.32~1-34128]:main():build-tree.cc:138) For pdf-id 461, low count 40
VLOG[1] (build-tree[5.1.32~1-34128]:main():build-tree.cc:138) For pdf-id 462, low count 34
VLOG[1] (build-tree[5.1.32~1-34128]:main():build-tree.cc:138) For pdf-id 463, low count 99
VLOG[1] (build-tree[5.1.32~1-34128]:main():build-tree.cc:138) For pdf-id 464, low count 93
VLOG[1] (build-tree[5.1.32~1-34128]:main():build-tree.cc:138) For pdf-id 466, low count 6
VLOG[1] (build-tree[5.1.32~1-34128]:main():build-tree.cc:138) For pdf-id 468, low count 98
VLOG[1] (build-tree[5.1.32~1-34128]:main():build-tree.cc:138) For pdf-id 469, low count 65
VLOG[1] (build-tree[5.1.32~1-34128]:main():build-tree.cc:138) For pdf-id 470, low count 22
VLOG[1] (build-tree[5.1.32~1-34128]:main():build-tree.cc:138) For pdf-id 471, low count 6
VLOG[1] (build-tree[5.1.32~1-34128]:main():build-tree.cc:138) For pdf-id 472, low count 24
VLOG[1] (build-tree[5.1.32~1-34128]:main():build-tree.cc:138) For pdf-id 473, low count 27
VLOG[1] (build-tree[5.1.32~1-34128]:main():build-tree.cc:138) For pdf-id 474, low count 27
VLOG[1] (build-tree[5.1.32~1-34128]:main():build-tree.cc:138) For pdf-id 475, low count 29
VLOG[1] (build-tree[5.1.32~1-34128]:main():build-tree.cc:138) For pdf-id 476, low count 68
VLOG[1] (build-tree[5.1.32~1-34128]:main():build-tree.cc:138) For pdf-id 477, low count 69
VLOG[1] (build-tree[5.1.32~1-34128]:main():build-tree.cc:138) For pdf-id 478, low count 44
VLOG[1] (build-tree[5.1.32~1-34128]:main():build-tree.cc:138) For pdf-id 479, low count 86
VLOG[1] (build-tree[5.1.32~1-34128]:main():build-tree.cc:138) For pdf-id 480, low count 83
VLOG[1] (build-tree[5.1.32~1-34128]:main():build-tree.cc:138) For pdf-id 481, low count 24
VLOG[1] (build-tree[5.1.32~1-34128]:main():build-tree.cc:138) For pdf-id 482, low count 6
VLOG[1] (build-tree[5.1.32~1-34128]:main():build-tree.cc:138) For pdf-id 483, low count 29
VLOG[1] (build-tree[5.1.32~1-34128]:main():build-tree.cc:138) For pdf-id 484, low count 78
VLOG[1] (build-tree[5.1.32~1-34128]:main():build-tree.cc:138) For pdf-id 485, low count 18
VLOG[1] (build-tree[5.1.32~1-34128]:main():build-tree.cc:138) For pdf-id 486, low count 91
VLOG[1] (build-tree[5.1.32~1-34128]:main():build-tree.cc:138) For pdf-id 487, low count 42
VLOG[1] (build-tree[5.1.32~1-34128]:main():build-tree.cc:138) For pdf-id 488, low count 18
VLOG[1] (build-tree[5.1.32~1-34128]:main():build-tree.cc:138) For pdf-id 489, low count 6
VLOG[1] (build-tree[5.1.32~1-34128]:main():build-tree.cc:138) For pdf-id 490, low count 24
VLOG[1] (build-tree[5.1.32~1-34128]:main():build-tree.cc:138) For pdf-id 492, low count 37
VLOG[1] (build-tree[5.1.32~1-34128]:main():build-tree.cc:138) For pdf-id 493, low count 26
VLOG[1] (build-tree[5.1.32~1-34128]:main():build-tree.cc:138) For pdf-id 494, low count 32
VLOG[1] (build-tree[5.1.32~1-34128]:main():build-tree.cc:138) For pdf-id 495, low count 26
VLOG[1] (build-tree[5.1.32~1-34128]:main():build-tree.cc:138) For pdf-id 496, low count 23
VLOG[1] (build-tree[5.1.32~1-34128]:main():build-tree.cc:138) For pdf-id 497, low count 76
VLOG[1] (build-tree[5.1.32~1-34128]:main():build-tree.cc:138) For pdf-id 498, low count 6
VLOG[1] (build-tree[5.1.32~1-34128]:main():build-tree.cc:138) For pdf-id 499, low count 91
VLOG[1] (build-tree[5.1.32~1-34128]:main():build-tree.cc:138) For pdf-id 500, low count 16
VLOG[1] (build-tree[5.1.32~1-34128]:main():build-tree.cc:138) For pdf-id 501, low count 47
VLOG[1] (build-tree[5.1.32~1-34128]:main():build-tree.cc:138) For pdf-id 502, low count 31
VLOG[1] (build-tree[5.1.32~1-34128]:main():build-tree.cc:138) For pdf-id 503, low count 25
VLOG[1] (build-tree[5.1.32~1-34128]:main():build-tree.cc:138) For pdf-id 504, low count 25
VLOG[1] (build-tree[5.1.32~1-34128]:main():build-tree.cc:138) For pdf-id 505, low count 59
VLOG[1] (build-tree[5.1.32~1-34128]:main():build-tree.cc:138) For pdf-id 506, low count 72
VLOG[1] (build-tree[5.1.32~1-34128]:main():build-tree.cc:138) For pdf-id 507, low count 18
VLOG[1] (build-tree[5.1.32~1-34128]:main():build-tree.cc:138) For pdf-id 508, low count 44
VLOG[1] (build-tree[5.1.32~1-34128]:main():build-tree.cc:138) For pdf-id 509, low count 36
VLOG[1] (build-tree[5.1.32~1-34128]:main():build-tree.cc:138) For pdf-id 510, low count 19
VLOG[1] (build-tree[5.1.32~1-34128]:main():build-tree.cc:138) For pdf-id 511, low count 61
VLOG[1] (build-tree[5.1.32~1-34128]:main():build-tree.cc:138) For pdf-id 512, low count 71
VLOG[1] (build-tree[5.1.32~1-34128]:main():build-tree.cc:138) For pdf-id 514, low count 20
VLOG[1] (build-tree[5.1.32~1-34128]:main():build-tree.cc:138) For pdf-id 515, low count 29
VLOG[1] (build-tree[5.1.32~1-34128]:main():build-tree.cc:138) For pdf-id 516, low count 60
VLOG[1] (build-tree[5.1.32~1-34128]:main():build-tree.cc:138) For pdf-id 517, low count 34
VLOG[1] (build-tree[5.1.32~1-34128]:main():build-tree.cc:138) For pdf-id 518, low count 19
VLOG[1] (build-tree[5.1.32~1-34128]:main():build-tree.cc:138) For pdf-id 519, low count 62
VLOG[1] (build-tree[5.1.32~1-34128]:main():build-tree.cc:138) For pdf-id 520, low count 24
VLOG[1] (build-tree[5.1.32~1-34128]:main():build-tree.cc:138) For pdf-id 521, low count 18
VLOG[1] (build-tree[5.1.32~1-34128]:main():build-tree.cc:138) For pdf-id 522, low count 67
VLOG[1] (build-tree[5.1.32~1-34128]:main():build-tree.cc:138) For pdf-id 523, low count 33
VLOG[1] (build-tree[5.1.32~1-34128]:main():build-tree.cc:138) For pdf-id 524, low count 39
VLOG[1] (build-tree[5.1.32~1-34128]:main():build-tree.cc:138) For pdf-id 525, low count 30
VLOG[1] (build-tree[5.1.32~1-34128]:main():build-tree.cc:138) For pdf-id 528, low count 45
VLOG[1] (build-tree[5.1.32~1-34128]:main():build-tree.cc:138) For pdf-id 529, low count 80
VLOG[1] (build-tree[5.1.32~1-34128]:main():build-tree.cc:138) For pdf-id 530, low count 36
VLOG[1] (build-tree[5.1.32~1-34128]:main():build-tree.cc:138) For pdf-id 531, low count 34
VLOG[1] (build-tree[5.1.32~1-34128]:main():build-tree.cc:138) For pdf-id 532, low count 40
VLOG[1] (build-tree[5.1.32~1-34128]:main():build-tree.cc:138) For pdf-id 533, low count 36
VLOG[1] (build-tree[5.1.32~1-34128]:main():build-tree.cc:138) For pdf-id 534, low count 13
VLOG[1] (build-tree[5.1.32~1-34128]:main():build-tree.cc:138) For pdf-id 535, low count 22
VLOG[1] (build-tree[5.1.32~1-34128]:main():build-tree.cc:138) For pdf-id 536, low count 58
VLOG[1] (build-tree[5.1.32~1-34128]:main():build-tree.cc:138) For pdf-id 538, low count 12
VLOG[1] (build-tree[5.1.32~1-34128]:main():build-tree.cc:138) For pdf-id 539, low count 64
VLOG[1] (build-tree[5.1.32~1-34128]:main():build-tree.cc:138) For pdf-id 540, low count 54
VLOG[1] (build-tree[5.1.32~1-34128]:main():build-tree.cc:138) For pdf-id 541, low count 13
VLOG[1] (build-tree[5.1.32~1-34128]:main():build-tree.cc:138) For pdf-id 542, low count 6
VLOG[1] (build-tree[5.1.32~1-34128]:main():build-tree.cc:138) For pdf-id 543, low count 24
VLOG[1] (build-tree[5.1.32~1-34128]:main():build-tree.cc:138) For pdf-id 544, low count 79
VLOG[1] (build-tree[5.1.32~1-34128]:main():build-tree.cc:138) For pdf-id 545, low count 24
VLOG[1] (build-tree[5.1.32~1-34128]:main():build-tree.cc:138) For pdf-id 546, low count 25
VLOG[1] (build-tree[5.1.32~1-34128]:main():build-tree.cc:138) For pdf-id 547, low count 25
VLOG[1] (build-tree[5.1.32~1-34128]:main():build-tree.cc:138) For pdf-id 549, low count 12
VLOG[1] (build-tree[5.1.32~1-34128]:main():build-tree.cc:138) For pdf-id 550, low count 24
VLOG[1] (build-tree[5.1.32~1-34128]:main():build-tree.cc:138) For pdf-id 551, low count 49
VLOG[1] (build-tree[5.1.32~1-34128]:main():build-tree.cc:138) For pdf-id 552, low count 27
VLOG[1] (build-tree[5.1.32~1-34128]:main():build-tree.cc:138) For pdf-id 553, low count 25
VLOG[1] (build-tree[5.1.32~1-34128]:main():build-tree.cc:138) For pdf-id 554, low count 17
VLOG[1] (build-tree[5.1.32~1-34128]:main():build-tree.cc:138) For pdf-id 555, low count 47
VLOG[1] (build-tree[5.1.32~1-34128]:main():build-tree.cc:138) For pdf-id 556, low count 86
VLOG[1] (build-tree[5.1.32~1-34128]:main():build-tree.cc:138) For pdf-id 557, low count 30
VLOG[1] (build-tree[5.1.32~1-34128]:main():build-tree.cc:138) For pdf-id 558, low count 6
VLOG[1] (build-tree[5.1.32~1-34128]:main():build-tree.cc:138) For pdf-id 559, low count 50
VLOG[1] (build-tree[5.1.32~1-34128]:main():build-tree.cc:138) For pdf-id 560, low count 28
VLOG[1] (build-tree[5.1.32~1-34128]:main():build-tree.cc:138) For pdf-id 561, low count 45
VLOG[1] (build-tree[5.1.32~1-34128]:main():build-tree.cc:138) For pdf-id 562, low count 42
VLOG[1] (build-tree[5.1.32~1-34128]:main():build-tree.cc:138) For pdf-id 563, low count 45
VLOG[1] (build-tree[5.1.32~1-34128]:main():build-tree.cc:138) For pdf-id 565, low count 30
VLOG[1] (build-tree[5.1.32~1-34128]:main():build-tree.cc:138) For pdf-id 566, low count 17
VLOG[1] (build-tree[5.1.32~1-34128]:main():build-tree.cc:138) For pdf-id 567, low count 60
VLOG[1] (build-tree[5.1.32~1-34128]:main():build-tree.cc:138) For pdf-id 568, low count 42
VLOG[1] (build-tree[5.1.32~1-34128]:main():build-tree.cc:138) For pdf-id 569, low count 51
VLOG[1] (build-tree[5.1.32~1-34128]:main():build-tree.cc:138) For pdf-id 570, low count 57
VLOG[1] (build-tree[5.1.32~1-34128]:main():build-tree.cc:138) For pdf-id 571, low count 28
VLOG[1] (build-tree[5.1.32~1-34128]:main():build-tree.cc:138) For pdf-id 573, low count 42
VLOG[1] (build-tree[5.1.32~1-34128]:main():build-tree.cc:138) For pdf-id 574, low count 66
VLOG[1] (build-tree[5.1.32~1-34128]:main():build-tree.cc:138) For pdf-id 575, low count 42
VLOG[1] (build-tree[5.1.32~1-34128]:main():build-tree.cc:138) For pdf-id 576, low count 35
VLOG[1] (build-tree[5.1.32~1-34128]:main():build-tree.cc:138) For pdf-id 577, low count 42
VLOG[1] (build-tree[5.1.32~1-34128]:main():build-tree.cc:138) For pdf-id 578, low count 16
VLOG[1] (build-tree[5.1.32~1-34128]:main():build-tree.cc:138) For pdf-id 579, low count 67
VLOG[1] (build-tree[5.1.32~1-34128]:main():build-tree.cc:138) For pdf-id 580, low count 27
VLOG[1] (build-tree[5.1.32~1-34128]:main():build-tree.cc:138) For pdf-id 581, low count 62
VLOG[1] (build-tree[5.1.32~1-34128]:main():build-tree.cc:138) For pdf-id 582, low count 49
VLOG[1] (build-tree[5.1.32~1-34128]:main():build-tree.cc:138) For pdf-id 583, low count 22
VLOG[1] (build-tree[5.1.32~1-34128]:main():build-tree.cc:138) For pdf-id 584, low count 99
VLOG[1] (build-tree[5.1.32~1-34128]:main():build-tree.cc:138) For pdf-id 585, low count 18
VLOG[1] (build-tree[5.1.32~1-34128]:main():build-tree.cc:138) For pdf-id 586, low count 12
VLOG[1] (build-tree[5.1.32~1-34128]:main():build-tree.cc:138) For pdf-id 587, low count 29
VLOG[1] (build-tree[5.1.32~1-34128]:main():build-tree.cc:138) For pdf-id 588, low count 59
VLOG[1] (build-tree[5.1.32~1-34128]:main():build-tree.cc:138) For pdf-id 589, low count 48
VLOG[1] (build-tree[5.1.32~1-34128]:main():build-tree.cc:138) For pdf-id 590, low count 25
VLOG[1] (build-tree[5.1.32~1-34128]:main():build-tree.cc:138) For pdf-id 591, low count 36
VLOG[1] (build-tree[5.1.32~1-34128]:main():build-tree.cc:138) For pdf-id 592, low count 31
VLOG[1] (build-tree[5.1.32~1-34128]:main():build-tree.cc:138) For pdf-id 593, low count 40
VLOG[1] (build-tree[5.1.32~1-34128]:main():build-tree.cc:138) For pdf-id 594, low count 30
VLOG[1] (build-tree[5.1.32~1-34128]:main():build-tree.cc:138) For pdf-id 595, low count 40
VLOG[1] (build-tree[5.1.32~1-34128]:main():build-tree.cc:138) For pdf-id 596, low count 72
VLOG[1] (build-tree[5.1.32~1-34128]:main():build-tree.cc:138) For pdf-id 597, low count 68
VLOG[1] (build-tree[5.1.32~1-34128]:main():build-tree.cc:138) For pdf-id 598, low count 60
VLOG[1] (build-tree[5.1.32~1-34128]:main():build-tree.cc:138) For pdf-id 599, low count 44
VLOG[1] (build-tree[5.1.32~1-34128]:main():build-tree.cc:138) For pdf-id 600, low count 47
VLOG[1] (build-tree[5.1.32~1-34128]:main():build-tree.cc:138) For pdf-id 601, low count 60
VLOG[1] (build-tree[5.1.32~1-34128]:main():build-tree.cc:138) For pdf-id 602, low count 11
VLOG[1] (build-tree[5.1.32~1-34128]:main():build-tree.cc:138) For pdf-id 603, low count 24
VLOG[1] (build-tree[5.1.32~1-34128]:main():build-tree.cc:138) For pdf-id 604, low count 42
VLOG[1] (build-tree[5.1.32~1-34128]:main():build-tree.cc:138) For pdf-id 605, low count 6
VLOG[1] (build-tree[5.1.32~1-34128]:main():build-tree.cc:138) For pdf-id 606, low count 5
VLOG[1] (build-tree[5.1.32~1-34128]:main():build-tree.cc:138) For pdf-id 607, low count 36
VLOG[1] (build-tree[5.1.32~1-34128]:main():build-tree.cc:138) For pdf-id 608, low count 92
VLOG[1] (build-tree[5.1.32~1-34128]:main():build-tree.cc:138) For pdf-id 609, low count 37
VLOG[1] (build-tree[5.1.32~1-34128]:main():build-tree.cc:138) For pdf-id 610, low count 63
VLOG[1] (build-tree[5.1.32~1-34128]:main():build-tree.cc:138) For pdf-id 611, low count 25
VLOG[1] (build-tree[5.1.32~1-34128]:main():build-tree.cc:138) For pdf-id 612, low count 13
VLOG[1] (build-tree[5.1.32~1-34128]:main():build-tree.cc:138) For pdf-id 613, low count 6
VLOG[1] (build-tree[5.1.32~1-34128]:main():build-tree.cc:138) For pdf-id 614, low count 37
VLOG[1] (build-tree[5.1.32~1-34128]:main():build-tree.cc:138) For pdf-id 615, low count 93
VLOG[1] (build-tree[5.1.32~1-34128]:main():build-tree.cc:138) For pdf-id 618, low count 27
VLOG[1] (build-tree[5.1.32~1-34128]:main():build-tree.cc:138) For pdf-id 619, low count 47
VLOG[1] (build-tree[5.1.32~1-34128]:main():build-tree.cc:138) For pdf-id 620, low count 50
VLOG[1] (build-tree[5.1.32~1-34128]:main():build-tree.cc:138) For pdf-id 621, low count 36
VLOG[1] (build-tree[5.1.32~1-34128]:main():build-tree.cc:138) For pdf-id 622, low count 37
VLOG[1] (build-tree[5.1.32~1-34128]:main():build-tree.cc:138) For pdf-id 623, low count 76
VLOG[1] (build-tree[5.1.32~1-34128]:main():build-tree.cc:138) For pdf-id 624, low count 27
VLOG[1] (build-tree[5.1.32~1-34128]:main():build-tree.cc:138) For pdf-id 625, low count 55
VLOG[1] (build-tree[5.1.32~1-34128]:main():build-tree.cc:138) For pdf-id 626, low count 50
VLOG[1] (build-tree[5.1.32~1-34128]:main():build-tree.cc:138) For pdf-id 628, low count 5
VLOG[1] (build-tree[5.1.32~1-34128]:main():build-tree.cc:138) For pdf-id 629, low count 23
VLOG[1] (build-tree[5.1.32~1-34128]:main():build-tree.cc:138) For pdf-id 630, low count 84
VLOG[1] (build-tree[5.1.32~1-34128]:main():build-tree.cc:138) For pdf-id 631, low count 93
VLOG[1] (build-tree[5.1.32~1-34128]:main():build-tree.cc:138) For pdf-id 632, low count 30
VLOG[1] (build-tree[5.1.32~1-34128]:main():build-tree.cc:138) For pdf-id 633, low count 34
VLOG[1] (build-tree[5.1.32~1-34128]:main():build-tree.cc:138) For pdf-id 635, low count 47
VLOG[1] (build-tree[5.1.32~1-34128]:main():build-tree.cc:138) For pdf-id 636, low count 71
VLOG[1] (build-tree[5.1.32~1-34128]:main():build-tree.cc:138) For pdf-id 637, low count 56
VLOG[1] (build-tree[5.1.32~1-34128]:main():build-tree.cc:138) For pdf-id 638, low count 30
VLOG[1] (build-tree[5.1.32~1-34128]:main():build-tree.cc:138) For pdf-id 639, low count 54
VLOG[1] (build-tree[5.1.32~1-34128]:main():build-tree.cc:138) For pdf-id 640, low count 53
VLOG[1] (build-tree[5.1.32~1-34128]:main():build-tree.cc:138) For pdf-id 641, low count 6
VLOG[1] (build-tree[5.1.32~1-34128]:main():build-tree.cc:138) For pdf-id 642, low count 99
VLOG[1] (build-tree[5.1.32~1-34128]:main():build-tree.cc:138) For pdf-id 643, low count 36
VLOG[1] (build-tree[5.1.32~1-34128]:main():build-tree.cc:138) For pdf-id 644, low count 77
VLOG[1] (build-tree[5.1.32~1-34128]:main():build-tree.cc:138) For pdf-id 645, low count 24
VLOG[1] (build-tree[5.1.32~1-34128]:main():build-tree.cc:138) For pdf-id 646, low count 67
VLOG[1] (build-tree[5.1.32~1-34128]:main():build-tree.cc:138) For pdf-id 647, low count 56
VLOG[1] (build-tree[5.1.32~1-34128]:main():build-tree.cc:138) For pdf-id 648, low count 97
VLOG[1] (build-tree[5.1.32~1-34128]:main():build-tree.cc:138) For pdf-id 650, low count 27
VLOG[1] (build-tree[5.1.32~1-34128]:main():build-tree.cc:138) For pdf-id 651, low count 12
VLOG[1] (build-tree[5.1.32~1-34128]:main():build-tree.cc:138) For pdf-id 652, low count 19
VLOG[1] (build-tree[5.1.32~1-34128]:main():build-tree.cc:138) For pdf-id 654, low count 28
VLOG[1] (build-tree[5.1.32~1-34128]:main():build-tree.cc:138) For pdf-id 655, low count 50
VLOG[1] (build-tree[5.1.32~1-34128]:main():build-tree.cc:138) For pdf-id 656, low count 35
VLOG[1] (build-tree[5.1.32~1-34128]:main():build-tree.cc:138) For pdf-id 657, low count 39
VLOG[1] (build-tree[5.1.32~1-34128]:main():build-tree.cc:138) For pdf-id 658, low count 20
VLOG[1] (build-tree[5.1.32~1-34128]:main():build-tree.cc:138) For pdf-id 659, low count 24
VLOG[1] (build-tree[5.1.32~1-34128]:main():build-tree.cc:138) For pdf-id 660, low count 62
VLOG[1] (build-tree[5.1.32~1-34128]:main():build-tree.cc:138) For pdf-id 661, low count 76
VLOG[1] (build-tree[5.1.32~1-34128]:main():build-tree.cc:138) For pdf-id 662, low count 52
VLOG[1] (build-tree[5.1.32~1-34128]:main():build-tree.cc:138) For pdf-id 663, low count 31
VLOG[1] (build-tree[5.1.32~1-34128]:main():build-tree.cc:138) For pdf-id 664, low count 23
VLOG[1] (build-tree[5.1.32~1-34128]:main():build-tree.cc:138) For pdf-id 665, low count 40
VLOG[1] (build-tree[5.1.32~1-34128]:main():build-tree.cc:138) For pdf-id 666, low count 11
VLOG[1] (build-tree[5.1.32~1-34128]:main():build-tree.cc:138) For pdf-id 668, low count 47
VLOG[1] (build-tree[5.1.32~1-34128]:main():build-tree.cc:138) For pdf-id 670, low count 24
VLOG[1] (build-tree[5.1.32~1-34128]:main():build-tree.cc:138) For pdf-id 672, low count 18
VLOG[1] (build-tree[5.1.32~1-34128]:main():build-tree.cc:138) For pdf-id 673, low count 29
VLOG[1] (build-tree[5.1.32~1-34128]:main():build-tree.cc:138) For pdf-id 674, low count 63
VLOG[1] (build-tree[5.1.32~1-34128]:main():build-tree.cc:138) For pdf-id 675, low count 74
VLOG[1] (build-tree[5.1.32~1-34128]:main():build-tree.cc:138) For pdf-id 677, low count 62
VLOG[1] (build-tree[5.1.32~1-34128]:main():build-tree.cc:138) For pdf-id 678, low count 13
VLOG[1] (build-tree[5.1.32~1-34128]:main():build-tree.cc:138) For pdf-id 679, low count 52
VLOG[1] (build-tree[5.1.32~1-34128]:main():build-tree.cc:138) For pdf-id 680, low count 24
VLOG[1] (build-tree[5.1.32~1-34128]:main():build-tree.cc:138) For pdf-id 681, low count 77
VLOG[1] (build-tree[5.1.32~1-34128]:main():build-tree.cc:138) For pdf-id 682, low count 49
VLOG[1] (build-tree[5.1.32~1-34128]:main():build-tree.cc:138) For pdf-id 683, low count 32
VLOG[1] (build-tree[5.1.32~1-34128]:main():build-tree.cc:138) For pdf-id 684, low count 30
VLOG[1] (build-tree[5.1.32~1-34128]:main():build-tree.cc:138) For pdf-id 686, low count 79
VLOG[1] (build-tree[5.1.32~1-34128]:main():build-tree.cc:138) For pdf-id 687, low count 32
VLOG[1] (build-tree[5.1.32~1-34128]:main():build-tree.cc:138) For pdf-id 688, low count 87
VLOG[1] (build-tree[5.1.32~1-34128]:main():build-tree.cc:138) For pdf-id 689, low count 17
VLOG[1] (build-tree[5.1.32~1-34128]:main():build-tree.cc:138) For pdf-id 690, low count 26
VLOG[1] (build-tree[5.1.32~1-34128]:main():build-tree.cc:138) For pdf-id 691, low count 24
VLOG[1] (build-tree[5.1.32~1-34128]:main():build-tree.cc:138) For pdf-id 693, low count 35
VLOG[1] (build-tree[5.1.32~1-34128]:main():build-tree.cc:138) For pdf-id 694, low count 51
VLOG[1] (build-tree[5.1.32~1-34128]:main():build-tree.cc:138) For pdf-id 695, low count 43
VLOG[1] (build-tree[5.1.32~1-34128]:main():build-tree.cc:138) For pdf-id 696, low count 37
VLOG[1] (build-tree[5.1.32~1-34128]:main():build-tree.cc:138) For pdf-id 697, low count 6
VLOG[1] (build-tree[5.1.32~1-34128]:main():build-tree.cc:138) For pdf-id 698, low count 30
VLOG[1] (build-tree[5.1.32~1-34128]:main():build-tree.cc:138) For pdf-id 700, low count 76
VLOG[1] (build-tree[5.1.32~1-34128]:main():build-tree.cc:138) For pdf-id 701, low count 13
VLOG[1] (build-tree[5.1.32~1-34128]:main():build-tree.cc:138) For pdf-id 702, low count 70
VLOG[1] (build-tree[5.1.32~1-34128]:main():build-tree.cc:138) For pdf-id 703, low count 57
VLOG[1] (build-tree[5.1.32~1-34128]:main():build-tree.cc:138) For pdf-id 704, low count 6
VLOG[1] (build-tree[5.1.32~1-34128]:main():build-tree.cc:138) For pdf-id 705, low count 12
VLOG[1] (build-tree[5.1.32~1-34128]:main():build-tree.cc:138) For pdf-id 706, low count 99
VLOG[1] (build-tree[5.1.32~1-34128]:main():build-tree.cc:138) For pdf-id 707, low count 41
VLOG[1] (build-tree[5.1.32~1-34128]:main():build-tree.cc:138) For pdf-id 709, low count 45
VLOG[1] (build-tree[5.1.32~1-34128]:main():build-tree.cc:138) For pdf-id 710, low count 66
VLOG[1] (build-tree[5.1.32~1-34128]:main():build-tree.cc:138) For pdf-id 713, low count 37
VLOG[1] (build-tree[5.1.32~1-34128]:main():build-tree.cc:138) For pdf-id 714, low count 12
VLOG[1] (build-tree[5.1.32~1-34128]:main():build-tree.cc:138) For pdf-id 715, low count 12
VLOG[1] (build-tree[5.1.32~1-34128]:main():build-tree.cc:138) For pdf-id 716, low count 12
VLOG[1] (build-tree[5.1.32~1-34128]:main():build-tree.cc:138) For pdf-id 717, low count 45
VLOG[1] (build-tree[5.1.32~1-34128]:main():build-tree.cc:138) For pdf-id 718, low count 6
VLOG[1] (build-tree[5.1.32~1-34128]:main():build-tree.cc:138) For pdf-id 719, low count 52
VLOG[1] (build-tree[5.1.32~1-34128]:main():build-tree.cc:138) For pdf-id 720, low count 34
VLOG[1] (build-tree[5.1.32~1-34128]:main():build-tree.cc:138) For pdf-id 721, low count 25
VLOG[1] (build-tree[5.1.32~1-34128]:main():build-tree.cc:138) For pdf-id 722, low count 6
VLOG[1] (build-tree[5.1.32~1-34128]:main():build-tree.cc:138) For pdf-id 723, low count 12
VLOG[1] (build-tree[5.1.32~1-34128]:main():build-tree.cc:138) For pdf-id 724, low count 40
VLOG[1] (build-tree[5.1.32~1-34128]:main():build-tree.cc:138) For pdf-id 726, low count 54
VLOG[1] (build-tree[5.1.32~1-34128]:main():build-tree.cc:138) For pdf-id 727, low count 18
VLOG[1] (build-tree[5.1.32~1-34128]:main():build-tree.cc:138) For pdf-id 728, low count 6
WARNING (build-tree[5.1.32~1-34128]:main():build-tree.cc:180) Saw no stats for following phones: 2 3 4 5 6 7 8 9 11 12 13 14 18 19 20 21 22 23 26 27 28 29 30 34 35 36 37 38 39 40 41 42 43 44 45 46 47 48 49 50 54 55 58 59 60 62 66 67 68 69 70 72 73 74 75 76 77 78 80 81 82 83 86 88 90 91 92 93 94 95 97 98 100 102 103 106 107 108 110 111 114 116 117 118 119 120 122 124 126 127 128 130 134 135 136 138 142 144 145 146 148 150 151 152 156 158 161 162 166 167 170 174 178 182 186 188 190 194 195 196 197 198 199 200 202 203 205 206 210 
LOG (build-tree[5.1.32~1-34128]:main():build-tree.cc:184) Wrote tree
# Accounting: time=2 threads=1
# Ended (code 0) at Sun Apr 30 13:59:30 IST 2017, elapsed time 2 seconds
