# gmm-init-model --write-occs=exp/tri1/1.occs exp/tri1/tree exp/tri1/treeacc data/lang/topo exp/tri1/1.mdl 
# Started at Sun Apr 30 13:59:30 IST 2017
#
gmm-init-model --write-occs=exp/tri1/1.occs exp/tri1/tree exp/tri1/treeacc data/lang/topo exp/tri1/1.mdl 
LOG (gmm-init-model[5.1.32~1-34128]:main():gmm-init-model.cc:271) Number of separate statistics is 1111
WARNING (gmm-init-model[5.1.32~1-34128]:InitAmGmm():gmm-init-model.cc:55) Tree has pdf-id 2 with no stats; corresponding phone list: 11 12 13 14 
WARNING (gmm-init-model[5.1.32~1-34128]:InitAmGmm():gmm-init-model.cc:55) Tree has pdf-id 4 with no stats; corresponding phone list: 19 20 21 22 
WARNING (gmm-init-model[5.1.32~1-34128]:InitAmGmm():gmm-init-model.cc:55) Tree has pdf-id 6 with no stats; corresponding phone list: 27 28 29 30 
WARNING (gmm-init-model[5.1.32~1-34128]:InitAmGmm():gmm-init-model.cc:55) Tree has pdf-id 8 with no stats; corresponding phone list: 35 36 37 38 
WARNING (gmm-init-model[5.1.32~1-34128]:InitAmGmm():gmm-init-model.cc:55) Tree has pdf-id 9 with no stats; corresponding phone list: 39 40 41 42 
WARNING (gmm-init-model[5.1.32~1-34128]:InitAmGmm():gmm-init-model.cc:55) Tree has pdf-id 10 with no stats; corresponding phone list: 43 44 45 46 
WARNING (gmm-init-model[5.1.32~1-34128]:InitAmGmm():gmm-init-model.cc:55) Tree has pdf-id 11 with no stats; corresponding phone list: 47 48 49 50 
WARNING (gmm-init-model[5.1.32~1-34128]:InitAmGmm():gmm-init-model.cc:55) Tree has pdf-id 16 with no stats; corresponding phone list: 67 68 69 70 
WARNING (gmm-init-model[5.1.32~1-34128]:InitAmGmm():gmm-init-model.cc:55) Tree has pdf-id 18 with no stats; corresponding phone list: 75 76 77 78 
WARNING (gmm-init-model[5.1.32~1-34128]:InitAmGmm():gmm-init-model.cc:55) Tree has pdf-id 22 with no stats; corresponding phone list: 91 92 93 94 
WARNING (gmm-init-model[5.1.32~1-34128]:InitAmGmm():gmm-init-model.cc:55) Tree has pdf-id 48 with no stats; corresponding phone list: 195 196 197 198 
WARNING (gmm-init-model[5.1.32~1-34128]:InitAmGmm():gmm-init-model.cc:83) Very small count for state 5: 43; corresponding phone list: 23 24 25 26 
WARNING (gmm-init-model[5.1.32~1-34128]:InitAmGmm():gmm-init-model.cc:83) Very small count for state 12: 5; corresponding phone list: 51 52 53 54 
WARNING (gmm-init-model[5.1.32~1-34128]:InitAmGmm():gmm-init-model.cc:83) Very small count for state 15: 37; corresponding phone list: 63 64 65 66 
WARNING (gmm-init-model[5.1.32~1-34128]:InitAmGmm():gmm-init-model.cc:83) Very small count for state 17: 36; corresponding phone list: 71 72 73 74 
WARNING (gmm-init-model[5.1.32~1-34128]:InitAmGmm():gmm-init-model.cc:83) Very small count for state 21: 67; corresponding phone list: 87 88 89 90 
WARNING (gmm-init-model[5.1.32~1-34128]:InitAmGmm():gmm-init-model.cc:83) Very small count for state 23: 18; corresponding phone list: 95 96 97 98 
WARNING (gmm-init-model[5.1.32~1-34128]:InitAmGmm():gmm-init-model.cc:83) Very small count for state 24: 12; corresponding phone list: 99 100 101 102 
WARNING (gmm-init-model[5.1.32~1-34128]:InitAmGmm():gmm-init-model.cc:83) Very small count for state 25: 25; corresponding phone list: 103 104 105 106 
WARNING (gmm-init-model[5.1.32~1-34128]:InitAmGmm():gmm-init-model.cc:83) Very small count for state 28: 50; corresponding phone list: 115 116 117 118 
WARNING (gmm-init-model[5.1.32~1-34128]:InitAmGmm():gmm-init-model.cc:83) Very small count for state 29: 69; corresponding phone list: 119 120 121 122 
WARNING (gmm-init-model[5.1.32~1-34128]:InitAmGmm():gmm-init-model.cc:83) Very small count for state 30: 46; corresponding phone list: 123 124 125 126 
WARNING (gmm-init-model[5.1.32~1-34128]:InitAmGmm():gmm-init-model.cc:83) Very small count for state 32: 30; corresponding phone list: 133 
WARNING (gmm-init-model[5.1.32~1-34128]:InitAmGmm():gmm-init-model.cc:83) Very small count for state 33: 84; corresponding phone list: 135 136 137 138 
WARNING (gmm-init-model[5.1.32~1-34128]:InitAmGmm():gmm-init-model.cc:83) Very small count for state 34: 39; corresponding phone list: 139 140 141 142 
WARNING (gmm-init-model[5.1.32~1-34128]:InitAmGmm():gmm-init-model.cc:83) Very small count for state 36: 67; corresponding phone list: 147 148 149 150 
WARNING (gmm-init-model[5.1.32~1-34128]:InitAmGmm():gmm-init-model.cc:83) Very small count for state 37: 24; corresponding phone list: 151 152 153 154 
WARNING (gmm-init-model[5.1.32~1-34128]:InitAmGmm():gmm-init-model.cc:83) Very small count for state 38: 29; corresponding phone list: 155 156 157 158 
WARNING (gmm-init-model[5.1.32~1-34128]:InitAmGmm():gmm-init-model.cc:83) Very small count for state 40: 80; corresponding phone list: 163 164 165 166 
WARNING (gmm-init-model[5.1.32~1-34128]:InitAmGmm():gmm-init-model.cc:83) Very small count for state 42: 34; corresponding phone list: 171 172 173 174 
WARNING (gmm-init-model[5.1.32~1-34128]:InitAmGmm():gmm-init-model.cc:83) Very small count for state 43: 52; corresponding phone list: 175 176 177 178 
WARNING (gmm-init-model[5.1.32~1-34128]:InitAmGmm():gmm-init-model.cc:83) Very small count for state 44: 94; corresponding phone list: 179 180 181 182 
WARNING (gmm-init-model[5.1.32~1-34128]:InitAmGmm():gmm-init-model.cc:83) Very small count for state 45: 84; corresponding phone list: 183 184 185 186 
WARNING (gmm-init-model[5.1.32~1-34128]:InitAmGmm():gmm-init-model.cc:83) Very small count for state 46: 70; corresponding phone list: 187 188 189 190 
WARNING (gmm-init-model[5.1.32~1-34128]:InitAmGmm():gmm-init-model.cc:83) Very small count for state 51: 20; corresponding phone list: 207 208 209 210 
WARNING (gmm-init-model[5.1.32~1-34128]:InitAmGmm():gmm-init-model.cc:83) Very small count for state 61: 89; corresponding phone list: 63 64 65 66 
WARNING (gmm-init-model[5.1.32~1-34128]:InitAmGmm():gmm-init-model.cc:83) Very small count for state 62: 54; corresponding phone list: 51 52 53 54 
WARNING (gmm-init-model[5.1.32~1-34128]:InitAmGmm():gmm-init-model.cc:83) Very small count for state 63: 36; corresponding phone list: 51 52 53 54 
WARNING (gmm-init-model[5.1.32~1-34128]:InitAmGmm():gmm-init-model.cc:83) Very small count for state 65: 84; corresponding phone list: 31 32 33 34 
WARNING (gmm-init-model[5.1.32~1-34128]:InitAmGmm():gmm-init-model.cc:83) Very small count for state 69: 97; corresponding phone list: 179 180 181 182 
WARNING (gmm-init-model[5.1.32~1-34128]:InitAmGmm():gmm-init-model.cc:83) Very small count for state 71: 82; corresponding phone list: 203 204 205 206 
WARNING (gmm-init-model[5.1.32~1-34128]:InitAmGmm():gmm-init-model.cc:83) Very small count for state 72: 34; corresponding phone list: 107 108 109 110 
WARNING (gmm-init-model[5.1.32~1-34128]:InitAmGmm():gmm-init-model.cc:83) Very small count for state 73: 50; corresponding phone list: 167 168 169 170 
WARNING (gmm-init-model[5.1.32~1-34128]:InitAmGmm():gmm-init-model.cc:83) Very small count for state 75: 32; corresponding phone list: 15 16 17 18 
WARNING (gmm-init-model[5.1.32~1-34128]:InitAmGmm():gmm-init-model.cc:83) Very small count for state 76: 31; corresponding phone list: 192 
WARNING (gmm-init-model[5.1.32~1-34128]:InitAmGmm():gmm-init-model.cc:83) Very small count for state 79: 5; corresponding phone list: 51 52 53 54 
WARNING (gmm-init-model[5.1.32~1-34128]:InitAmGmm():gmm-init-model.cc:83) Very small count for state 82: 22; corresponding phone list: 119 120 121 122 
WARNING (gmm-init-model[5.1.32~1-34128]:InitAmGmm():gmm-init-model.cc:83) Very small count for state 84: 37; corresponding phone list: 167 168 169 170 
WARNING (gmm-init-model[5.1.32~1-34128]:InitAmGmm():gmm-init-model.cc:83) Very small count for state 85: 30; corresponding phone list: 175 176 177 178 
WARNING (gmm-init-model[5.1.32~1-34128]:InitAmGmm():gmm-init-model.cc:83) Very small count for state 86: 49; corresponding phone list: 63 64 65 66 
WARNING (gmm-init-model[5.1.32~1-34128]:InitAmGmm():gmm-init-model.cc:83) Very small count for state 88: 98; corresponding phone list: 79 80 81 82 
WARNING (gmm-init-model[5.1.32~1-34128]:InitAmGmm():gmm-init-model.cc:83) Very small count for state 89: 26; corresponding phone list: 191 192 193 194 
WARNING (gmm-init-model[5.1.32~1-34128]:InitAmGmm():gmm-init-model.cc:83) Very small count for state 90: 24; corresponding phone list: 83 84 85 86 
WARNING (gmm-init-model[5.1.32~1-34128]:InitAmGmm():gmm-init-model.cc:83) Very small count for state 91: 71; corresponding phone list: 183 184 185 186 
WARNING (gmm-init-model[5.1.32~1-34128]:InitAmGmm():gmm-init-model.cc:83) Very small count for state 92: 62; corresponding phone list: 131 132 133 134 
WARNING (gmm-init-model[5.1.32~1-34128]:InitAmGmm():gmm-init-model.cc:83) Very small count for state 94: 78; corresponding phone list: 179 180 181 182 
WARNING (gmm-init-model[5.1.32~1-34128]:InitAmGmm():gmm-init-model.cc:83) Very small count for state 95: 71; corresponding phone list: 111 112 113 114 
WARNING (gmm-init-model[5.1.32~1-34128]:InitAmGmm():gmm-init-model.cc:83) Very small count for state 97: 48; corresponding phone list: 179 180 181 182 
WARNING (gmm-init-model[5.1.32~1-34128]:InitAmGmm():gmm-init-model.cc:83) Very small count for state 99: 97; corresponding phone list: 175 176 177 178 
WARNING (gmm-init-model[5.1.32~1-34128]:InitAmGmm():gmm-init-model.cc:83) Very small count for state 101: 74; corresponding phone list: 167 168 169 170 
WARNING (gmm-init-model[5.1.32~1-34128]:InitAmGmm():gmm-init-model.cc:83) Very small count for state 102: 37; corresponding phone list: 171 172 173 174 
WARNING (gmm-init-model[5.1.32~1-34128]:InitAmGmm():gmm-init-model.cc:83) Very small count for state 104: 55; corresponding phone list: 119 120 121 122 
WARNING (gmm-init-model[5.1.32~1-34128]:InitAmGmm():gmm-init-model.cc:83) Very small count for state 106: 5; corresponding phone list: 31 32 33 34 
WARNING (gmm-init-model[5.1.32~1-34128]:InitAmGmm():gmm-init-model.cc:83) Very small count for state 109: 5; corresponding phone list: 159 160 161 162 
WARNING (gmm-init-model[5.1.32~1-34128]:InitAmGmm():gmm-init-model.cc:83) Very small count for state 110: 30; corresponding phone list: 159 160 161 162 
WARNING (gmm-init-model[5.1.32~1-34128]:InitAmGmm():gmm-init-model.cc:83) Very small count for state 111: 6; corresponding phone list: 167 168 169 170 
WARNING (gmm-init-model[5.1.32~1-34128]:InitAmGmm():gmm-init-model.cc:83) Very small count for state 114: 92; corresponding phone list: 111 112 113 114 
WARNING (gmm-init-model[5.1.32~1-34128]:InitAmGmm():gmm-init-model.cc:83) Very small count for state 115: 31; corresponding phone list: 23 24 25 26 
WARNING (gmm-init-model[5.1.32~1-34128]:InitAmGmm():gmm-init-model.cc:83) Very small count for state 117: 90; corresponding phone list: 55 56 57 58 
WARNING (gmm-init-model[5.1.32~1-34128]:InitAmGmm():gmm-init-model.cc:83) Very small count for state 118: 18; corresponding phone list: 123 124 125 126 
WARNING (gmm-init-model[5.1.32~1-34128]:InitAmGmm():gmm-init-model.cc:83) Very small count for state 121: 21; corresponding phone list: 55 56 57 58 
WARNING (gmm-init-model[5.1.32~1-34128]:InitAmGmm():gmm-init-model.cc:83) Very small count for state 122: 36; corresponding phone list: 147 148 149 150 
WARNING (gmm-init-model[5.1.32~1-34128]:InitAmGmm():gmm-init-model.cc:83) Very small count for state 123: 15; corresponding phone list: 207 208 209 210 
WARNING (gmm-init-model[5.1.32~1-34128]:InitAmGmm():gmm-init-model.cc:83) Very small count for state 127: 37; corresponding phone list: 119 120 121 122 
WARNING (gmm-init-model[5.1.32~1-34128]:InitAmGmm():gmm-init-model.cc:83) Very small count for state 129: 67; corresponding phone list: 179 180 181 182 
WARNING (gmm-init-model[5.1.32~1-34128]:InitAmGmm():gmm-init-model.cc:83) Very small count for state 130: 88; corresponding phone list: 187 188 189 190 
WARNING (gmm-init-model[5.1.32~1-34128]:InitAmGmm():gmm-init-model.cc:83) Very small count for state 131: 23; corresponding phone list: 183 184 185 186 
WARNING (gmm-init-model[5.1.32~1-34128]:InitAmGmm():gmm-init-model.cc:83) Very small count for state 135: 75; corresponding phone list: 208 
WARNING (gmm-init-model[5.1.32~1-34128]:InitAmGmm():gmm-init-model.cc:83) Very small count for state 136: 44; corresponding phone list: 207 209 210 
WARNING (gmm-init-model[5.1.32~1-34128]:InitAmGmm():gmm-init-model.cc:83) Very small count for state 137: 35; corresponding phone list: 171 172 173 174 
WARNING (gmm-init-model[5.1.32~1-34128]:InitAmGmm():gmm-init-model.cc:83) Very small count for state 141: 52; corresponding phone list: 163 165 166 
WARNING (gmm-init-model[5.1.32~1-34128]:InitAmGmm():gmm-init-model.cc:83) Very small count for state 143: 36; corresponding phone list: 207 208 209 210 
WARNING (gmm-init-model[5.1.32~1-34128]:InitAmGmm():gmm-init-model.cc:83) Very small count for state 145: 46; corresponding phone list: 151 152 153 154 
WARNING (gmm-init-model[5.1.32~1-34128]:InitAmGmm():gmm-init-model.cc:83) Very small count for state 146: 54; corresponding phone list: 87 88 89 90 
WARNING (gmm-init-model[5.1.32~1-34128]:InitAmGmm():gmm-init-model.cc:83) Very small count for state 147: 36; corresponding phone list: 83 84 85 86 
WARNING (gmm-init-model[5.1.32~1-34128]:InitAmGmm():gmm-init-model.cc:83) Very small count for state 150: 71; corresponding phone list: 131 132 133 134 
WARNING (gmm-init-model[5.1.32~1-34128]:InitAmGmm():gmm-init-model.cc:83) Very small count for state 151: 5; corresponding phone list: 51 52 53 54 
WARNING (gmm-init-model[5.1.32~1-34128]:InitAmGmm():gmm-init-model.cc:83) Very small count for state 152: 84; corresponding phone list: 163 164 165 166 
WARNING (gmm-init-model[5.1.32~1-34128]:InitAmGmm():gmm-init-model.cc:83) Very small count for state 153: 76; corresponding phone list: 103 104 105 106 
WARNING (gmm-init-model[5.1.32~1-34128]:InitAmGmm():gmm-init-model.cc:83) Very small count for state 154: 37; corresponding phone list: 139 140 141 142 
WARNING (gmm-init-model[5.1.32~1-34128]:InitAmGmm():gmm-init-model.cc:83) Very small count for state 155: 27; corresponding phone list: 15 16 17 18 
WARNING (gmm-init-model[5.1.32~1-34128]:InitAmGmm():gmm-init-model.cc:83) Very small count for state 157: 71; corresponding phone list: 187 188 189 190 
WARNING (gmm-init-model[5.1.32~1-34128]:InitAmGmm():gmm-init-model.cc:83) Very small count for state 159: 61; corresponding phone list: 208 
WARNING (gmm-init-model[5.1.32~1-34128]:InitAmGmm():gmm-init-model.cc:83) Very small count for state 160: 92; corresponding phone list: 147 148 149 150 
WARNING (gmm-init-model[5.1.32~1-34128]:InitAmGmm():gmm-init-model.cc:83) Very small count for state 161: 76; corresponding phone list: 79 80 81 82 
WARNING (gmm-init-model[5.1.32~1-34128]:InitAmGmm():gmm-init-model.cc:83) Very small count for state 162: 5; corresponding phone list: 31 32 33 34 
WARNING (gmm-init-model[5.1.32~1-34128]:InitAmGmm():gmm-init-model.cc:83) Very small count for state 163: 45; corresponding phone list: 175 176 177 178 
WARNING (gmm-init-model[5.1.32~1-34128]:InitAmGmm():gmm-init-model.cc:83) Very small count for state 167: 36; corresponding phone list: 171 172 173 174 
WARNING (gmm-init-model[5.1.32~1-34128]:InitAmGmm():gmm-init-model.cc:83) Very small count for state 170: 18; corresponding phone list: 17 
WARNING (gmm-init-model[5.1.32~1-34128]:InitAmGmm():gmm-init-model.cc:83) Very small count for state 171: 60; corresponding phone list: 15 16 18 
WARNING (gmm-init-model[5.1.32~1-34128]:InitAmGmm():gmm-init-model.cc:83) Very small count for state 172: 72; corresponding phone list: 99 100 101 102 
WARNING (gmm-init-model[5.1.32~1-34128]:InitAmGmm():gmm-init-model.cc:83) Very small count for state 173: 17; corresponding phone list: 99 100 101 102 
WARNING (gmm-init-model[5.1.32~1-34128]:InitAmGmm():gmm-init-model.cc:83) Very small count for state 174: 72; corresponding phone list: 175 176 177 178 
WARNING (gmm-init-model[5.1.32~1-34128]:InitAmGmm():gmm-init-model.cc:83) Very small count for state 175: 55; corresponding phone list: 207 209 210 
WARNING (gmm-init-model[5.1.32~1-34128]:InitAmGmm():gmm-init-model.cc:83) Very small count for state 177: 11; corresponding phone list: 95 96 97 98 
WARNING (gmm-init-model[5.1.32~1-34128]:InitAmGmm():gmm-init-model.cc:83) Very small count for state 178: 79; corresponding phone list: 199 200 201 202 
WARNING (gmm-init-model[5.1.32~1-34128]:InitAmGmm():gmm-init-model.cc:83) Very small count for state 179: 37; corresponding phone list: 127 128 129 130 
WARNING (gmm-init-model[5.1.32~1-34128]:InitAmGmm():gmm-init-model.cc:83) Very small count for state 180: 43; corresponding phone list: 115 116 117 118 
WARNING (gmm-init-model[5.1.32~1-34128]:InitAmGmm():gmm-init-model.cc:83) Very small count for state 182: 59; corresponding phone list: 191 192 193 194 
WARNING (gmm-init-model[5.1.32~1-34128]:InitAmGmm():gmm-init-model.cc:83) Very small count for state 183: 22; corresponding phone list: 51 52 53 54 
WARNING (gmm-init-model[5.1.32~1-34128]:InitAmGmm():gmm-init-model.cc:83) Very small count for state 184: 78; corresponding phone list: 111 112 113 114 
WARNING (gmm-init-model[5.1.32~1-34128]:InitAmGmm():gmm-init-model.cc:83) Very small count for state 185: 63; corresponding phone list: 127 128 129 130 
WARNING (gmm-init-model[5.1.32~1-34128]:InitAmGmm():gmm-init-model.cc:83) Very small count for state 186: 54; corresponding phone list: 123 124 125 126 
WARNING (gmm-init-model[5.1.32~1-34128]:InitAmGmm():gmm-init-model.cc:83) Very small count for state 187: 27; corresponding phone list: 191 192 193 194 
WARNING (gmm-init-model[5.1.32~1-34128]:InitAmGmm():gmm-init-model.cc:83) Very small count for state 189: 38; corresponding phone list: 15 16 17 18 
WARNING (gmm-init-model[5.1.32~1-34128]:InitAmGmm():gmm-init-model.cc:83) Very small count for state 190: 56; corresponding phone list: 15 16 17 18 
WARNING (gmm-init-model[5.1.32~1-34128]:InitAmGmm():gmm-init-model.cc:83) Very small count for state 191: 39; corresponding phone list: 23 24 25 26 
WARNING (gmm-init-model[5.1.32~1-34128]:InitAmGmm():gmm-init-model.cc:83) Very small count for state 192: 80; corresponding phone list: 63 64 65 66 
WARNING (gmm-init-model[5.1.32~1-34128]:InitAmGmm():gmm-init-model.cc:83) Very small count for state 194: 19; corresponding phone list: 163 164 165 166 
WARNING (gmm-init-model[5.1.32~1-34128]:InitAmGmm():gmm-init-model.cc:83) Very small count for state 195: 40; corresponding phone list: 63 64 65 66 
WARNING (gmm-init-model[5.1.32~1-34128]:InitAmGmm():gmm-init-model.cc:83) Very small count for state 196: 67; corresponding phone list: 115 116 117 118 
WARNING (gmm-init-model[5.1.32~1-34128]:InitAmGmm():gmm-init-model.cc:83) Very small count for state 197: 48; corresponding phone list: 103 104 105 106 
WARNING (gmm-init-model[5.1.32~1-34128]:InitAmGmm():gmm-init-model.cc:83) Very small count for state 200: 79; corresponding phone list: 79 80 81 82 
WARNING (gmm-init-model[5.1.32~1-34128]:InitAmGmm():gmm-init-model.cc:83) Very small count for state 202: 87; corresponding phone list: 179 180 181 182 
WARNING (gmm-init-model[5.1.32~1-34128]:InitAmGmm():gmm-init-model.cc:83) Very small count for state 203: 64; corresponding phone list: 179 180 181 182 
WARNING (gmm-init-model[5.1.32~1-34128]:InitAmGmm():gmm-init-model.cc:83) Very small count for state 204: 23; corresponding phone list: 15 16 17 18 
WARNING (gmm-init-model[5.1.32~1-34128]:InitAmGmm():gmm-init-model.cc:83) Very small count for state 205: 42; corresponding phone list: 15 16 18 
WARNING (gmm-init-model[5.1.32~1-34128]:InitAmGmm():gmm-init-model.cc:83) Very small count for state 208: 48; corresponding phone list: 164 
WARNING (gmm-init-model[5.1.32~1-34128]:InitAmGmm():gmm-init-model.cc:83) Very small count for state 209: 22; corresponding phone list: 175 176 177 178 
WARNING (gmm-init-model[5.1.32~1-34128]:InitAmGmm():gmm-init-model.cc:83) Very small count for state 210: 24; corresponding phone list: 15 16 17 18 
WARNING (gmm-init-model[5.1.32~1-34128]:InitAmGmm():gmm-init-model.cc:83) Very small count for state 211: 18; corresponding phone list: 171 172 173 174 
WARNING (gmm-init-model[5.1.32~1-34128]:InitAmGmm():gmm-init-model.cc:83) Very small count for state 214: 5; corresponding phone list: 31 32 33 34 
WARNING (gmm-init-model[5.1.32~1-34128]:InitAmGmm():gmm-init-model.cc:83) Very small count for state 216: 35; corresponding phone list: 63 64 65 66 
WARNING (gmm-init-model[5.1.32~1-34128]:InitAmGmm():gmm-init-model.cc:83) Very small count for state 217: 55; corresponding phone list: 155 156 157 158 
WARNING (gmm-init-model[5.1.32~1-34128]:InitAmGmm():gmm-init-model.cc:83) Very small count for state 218: 36; corresponding phone list: 71 72 73 74 
WARNING (gmm-init-model[5.1.32~1-34128]:InitAmGmm():gmm-init-model.cc:83) Very small count for state 219: 24; corresponding phone list: 71 72 73 74 
WARNING (gmm-init-model[5.1.32~1-34128]:InitAmGmm():gmm-init-model.cc:83) Very small count for state 220: 25; corresponding phone list: 71 72 73 74 
WARNING (gmm-init-model[5.1.32~1-34128]:InitAmGmm():gmm-init-model.cc:83) Very small count for state 221: 62; corresponding phone list: 15 16 18 
WARNING (gmm-init-model[5.1.32~1-34128]:InitAmGmm():gmm-init-model.cc:83) Very small count for state 222: 53; corresponding phone list: 167 168 169 170 
WARNING (gmm-init-model[5.1.32~1-34128]:InitAmGmm():gmm-init-model.cc:83) Very small count for state 223: 32; corresponding phone list: 167 168 169 170 
WARNING (gmm-init-model[5.1.32~1-34128]:InitAmGmm():gmm-init-model.cc:83) Very small count for state 224: 34; corresponding phone list: 163 164 165 166 
WARNING (gmm-init-model[5.1.32~1-34128]:InitAmGmm():gmm-init-model.cc:83) Very small count for state 225: 34; corresponding phone list: 208 
WARNING (gmm-init-model[5.1.32~1-34128]:InitAmGmm():gmm-init-model.cc:83) Very small count for state 226: 40; corresponding phone list: 167 168 169 170 
WARNING (gmm-init-model[5.1.32~1-34128]:InitAmGmm():gmm-init-model.cc:83) Very small count for state 227: 5; corresponding phone list: 163 165 166 
WARNING (gmm-init-model[5.1.32~1-34128]:InitAmGmm():gmm-init-model.cc:83) Very small count for state 228: 37; corresponding phone list: 139 140 141 142 
WARNING (gmm-init-model[5.1.32~1-34128]:InitAmGmm():gmm-init-model.cc:83) Very small count for state 231: 28; corresponding phone list: 147 148 149 150 
WARNING (gmm-init-model[5.1.32~1-34128]:InitAmGmm():gmm-init-model.cc:83) Very small count for state 232: 5; corresponding phone list: 55 56 57 58 
WARNING (gmm-init-model[5.1.32~1-34128]:InitAmGmm():gmm-init-model.cc:83) Very small count for state 233: 39; corresponding phone list: 55 56 57 58 
WARNING (gmm-init-model[5.1.32~1-34128]:InitAmGmm():gmm-init-model.cc:83) Very small count for state 234: 28; corresponding phone list: 63 64 65 66 
WARNING (gmm-init-model[5.1.32~1-34128]:InitAmGmm():gmm-init-model.cc:83) Very small count for state 235: 42; corresponding phone list: 179 180 181 182 
WARNING (gmm-init-model[5.1.32~1-34128]:InitAmGmm():gmm-init-model.cc:83) Very small count for state 237: 47; corresponding phone list: 199 200 201 202 
WARNING (gmm-init-model[5.1.32~1-34128]:InitAmGmm():gmm-init-model.cc:83) Very small count for state 238: 38; corresponding phone list: 151 152 153 154 
WARNING (gmm-init-model[5.1.32~1-34128]:InitAmGmm():gmm-init-model.cc:83) Very small count for state 239: 37; corresponding phone list: 103 104 105 106 
WARNING (gmm-init-model[5.1.32~1-34128]:InitAmGmm():gmm-init-model.cc:83) Very small count for state 240: 29; corresponding phone list: 171 172 173 174 
WARNING (gmm-init-model[5.1.32~1-34128]:InitAmGmm():gmm-init-model.cc:83) Very small count for state 241: 45; corresponding phone list: 163 165 166 
WARNING (gmm-init-model[5.1.32~1-34128]:InitAmGmm():gmm-init-model.cc:83) Very small count for state 242: 19; corresponding phone list: 163 164 165 166 
WARNING (gmm-init-model[5.1.32~1-34128]:InitAmGmm():gmm-init-model.cc:83) Very small count for state 243: 49; corresponding phone list: 63 64 65 66 
WARNING (gmm-init-model[5.1.32~1-34128]:InitAmGmm():gmm-init-model.cc:83) Very small count for state 244: 17; corresponding phone list: 199 200 201 202 
WARNING (gmm-init-model[5.1.32~1-34128]:InitAmGmm():gmm-init-model.cc:83) Very small count for state 247: 46; corresponding phone list: 147 148 149 150 
WARNING (gmm-init-model[5.1.32~1-34128]:InitAmGmm():gmm-init-model.cc:83) Very small count for state 248: 57; corresponding phone list: 111 112 113 114 
WARNING (gmm-init-model[5.1.32~1-34128]:InitAmGmm():gmm-init-model.cc:83) Very small count for state 250: 31; corresponding phone list: 179 180 181 182 
WARNING (gmm-init-model[5.1.32~1-34128]:InitAmGmm():gmm-init-model.cc:83) Very small count for state 252: 57; corresponding phone list: 83 84 85 86 
WARNING (gmm-init-model[5.1.32~1-34128]:InitAmGmm():gmm-init-model.cc:83) Very small count for state 253: 5; corresponding phone list: 167 168 169 170 
WARNING (gmm-init-model[5.1.32~1-34128]:InitAmGmm():gmm-init-model.cc:83) Very small count for state 254: 6; corresponding phone list: 63 64 65 66 
WARNING (gmm-init-model[5.1.32~1-34128]:InitAmGmm():gmm-init-model.cc:83) Very small count for state 255: 78; corresponding phone list: 63 64 65 66 
WARNING (gmm-init-model[5.1.32~1-34128]:InitAmGmm():gmm-init-model.cc:83) Very small count for state 256: 13; corresponding phone list: 159 160 161 162 
WARNING (gmm-init-model[5.1.32~1-34128]:InitAmGmm():gmm-init-model.cc:83) Very small count for state 258: 61; corresponding phone list: 131 132 133 134 
WARNING (gmm-init-model[5.1.32~1-34128]:InitAmGmm():gmm-init-model.cc:83) Very small count for state 259: 49; corresponding phone list: 95 96 97 98 
WARNING (gmm-init-model[5.1.32~1-34128]:InitAmGmm():gmm-init-model.cc:83) Very small count for state 261: 50; corresponding phone list: 191 192 193 194 
WARNING (gmm-init-model[5.1.32~1-34128]:InitAmGmm():gmm-init-model.cc:83) Very small count for state 262: 24; corresponding phone list: 183 184 185 186 
WARNING (gmm-init-model[5.1.32~1-34128]:InitAmGmm():gmm-init-model.cc:83) Very small count for state 263: 6; corresponding phone list: 15 16 17 18 
WARNING (gmm-init-model[5.1.32~1-34128]:InitAmGmm():gmm-init-model.cc:83) Very small count for state 264: 94; corresponding phone list: 135 136 137 138 
WARNING (gmm-init-model[5.1.32~1-34128]:InitAmGmm():gmm-init-model.cc:83) Very small count for state 265: 46; corresponding phone list: 175 176 177 178 
WARNING (gmm-init-model[5.1.32~1-34128]:InitAmGmm():gmm-init-model.cc:83) Very small count for state 266: 97; corresponding phone list: 15 16 17 18 
WARNING (gmm-init-model[5.1.32~1-34128]:InitAmGmm():gmm-init-model.cc:83) Very small count for state 269: 57; corresponding phone list: 191 192 193 194 
WARNING (gmm-init-model[5.1.32~1-34128]:InitAmGmm():gmm-init-model.cc:83) Very small count for state 270: 41; corresponding phone list: 163 164 165 166 
WARNING (gmm-init-model[5.1.32~1-34128]:InitAmGmm():gmm-init-model.cc:83) Very small count for state 271: 50; corresponding phone list: 187 188 189 190 
WARNING (gmm-init-model[5.1.32~1-34128]:InitAmGmm():gmm-init-model.cc:83) Very small count for state 272: 6; corresponding phone list: 167 168 169 170 
WARNING (gmm-init-model[5.1.32~1-34128]:InitAmGmm():gmm-init-model.cc:83) Very small count for state 273: 6; corresponding phone list: 175 176 177 178 
WARNING (gmm-init-model[5.1.32~1-34128]:InitAmGmm():gmm-init-model.cc:83) Very small count for state 274: 37; corresponding phone list: 171 172 173 174 
WARNING (gmm-init-model[5.1.32~1-34128]:InitAmGmm():gmm-init-model.cc:83) Very small count for state 275: 53; corresponding phone list: 171 172 173 174 
WARNING (gmm-init-model[5.1.32~1-34128]:InitAmGmm():gmm-init-model.cc:83) Very small count for state 276: 49; corresponding phone list: 99 100 101 102 
WARNING (gmm-init-model[5.1.32~1-34128]:InitAmGmm():gmm-init-model.cc:83) Very small count for state 277: 7; corresponding phone list: 203 204 205 206 
WARNING (gmm-init-model[5.1.32~1-34128]:InitAmGmm():gmm-init-model.cc:83) Very small count for state 278: 40; corresponding phone list: 63 64 65 66 
WARNING (gmm-init-model[5.1.32~1-34128]:InitAmGmm():gmm-init-model.cc:83) Very small count for state 279: 37; corresponding phone list: 63 64 65 66 
WARNING (gmm-init-model[5.1.32~1-34128]:InitAmGmm():gmm-init-model.cc:83) Very small count for state 280: 41; corresponding phone list: 63 64 65 66 
WARNING (gmm-init-model[5.1.32~1-34128]:InitAmGmm():gmm-init-model.cc:83) Very small count for state 281: 32; corresponding phone list: 83 84 85 86 
WARNING (gmm-init-model[5.1.32~1-34128]:InitAmGmm():gmm-init-model.cc:83) Very small count for state 282: 24; corresponding phone list: 175 176 177 178 
WARNING (gmm-init-model[5.1.32~1-34128]:InitAmGmm():gmm-init-model.cc:83) Very small count for state 283: 29; corresponding phone list: 159 160 161 162 
WARNING (gmm-init-model[5.1.32~1-34128]:InitAmGmm():gmm-init-model.cc:83) Very small count for state 284: 17; corresponding phone list: 167 168 169 170 
WARNING (gmm-init-model[5.1.32~1-34128]:InitAmGmm():gmm-init-model.cc:83) Very small count for state 285: 31; corresponding phone list: 59 60 61 62 
WARNING (gmm-init-model[5.1.32~1-34128]:InitAmGmm():gmm-init-model.cc:83) Very small count for state 286: 46; corresponding phone list: 167 168 169 170 
WARNING (gmm-init-model[5.1.32~1-34128]:InitAmGmm():gmm-init-model.cc:83) Very small count for state 288: 96; corresponding phone list: 203 204 205 206 
WARNING (gmm-init-model[5.1.32~1-34128]:InitAmGmm():gmm-init-model.cc:83) Very small count for state 289: 71; corresponding phone list: 203 204 205 206 
WARNING (gmm-init-model[5.1.32~1-34128]:InitAmGmm():gmm-init-model.cc:83) Very small count for state 290: 27; corresponding phone list: 163 164 165 166 
WARNING (gmm-init-model[5.1.32~1-34128]:InitAmGmm():gmm-init-model.cc:83) Very small count for state 292: 62; corresponding phone list: 103 104 105 106 
WARNING (gmm-init-model[5.1.32~1-34128]:InitAmGmm():gmm-init-model.cc:83) Very small count for state 293: 93; corresponding phone list: 133 
WARNING (gmm-init-model[5.1.32~1-34128]:InitAmGmm():gmm-init-model.cc:83) Very small count for state 294: 69; corresponding phone list: 167 168 169 170 
WARNING (gmm-init-model[5.1.32~1-34128]:InitAmGmm():gmm-init-model.cc:83) Very small count for state 296: 13; corresponding phone list: 163 165 166 
WARNING (gmm-init-model[5.1.32~1-34128]:InitAmGmm():gmm-init-model.cc:83) Very small count for state 299: 37; corresponding phone list: 99 100 101 102 
WARNING (gmm-init-model[5.1.32~1-34128]:InitAmGmm():gmm-init-model.cc:83) Very small count for state 301: 6; corresponding phone list: 15 16 17 18 
WARNING (gmm-init-model[5.1.32~1-34128]:InitAmGmm():gmm-init-model.cc:83) Very small count for state 302: 23; corresponding phone list: 15 16 17 18 
WARNING (gmm-init-model[5.1.32~1-34128]:InitAmGmm():gmm-init-model.cc:83) Very small count for state 303: 78; corresponding phone list: 63 64 65 66 
WARNING (gmm-init-model[5.1.32~1-34128]:InitAmGmm():gmm-init-model.cc:83) Very small count for state 304: 37; corresponding phone list: 147 148 149 150 
WARNING (gmm-init-model[5.1.32~1-34128]:InitAmGmm():gmm-init-model.cc:83) Very small count for state 305: 24; corresponding phone list: 51 52 53 54 
WARNING (gmm-init-model[5.1.32~1-34128]:InitAmGmm():gmm-init-model.cc:83) Very small count for state 307: 44; corresponding phone list: 159 160 161 162 
WARNING (gmm-init-model[5.1.32~1-34128]:InitAmGmm():gmm-init-model.cc:83) Very small count for state 308: 88; corresponding phone list: 183 184 185 186 
WARNING (gmm-init-model[5.1.32~1-34128]:InitAmGmm():gmm-init-model.cc:83) Very small count for state 309: 6; corresponding phone list: 111 112 113 114 
WARNING (gmm-init-model[5.1.32~1-34128]:InitAmGmm():gmm-init-model.cc:83) Very small count for state 310: 34; corresponding phone list: 163 164 165 166 
WARNING (gmm-init-model[5.1.32~1-34128]:InitAmGmm():gmm-init-model.cc:83) Very small count for state 311: 58; corresponding phone list: 15 16 17 18 
WARNING (gmm-init-model[5.1.32~1-34128]:InitAmGmm():gmm-init-model.cc:83) Very small count for state 312: 41; corresponding phone list: 151 152 153 154 
WARNING (gmm-init-model[5.1.32~1-34128]:InitAmGmm():gmm-init-model.cc:83) Very small count for state 313: 5; corresponding phone list: 208 
WARNING (gmm-init-model[5.1.32~1-34128]:InitAmGmm():gmm-init-model.cc:83) Very small count for state 314: 29; corresponding phone list: 15 16 17 18 
WARNING (gmm-init-model[5.1.32~1-34128]:InitAmGmm():gmm-init-model.cc:83) Very small count for state 315: 31; corresponding phone list: 15 16 17 18 
WARNING (gmm-init-model[5.1.32~1-34128]:InitAmGmm():gmm-init-model.cc:83) Very small count for state 316: 61; corresponding phone list: 131 132 133 134 
WARNING (gmm-init-model[5.1.32~1-34128]:InitAmGmm():gmm-init-model.cc:83) Very small count for state 318: 9; corresponding phone list: 15 16 17 18 
WARNING (gmm-init-model[5.1.32~1-34128]:InitAmGmm():gmm-init-model.cc:83) Very small count for state 319: 29; corresponding phone list: 15 16 17 18 
WARNING (gmm-init-model[5.1.32~1-34128]:InitAmGmm():gmm-init-model.cc:83) Very small count for state 320: 23; corresponding phone list: 175 176 177 178 
WARNING (gmm-init-model[5.1.32~1-34128]:InitAmGmm():gmm-init-model.cc:83) Very small count for state 321: 44; corresponding phone list: 207 209 210 
WARNING (gmm-init-model[5.1.32~1-34128]:InitAmGmm():gmm-init-model.cc:83) Very small count for state 322: 41; corresponding phone list: 147 148 149 150 
WARNING (gmm-init-model[5.1.32~1-34128]:InitAmGmm():gmm-init-model.cc:83) Very small count for state 323: 28; corresponding phone list: 187 188 189 190 
WARNING (gmm-init-model[5.1.32~1-34128]:InitAmGmm():gmm-init-model.cc:83) Very small count for state 324: 47; corresponding phone list: 111 112 113 114 
WARNING (gmm-init-model[5.1.32~1-34128]:InitAmGmm():gmm-init-model.cc:83) Very small count for state 325: 26; corresponding phone list: 111 112 113 114 
WARNING (gmm-init-model[5.1.32~1-34128]:InitAmGmm():gmm-init-model.cc:83) Very small count for state 326: 53; corresponding phone list: 183 184 185 186 
WARNING (gmm-init-model[5.1.32~1-34128]:InitAmGmm():gmm-init-model.cc:83) Very small count for state 327: 34; corresponding phone list: 103 104 105 106 
WARNING (gmm-init-model[5.1.32~1-34128]:InitAmGmm():gmm-init-model.cc:83) Very small count for state 328: 56; corresponding phone list: 31 32 33 34 
WARNING (gmm-init-model[5.1.32~1-34128]:InitAmGmm():gmm-init-model.cc:83) Very small count for state 329: 33; corresponding phone list: 63 64 65 66 
WARNING (gmm-init-model[5.1.32~1-34128]:InitAmGmm():gmm-init-model.cc:83) Very small count for state 330: 27; corresponding phone list: 179 180 181 182 
WARNING (gmm-init-model[5.1.32~1-34128]:InitAmGmm():gmm-init-model.cc:83) Very small count for state 331: 84; corresponding phone list: 175 176 177 178 
WARNING (gmm-init-model[5.1.32~1-34128]:InitAmGmm():gmm-init-model.cc:83) Very small count for state 334: 28; corresponding phone list: 191 192 193 194 
WARNING (gmm-init-model[5.1.32~1-34128]:InitAmGmm():gmm-init-model.cc:83) Very small count for state 335: 30; corresponding phone list: 23 24 25 26 
WARNING (gmm-init-model[5.1.32~1-34128]:InitAmGmm():gmm-init-model.cc:83) Very small count for state 336: 35; corresponding phone list: 59 60 61 62 
WARNING (gmm-init-model[5.1.32~1-34128]:InitAmGmm():gmm-init-model.cc:83) Very small count for state 337: 65; corresponding phone list: 31 32 33 34 
WARNING (gmm-init-model[5.1.32~1-34128]:InitAmGmm():gmm-init-model.cc:83) Very small count for state 338: 38; corresponding phone list: 167 168 169 170 
WARNING (gmm-init-model[5.1.32~1-34128]:InitAmGmm():gmm-init-model.cc:83) Very small count for state 339: 32; corresponding phone list: 167 168 169 170 
WARNING (gmm-init-model[5.1.32~1-34128]:InitAmGmm():gmm-init-model.cc:83) Very small count for state 340: 48; corresponding phone list: 31 32 33 34 
WARNING (gmm-init-model[5.1.32~1-34128]:InitAmGmm():gmm-init-model.cc:83) Very small count for state 342: 72; corresponding phone list: 143 144 145 146 
WARNING (gmm-init-model[5.1.32~1-34128]:InitAmGmm():gmm-init-model.cc:83) Very small count for state 344: 38; corresponding phone list: 183 184 185 186 
WARNING (gmm-init-model[5.1.32~1-34128]:InitAmGmm():gmm-init-model.cc:83) Very small count for state 346: 48; corresponding phone list: 139 140 141 142 
WARNING (gmm-init-model[5.1.32~1-34128]:InitAmGmm():gmm-init-model.cc:83) Very small count for state 347: 41; corresponding phone list: 103 104 105 106 
WARNING (gmm-init-model[5.1.32~1-34128]:InitAmGmm():gmm-init-model.cc:83) Very small count for state 348: 66; corresponding phone list: 83 84 85 86 
WARNING (gmm-init-model[5.1.32~1-34128]:InitAmGmm():gmm-init-model.cc:83) Very small count for state 349: 40; corresponding phone list: 191 192 193 194 
WARNING (gmm-init-model[5.1.32~1-34128]:InitAmGmm():gmm-init-model.cc:83) Very small count for state 350: 6; corresponding phone list: 191 192 193 194 
WARNING (gmm-init-model[5.1.32~1-34128]:InitAmGmm():gmm-init-model.cc:83) Very small count for state 351: 49; corresponding phone list: 131 132 134 
WARNING (gmm-init-model[5.1.32~1-34128]:InitAmGmm():gmm-init-model.cc:83) Very small count for state 352: 43; corresponding phone list: 151 152 153 154 
WARNING (gmm-init-model[5.1.32~1-34128]:InitAmGmm():gmm-init-model.cc:83) Very small count for state 353: 18; corresponding phone list: 131 132 133 134 
WARNING (gmm-init-model[5.1.32~1-34128]:InitAmGmm():gmm-init-model.cc:83) Very small count for state 354: 37; corresponding phone list: 183 184 185 186 
WARNING (gmm-init-model[5.1.32~1-34128]:InitAmGmm():gmm-init-model.cc:83) Very small count for state 355: 30; corresponding phone list: 183 184 185 186 
WARNING (gmm-init-model[5.1.32~1-34128]:InitAmGmm():gmm-init-model.cc:83) Very small count for state 356: 21; corresponding phone list: 103 104 105 106 
WARNING (gmm-init-model[5.1.32~1-34128]:InitAmGmm():gmm-init-model.cc:83) Very small count for state 357: 7; corresponding phone list: 191 192 193 194 
WARNING (gmm-init-model[5.1.32~1-34128]:InitAmGmm():gmm-init-model.cc:83) Very small count for state 358: 37; corresponding phone list: 103 104 105 106 
WARNING (gmm-init-model[5.1.32~1-34128]:InitAmGmm():gmm-init-model.cc:83) Very small count for state 359: 45; corresponding phone list: 103 104 105 106 
WARNING (gmm-init-model[5.1.32~1-34128]:InitAmGmm():gmm-init-model.cc:83) Very small count for state 361: 33; corresponding phone list: 31 32 33 34 
WARNING (gmm-init-model[5.1.32~1-34128]:InitAmGmm():gmm-init-model.cc:83) Very small count for state 362: 69; corresponding phone list: 123 124 125 126 
WARNING (gmm-init-model[5.1.32~1-34128]:InitAmGmm():gmm-init-model.cc:83) Very small count for state 364: 30; corresponding phone list: 71 72 73 74 
WARNING (gmm-init-model[5.1.32~1-34128]:InitAmGmm():gmm-init-model.cc:83) Very small count for state 366: 37; corresponding phone list: 171 172 173 174 
WARNING (gmm-init-model[5.1.32~1-34128]:InitAmGmm():gmm-init-model.cc:83) Very small count for state 367: 36; corresponding phone list: 79 80 81 82 
WARNING (gmm-init-model[5.1.32~1-34128]:InitAmGmm():gmm-init-model.cc:83) Very small count for state 368: 42; corresponding phone list: 103 104 105 106 
WARNING (gmm-init-model[5.1.32~1-34128]:InitAmGmm():gmm-init-model.cc:83) Very small count for state 369: 11; corresponding phone list: 131 132 134 
WARNING (gmm-init-model[5.1.32~1-34128]:InitAmGmm():gmm-init-model.cc:83) Very small count for state 370: 46; corresponding phone list: 187 188 189 190 
WARNING (gmm-init-model[5.1.32~1-34128]:InitAmGmm():gmm-init-model.cc:83) Very small count for state 371: 52; corresponding phone list: 107 108 109 110 
WARNING (gmm-init-model[5.1.32~1-34128]:InitAmGmm():gmm-init-model.cc:83) Very small count for state 372: 94; corresponding phone list: 107 108 109 110 
WARNING (gmm-init-model[5.1.32~1-34128]:InitAmGmm():gmm-init-model.cc:83) Very small count for state 374: 30; corresponding phone list: 63 64 65 66 
WARNING (gmm-init-model[5.1.32~1-34128]:InitAmGmm():gmm-init-model.cc:83) Very small count for state 375: 55; corresponding phone list: 139 140 141 142 
WARNING (gmm-init-model[5.1.32~1-34128]:InitAmGmm():gmm-init-model.cc:83) Very small count for state 376: 35; corresponding phone list: 63 64 65 66 
WARNING (gmm-init-model[5.1.32~1-34128]:InitAmGmm():gmm-init-model.cc:83) Very small count for state 377: 30; corresponding phone list: 163 164 165 166 
WARNING (gmm-init-model[5.1.32~1-34128]:InitAmGmm():gmm-init-model.cc:83) Very small count for state 378: 60; corresponding phone list: 203 204 205 206 
WARNING (gmm-init-model[5.1.32~1-34128]:InitAmGmm():gmm-init-model.cc:83) Very small count for state 379: 36; corresponding phone list: 51 52 53 54 
WARNING (gmm-init-model[5.1.32~1-34128]:InitAmGmm():gmm-init-model.cc:83) Very small count for state 380: 30; corresponding phone list: 51 52 53 54 
WARNING (gmm-init-model[5.1.32~1-34128]:InitAmGmm():gmm-init-model.cc:83) Very small count for state 381: 26; corresponding phone list: 155 156 157 158 
WARNING (gmm-init-model[5.1.32~1-34128]:InitAmGmm():gmm-init-model.cc:83) Very small count for state 382: 58; corresponding phone list: 203 204 205 206 
WARNING (gmm-init-model[5.1.32~1-34128]:InitAmGmm():gmm-init-model.cc:83) Very small count for state 383: 72; corresponding phone list: 111 112 113 114 
WARNING (gmm-init-model[5.1.32~1-34128]:InitAmGmm():gmm-init-model.cc:83) Very small count for state 384: 88; corresponding phone list: 63 64 65 66 
WARNING (gmm-init-model[5.1.32~1-34128]:InitAmGmm():gmm-init-model.cc:83) Very small count for state 386: 24; corresponding phone list: 171 172 173 174 
WARNING (gmm-init-model[5.1.32~1-34128]:InitAmGmm():gmm-init-model.cc:83) Very small count for state 387: 30; corresponding phone list: 59 60 61 62 
WARNING (gmm-init-model[5.1.32~1-34128]:InitAmGmm():gmm-init-model.cc:83) Very small count for state 388: 47; corresponding phone list: 175 176 177 178 
WARNING (gmm-init-model[5.1.32~1-34128]:InitAmGmm():gmm-init-model.cc:83) Very small count for state 389: 46; corresponding phone list: 191 192 193 194 
WARNING (gmm-init-model[5.1.32~1-34128]:InitAmGmm():gmm-init-model.cc:83) Very small count for state 390: 42; corresponding phone list: 59 60 61 62 
WARNING (gmm-init-model[5.1.32~1-34128]:InitAmGmm():gmm-init-model.cc:83) Very small count for state 391: 66; corresponding phone list: 203 204 205 206 
WARNING (gmm-init-model[5.1.32~1-34128]:InitAmGmm():gmm-init-model.cc:83) Very small count for state 394: 18; corresponding phone list: 183 184 185 186 
WARNING (gmm-init-model[5.1.32~1-34128]:InitAmGmm():gmm-init-model.cc:83) Very small count for state 395: 5; corresponding phone list: 208 
WARNING (gmm-init-model[5.1.32~1-34128]:InitAmGmm():gmm-init-model.cc:83) Very small count for state 396: 12; corresponding phone list: 55 56 57 58 
WARNING (gmm-init-model[5.1.32~1-34128]:InitAmGmm():gmm-init-model.cc:83) Very small count for state 397: 5; corresponding phone list: 55 56 57 58 
WARNING (gmm-init-model[5.1.32~1-34128]:InitAmGmm():gmm-init-model.cc:83) Very small count for state 398: 38; corresponding phone list: 183 184 185 186 
WARNING (gmm-init-model[5.1.32~1-34128]:InitAmGmm():gmm-init-model.cc:83) Very small count for state 400: 16; corresponding phone list: 63 64 65 66 
WARNING (gmm-init-model[5.1.32~1-34128]:InitAmGmm():gmm-init-model.cc:83) Very small count for state 401: 36; corresponding phone list: 103 104 105 106 
WARNING (gmm-init-model[5.1.32~1-34128]:InitAmGmm():gmm-init-model.cc:83) Very small count for state 402: 61; corresponding phone list: 163 164 165 166 
WARNING (gmm-init-model[5.1.32~1-34128]:InitAmGmm():gmm-init-model.cc:83) Very small count for state 403: 47; corresponding phone list: 15 16 17 18 
WARNING (gmm-init-model[5.1.32~1-34128]:InitAmGmm():gmm-init-model.cc:83) Very small count for state 404: 22; corresponding phone list: 139 140 141 142 
WARNING (gmm-init-model[5.1.32~1-34128]:InitAmGmm():gmm-init-model.cc:83) Very small count for state 405: 30; corresponding phone list: 63 64 65 66 
WARNING (gmm-init-model[5.1.32~1-34128]:InitAmGmm():gmm-init-model.cc:83) Very small count for state 406: 91; corresponding phone list: 183 
WARNING (gmm-init-model[5.1.32~1-34128]:InitAmGmm():gmm-init-model.cc:83) Very small count for state 407: 6; corresponding phone list: 183 184 185 186 
WARNING (gmm-init-model[5.1.32~1-34128]:InitAmGmm():gmm-init-model.cc:83) Very small count for state 408: 25; corresponding phone list: 63 64 65 66 
WARNING (gmm-init-model[5.1.32~1-34128]:InitAmGmm():gmm-init-model.cc:83) Very small count for state 409: 20; corresponding phone list: 163 164 165 166 
WARNING (gmm-init-model[5.1.32~1-34128]:InitAmGmm():gmm-init-model.cc:83) Very small count for state 410: 72; corresponding phone list: 83 84 85 86 
WARNING (gmm-init-model[5.1.32~1-34128]:InitAmGmm():gmm-init-model.cc:83) Very small count for state 414: 75; corresponding phone list: 133 
WARNING (gmm-init-model[5.1.32~1-34128]:InitAmGmm():gmm-init-model.cc:83) Very small count for state 415: 22; corresponding phone list: 179 180 181 182 
WARNING (gmm-init-model[5.1.32~1-34128]:InitAmGmm():gmm-init-model.cc:83) Very small count for state 416: 63; corresponding phone list: 103 104 105 106 
WARNING (gmm-init-model[5.1.32~1-34128]:InitAmGmm():gmm-init-model.cc:83) Very small count for state 417: 88; corresponding phone list: 15 16 17 18 
WARNING (gmm-init-model[5.1.32~1-34128]:InitAmGmm():gmm-init-model.cc:83) Very small count for state 418: 6; corresponding phone list: 15 16 17 18 
WARNING (gmm-init-model[5.1.32~1-34128]:InitAmGmm():gmm-init-model.cc:83) Very small count for state 419: 36; corresponding phone list: 171 172 173 174 
WARNING (gmm-init-model[5.1.32~1-34128]:InitAmGmm():gmm-init-model.cc:83) Very small count for state 420: 85; corresponding phone list: 167 168 169 170 
WARNING (gmm-init-model[5.1.32~1-34128]:InitAmGmm():gmm-init-model.cc:83) Very small count for state 421: 83; corresponding phone list: 99 100 101 102 
WARNING (gmm-init-model[5.1.32~1-34128]:InitAmGmm():gmm-init-model.cc:83) Very small count for state 422: 5; corresponding phone list: 167 168 169 170 
WARNING (gmm-init-model[5.1.32~1-34128]:InitAmGmm():gmm-init-model.cc:83) Very small count for state 424: 10; corresponding phone list: 163 164 165 166 
WARNING (gmm-init-model[5.1.32~1-34128]:InitAmGmm():gmm-init-model.cc:83) Very small count for state 426: 6; corresponding phone list: 191 192 193 194 
WARNING (gmm-init-model[5.1.32~1-34128]:InitAmGmm():gmm-init-model.cc:83) Very small count for state 427: 25; corresponding phone list: 163 164 165 166 
WARNING (gmm-init-model[5.1.32~1-34128]:InitAmGmm():gmm-init-model.cc:83) Very small count for state 428: 16; corresponding phone list: 164 
WARNING (gmm-init-model[5.1.32~1-34128]:InitAmGmm():gmm-init-model.cc:83) Very small count for state 429: 18; corresponding phone list: 64 
WARNING (gmm-init-model[5.1.32~1-34128]:InitAmGmm():gmm-init-model.cc:83) Very small count for state 430: 6; corresponding phone list: 171 172 173 174 
WARNING (gmm-init-model[5.1.32~1-34128]:InitAmGmm():gmm-init-model.cc:83) Very small count for state 431: 50; corresponding phone list: 171 172 173 174 
WARNING (gmm-init-model[5.1.32~1-34128]:InitAmGmm():gmm-init-model.cc:83) Very small count for state 432: 63; corresponding phone list: 31 32 33 34 
WARNING (gmm-init-model[5.1.32~1-34128]:InitAmGmm():gmm-init-model.cc:83) Very small count for state 433: 95; corresponding phone list: 131 132 133 134 
WARNING (gmm-init-model[5.1.32~1-34128]:InitAmGmm():gmm-init-model.cc:83) Very small count for state 434: 27; corresponding phone list: 163 164 165 166 
WARNING (gmm-init-model[5.1.32~1-34128]:InitAmGmm():gmm-init-model.cc:83) Very small count for state 435: 34; corresponding phone list: 15 16 17 18 
WARNING (gmm-init-model[5.1.32~1-34128]:InitAmGmm():gmm-init-model.cc:83) Very small count for state 437: 27; corresponding phone list: 63 64 65 66 
WARNING (gmm-init-model[5.1.32~1-34128]:InitAmGmm():gmm-init-model.cc:83) Very small count for state 438: 32; corresponding phone list: 15 16 17 18 
WARNING (gmm-init-model[5.1.32~1-34128]:InitAmGmm():gmm-init-model.cc:83) Very small count for state 439: 31; corresponding phone list: 131 132 134 
WARNING (gmm-init-model[5.1.32~1-34128]:InitAmGmm():gmm-init-model.cc:83) Very small count for state 440: 18; corresponding phone list: 183 184 185 186 
WARNING (gmm-init-model[5.1.32~1-34128]:InitAmGmm():gmm-init-model.cc:83) Very small count for state 441: 35; corresponding phone list: 183 184 185 186 
WARNING (gmm-init-model[5.1.32~1-34128]:InitAmGmm():gmm-init-model.cc:83) Very small count for state 443: 56; corresponding phone list: 177 
WARNING (gmm-init-model[5.1.32~1-34128]:InitAmGmm():gmm-init-model.cc:83) Very small count for state 445: 89; corresponding phone list: 51 52 53 54 
WARNING (gmm-init-model[5.1.32~1-34128]:InitAmGmm():gmm-init-model.cc:83) Very small count for state 446: 25; corresponding phone list: 17 
WARNING (gmm-init-model[5.1.32~1-34128]:InitAmGmm():gmm-init-model.cc:83) Very small count for state 447: 5; corresponding phone list: 23 24 25 26 
WARNING (gmm-init-model[5.1.32~1-34128]:InitAmGmm():gmm-init-model.cc:83) Very small count for state 448: 5; corresponding phone list: 23 24 25 26 
WARNING (gmm-init-model[5.1.32~1-34128]:InitAmGmm():gmm-init-model.cc:83) Very small count for state 450: 12; corresponding phone list: 15 17 18 
WARNING (gmm-init-model[5.1.32~1-34128]:InitAmGmm():gmm-init-model.cc:83) Very small count for state 452: 46; corresponding phone list: 207 208 209 210 
WARNING (gmm-init-model[5.1.32~1-34128]:InitAmGmm():gmm-init-model.cc:83) Very small count for state 453: 49; corresponding phone list: 131 132 133 134 
WARNING (gmm-init-model[5.1.32~1-34128]:InitAmGmm():gmm-init-model.cc:83) Very small count for state 454: 43; corresponding phone list: 71 72 73 74 
WARNING (gmm-init-model[5.1.32~1-34128]:InitAmGmm():gmm-init-model.cc:83) Very small count for state 455: 38; corresponding phone list: 31 32 33 34 
WARNING (gmm-init-model[5.1.32~1-34128]:InitAmGmm():gmm-init-model.cc:83) Very small count for state 456: 26; corresponding phone list: 187 188 189 190 
WARNING (gmm-init-model[5.1.32~1-34128]:InitAmGmm():gmm-init-model.cc:83) Very small count for state 457: 60; corresponding phone list: 147 148 149 150 
WARNING (gmm-init-model[5.1.32~1-34128]:InitAmGmm():gmm-init-model.cc:83) Very small count for state 458: 21; corresponding phone list: 131 132 133 134 
WARNING (gmm-init-model[5.1.32~1-34128]:InitAmGmm():gmm-init-model.cc:83) Very small count for state 459: 15; corresponding phone list: 55 56 57 58 
WARNING (gmm-init-model[5.1.32~1-34128]:InitAmGmm():gmm-init-model.cc:83) Very small count for state 460: 31; corresponding phone list: 119 120 121 122 
WARNING (gmm-init-model[5.1.32~1-34128]:InitAmGmm():gmm-init-model.cc:83) Very small count for state 461: 40; corresponding phone list: 63 64 65 66 
WARNING (gmm-init-model[5.1.32~1-34128]:InitAmGmm():gmm-init-model.cc:83) Very small count for state 462: 34; corresponding phone list: 164 
WARNING (gmm-init-model[5.1.32~1-34128]:InitAmGmm():gmm-init-model.cc:83) Very small count for state 463: 99; corresponding phone list: 159 160 161 162 
WARNING (gmm-init-model[5.1.32~1-34128]:InitAmGmm():gmm-init-model.cc:83) Very small count for state 464: 93; corresponding phone list: 163 164 165 166 
WARNING (gmm-init-model[5.1.32~1-34128]:InitAmGmm():gmm-init-model.cc:83) Very small count for state 466: 6; corresponding phone list: 103 104 105 106 
WARNING (gmm-init-model[5.1.32~1-34128]:InitAmGmm():gmm-init-model.cc:83) Very small count for state 468: 98; corresponding phone list: 111 112 113 114 
WARNING (gmm-init-model[5.1.32~1-34128]:InitAmGmm():gmm-init-model.cc:83) Very small count for state 469: 65; corresponding phone list: 59 60 61 62 
WARNING (gmm-init-model[5.1.32~1-34128]:InitAmGmm():gmm-init-model.cc:83) Very small count for state 470: 22; corresponding phone list: 111 112 113 114 
WARNING (gmm-init-model[5.1.32~1-34128]:InitAmGmm():gmm-init-model.cc:83) Very small count for state 471: 6; corresponding phone list: 15 16 17 18 
WARNING (gmm-init-model[5.1.32~1-34128]:InitAmGmm():gmm-init-model.cc:83) Very small count for state 472: 24; corresponding phone list: 15 16 17 18 
WARNING (gmm-init-model[5.1.32~1-34128]:InitAmGmm():gmm-init-model.cc:83) Very small count for state 473: 27; corresponding phone list: 99 100 101 102 
WARNING (gmm-init-model[5.1.32~1-34128]:InitAmGmm():gmm-init-model.cc:83) Very small count for state 474: 27; corresponding phone list: 183 184 185 186 
WARNING (gmm-init-model[5.1.32~1-34128]:InitAmGmm():gmm-init-model.cc:83) Very small count for state 475: 29; corresponding phone list: 167 168 169 170 
WARNING (gmm-init-model[5.1.32~1-34128]:InitAmGmm():gmm-init-model.cc:83) Very small count for state 476: 68; corresponding phone list: 183 184 185 186 
WARNING (gmm-init-model[5.1.32~1-34128]:InitAmGmm():gmm-init-model.cc:83) Very small count for state 477: 69; corresponding phone list: 139 140 141 142 
WARNING (gmm-init-model[5.1.32~1-34128]:InitAmGmm():gmm-init-model.cc:83) Very small count for state 478: 44; corresponding phone list: 163 164 165 166 
WARNING (gmm-init-model[5.1.32~1-34128]:InitAmGmm():gmm-init-model.cc:83) Very small count for state 479: 86; corresponding phone list: 15 17 18 
WARNING (gmm-init-model[5.1.32~1-34128]:InitAmGmm():gmm-init-model.cc:83) Very small count for state 480: 83; corresponding phone list: 15 16 17 18 
WARNING (gmm-init-model[5.1.32~1-34128]:InitAmGmm():gmm-init-model.cc:83) Very small count for state 481: 24; corresponding phone list: 191 192 193 194 
WARNING (gmm-init-model[5.1.32~1-34128]:InitAmGmm():gmm-init-model.cc:83) Very small count for state 482: 6; corresponding phone list: 163 164 165 166 
WARNING (gmm-init-model[5.1.32~1-34128]:InitAmGmm():gmm-init-model.cc:83) Very small count for state 483: 29; corresponding phone list: 131 132 134 
WARNING (gmm-init-model[5.1.32~1-34128]:InitAmGmm():gmm-init-model.cc:83) Very small count for state 484: 78; corresponding phone list: 15 16 17 18 
WARNING (gmm-init-model[5.1.32~1-34128]:InitAmGmm():gmm-init-model.cc:83) Very small count for state 485: 18; corresponding phone list: 163 164 165 166 
WARNING (gmm-init-model[5.1.32~1-34128]:InitAmGmm():gmm-init-model.cc:83) Very small count for state 486: 91; corresponding phone list: 103 104 105 106 
WARNING (gmm-init-model[5.1.32~1-34128]:InitAmGmm():gmm-init-model.cc:83) Very small count for state 487: 42; corresponding phone list: 103 104 105 106 
WARNING (gmm-init-model[5.1.32~1-34128]:InitAmGmm():gmm-init-model.cc:83) Very small count for state 488: 18; corresponding phone list: 199 200 201 202 
WARNING (gmm-init-model[5.1.32~1-34128]:InitAmGmm():gmm-init-model.cc:83) Very small count for state 489: 6; corresponding phone list: 175 176 177 178 
WARNING (gmm-init-model[5.1.32~1-34128]:InitAmGmm():gmm-init-model.cc:83) Very small count for state 490: 24; corresponding phone list: 31 32 33 34 
WARNING (gmm-init-model[5.1.32~1-34128]:InitAmGmm():gmm-init-model.cc:83) Very small count for state 492: 37; corresponding phone list: 183 184 185 186 
WARNING (gmm-init-model[5.1.32~1-34128]:InitAmGmm():gmm-init-model.cc:83) Very small count for state 493: 26; corresponding phone list: 163 164 165 166 
WARNING (gmm-init-model[5.1.32~1-34128]:InitAmGmm():gmm-init-model.cc:83) Very small count for state 494: 32; corresponding phone list: 103 104 105 106 
WARNING (gmm-init-model[5.1.32~1-34128]:InitAmGmm():gmm-init-model.cc:83) Very small count for state 495: 26; corresponding phone list: 139 140 141 142 
WARNING (gmm-init-model[5.1.32~1-34128]:InitAmGmm():gmm-init-model.cc:83) Very small count for state 496: 23; corresponding phone list: 111 112 113 114 
WARNING (gmm-init-model[5.1.32~1-34128]:InitAmGmm():gmm-init-model.cc:83) Very small count for state 497: 76; corresponding phone list: 207 208 209 210 
WARNING (gmm-init-model[5.1.32~1-34128]:InitAmGmm():gmm-init-model.cc:83) Very small count for state 498: 6; corresponding phone list: 183 184 185 186 
WARNING (gmm-init-model[5.1.32~1-34128]:InitAmGmm():gmm-init-model.cc:83) Very small count for state 499: 91; corresponding phone list: 164 
WARNING (gmm-init-model[5.1.32~1-34128]:InitAmGmm():gmm-init-model.cc:83) Very small count for state 500: 16; corresponding phone list: 131 132 134 
WARNING (gmm-init-model[5.1.32~1-34128]:InitAmGmm():gmm-init-model.cc:83) Very small count for state 501: 47; corresponding phone list: 63 64 65 66 
WARNING (gmm-init-model[5.1.32~1-34128]:InitAmGmm():gmm-init-model.cc:83) Very small count for state 502: 31; corresponding phone list: 31 32 33 34 
WARNING (gmm-init-model[5.1.32~1-34128]:InitAmGmm():gmm-init-model.cc:83) Very small count for state 503: 25; corresponding phone list: 191 192 193 194 
WARNING (gmm-init-model[5.1.32~1-34128]:InitAmGmm():gmm-init-model.cc:83) Very small count for state 504: 25; corresponding phone list: 15 16 17 18 
WARNING (gmm-init-model[5.1.32~1-34128]:InitAmGmm():gmm-init-model.cc:83) Very small count for state 505: 59; corresponding phone list: 207 209 210 
WARNING (gmm-init-model[5.1.32~1-34128]:InitAmGmm():gmm-init-model.cc:83) Very small count for state 506: 72; corresponding phone list: 111 112 113 114 
WARNING (gmm-init-model[5.1.32~1-34128]:InitAmGmm():gmm-init-model.cc:83) Very small count for state 507: 18; corresponding phone list: 147 148 149 150 
WARNING (gmm-init-model[5.1.32~1-34128]:InitAmGmm():gmm-init-model.cc:83) Very small count for state 508: 44; corresponding phone list: 147 148 149 150 
WARNING (gmm-init-model[5.1.32~1-34128]:InitAmGmm():gmm-init-model.cc:83) Very small count for state 509: 36; corresponding phone list: 63 64 65 66 
WARNING (gmm-init-model[5.1.32~1-34128]:InitAmGmm():gmm-init-model.cc:83) Very small count for state 510: 19; corresponding phone list: 15 16 17 18 
WARNING (gmm-init-model[5.1.32~1-34128]:InitAmGmm():gmm-init-model.cc:83) Very small count for state 511: 61; corresponding phone list: 207 209 210 
WARNING (gmm-init-model[5.1.32~1-34128]:InitAmGmm():gmm-init-model.cc:83) Very small count for state 512: 71; corresponding phone list: 187 188 189 190 
WARNING (gmm-init-model[5.1.32~1-34128]:InitAmGmm():gmm-init-model.cc:83) Very small count for state 514: 20; corresponding phone list: 187 188 189 190 
WARNING (gmm-init-model[5.1.32~1-34128]:InitAmGmm():gmm-init-model.cc:83) Very small count for state 515: 29; corresponding phone list: 183 184 185 186 
WARNING (gmm-init-model[5.1.32~1-34128]:InitAmGmm():gmm-init-model.cc:83) Very small count for state 516: 60; corresponding phone list: 203 204 205 206 
WARNING (gmm-init-model[5.1.32~1-34128]:InitAmGmm():gmm-init-model.cc:83) Very small count for state 517: 34; corresponding phone list: 187 188 189 190 
WARNING (gmm-init-model[5.1.32~1-34128]:InitAmGmm():gmm-init-model.cc:83) Very small count for state 518: 19; corresponding phone list: 63 64 65 66 
WARNING (gmm-init-model[5.1.32~1-34128]:InitAmGmm():gmm-init-model.cc:83) Very small count for state 519: 62; corresponding phone list: 63 64 65 66 
WARNING (gmm-init-model[5.1.32~1-34128]:InitAmGmm():gmm-init-model.cc:83) Very small count for state 520: 24; corresponding phone list: 63 64 65 66 
WARNING (gmm-init-model[5.1.32~1-34128]:InitAmGmm():gmm-init-model.cc:83) Very small count for state 521: 18; corresponding phone list: 23 24 25 26 
WARNING (gmm-init-model[5.1.32~1-34128]:InitAmGmm():gmm-init-model.cc:83) Very small count for state 522: 67; corresponding phone list: 123 124 125 126 
WARNING (gmm-init-model[5.1.32~1-34128]:InitAmGmm():gmm-init-model.cc:83) Very small count for state 523: 33; corresponding phone list: 79 80 81 82 
WARNING (gmm-init-model[5.1.32~1-34128]:InitAmGmm():gmm-init-model.cc:83) Very small count for state 524: 39; corresponding phone list: 15 16 17 18 
WARNING (gmm-init-model[5.1.32~1-34128]:InitAmGmm():gmm-init-model.cc:83) Very small count for state 525: 30; corresponding phone list: 131 132 134 
WARNING (gmm-init-model[5.1.32~1-34128]:InitAmGmm():gmm-init-model.cc:83) Very small count for state 528: 45; corresponding phone list: 179 180 181 182 
WARNING (gmm-init-model[5.1.32~1-34128]:InitAmGmm():gmm-init-model.cc:83) Very small count for state 529: 80; corresponding phone list: 103 104 105 106 
WARNING (gmm-init-model[5.1.32~1-34128]:InitAmGmm():gmm-init-model.cc:83) Very small count for state 530: 36; corresponding phone list: 175 176 177 178 
WARNING (gmm-init-model[5.1.32~1-34128]:InitAmGmm():gmm-init-model.cc:83) Very small count for state 531: 34; corresponding phone list: 167 168 169 170 
WARNING (gmm-init-model[5.1.32~1-34128]:InitAmGmm():gmm-init-model.cc:83) Very small count for state 532: 40; corresponding phone list: 55 56 57 58 
WARNING (gmm-init-model[5.1.32~1-34128]:InitAmGmm():gmm-init-model.cc:83) Very small count for state 533: 36; corresponding phone list: 55 56 57 58 
WARNING (gmm-init-model[5.1.32~1-34128]:InitAmGmm():gmm-init-model.cc:83) Very small count for state 534: 13; corresponding phone list: 111 112 113 114 
WARNING (gmm-init-model[5.1.32~1-34128]:InitAmGmm():gmm-init-model.cc:83) Very small count for state 535: 22; corresponding phone list: 207 208 209 210 
WARNING (gmm-init-model[5.1.32~1-34128]:InitAmGmm():gmm-init-model.cc:83) Very small count for state 536: 58; corresponding phone list: 55 56 57 58 
WARNING (gmm-init-model[5.1.32~1-34128]:InitAmGmm():gmm-init-model.cc:83) Very small count for state 538: 12; corresponding phone list: 15 17 18 
WARNING (gmm-init-model[5.1.32~1-34128]:InitAmGmm():gmm-init-model.cc:83) Very small count for state 539: 64; corresponding phone list: 15 16 17 18 
WARNING (gmm-init-model[5.1.32~1-34128]:InitAmGmm():gmm-init-model.cc:83) Very small count for state 540: 54; corresponding phone list: 191 192 193 194 
WARNING (gmm-init-model[5.1.32~1-34128]:InitAmGmm():gmm-init-model.cc:83) Very small count for state 541: 13; corresponding phone list: 15 16 17 18 
WARNING (gmm-init-model[5.1.32~1-34128]:InitAmGmm():gmm-init-model.cc:83) Very small count for state 542: 6; corresponding phone list: 131 132 134 
WARNING (gmm-init-model[5.1.32~1-34128]:InitAmGmm():gmm-init-model.cc:83) Very small count for state 543: 24; corresponding phone list: 131 132 133 134 
WARNING (gmm-init-model[5.1.32~1-34128]:InitAmGmm():gmm-init-model.cc:83) Very small count for state 544: 79; corresponding phone list: 15 16 17 18 
WARNING (gmm-init-model[5.1.32~1-34128]:InitAmGmm():gmm-init-model.cc:83) Very small count for state 545: 24; corresponding phone list: 187 188 189 190 
WARNING (gmm-init-model[5.1.32~1-34128]:InitAmGmm():gmm-init-model.cc:83) Very small count for state 546: 25; corresponding phone list: 147 148 149 150 
WARNING (gmm-init-model[5.1.32~1-34128]:InitAmGmm():gmm-init-model.cc:83) Very small count for state 547: 25; corresponding phone list: 71 72 73 74 
WARNING (gmm-init-model[5.1.32~1-34128]:InitAmGmm():gmm-init-model.cc:83) Very small count for state 549: 12; corresponding phone list: 163 165 166 
WARNING (gmm-init-model[5.1.32~1-34128]:InitAmGmm():gmm-init-model.cc:83) Very small count for state 550: 24; corresponding phone list: 163 164 165 166 
WARNING (gmm-init-model[5.1.32~1-34128]:InitAmGmm():gmm-init-model.cc:83) Very small count for state 551: 49; corresponding phone list: 199 200 201 202 
WARNING (gmm-init-model[5.1.32~1-34128]:InitAmGmm():gmm-init-model.cc:83) Very small count for state 552: 27; corresponding phone list: 51 52 53 54 
WARNING (gmm-init-model[5.1.32~1-34128]:InitAmGmm():gmm-init-model.cc:83) Very small count for state 553: 25; corresponding phone list: 123 124 125 126 
WARNING (gmm-init-model[5.1.32~1-34128]:InitAmGmm():gmm-init-model.cc:83) Very small count for state 554: 17; corresponding phone list: 183 184 185 186 
WARNING (gmm-init-model[5.1.32~1-34128]:InitAmGmm():gmm-init-model.cc:83) Very small count for state 555: 47; corresponding phone list: 163 164 165 166 
WARNING (gmm-init-model[5.1.32~1-34128]:InitAmGmm():gmm-init-model.cc:83) Very small count for state 556: 86; corresponding phone list: 167 168 169 170 
WARNING (gmm-init-model[5.1.32~1-34128]:InitAmGmm():gmm-init-model.cc:83) Very small count for state 557: 30; corresponding phone list: 163 164 165 166 
WARNING (gmm-init-model[5.1.32~1-34128]:InitAmGmm():gmm-init-model.cc:83) Very small count for state 558: 6; corresponding phone list: 15 16 17 18 
WARNING (gmm-init-model[5.1.32~1-34128]:InitAmGmm():gmm-init-model.cc:83) Very small count for state 559: 50; corresponding phone list: 15 16 17 18 
WARNING (gmm-init-model[5.1.32~1-34128]:InitAmGmm():gmm-init-model.cc:83) Very small count for state 560: 28; corresponding phone list: 207 209 210 
WARNING (gmm-init-model[5.1.32~1-34128]:InitAmGmm():gmm-init-model.cc:83) Very small count for state 561: 45; corresponding phone list: 183 184 185 186 
WARNING (gmm-init-model[5.1.32~1-34128]:InitAmGmm():gmm-init-model.cc:83) Very small count for state 562: 42; corresponding phone list: 163 164 165 166 
WARNING (gmm-init-model[5.1.32~1-34128]:InitAmGmm():gmm-init-model.cc:83) Very small count for state 563: 45; corresponding phone list: 183 184 185 186 
WARNING (gmm-init-model[5.1.32~1-34128]:InitAmGmm():gmm-init-model.cc:83) Very small count for state 565: 30; corresponding phone list: 103 104 105 106 
WARNING (gmm-init-model[5.1.32~1-34128]:InitAmGmm():gmm-init-model.cc:83) Very small count for state 566: 17; corresponding phone list: 59 60 61 62 
WARNING (gmm-init-model[5.1.32~1-34128]:InitAmGmm():gmm-init-model.cc:83) Very small count for state 567: 60; corresponding phone list: 63 64 65 66 
WARNING (gmm-init-model[5.1.32~1-34128]:InitAmGmm():gmm-init-model.cc:83) Very small count for state 568: 42; corresponding phone list: 107 108 109 110 
WARNING (gmm-init-model[5.1.32~1-34128]:InitAmGmm():gmm-init-model.cc:83) Very small count for state 569: 51; corresponding phone list: 208 
WARNING (gmm-init-model[5.1.32~1-34128]:InitAmGmm():gmm-init-model.cc:83) Very small count for state 570: 57; corresponding phone list: 207 208 209 210 
WARNING (gmm-init-model[5.1.32~1-34128]:InitAmGmm():gmm-init-model.cc:83) Very small count for state 571: 28; corresponding phone list: 163 165 166 
WARNING (gmm-init-model[5.1.32~1-34128]:InitAmGmm():gmm-init-model.cc:83) Very small count for state 573: 42; corresponding phone list: 133 
WARNING (gmm-init-model[5.1.32~1-34128]:InitAmGmm():gmm-init-model.cc:83) Very small count for state 574: 66; corresponding phone list: 16 
WARNING (gmm-init-model[5.1.32~1-34128]:InitAmGmm():gmm-init-model.cc:83) Very small count for state 575: 42; corresponding phone list: 183 184 185 186 
WARNING (gmm-init-model[5.1.32~1-34128]:InitAmGmm():gmm-init-model.cc:83) Very small count for state 576: 35; corresponding phone list: 184 185 186 
WARNING (gmm-init-model[5.1.32~1-34128]:InitAmGmm():gmm-init-model.cc:83) Very small count for state 577: 42; corresponding phone list: 63 64 65 66 
WARNING (gmm-init-model[5.1.32~1-34128]:InitAmGmm():gmm-init-model.cc:83) Very small count for state 578: 16; corresponding phone list: 55 56 57 58 
WARNING (gmm-init-model[5.1.32~1-34128]:InitAmGmm():gmm-init-model.cc:83) Very small count for state 579: 67; corresponding phone list: 191 192 193 194 
WARNING (gmm-init-model[5.1.32~1-34128]:InitAmGmm():gmm-init-model.cc:83) Very small count for state 580: 27; corresponding phone list: 191 192 193 194 
WARNING (gmm-init-model[5.1.32~1-34128]:InitAmGmm():gmm-init-model.cc:83) Very small count for state 581: 62; corresponding phone list: 175 176 177 178 
WARNING (gmm-init-model[5.1.32~1-34128]:InitAmGmm():gmm-init-model.cc:83) Very small count for state 582: 49; corresponding phone list: 187 188 189 190 
WARNING (gmm-init-model[5.1.32~1-34128]:InitAmGmm():gmm-init-model.cc:83) Very small count for state 583: 22; corresponding phone list: 55 56 57 58 
WARNING (gmm-init-model[5.1.32~1-34128]:InitAmGmm():gmm-init-model.cc:83) Very small count for state 584: 99; corresponding phone list: 103 104 105 106 
WARNING (gmm-init-model[5.1.32~1-34128]:InitAmGmm():gmm-init-model.cc:83) Very small count for state 585: 18; corresponding phone list: 23 24 25 26 
WARNING (gmm-init-model[5.1.32~1-34128]:InitAmGmm():gmm-init-model.cc:83) Very small count for state 586: 12; corresponding phone list: 111 112 113 114 
WARNING (gmm-init-model[5.1.32~1-34128]:InitAmGmm():gmm-init-model.cc:83) Very small count for state 587: 29; corresponding phone list: 133 
WARNING (gmm-init-model[5.1.32~1-34128]:InitAmGmm():gmm-init-model.cc:83) Very small count for state 588: 59; corresponding phone list: 175 176 177 178 
WARNING (gmm-init-model[5.1.32~1-34128]:InitAmGmm():gmm-init-model.cc:83) Very small count for state 589: 48; corresponding phone list: 171 172 173 174 
WARNING (gmm-init-model[5.1.32~1-34128]:InitAmGmm():gmm-init-model.cc:83) Very small count for state 590: 25; corresponding phone list: 119 120 121 122 
WARNING (gmm-init-model[5.1.32~1-34128]:InitAmGmm():gmm-init-model.cc:83) Very small count for state 591: 36; corresponding phone list: 164 
WARNING (gmm-init-model[5.1.32~1-34128]:InitAmGmm():gmm-init-model.cc:83) Very small count for state 592: 31; corresponding phone list: 64 
WARNING (gmm-init-model[5.1.32~1-34128]:InitAmGmm():gmm-init-model.cc:83) Very small count for state 593: 40; corresponding phone list: 207 208 209 210 
WARNING (gmm-init-model[5.1.32~1-34128]:InitAmGmm():gmm-init-model.cc:83) Very small count for state 594: 30; corresponding phone list: 175 176 177 178 
WARNING (gmm-init-model[5.1.32~1-34128]:InitAmGmm():gmm-init-model.cc:83) Very small count for state 595: 40; corresponding phone list: 51 52 53 54 
WARNING (gmm-init-model[5.1.32~1-34128]:InitAmGmm():gmm-init-model.cc:83) Very small count for state 596: 72; corresponding phone list: 31 32 33 34 
WARNING (gmm-init-model[5.1.32~1-34128]:InitAmGmm():gmm-init-model.cc:83) Very small count for state 597: 68; corresponding phone list: 71 72 73 74 
WARNING (gmm-init-model[5.1.32~1-34128]:InitAmGmm():gmm-init-model.cc:83) Very small count for state 598: 60; corresponding phone list: 207 208 209 210 
WARNING (gmm-init-model[5.1.32~1-34128]:InitAmGmm():gmm-init-model.cc:83) Very small count for state 599: 44; corresponding phone list: 163 164 165 166 
WARNING (gmm-init-model[5.1.32~1-34128]:InitAmGmm():gmm-init-model.cc:83) Very small count for state 600: 47; corresponding phone list: 208 
WARNING (gmm-init-model[5.1.32~1-34128]:InitAmGmm():gmm-init-model.cc:83) Very small count for state 601: 60; corresponding phone list: 103 104 105 106 
WARNING (gmm-init-model[5.1.32~1-34128]:InitAmGmm():gmm-init-model.cc:83) Very small count for state 602: 11; corresponding phone list: 111 112 113 114 
WARNING (gmm-init-model[5.1.32~1-34128]:InitAmGmm():gmm-init-model.cc:83) Very small count for state 603: 24; corresponding phone list: 207 208 209 210 
WARNING (gmm-init-model[5.1.32~1-34128]:InitAmGmm():gmm-init-model.cc:83) Very small count for state 604: 42; corresponding phone list: 63 65 66 
WARNING (gmm-init-model[5.1.32~1-34128]:InitAmGmm():gmm-init-model.cc:83) Very small count for state 605: 6; corresponding phone list: 63 64 65 66 
WARNING (gmm-init-model[5.1.32~1-34128]:InitAmGmm():gmm-init-model.cc:83) Very small count for state 606: 5; corresponding phone list: 167 168 169 170 
WARNING (gmm-init-model[5.1.32~1-34128]:InitAmGmm():gmm-init-model.cc:83) Very small count for state 607: 36; corresponding phone list: 167 168 169 170 
WARNING (gmm-init-model[5.1.32~1-34128]:InitAmGmm():gmm-init-model.cc:83) Very small count for state 608: 92; corresponding phone list: 15 16 17 18 
WARNING (gmm-init-model[5.1.32~1-34128]:InitAmGmm():gmm-init-model.cc:83) Very small count for state 609: 37; corresponding phone list: 163 164 165 166 
WARNING (gmm-init-model[5.1.32~1-34128]:InitAmGmm():gmm-init-model.cc:83) Very small count for state 610: 63; corresponding phone list: 123 124 125 126 
WARNING (gmm-init-model[5.1.32~1-34128]:InitAmGmm():gmm-init-model.cc:83) Very small count for state 611: 25; corresponding phone list: 147 148 149 150 
WARNING (gmm-init-model[5.1.32~1-34128]:InitAmGmm():gmm-init-model.cc:83) Very small count for state 612: 13; corresponding phone list: 175 176 177 178 
WARNING (gmm-init-model[5.1.32~1-34128]:InitAmGmm():gmm-init-model.cc:83) Very small count for state 613: 6; corresponding phone list: 103 104 105 106 
WARNING (gmm-init-model[5.1.32~1-34128]:InitAmGmm():gmm-init-model.cc:83) Very small count for state 614: 37; corresponding phone list: 175 176 177 178 
WARNING (gmm-init-model[5.1.32~1-34128]:InitAmGmm():gmm-init-model.cc:83) Very small count for state 615: 93; corresponding phone list: 59 60 61 62 
WARNING (gmm-init-model[5.1.32~1-34128]:InitAmGmm():gmm-init-model.cc:83) Very small count for state 618: 27; corresponding phone list: 207 208 209 210 
WARNING (gmm-init-model[5.1.32~1-34128]:InitAmGmm():gmm-init-model.cc:83) Very small count for state 619: 47; corresponding phone list: 207 208 209 210 
WARNING (gmm-init-model[5.1.32~1-34128]:InitAmGmm():gmm-init-model.cc:83) Very small count for state 620: 50; corresponding phone list: 131 132 133 134 
WARNING (gmm-init-model[5.1.32~1-34128]:InitAmGmm():gmm-init-model.cc:83) Very small count for state 621: 36; corresponding phone list: 131 132 133 134 
WARNING (gmm-init-model[5.1.32~1-34128]:InitAmGmm():gmm-init-model.cc:83) Very small count for state 622: 37; corresponding phone list: 131 132 134 
WARNING (gmm-init-model[5.1.32~1-34128]:InitAmGmm():gmm-init-model.cc:83) Very small count for state 623: 76; corresponding phone list: 131 132 133 134 
WARNING (gmm-init-model[5.1.32~1-34128]:InitAmGmm():gmm-init-model.cc:83) Very small count for state 624: 27; corresponding phone list: 131 132 133 134 
WARNING (gmm-init-model[5.1.32~1-34128]:InitAmGmm():gmm-init-model.cc:83) Very small count for state 625: 55; corresponding phone list: 139 140 141 142 
WARNING (gmm-init-model[5.1.32~1-34128]:InitAmGmm():gmm-init-model.cc:83) Very small count for state 626: 50; corresponding phone list: 71 72 73 74 
WARNING (gmm-init-model[5.1.32~1-34128]:InitAmGmm():gmm-init-model.cc:83) Very small count for state 628: 5; corresponding phone list: 23 24 25 26 
WARNING (gmm-init-model[5.1.32~1-34128]:InitAmGmm():gmm-init-model.cc:83) Very small count for state 629: 23; corresponding phone list: 163 164 165 166 
WARNING (gmm-init-model[5.1.32~1-34128]:InitAmGmm():gmm-init-model.cc:83) Very small count for state 630: 84; corresponding phone list: 163 164 165 166 
WARNING (gmm-init-model[5.1.32~1-34128]:InitAmGmm():gmm-init-model.cc:83) Very small count for state 631: 93; corresponding phone list: 163 164 165 166 
WARNING (gmm-init-model[5.1.32~1-34128]:InitAmGmm():gmm-init-model.cc:83) Very small count for state 632: 30; corresponding phone list: 163 164 165 166 
WARNING (gmm-init-model[5.1.32~1-34128]:InitAmGmm():gmm-init-model.cc:83) Very small count for state 633: 34; corresponding phone list: 131 132 134 
WARNING (gmm-init-model[5.1.32~1-34128]:InitAmGmm():gmm-init-model.cc:83) Very small count for state 635: 47; corresponding phone list: 163 164 165 166 
WARNING (gmm-init-model[5.1.32~1-34128]:InitAmGmm():gmm-init-model.cc:83) Very small count for state 636: 71; corresponding phone list: 63 64 65 66 
WARNING (gmm-init-model[5.1.32~1-34128]:InitAmGmm():gmm-init-model.cc:83) Very small count for state 637: 56; corresponding phone list: 183 
WARNING (gmm-init-model[5.1.32~1-34128]:InitAmGmm():gmm-init-model.cc:83) Very small count for state 638: 30; corresponding phone list: 175 176 177 178 
WARNING (gmm-init-model[5.1.32~1-34128]:InitAmGmm():gmm-init-model.cc:83) Very small count for state 639: 54; corresponding phone list: 23 24 25 26 
WARNING (gmm-init-model[5.1.32~1-34128]:InitAmGmm():gmm-init-model.cc:83) Very small count for state 640: 53; corresponding phone list: 23 24 25 26 
WARNING (gmm-init-model[5.1.32~1-34128]:InitAmGmm():gmm-init-model.cc:83) Very small count for state 641: 6; corresponding phone list: 183 184 185 186 
WARNING (gmm-init-model[5.1.32~1-34128]:InitAmGmm():gmm-init-model.cc:83) Very small count for state 642: 99; corresponding phone list: 208 
WARNING (gmm-init-model[5.1.32~1-34128]:InitAmGmm():gmm-init-model.cc:83) Very small count for state 643: 36; corresponding phone list: 111 112 113 114 
WARNING (gmm-init-model[5.1.32~1-34128]:InitAmGmm():gmm-init-model.cc:83) Very small count for state 644: 77; corresponding phone list: 111 112 113 114 
WARNING (gmm-init-model[5.1.32~1-34128]:InitAmGmm():gmm-init-model.cc:83) Very small count for state 645: 24; corresponding phone list: 179 180 181 182 
WARNING (gmm-init-model[5.1.32~1-34128]:InitAmGmm():gmm-init-model.cc:83) Very small count for state 646: 67; corresponding phone list: 199 200 201 202 
WARNING (gmm-init-model[5.1.32~1-34128]:InitAmGmm():gmm-init-model.cc:83) Very small count for state 647: 56; corresponding phone list: 183 184 185 186 
WARNING (gmm-init-model[5.1.32~1-34128]:InitAmGmm():gmm-init-model.cc:83) Very small count for state 648: 97; corresponding phone list: 111 112 113 114 
WARNING (gmm-init-model[5.1.32~1-34128]:InitAmGmm():gmm-init-model.cc:83) Very small count for state 650: 27; corresponding phone list: 207 208 209 210 
WARNING (gmm-init-model[5.1.32~1-34128]:InitAmGmm():gmm-init-model.cc:83) Very small count for state 651: 12; corresponding phone list: 79 80 81 82 
WARNING (gmm-init-model[5.1.32~1-34128]:InitAmGmm():gmm-init-model.cc:83) Very small count for state 652: 19; corresponding phone list: 103 104 105 106 
WARNING (gmm-init-model[5.1.32~1-34128]:InitAmGmm():gmm-init-model.cc:83) Very small count for state 654: 28; corresponding phone list: 99 100 101 102 
WARNING (gmm-init-model[5.1.32~1-34128]:InitAmGmm():gmm-init-model.cc:83) Very small count for state 655: 50; corresponding phone list: 15 16 17 18 
WARNING (gmm-init-model[5.1.32~1-34128]:InitAmGmm():gmm-init-model.cc:83) Very small count for state 656: 35; corresponding phone list: 163 164 165 166 
WARNING (gmm-init-model[5.1.32~1-34128]:InitAmGmm():gmm-init-model.cc:83) Very small count for state 657: 39; corresponding phone list: 207 208 209 210 
WARNING (gmm-init-model[5.1.32~1-34128]:InitAmGmm():gmm-init-model.cc:83) Very small count for state 658: 20; corresponding phone list: 155 156 157 158 
WARNING (gmm-init-model[5.1.32~1-34128]:InitAmGmm():gmm-init-model.cc:83) Very small count for state 659: 24; corresponding phone list: 207 209 210 
WARNING (gmm-init-model[5.1.32~1-34128]:InitAmGmm():gmm-init-model.cc:83) Very small count for state 660: 62; corresponding phone list: 183 184 185 186 
WARNING (gmm-init-model[5.1.32~1-34128]:InitAmGmm():gmm-init-model.cc:83) Very small count for state 661: 76; corresponding phone list: 155 156 157 158 
WARNING (gmm-init-model[5.1.32~1-34128]:InitAmGmm():gmm-init-model.cc:83) Very small count for state 662: 52; corresponding phone list: 203 204 205 206 
WARNING (gmm-init-model[5.1.32~1-34128]:InitAmGmm():gmm-init-model.cc:83) Very small count for state 663: 31; corresponding phone list: 31 32 33 34 
WARNING (gmm-init-model[5.1.32~1-34128]:InitAmGmm():gmm-init-model.cc:83) Very small count for state 664: 23; corresponding phone list: 15 17 18 
WARNING (gmm-init-model[5.1.32~1-34128]:InitAmGmm():gmm-init-model.cc:83) Very small count for state 665: 40; corresponding phone list: 139 140 141 142 
WARNING (gmm-init-model[5.1.32~1-34128]:InitAmGmm():gmm-init-model.cc:83) Very small count for state 666: 11; corresponding phone list: 64 
WARNING (gmm-init-model[5.1.32~1-34128]:InitAmGmm():gmm-init-model.cc:83) Very small count for state 668: 47; corresponding phone list: 15 16 17 18 
WARNING (gmm-init-model[5.1.32~1-34128]:InitAmGmm():gmm-init-model.cc:83) Very small count for state 670: 24; corresponding phone list: 167 168 169 170 
WARNING (gmm-init-model[5.1.32~1-34128]:InitAmGmm():gmm-init-model.cc:83) Very small count for state 672: 18; corresponding phone list: 63 64 65 66 
WARNING (gmm-init-model[5.1.32~1-34128]:InitAmGmm():gmm-init-model.cc:83) Very small count for state 673: 29; corresponding phone list: 15 16 17 18 
WARNING (gmm-init-model[5.1.32~1-34128]:InitAmGmm():gmm-init-model.cc:83) Very small count for state 674: 63; corresponding phone list: 63 65 66 
WARNING (gmm-init-model[5.1.32~1-34128]:InitAmGmm():gmm-init-model.cc:83) Very small count for state 675: 74; corresponding phone list: 103 104 105 106 
WARNING (gmm-init-model[5.1.32~1-34128]:InitAmGmm():gmm-init-model.cc:83) Very small count for state 677: 62; corresponding phone list: 103 104 105 106 
WARNING (gmm-init-model[5.1.32~1-34128]:InitAmGmm():gmm-init-model.cc:83) Very small count for state 678: 13; corresponding phone list: 103 104 105 106 
WARNING (gmm-init-model[5.1.32~1-34128]:InitAmGmm():gmm-init-model.cc:83) Very small count for state 679: 52; corresponding phone list: 191 193 194 
WARNING (gmm-init-model[5.1.32~1-34128]:InitAmGmm():gmm-init-model.cc:83) Very small count for state 680: 24; corresponding phone list: 123 124 125 126 
WARNING (gmm-init-model[5.1.32~1-34128]:InitAmGmm():gmm-init-model.cc:83) Very small count for state 681: 77; corresponding phone list: 123 124 125 126 
WARNING (gmm-init-model[5.1.32~1-34128]:InitAmGmm():gmm-init-model.cc:83) Very small count for state 682: 49; corresponding phone list: 183 184 185 186 
WARNING (gmm-init-model[5.1.32~1-34128]:InitAmGmm():gmm-init-model.cc:83) Very small count for state 683: 32; corresponding phone list: 183 184 185 186 
WARNING (gmm-init-model[5.1.32~1-34128]:InitAmGmm():gmm-init-model.cc:83) Very small count for state 684: 30; corresponding phone list: 175 176 178 
WARNING (gmm-init-model[5.1.32~1-34128]:InitAmGmm():gmm-init-model.cc:83) Very small count for state 686: 79; corresponding phone list: 175 176 177 178 
WARNING (gmm-init-model[5.1.32~1-34128]:InitAmGmm():gmm-init-model.cc:83) Very small count for state 687: 32; corresponding phone list: 183 184 185 186 
WARNING (gmm-init-model[5.1.32~1-34128]:InitAmGmm():gmm-init-model.cc:83) Very small count for state 688: 87; corresponding phone list: 183 184 185 186 
WARNING (gmm-init-model[5.1.32~1-34128]:InitAmGmm():gmm-init-model.cc:83) Very small count for state 689: 17; corresponding phone list: 183 184 185 186 
WARNING (gmm-init-model[5.1.32~1-34128]:InitAmGmm():gmm-init-model.cc:83) Very small count for state 690: 26; corresponding phone list: 63 64 65 66 
WARNING (gmm-init-model[5.1.32~1-34128]:InitAmGmm():gmm-init-model.cc:83) Very small count for state 691: 24; corresponding phone list: 99 100 101 102 
WARNING (gmm-init-model[5.1.32~1-34128]:InitAmGmm():gmm-init-model.cc:83) Very small count for state 693: 35; corresponding phone list: 191 192 193 194 
WARNING (gmm-init-model[5.1.32~1-34128]:InitAmGmm():gmm-init-model.cc:83) Very small count for state 694: 51; corresponding phone list: 187 188 189 190 
WARNING (gmm-init-model[5.1.32~1-34128]:InitAmGmm():gmm-init-model.cc:83) Very small count for state 695: 43; corresponding phone list: 63 65 66 
WARNING (gmm-init-model[5.1.32~1-34128]:InitAmGmm():gmm-init-model.cc:83) Very small count for state 696: 37; corresponding phone list: 83 84 85 86 
WARNING (gmm-init-model[5.1.32~1-34128]:InitAmGmm():gmm-init-model.cc:83) Very small count for state 697: 6; corresponding phone list: 183 184 185 186 
WARNING (gmm-init-model[5.1.32~1-34128]:InitAmGmm():gmm-init-model.cc:83) Very small count for state 698: 30; corresponding phone list: 99 100 101 102 
WARNING (gmm-init-model[5.1.32~1-34128]:InitAmGmm():gmm-init-model.cc:83) Very small count for state 700: 76; corresponding phone list: 203 204 205 206 
WARNING (gmm-init-model[5.1.32~1-34128]:InitAmGmm():gmm-init-model.cc:83) Very small count for state 701: 13; corresponding phone list: 63 64 65 66 
WARNING (gmm-init-model[5.1.32~1-34128]:InitAmGmm():gmm-init-model.cc:83) Very small count for state 702: 70; corresponding phone list: 183 184 185 186 
WARNING (gmm-init-model[5.1.32~1-34128]:InitAmGmm():gmm-init-model.cc:83) Very small count for state 703: 57; corresponding phone list: 175 176 177 178 
WARNING (gmm-init-model[5.1.32~1-34128]:InitAmGmm():gmm-init-model.cc:83) Very small count for state 704: 6; corresponding phone list: 203 204 205 206 
WARNING (gmm-init-model[5.1.32~1-34128]:InitAmGmm():gmm-init-model.cc:83) Very small count for state 705: 12; corresponding phone list: 63 64 65 66 
WARNING (gmm-init-model[5.1.32~1-34128]:InitAmGmm():gmm-init-model.cc:83) Very small count for state 706: 99; corresponding phone list: 139 140 141 142 
WARNING (gmm-init-model[5.1.32~1-34128]:InitAmGmm():gmm-init-model.cc:83) Very small count for state 707: 41; corresponding phone list: 139 140 141 142 
WARNING (gmm-init-model[5.1.32~1-34128]:InitAmGmm():gmm-init-model.cc:83) Very small count for state 709: 45; corresponding phone list: 139 140 141 142 
WARNING (gmm-init-model[5.1.32~1-34128]:InitAmGmm():gmm-init-model.cc:83) Very small count for state 710: 66; corresponding phone list: 175 176 177 178 
WARNING (gmm-init-model[5.1.32~1-34128]:InitAmGmm():gmm-init-model.cc:83) Very small count for state 713: 37; corresponding phone list: 119 120 121 122 
WARNING (gmm-init-model[5.1.32~1-34128]:InitAmGmm():gmm-init-model.cc:83) Very small count for state 714: 12; corresponding phone list: 63 64 65 66 
WARNING (gmm-init-model[5.1.32~1-34128]:InitAmGmm():gmm-init-model.cc:83) Very small count for state 715: 12; corresponding phone list: 63 64 65 66 
WARNING (gmm-init-model[5.1.32~1-34128]:InitAmGmm():gmm-init-model.cc:83) Very small count for state 716: 12; corresponding phone list: 63 64 65 66 
WARNING (gmm-init-model[5.1.32~1-34128]:InitAmGmm():gmm-init-model.cc:83) Very small count for state 717: 45; corresponding phone list: 63 64 65 66 
WARNING (gmm-init-model[5.1.32~1-34128]:InitAmGmm():gmm-init-model.cc:83) Very small count for state 718: 6; corresponding phone list: 175 176 177 178 
WARNING (gmm-init-model[5.1.32~1-34128]:InitAmGmm():gmm-init-model.cc:83) Very small count for state 719: 52; corresponding phone list: 63 64 65 66 
WARNING (gmm-init-model[5.1.32~1-34128]:InitAmGmm():gmm-init-model.cc:83) Very small count for state 720: 34; corresponding phone list: 151 152 153 154 
WARNING (gmm-init-model[5.1.32~1-34128]:InitAmGmm():gmm-init-model.cc:83) Very small count for state 721: 25; corresponding phone list: 83 84 85 86 
WARNING (gmm-init-model[5.1.32~1-34128]:InitAmGmm():gmm-init-model.cc:83) Very small count for state 722: 6; corresponding phone list: 171 172 173 174 
WARNING (gmm-init-model[5.1.32~1-34128]:InitAmGmm():gmm-init-model.cc:83) Very small count for state 723: 12; corresponding phone list: 171 172 173 174 
WARNING (gmm-init-model[5.1.32~1-34128]:InitAmGmm():gmm-init-model.cc:83) Very small count for state 724: 40; corresponding phone list: 171 172 173 174 
WARNING (gmm-init-model[5.1.32~1-34128]:InitAmGmm():gmm-init-model.cc:83) Very small count for state 726: 54; corresponding phone list: 59 60 61 62 
WARNING (gmm-init-model[5.1.32~1-34128]:InitAmGmm():gmm-init-model.cc:83) Very small count for state 727: 18; corresponding phone list: 71 72 73 74 
WARNING (gmm-init-model[5.1.32~1-34128]:InitAmGmm():gmm-init-model.cc:83) Very small count for state 728: 6; corresponding phone list: 171 172 173 174 
LOG (gmm-init-model[5.1.32~1-34128]:main():gmm-init-model.cc:306) Wrote model.
# Accounting: time=0 threads=1
# Ended (code 0) at Sun Apr 30 13:59:30 IST 2017, elapsed time 0 seconds
