# lattice-best-path --lm-scale=17 --word-symbol-table=exp/mono/graph/words.txt "ark:gunzip -c exp/mono/decode/lat.*.gz|" ark,t:exp/mono/decode/scoring/17.tra 
# Started at Sun Apr 30 11:25:46 IST 2017
#
lattice-best-path --lm-scale=17 --word-symbol-table=exp/mono/graph/words.txt 'ark:gunzip -c exp/mono/decode/lat.*.gz|' ark,t:exp/mono/decode/scoring/17.tra 
LOG (lattice-best-path[5.0.61~2-37b53]:main():lattice-best-path.cc:99) For utterance lakshya6-24, best cost 273.57 + 16460.5 = 16734 over 274 frames.
lakshya6-24 genre 
LOG (lattice-best-path[5.0.61~2-37b53]:main():lattice-best-path.cc:99) For utterance lakshya6-25, best cost 222.008 + 20351.5 = 20573.5 over 325 frames.
lakshya6-25 genre 
LOG (lattice-best-path[5.0.61~2-37b53]:main():lattice-best-path.cc:99) For utterance lakshya6-26, best cost 272.317 + 14719.7 = 14992.1 over 244 frames.
lakshya6-26 genre 
LOG (lattice-best-path[5.0.61~2-37b53]:main():lattice-best-path.cc:99) For utterance lakshya6-27, best cost 335.157 + 20820.8 = 21156 over 323 frames.
lakshya6-27 genre 
LOG (lattice-best-path[5.0.61~2-37b53]:main():lattice-best-path.cc:99) For utterance lakshya6-28, best cost 322.704 + 17358.8 = 17681.5 over 263 frames.
lakshya6-28 genre 
LOG (lattice-best-path[5.0.61~2-37b53]:main():lattice-best-path.cc:99) For utterance lakshya6-indie_pop-bhool_ja, best cost 360.079 + 11358.7 = 11718.8 over 158 frames.
lakshya6-indie_pop-bhool_ja bhool ja 
LOG (lattice-best-path[5.0.61~2-37b53]:main():lattice-best-path.cc:99) For utterance lakshya6-indie_pop-deewana_tera, best cost 403.381 + 12993.8 = 13397.2 over 174 frames.
lakshya6-indie_pop-deewana_tera deewana tera 
LOG (lattice-best-path[5.0.61~2-37b53]:main():lattice-best-path.cc:99) For utterance lakshya6-indie_pop-indie_pop, best cost 423.858 + 14645 = 15068.9 over 191 frames.
lakshya6-indie_pop-indie_pop indie pop 
LOG (lattice-best-path[5.0.61~2-37b53]:main():lattice-best-path.cc:99) For utterance lakshya6-indie_pop-kajra_re, best cost 331.044 + 10204.7 = 10535.7 over 140 frames.
lakshya6-indie_pop-kajra_re kajra re 
LOG (lattice-best-path[5.0.61~2-37b53]:main():lattice-best-path.cc:99) For utterance lakshya6-indie_pop-o_piya, best cost 311.879 + 10453.5 = 10765.4 over 151 frames.
lakshya6-indie_pop-o_piya o piya 
LOG (lattice-best-path[5.0.61~2-37b53]:main():lattice-best-path.cc:99) For utterance lakshya6-indie_pop-saathiya, best cost 231.869 + 9791.91 = 10023.8 over 135 frames.
lakshya6-indie_pop-saathiya saathiya 
LOG (lattice-best-path[5.0.61~2-37b53]:main():lattice-best-path.cc:99) For utterance lakshya6-indie_pop-tanha_dil, best cost 228.898 + 11592.9 = 11821.8 over 151 frames.
lakshya6-indie_pop-tanha_dil tanha 
LOG (lattice-best-path[5.0.61~2-37b53]:main():lattice-best-path.cc:99) For utterance lakshya6-indie_pop-tera_chehra, best cost 353.623 + 11897.6 = 12251.2 over 161 frames.
lakshya6-indie_pop-tera_chehra to chehra 
LOG (lattice-best-path[5.0.61~2-37b53]:main():lattice-best-path.cc:99) For utterance lakshya6-indie_pop-woh_chali_woh_chali, best cost 488.188 + 14064.2 = 14552.4 over 184 frames.
lakshya6-indie_pop-woh_chali_woh_chali chali woh chali 
LOG (lattice-best-path[5.0.61~2-37b53]:main():lattice-best-path.cc:99) For utterance lakshya6-indie_pop-yaad_pia_ki, best cost 479.841 + 14653.6 = 15133.5 over 200 frames.
lakshya6-indie_pop-yaad_pia_ki yaad pia ki 
LOG (lattice-best-path[5.0.61~2-37b53]:main():lattice-best-path.cc:99) For utterance lakshya6-indie_pop-yaaron, best cost 213.009 + 11031.2 = 11244.2 over 154 frames.
lakshya6-indie_pop-yaaron yaaron 
LOG (lattice-best-path[5.0.61~2-37b53]:main():lattice-best-path.cc:99) For utterance lakshya6-jazz-all_of_me, best cost 410.031 + 11298.4 = 11708.4 over 156 frames.
lakshya6-jazz-all_of_me all of me 
LOG (lattice-best-path[5.0.61~2-37b53]:main():lattice-best-path.cc:99) For utterance lakshya6-jazz-autumn_leaves, best cost 341.834 + 11614.6 = 11956.4 over 163 frames.
lakshya6-jazz-autumn_leaves autumn leaves 
LOG (lattice-best-path[5.0.61~2-37b53]:main():lattice-best-path.cc:99) For utterance lakshya6-jazz-blue_monk, best cost 412.476 + 12761.1 = 13173.6 over 172 frames.
lakshya6-jazz-blue_monk blue monk 
LOG (lattice-best-path[5.0.61~2-37b53]:main():lattice-best-path.cc:99) For utterance lakshya6-jazz-body_and_soul, best cost 377.004 + 13382.5 = 13759.5 over 186 frames.
lakshya6-jazz-body_and_soul body and 
LOG (lattice-best-path[5.0.61~2-37b53]:main():lattice-best-path.cc:99) For utterance lakshya6-jazz-jazz, best cost 245.094 + 11642.8 = 11887.9 over 163 frames.
lakshya6-jazz-jazz jazz 
LOG (lattice-best-path[5.0.61~2-37b53]:main():lattice-best-path.cc:99) For utterance lakshya6-jazz-misty, best cost 257.786 + 11934.1 = 12191.9 over 163 frames.
lakshya6-jazz-misty misty 
LOG (lattice-best-path[5.0.61~2-37b53]:main():lattice-best-path.cc:99) For utterance lakshya6-jazz-my_funny_valentine, best cost 525.488 + 15680.9 = 16206.4 over 205 frames.
lakshya6-jazz-my_funny_valentine my funny valentine 
LOG (lattice-best-path[5.0.61~2-37b53]:main():lattice-best-path.cc:99) For utterance lakshya6-jazz-sing_sing_sing, best cost 482.58 + 12559.6 = 13042.2 over 179 frames.
lakshya6-jazz-sing_sing_sing sing sing sing 
LOG (lattice-best-path[5.0.61~2-37b53]:main():lattice-best-path.cc:99) For utterance lakshya6-jazz-sophisticated_lady, best cost 428.572 + 17219.3 = 17647.9 over 226 frames.
lakshya6-jazz-sophisticated_lady sophisticated lady 
LOG (lattice-best-path[5.0.61~2-37b53]:main():lattice-best-path.cc:99) For utterance lakshya6-jazz-strange_fruit, best cost 263.942 + 14796.4 = 15060.3 over 181 frames.
lakshya6-jazz-strange_fruit strange 
LOG (lattice-best-path[5.0.61~2-37b53]:main():lattice-best-path.cc:99) For utterance lakshya6-jazz-take_five, best cost 369.585 + 12206.3 = 12575.9 over 172 frames.
lakshya6-jazz-take_five take five 
LOG (lattice-best-path[5.0.61~2-37b53]:main():lattice-best-path.cc:99) For utterance lakshya6-pop-cheap_thrills, best cost 388.417 + 12803 = 13191.4 over 174 frames.
lakshya6-pop-cheap_thrills cheap thrills 
LOG (lattice-best-path[5.0.61~2-37b53]:main():lattice-best-path.cc:99) For utterance lakshya6-pop-fake_love, best cost 216.784 + 13758.9 = 13975.7 over 181 frames.
lakshya6-pop-fake_love love 
LOG (lattice-best-path[5.0.61~2-37b53]:main():lattice-best-path.cc:99) For utterance lakshya6-pop-hey_jude, best cost 234.747 + 11457.5 = 11692.3 over 156 frames.
lakshya6-pop-hey_jude hey 
LOG (lattice-best-path[5.0.61~2-37b53]:main():lattice-best-path.cc:99) For utterance lakshya6-pop-i_love_you, best cost 320.452 + 11925 = 12245.4 over 170 frames.
lakshya6-pop-i_love_you love you 
LOG (lattice-best-path[5.0.61~2-37b53]:main():lattice-best-path.cc:99) For utterance lakshya6-pop-photograph, best cost 256.71 + 14361.9 = 14618.6 over 191 frames.
lakshya6-pop-photograph photograph 
LOG (lattice-best-path[5.0.61~2-37b53]:main():lattice-best-path.cc:99) For utterance lakshya6-pop-play_that_song, best cost 477.055 + 13490.1 = 13967.1 over 188 frames.
lakshya6-pop-play_that_song play shape song 
LOG (lattice-best-path[5.0.61~2-37b53]:main():lattice-best-path.cc:99) For utterance lakshya6-pop-pop, best cost 249.707 + 10666.8 = 10916.5 over 154 frames.
lakshya6-pop-pop pop 
LOG (lattice-best-path[5.0.61~2-37b53]:main():lattice-best-path.cc:99) For utterance lakshya6-pop-rockabye, best cost 261.575 + 13252.5 = 13514.1 over 179 frames.
lakshya6-pop-rockabye rockabye 
LOG (lattice-best-path[5.0.61~2-37b53]:main():lattice-best-path.cc:99) For utterance lakshya6-pop-shape_of_you, best cost 472.776 + 15776.9 = 16249.7 over 226 frames.
lakshya6-pop-shape_of_you shape of you 
LOG (lattice-best-path[5.0.61~2-37b53]:main():lattice-best-path.cc:99) For utterance lakshya6-pop-something_just_like_this, best cost 506.382 + 19497.1 = 20003.5 over 246 frames.
lakshya6-pop-something_just_like_this just like this 
LOG (lattice-best-path[5.0.61~2-37b53]:main():lattice-best-path.cc:99) For utterance lakshya6-rock-back_in_black, best cost 428.746 + 9929.77 = 10358.5 over 130 frames.
lakshya6-rock-back_in_black back in black 
LOG (lattice-best-path[5.0.61~2-37b53]:main():lattice-best-path.cc:99) For utterance lakshya6-rock-born_to_be_wild, best cost 478.467 + 13264.7 = 13743.2 over 172 frames.
lakshya6-rock-born_to_be_wild born to wild 
LOG (lattice-best-path[5.0.61~2-37b53]:main():lattice-best-path.cc:99) For utterance lakshya6-rock-free_bird, best cost 249.553 + 11402.5 = 11652 over 149 frames.
lakshya6-rock-free_bird bird 
LOG (lattice-best-path[5.0.61~2-37b53]:main():lattice-best-path.cc:99) For utterance lakshya6-rock-highway_to_hell, best cost 475.502 + 12394 = 12869.6 over 163 frames.
lakshya6-rock-highway_to_hell highway to hey 
LOG (lattice-best-path[5.0.61~2-37b53]:main():lattice-best-path.cc:99) For utterance lakshya6-rock-hotel_california, best cost 400.555 + 14945.9 = 15346.5 over 184 frames.
lakshya6-rock-hotel_california to california 
LOG (lattice-best-path[5.0.61~2-37b53]:main():lattice-best-path.cc:99) For utterance lakshya6-rock-purple_haze, best cost 369.692 + 12835.7 = 13205.4 over 181 frames.
lakshya6-rock-purple_haze purple haze 
LOG (lattice-best-path[5.0.61~2-37b53]:main():lattice-best-path.cc:99) For utterance lakshya6-rock-rock, best cost 215.009 + 10697.4 = 10912.5 over 154 frames.
lakshya6-rock-rock rock 
LOG (lattice-best-path[5.0.61~2-37b53]:main():lattice-best-path.cc:99) For utterance lakshya6-rock-smoke_on_the_water, best cost 373.591 + 15152.8 = 15526.4 over 205 frames.
lakshya6-rock-smoke_on_the_water the water 
LOG (lattice-best-path[5.0.61~2-37b53]:main():lattice-best-path.cc:99) For utterance lakshya6-rock-stairway_to_heaven, best cost 255.552 + 13947.4 = 14203 over 172 frames.
lakshya6-rock-stairway_to_heaven tanha 
LOG (lattice-best-path[5.0.61~2-37b53]:main():lattice-best-path.cc:99) For utterance lakshya6-rock-sweet_child_o_mine, best cost 518.419 + 16086.5 = 16604.9 over 209 frames.
lakshya6-rock-sweet_child_o_mine sweet child mine 
LOG (lattice-best-path[5.0.61~2-37b53]:main():lattice-best-path.cc:99) For utterance lakshya6-rock-welcome_to_the_jungle, best cost 378.343 + 14198.4 = 14576.8 over 184 frames.
lakshya6-rock-welcome_to_the_jungle to jungle 
LOG (lattice-best-path[5.0.61~2-37b53]:main():lattice-best-path.cc:99) For utterance srijay6-24, best cost 200.416 + 16500.9 = 16701.3 over 274 frames.
srijay6-24 genre 
LOG (lattice-best-path[5.0.61~2-37b53]:main():lattice-best-path.cc:99) For utterance srijay6-25, best cost 201.008 + 20140.9 = 20341.9 over 325 frames.
srijay6-25 genre 
LOG (lattice-best-path[5.0.61~2-37b53]:main():lattice-best-path.cc:99) For utterance srijay6-26, best cost 199.458 + 14723 = 14922.4 over 244 frames.
srijay6-26 genre 
LOG (lattice-best-path[5.0.61~2-37b53]:main():lattice-best-path.cc:99) For utterance srijay6-27, best cost 355.657 + 20767.7 = 21123.3 over 323 frames.
srijay6-27 genre genre 
LOG (lattice-best-path[5.0.61~2-37b53]:main():lattice-best-path.cc:99) For utterance srijay6-28, best cost 246.805 + 17402.5 = 17649.3 over 263 frames.
srijay6-28 genre 
LOG (lattice-best-path[5.0.61~2-37b53]:main():lattice-best-path.cc:99) For utterance srijay6-indie_pop-bhool_ja, best cost 302.877 + 9251.87 = 9554.75 over 117 frames.
srijay6-indie_pop-bhool_ja bhool ja 
LOG (lattice-best-path[5.0.61~2-37b53]:main():lattice-best-path.cc:99) For utterance srijay6-indie_pop-deewana_tera, best cost 249.257 + 10068.9 = 10318.1 over 117 frames.
srijay6-indie_pop-deewana_tera deewana 
LOG (lattice-best-path[5.0.61~2-37b53]:main():lattice-best-path.cc:99) For utterance srijay6-indie_pop-indie_pop, best cost 345.9 + 9548.72 = 9894.62 over 117 frames.
srijay6-indie_pop-indie_pop indie pop 
LOG (lattice-best-path[5.0.61~2-37b53]:main():lattice-best-path.cc:99) For utterance srijay6-indie_pop-kajra_re, best cost 229.867 + 9569.29 = 9799.16 over 117 frames.
srijay6-indie_pop-kajra_re kajra 
LOG (lattice-best-path[5.0.61~2-37b53]:main():lattice-best-path.cc:99) For utterance srijay6-indie_pop-o_piya, best cost 234.426 + 9866.99 = 10101.4 over 117 frames.
srijay6-indie_pop-o_piya piya 
LOG (lattice-best-path[5.0.61~2-37b53]:main():lattice-best-path.cc:99) For utterance srijay6-indie_pop-saathiya, best cost 232.997 + 8825.26 = 9058.25 over 117 frames.
srijay6-indie_pop-saathiya saathiya 
LOG (lattice-best-path[5.0.61~2-37b53]:main():lattice-best-path.cc:99) For utterance srijay6-indie_pop-tanha_dil, best cost 339.008 + 9831.12 = 10170.1 over 117 frames.
srijay6-indie_pop-tanha_dil to dil 
LOG (lattice-best-path[5.0.61~2-37b53]:main():lattice-best-path.cc:99) For utterance srijay6-indie_pop-tera_chehra, best cost 335.716 + 9799.5 = 10135.2 over 117 frames.
srijay6-indie_pop-tera_chehra to chehra 
LOG (lattice-best-path[5.0.61~2-37b53]:main():lattice-best-path.cc:99) For utterance srijay6-indie_pop-woh_chali_woh_chali, best cost 547.948 + 9886.89 = 10434.8 over 117 frames.
srijay6-indie_pop-woh_chali_woh_chali woh chali woh chali 
LOG (lattice-best-path[5.0.61~2-37b53]:main():lattice-best-path.cc:99) For utterance srijay6-indie_pop-yaad_pia_ki, best cost 447.215 + 9585.72 = 10032.9 over 117 frames.
srijay6-indie_pop-yaad_pia_ki yaad pia ki 
LOG (lattice-best-path[5.0.61~2-37b53]:main():lattice-best-path.cc:99) For utterance srijay6-indie_pop-yaaron, best cost 211.555 + 9147.27 = 9358.82 over 117 frames.
srijay6-indie_pop-yaaron yaaron 
LOG (lattice-best-path[5.0.61~2-37b53]:main():lattice-best-path.cc:99) For utterance srijay6-jazz-all_of_me, best cost 429.621 + 9294.47 = 9724.09 over 117 frames.
srijay6-jazz-all_of_me all of me 
LOG (lattice-best-path[5.0.61~2-37b53]:main():lattice-best-path.cc:99) For utterance srijay6-jazz-autumn_leaves, best cost 236.894 + 9365.38 = 9602.28 over 117 frames.
srijay6-jazz-autumn_leaves leaves 
LOG (lattice-best-path[5.0.61~2-37b53]:main():lattice-best-path.cc:99) For utterance srijay6-jazz-blue_monk, best cost 332.629 + 9423.99 = 9756.62 over 117 frames.
srijay6-jazz-blue_monk blue monk 
LOG (lattice-best-path[5.0.61~2-37b53]:main():lattice-best-path.cc:99) For utterance srijay6-jazz-body_and_soul, best cost 453.523 + 10007.3 = 10460.8 over 117 frames.
srijay6-jazz-body_and_soul body and soul 
LOG (lattice-best-path[5.0.61~2-37b53]:main():lattice-best-path.cc:99) For utterance srijay6-jazz-jazz, best cost 244.082 + 9081.47 = 9325.55 over 117 frames.
srijay6-jazz-jazz jazz 
LOG (lattice-best-path[5.0.61~2-37b53]:main():lattice-best-path.cc:99) For utterance srijay6-jazz-misty, best cost 222.846 + 8866.13 = 9088.98 over 117 frames.
srijay6-jazz-misty misty 
LOG (lattice-best-path[5.0.61~2-37b53]:main():lattice-best-path.cc:99) For utterance srijay6-jazz-my_funny_valentine, best cost 344.829 + 9369.99 = 9714.81 over 117 frames.
srijay6-jazz-my_funny_valentine mine valentine 
LOG (lattice-best-path[5.0.61~2-37b53]:main():lattice-best-path.cc:99) For utterance srijay6-jazz-sing_sing_sing, best cost 292.956 + 9701.83 = 9994.79 over 117 frames.
srijay6-jazz-sing_sing_sing sing 
LOG (lattice-best-path[5.0.61~2-37b53]:main():lattice-best-path.cc:99) For utterance srijay6-jazz-sophisticated_lady, best cost 275.374 + 10675.1 = 10950.5 over 117 frames.
srijay6-jazz-sophisticated_lady sophisticated 
LOG (lattice-best-path[5.0.61~2-37b53]:main():lattice-best-path.cc:99) For utterance srijay6-jazz-strange_fruit, best cost 329.268 + 9488.9 = 9818.17 over 117 frames.
srijay6-jazz-strange_fruit strange fruit 
LOG (lattice-best-path[5.0.61~2-37b53]:main():lattice-best-path.cc:99) For utterance srijay6-jazz-take_five, best cost 352.57 + 9567 = 9919.57 over 117 frames.
srijay6-jazz-take_five take five 
LOG (lattice-best-path[5.0.61~2-37b53]:main():lattice-best-path.cc:99) For utterance srijay6-pop-cheap_thrills, best cost 329.045 + 9345.34 = 9674.38 over 117 frames.
srijay6-pop-cheap_thrills cheap thrills 
LOG (lattice-best-path[5.0.61~2-37b53]:main():lattice-best-path.cc:99) For utterance srijay6-pop-fake_love, best cost 323.785 + 9029.32 = 9353.11 over 117 frames.
srijay6-pop-fake_love fake love 
LOG (lattice-best-path[5.0.61~2-37b53]:main():lattice-best-path.cc:99) For utterance srijay6-pop-hey_jude, best cost 326.425 + 9165.91 = 9492.34 over 117 frames.
srijay6-pop-hey_jude hey jude 
LOG (lattice-best-path[5.0.61~2-37b53]:main():lattice-best-path.cc:99) For utterance srijay6-pop-i_love_you, best cost 224.62 + 9276.52 = 9501.14 over 117 frames.
srijay6-pop-i_love_you love 
LOG (lattice-best-path[5.0.61~2-37b53]:main():lattice-best-path.cc:99) For utterance srijay6-pop-photograph, best cost 227.266 + 8735.84 = 8963.1 over 117 frames.
srijay6-pop-photograph photograph 
LOG (lattice-best-path[5.0.61~2-37b53]:main():lattice-best-path.cc:99) For utterance srijay6-pop-play_that_song, best cost 462.44 + 9594.63 = 10057.1 over 117 frames.
srijay6-pop-play_that_song play shape song 
LOG (lattice-best-path[5.0.61~2-37b53]:main():lattice-best-path.cc:99) For utterance srijay6-pop-pop, best cost 203.574 + 9250.82 = 9454.4 over 117 frames.
srijay6-pop-pop pop 
LOG (lattice-best-path[5.0.61~2-37b53]:main():lattice-best-path.cc:99) For utterance srijay6-pop-rockabye, best cost 233.356 + 9480.68 = 9714.04 over 117 frames.
srijay6-pop-rockabye rockabye 
LOG (lattice-best-path[5.0.61~2-37b53]:main():lattice-best-path.cc:99) For utterance srijay6-pop-shape_of_you, best cost 438.774 + 9584.92 = 10023.7 over 117 frames.
srijay6-pop-shape_of_you shape of you 
LOG (lattice-best-path[5.0.61~2-37b53]:main():lattice-best-path.cc:99) For utterance srijay6-pop-something_just_like_this, best cost 441.941 + 9907.4 = 10349.3 over 117 frames.
srijay6-pop-something_just_like_this just like this 
LOG (lattice-best-path[5.0.61~2-37b53]:main():lattice-best-path.cc:99) For utterance srijay6-rock-back_in_black, best cost 375.064 + 9613.9 = 9988.96 over 117 frames.
srijay6-rock-back_in_black back black 
LOG (lattice-best-path[5.0.61~2-37b53]:main():lattice-best-path.cc:99) For utterance srijay6-rock-born_to_be_wild, best cost 449.803 + 10094.6 = 10544.4 over 117 frames.
srijay6-rock-born_to_be_wild born to wild 
LOG (lattice-best-path[5.0.61~2-37b53]:main():lattice-best-path.cc:99) For utterance srijay6-rock-free_bird, best cost 304.351 + 8097.52 = 8401.87 over 117 frames.
srijay6-rock-free_bird free bird 
LOG (lattice-best-path[5.0.61~2-37b53]:main():lattice-best-path.cc:99) For utterance srijay6-rock-highway_to_hell, best cost 456.001 + 9892.87 = 10348.9 over 117 frames.
srijay6-rock-highway_to_hell highway to dil 
LOG (lattice-best-path[5.0.61~2-37b53]:main():lattice-best-path.cc:99) For utterance srijay6-rock-hotel_california, best cost 354.943 + 9937.08 = 10292 over 117 frames.
srijay6-rock-hotel_california hotel california 
LOG (lattice-best-path[5.0.61~2-37b53]:main():lattice-best-path.cc:99) For utterance srijay6-rock-purple_haze, best cost 321.406 + 9514.94 = 9836.34 over 117 frames.
srijay6-rock-purple_haze purple haze 
LOG (lattice-best-path[5.0.61~2-37b53]:main():lattice-best-path.cc:99) For utterance srijay6-rock-rock, best cost 227.744 + 9613.02 = 9840.76 over 117 frames.
srijay6-rock-rock rock 
LOG (lattice-best-path[5.0.61~2-37b53]:main():lattice-best-path.cc:99) For utterance srijay6-rock-smoke_on_the_water, best cost 345.72 + 9793.42 = 10139.1 over 117 frames.
srijay6-rock-smoke_on_the_water the water 
LOG (lattice-best-path[5.0.61~2-37b53]:main():lattice-best-path.cc:99) For utterance srijay6-rock-stairway_to_heaven, best cost 227.119 + 10226.3 = 10453.4 over 117 frames.
srijay6-rock-stairway_to_heaven to 
LOG (lattice-best-path[5.0.61~2-37b53]:main():lattice-best-path.cc:99) For utterance srijay6-rock-sweet_child_o_mine, best cost 473.6 + 9795.13 = 10268.7 over 117 frames.
srijay6-rock-sweet_child_o_mine sweet child mine 
LOG (lattice-best-path[5.0.61~2-37b53]:main():lattice-best-path.cc:99) For utterance srijay6-rock-welcome_to_the_jungle, best cost 461.105 + 9781.15 = 10242.3 over 117 frames.
srijay6-rock-welcome_to_the_jungle to the jungle 
LOG (lattice-best-path[5.0.61~2-37b53]:main():lattice-best-path.cc:124) Overall cost per frame is 76.587 = 2.09419 [graph] + 74.4928 [acoustic] over 15422 frames.
LOG (lattice-best-path[5.0.61~2-37b53]:main():lattice-best-path.cc:128) Done 96 lattices, failed for 0
# Accounting: time=0 threads=1
# Ended (code 0) at Sun Apr 30 11:25:46 IST 2017, elapsed time 0 seconds
