# lattice-best-path --lm-scale=16 --word-symbol-table=exp/tri1/graph/words.txt "ark:gunzip -c exp/tri1/decode/lat.*.gz|" ark,t:exp/tri1/decode/scoring/16.tra 
# Started at Sun Apr 30 14:00:49 IST 2017
#
lattice-best-path --lm-scale=16 --word-symbol-table=exp/tri1/graph/words.txt 'ark:gunzip -c exp/tri1/decode/lat.*.gz|' ark,t:exp/tri1/decode/scoring/16.tra 
LOG (lattice-best-path[5.1.32~1-34128]:main():lattice-best-path.cc:99) For utterance lakshya6-24, best cost 246.729 + 8841.28 = 9088.01 over 274 frames.
lakshya6-24 genre 
LOG (lattice-best-path[5.1.32~1-34128]:main():lattice-best-path.cc:99) For utterance lakshya6-25, best cost 204.947 + 9191.75 = 9396.7 over 325 frames.
lakshya6-25 genre 
LOG (lattice-best-path[5.1.32~1-34128]:main():lattice-best-path.cc:99) For utterance lakshya6-26, best cost 245.885 + 8555.63 = 8801.52 over 244 frames.
lakshya6-26 genre 
LOG (lattice-best-path[5.1.32~1-34128]:main():lattice-best-path.cc:99) For utterance lakshya6-27, best cost 305.795 + 13803.4 = 14109.2 over 323 frames.
lakshya6-27 genre 
LOG (lattice-best-path[5.1.32~1-34128]:main():lattice-best-path.cc:99) For utterance lakshya6-28, best cost 292.869 + 8515.89 = 8808.76 over 263 frames.
lakshya6-28 genre 
LOG (lattice-best-path[5.1.32~1-34128]:main():lattice-best-path.cc:99) For utterance lakshya6-indie_pop-bhool_ja, best cost 323.099 + 8343.16 = 8666.25 over 158 frames.
lakshya6-indie_pop-bhool_ja bhool ja 
LOG (lattice-best-path[5.1.32~1-34128]:main():lattice-best-path.cc:99) For utterance lakshya6-indie_pop-deewana_tera, best cost 343.553 + 10305.2 = 10648.8 over 174 frames.
lakshya6-indie_pop-deewana_tera deewana tera 
LOG (lattice-best-path[5.1.32~1-34128]:main():lattice-best-path.cc:99) For utterance lakshya6-indie_pop-indie_pop, best cost 379.243 + 11442.3 = 11821.6 over 191 frames.
lakshya6-indie_pop-indie_pop indie pop 
LOG (lattice-best-path[5.1.32~1-34128]:main():lattice-best-path.cc:99) For utterance lakshya6-indie_pop-kajra_re, best cost 286.042 + 7835.34 = 8121.39 over 140 frames.
lakshya6-indie_pop-kajra_re kajra re 
LOG (lattice-best-path[5.1.32~1-34128]:main():lattice-best-path.cc:99) For utterance lakshya6-indie_pop-o_piya, best cost 283.016 + 8315.21 = 8598.23 over 151 frames.
lakshya6-indie_pop-o_piya o piya 
LOG (lattice-best-path[5.1.32~1-34128]:main():lattice-best-path.cc:99) For utterance lakshya6-indie_pop-saathiya, best cost 197.514 + 8005.71 = 8203.22 over 135 frames.
lakshya6-indie_pop-saathiya saathiya 
LOG (lattice-best-path[5.1.32~1-34128]:main():lattice-best-path.cc:99) For utterance lakshya6-indie_pop-tanha_dil, best cost 291.647 + 9025.72 = 9317.37 over 151 frames.
lakshya6-indie_pop-tanha_dil tanha dil 
LOG (lattice-best-path[5.1.32~1-34128]:main():lattice-best-path.cc:99) For utterance lakshya6-indie_pop-tera_chehra, best cost 306.498 + 9327.65 = 9634.15 over 161 frames.
lakshya6-indie_pop-tera_chehra tera chehra 
LOG (lattice-best-path[5.1.32~1-34128]:main():lattice-best-path.cc:99) For utterance lakshya6-indie_pop-woh_chali_woh_chali, best cost 532.432 + 11662.8 = 12195.3 over 184 frames.
lakshya6-indie_pop-woh_chali_woh_chali woh chali woh chali 
LOG (lattice-best-path[5.1.32~1-34128]:main():lattice-best-path.cc:99) For utterance lakshya6-indie_pop-yaad_pia_ki, best cost 430.748 + 11878 = 12308.7 over 200 frames.
lakshya6-indie_pop-yaad_pia_ki yaad pia ki 
LOG (lattice-best-path[5.1.32~1-34128]:main():lattice-best-path.cc:99) For utterance lakshya6-indie_pop-yaaron, best cost 188.515 + 8818.2 = 9006.72 over 154 frames.
lakshya6-indie_pop-yaaron yaaron 
LOG (lattice-best-path[5.1.32~1-34128]:main():lattice-best-path.cc:99) For utterance lakshya6-jazz-all_of_me, best cost 369.508 + 8941.08 = 9310.59 over 156 frames.
lakshya6-jazz-all_of_me all of me 
LOG (lattice-best-path[5.1.32~1-34128]:main():lattice-best-path.cc:99) For utterance lakshya6-jazz-autumn_leaves, best cost 304.199 + 9646.65 = 9950.85 over 163 frames.
lakshya6-jazz-autumn_leaves autumn leaves 
LOG (lattice-best-path[5.1.32~1-34128]:main():lattice-best-path.cc:99) For utterance lakshya6-jazz-blue_monk, best cost 372.878 + 9798.17 = 10171 over 172 frames.
lakshya6-jazz-blue_monk blue monk 
LOG (lattice-best-path[5.1.32~1-34128]:main():lattice-best-path.cc:99) For utterance lakshya6-jazz-body_and_soul, best cost 437.506 + 10576.1 = 11013.6 over 186 frames.
lakshya6-jazz-body_and_soul body and soul 
LOG (lattice-best-path[5.1.32~1-34128]:main():lattice-best-path.cc:99) For utterance lakshya6-jazz-jazz, best cost 223.52 + 8928.51 = 9152.03 over 163 frames.
lakshya6-jazz-jazz jazz 
LOG (lattice-best-path[5.1.32~1-34128]:main():lattice-best-path.cc:99) For utterance lakshya6-jazz-misty, best cost 236.066 + 8948.65 = 9184.71 over 163 frames.
lakshya6-jazz-misty misty 
LOG (lattice-best-path[5.1.32~1-34128]:main():lattice-best-path.cc:99) For utterance lakshya6-jazz-my_funny_valentine, best cost 456.992 + 12522.8 = 12979.7 over 205 frames.
lakshya6-jazz-my_funny_valentine my funny valentine 
LOG (lattice-best-path[5.1.32~1-34128]:main():lattice-best-path.cc:99) For utterance lakshya6-jazz-sing_sing_sing, best cost 436.606 + 10284.9 = 10721.5 over 179 frames.
lakshya6-jazz-sing_sing_sing sing sing sing 
LOG (lattice-best-path[5.1.32~1-34128]:main():lattice-best-path.cc:99) For utterance lakshya6-jazz-sophisticated_lady, best cost 375.569 + 13698.3 = 14073.9 over 226 frames.
lakshya6-jazz-sophisticated_lady sophisticated lady 
LOG (lattice-best-path[5.1.32~1-34128]:main():lattice-best-path.cc:99) For utterance lakshya6-jazz-strange_fruit, best cost 288.585 + 11476.2 = 11764.8 over 181 frames.
lakshya6-jazz-strange_fruit strange fruit 
LOG (lattice-best-path[5.1.32~1-34128]:main():lattice-best-path.cc:99) For utterance lakshya6-jazz-take_five, best cost 336.884 + 9445.44 = 9782.32 over 172 frames.
lakshya6-jazz-take_five take five 
LOG (lattice-best-path[5.1.32~1-34128]:main():lattice-best-path.cc:99) For utterance lakshya6-pop-cheap_thrills, best cost 337.991 + 10458.7 = 10796.7 over 174 frames.
lakshya6-pop-cheap_thrills cheap thrills 
LOG (lattice-best-path[5.1.32~1-34128]:main():lattice-best-path.cc:99) For utterance lakshya6-pop-fake_love, best cost 335.761 + 10399.1 = 10734.9 over 181 frames.
lakshya6-pop-fake_love fake love 
LOG (lattice-best-path[5.1.32~1-34128]:main():lattice-best-path.cc:99) For utterance lakshya6-pop-hey_jude, best cost 310.246 + 8970.67 = 9280.91 over 156 frames.
lakshya6-pop-hey_jude hey jude 
LOG (lattice-best-path[5.1.32~1-34128]:main():lattice-best-path.cc:99) For utterance lakshya6-pop-i_love_you, best cost 372.337 + 10304.9 = 10677.2 over 170 frames.
lakshya6-pop-i_love_you o love you 
LOG (lattice-best-path[5.1.32~1-34128]:main():lattice-best-path.cc:99) For utterance lakshya6-pop-photograph, best cost 225.636 + 12113.5 = 12339.2 over 191 frames.
lakshya6-pop-photograph photograph 
LOG (lattice-best-path[5.1.32~1-34128]:main():lattice-best-path.cc:99) For utterance lakshya6-pop-play_that_song, best cost 438.749 + 10762.4 = 11201.1 over 188 frames.
lakshya6-pop-play_that_song play shape song 
LOG (lattice-best-path[5.1.32~1-34128]:main():lattice-best-path.cc:99) For utterance lakshya6-pop-pop, best cost 230.787 + 8376.23 = 8607.01 over 154 frames.
lakshya6-pop-pop pop 
LOG (lattice-best-path[5.1.32~1-34128]:main():lattice-best-path.cc:99) For utterance lakshya6-pop-rockabye, best cost 236.595 + 9992.41 = 10229 over 179 frames.
lakshya6-pop-rockabye rockabye 
LOG (lattice-best-path[5.1.32~1-34128]:main():lattice-best-path.cc:99) For utterance lakshya6-pop-shape_of_you, best cost 414.552 + 11971.5 = 12386.1 over 226 frames.
lakshya6-pop-shape_of_you shape of you 
LOG (lattice-best-path[5.1.32~1-34128]:main():lattice-best-path.cc:99) For utterance lakshya6-pop-something_just_like_this, best cost 571.218 + 15557.4 = 16128.6 over 246 frames.
lakshya6-pop-something_just_like_this o just like this 
LOG (lattice-best-path[5.1.32~1-34128]:main():lattice-best-path.cc:99) For utterance lakshya6-rock-back_in_black, best cost 387.013 + 8603.17 = 8990.18 over 130 frames.
lakshya6-rock-back_in_black back in black 
LOG (lattice-best-path[5.1.32~1-34128]:main():lattice-best-path.cc:99) For utterance lakshya6-rock-born_to_be_wild, best cost 463.332 + 13066 = 13529.4 over 172 frames.
lakshya6-rock-born_to_be_wild born all wild 
LOG (lattice-best-path[5.1.32~1-34128]:main():lattice-best-path.cc:99) For utterance lakshya6-rock-free_bird, best cost 313.654 + 8834.9 = 9148.55 over 149 frames.
lakshya6-rock-free_bird free bird 
LOG (lattice-best-path[5.1.32~1-34128]:main():lattice-best-path.cc:99) For utterance lakshya6-rock-highway_to_hell, best cost 417.78 + 9709.94 = 10127.7 over 163 frames.
lakshya6-rock-highway_to_hell highway to hell 
LOG (lattice-best-path[5.1.32~1-34128]:main():lattice-best-path.cc:99) For utterance lakshya6-rock-hotel_california, best cost 338.235 + 11794.9 = 12133.1 over 184 frames.
lakshya6-rock-hotel_california hotel california 
LOG (lattice-best-path[5.1.32~1-34128]:main():lattice-best-path.cc:99) For utterance lakshya6-rock-purple_haze, best cost 338.02 + 10215.2 = 10553.3 over 181 frames.
lakshya6-rock-purple_haze purple haze 
LOG (lattice-best-path[5.1.32~1-34128]:main():lattice-best-path.cc:99) For utterance lakshya6-rock-rock, best cost 197.787 + 8750.01 = 8947.8 over 154 frames.
lakshya6-rock-rock rock 
LOG (lattice-best-path[5.1.32~1-34128]:main():lattice-best-path.cc:99) For utterance lakshya6-rock-smoke_on_the_water, best cost 533.875 + 11619.6 = 12153.5 over 205 frames.
lakshya6-rock-smoke_on_the_water o on the water 
LOG (lattice-best-path[5.1.32~1-34128]:main():lattice-best-path.cc:99) For utterance lakshya6-rock-stairway_to_heaven, best cost 466.677 + 16035.4 = 16502.1 over 172 frames.
lakshya6-rock-stairway_to_heaven take all on 
LOG (lattice-best-path[5.1.32~1-34128]:main():lattice-best-path.cc:99) For utterance lakshya6-rock-sweet_child_o_mine, best cost 541.498 + 13384.6 = 13926.1 over 209 frames.
lakshya6-rock-sweet_child_o_mine sweet child o mine 
LOG (lattice-best-path[5.1.32~1-34128]:main():lattice-best-path.cc:99) For utterance lakshya6-rock-welcome_to_the_jungle, best cost 428.804 + 12165 = 12593.8 over 184 frames.
lakshya6-rock-welcome_to_the_jungle to the jungle 
LOG (lattice-best-path[5.1.32~1-34128]:main():lattice-best-path.cc:99) For utterance srijay6-24, best cost 184.966 + 9497.8 = 9682.77 over 274 frames.
srijay6-24 genre 
LOG (lattice-best-path[5.1.32~1-34128]:main():lattice-best-path.cc:99) For utterance srijay6-25, best cost 185.727 + 9357.71 = 9543.44 over 325 frames.
srijay6-25 genre 
LOG (lattice-best-path[5.1.32~1-34128]:main():lattice-best-path.cc:99) For utterance srijay6-26, best cost 184.434 + 8776.12 = 8960.56 over 244 frames.
srijay6-26 genre 
LOG (lattice-best-path[5.1.32~1-34128]:main():lattice-best-path.cc:99) For utterance srijay6-27, best cost 199.058 + 14526.2 = 14725.3 over 323 frames.
srijay6-27 genre 
LOG (lattice-best-path[5.1.32~1-34128]:main():lattice-best-path.cc:99) For utterance srijay6-28, best cost 229.798 + 8712.51 = 8942.3 over 263 frames.
srijay6-28 genre 
LOG (lattice-best-path[5.1.32~1-34128]:main():lattice-best-path.cc:99) For utterance srijay6-indie_pop-bhool_ja, best cost 269.477 + 7574.42 = 7843.89 over 117 frames.
srijay6-indie_pop-bhool_ja bhool ja 
LOG (lattice-best-path[5.1.32~1-34128]:main():lattice-best-path.cc:99) For utterance srijay6-indie_pop-deewana_tera, best cost 317.021 + 8157.35 = 8474.37 over 117 frames.
srijay6-indie_pop-deewana_tera deewana tera 
LOG (lattice-best-path[5.1.32~1-34128]:main():lattice-best-path.cc:99) For utterance srijay6-indie_pop-indie_pop, best cost 310.527 + 7412.15 = 7722.68 over 117 frames.
srijay6-indie_pop-indie_pop indie pop 
LOG (lattice-best-path[5.1.32~1-34128]:main():lattice-best-path.cc:99) For utterance srijay6-indie_pop-kajra_re, best cost 304.817 + 7375.07 = 7679.89 over 117 frames.
srijay6-indie_pop-kajra_re kajra re 
LOG (lattice-best-path[5.1.32~1-34128]:main():lattice-best-path.cc:99) For utterance srijay6-indie_pop-o_piya, best cost 262.872 + 7390.25 = 7653.12 over 117 frames.
srijay6-indie_pop-o_piya o piya 
LOG (lattice-best-path[5.1.32~1-34128]:main():lattice-best-path.cc:99) For utterance srijay6-indie_pop-saathiya, best cost 197.064 + 7473.97 = 7671.03 over 117 frames.
srijay6-indie_pop-saathiya saathiya 
LOG (lattice-best-path[5.1.32~1-34128]:main():lattice-best-path.cc:99) For utterance srijay6-indie_pop-tanha_dil, best cost 311.514 + 7627.1 = 7938.62 over 117 frames.
srijay6-indie_pop-tanha_dil tanha dil 
LOG (lattice-best-path[5.1.32~1-34128]:main():lattice-best-path.cc:99) For utterance srijay6-indie_pop-tera_chehra, best cost 321.259 + 7861.55 = 8182.81 over 117 frames.
srijay6-indie_pop-tera_chehra tera chehra 
LOG (lattice-best-path[5.1.32~1-34128]:main():lattice-best-path.cc:99) For utterance srijay6-indie_pop-woh_chali_woh_chali, best cost 497.448 + 7764.86 = 8262.31 over 117 frames.
srijay6-indie_pop-woh_chali_woh_chali woh chali woh chali 
LOG (lattice-best-path[5.1.32~1-34128]:main():lattice-best-path.cc:99) For utterance srijay6-indie_pop-yaad_pia_ki, best cost 407.09 + 7871.76 = 8278.85 over 117 frames.
srijay6-indie_pop-yaad_pia_ki yaad pia ki 
LOG (lattice-best-path[5.1.32~1-34128]:main():lattice-best-path.cc:99) For utterance srijay6-indie_pop-yaaron, best cost 184.772 + 7322.8 = 7507.57 over 117 frames.
srijay6-indie_pop-yaaron yaaron 
LOG (lattice-best-path[5.1.32~1-34128]:main():lattice-best-path.cc:99) For utterance srijay6-jazz-all_of_me, best cost 389.865 + 7674.53 = 8064.4 over 117 frames.
srijay6-jazz-all_of_me all of me 
LOG (lattice-best-path[5.1.32~1-34128]:main():lattice-best-path.cc:99) For utterance srijay6-jazz-autumn_leaves, best cost 304.415 + 7297.76 = 7602.18 over 117 frames.
srijay6-jazz-autumn_leaves autumn leaves 
LOG (lattice-best-path[5.1.32~1-34128]:main():lattice-best-path.cc:99) For utterance srijay6-jazz-blue_monk, best cost 295.311 + 7440.64 = 7735.95 over 117 frames.
srijay6-jazz-blue_monk blue monk 
LOG (lattice-best-path[5.1.32~1-34128]:main():lattice-best-path.cc:99) For utterance srijay6-jazz-body_and_soul, best cost 415.32 + 7590.08 = 8005.4 over 117 frames.
srijay6-jazz-body_and_soul body and soul 
LOG (lattice-best-path[5.1.32~1-34128]:main():lattice-best-path.cc:99) For utterance srijay6-jazz-jazz, best cost 215.381 + 7450.7 = 7666.08 over 117 frames.
srijay6-jazz-jazz jazz 
LOG (lattice-best-path[5.1.32~1-34128]:main():lattice-best-path.cc:99) For utterance srijay6-jazz-misty, best cost 195.221 + 7481.8 = 7677.02 over 117 frames.
srijay6-jazz-misty misty 
LOG (lattice-best-path[5.1.32~1-34128]:main():lattice-best-path.cc:99) For utterance srijay6-jazz-my_funny_valentine, best cost 376.697 + 8024.08 = 8400.77 over 117 frames.
srijay6-jazz-my_funny_valentine my funny valentine 
LOG (lattice-best-path[5.1.32~1-34128]:main():lattice-best-path.cc:99) For utterance srijay6-jazz-sing_sing_sing, best cost 461.22 + 7359.98 = 7821.2 over 117 frames.
srijay6-jazz-sing_sing_sing sing sing sing 
LOG (lattice-best-path[5.1.32~1-34128]:main():lattice-best-path.cc:99) For utterance srijay6-jazz-sophisticated_lady, best cost 323.168 + 8708.26 = 9031.43 over 117 frames.
srijay6-jazz-sophisticated_lady sophisticated lady 
LOG (lattice-best-path[5.1.32~1-34128]:main():lattice-best-path.cc:99) For utterance srijay6-jazz-strange_fruit, best cost 283.624 + 7758.11 = 8041.73 over 117 frames.
srijay6-jazz-strange_fruit strange fruit 
LOG (lattice-best-path[5.1.32~1-34128]:main():lattice-best-path.cc:99) For utterance srijay6-jazz-take_five, best cost 316.268 + 7795.71 = 8111.98 over 117 frames.
srijay6-jazz-take_five take five 
LOG (lattice-best-path[5.1.32~1-34128]:main():lattice-best-path.cc:99) For utterance srijay6-pop-cheap_thrills, best cost 286.588 + 7982.84 = 8269.43 over 117 frames.
srijay6-pop-cheap_thrills cheap thrills 
LOG (lattice-best-path[5.1.32~1-34128]:main():lattice-best-path.cc:99) For utterance srijay6-pop-fake_love, best cost 284.75 + 7395.56 = 7680.31 over 117 frames.
srijay6-pop-fake_love fake love 
LOG (lattice-best-path[5.1.32~1-34128]:main():lattice-best-path.cc:99) For utterance srijay6-pop-hey_jude, best cost 285.723 + 7717.63 = 8003.36 over 117 frames.
srijay6-pop-hey_jude hey jude 
LOG (lattice-best-path[5.1.32~1-34128]:main():lattice-best-path.cc:99) For utterance srijay6-pop-i_love_you, best cost 383.176 + 9081.2 = 9464.37 over 117 frames.
srijay6-pop-i_love_you o love you 
LOG (lattice-best-path[5.1.32~1-34128]:main():lattice-best-path.cc:99) For utterance srijay6-pop-photograph, best cost 201.608 + 7551.35 = 7752.95 over 117 frames.
srijay6-pop-photograph photograph 
LOG (lattice-best-path[5.1.32~1-34128]:main():lattice-best-path.cc:99) For utterance srijay6-pop-play_that_song, best cost 405.645 + 7930.4 = 8336.04 over 117 frames.
srijay6-pop-play_that_song play shape song 
LOG (lattice-best-path[5.1.32~1-34128]:main():lattice-best-path.cc:99) For utterance srijay6-pop-pop, best cost 188.417 + 7172.17 = 7360.58 over 117 frames.
srijay6-pop-pop pop 
LOG (lattice-best-path[5.1.32~1-34128]:main():lattice-best-path.cc:99) For utterance srijay6-pop-rockabye, best cost 210.201 + 7308.32 = 7518.52 over 117 frames.
srijay6-pop-rockabye rockabye 
LOG (lattice-best-path[5.1.32~1-34128]:main():lattice-best-path.cc:99) For utterance srijay6-pop-shape_of_you, best cost 382.049 + 7146.28 = 7528.33 over 117 frames.
srijay6-pop-shape_of_you shape of you 
LOG (lattice-best-path[5.1.32~1-34128]:main():lattice-best-path.cc:99) For utterance srijay6-pop-something_just_like_this, best cost 478.305 + 8445.78 = 8924.09 over 117 frames.
srijay6-pop-something_just_like_this o just like this 
LOG (lattice-best-path[5.1.32~1-34128]:main():lattice-best-path.cc:99) For utterance srijay6-rock-back_in_black, best cost 430.595 + 8035.4 = 8466 over 117 frames.
srijay6-rock-back_in_black back in black 
LOG (lattice-best-path[5.1.32~1-34128]:main():lattice-best-path.cc:99) For utterance srijay6-rock-born_to_be_wild, best cost 345.625 + 10514.6 = 10860.2 over 117 frames.
srijay6-rock-born_to_be_wild born wild 
LOG (lattice-best-path[5.1.32~1-34128]:main():lattice-best-path.cc:99) For utterance srijay6-rock-free_bird, best cost 269.196 + 7051.44 = 7320.63 over 117 frames.
srijay6-rock-free_bird free bird 
LOG (lattice-best-path[5.1.32~1-34128]:main():lattice-best-path.cc:99) For utterance srijay6-rock-highway_to_hell, best cost 407.538 + 7945.17 = 8352.71 over 117 frames.
srijay6-rock-highway_to_hell highway to hell 
LOG (lattice-best-path[5.1.32~1-34128]:main():lattice-best-path.cc:99) For utterance srijay6-rock-hotel_california, best cost 307.122 + 8318.81 = 8625.93 over 117 frames.
srijay6-rock-hotel_california hotel california 
LOG (lattice-best-path[5.1.32~1-34128]:main():lattice-best-path.cc:99) For utterance srijay6-rock-purple_haze, best cost 284.614 + 7536.31 = 7820.92 over 117 frames.
srijay6-rock-purple_haze purple haze 
LOG (lattice-best-path[5.1.32~1-34128]:main():lattice-best-path.cc:99) For utterance srijay6-rock-rock, best cost 207.624 + 7396.46 = 7604.09 over 117 frames.
srijay6-rock-rock rock 
LOG (lattice-best-path[5.1.32~1-34128]:main():lattice-best-path.cc:99) For utterance srijay6-rock-smoke_on_the_water, best cost 308.512 + 8668.41 = 8976.93 over 117 frames.
srijay6-rock-smoke_on_the_water the water 
LOG (lattice-best-path[5.1.32~1-34128]:main():lattice-best-path.cc:99) For utterance srijay6-rock-stairway_to_heaven, best cost 503.775 + 11369.5 = 11873.3 over 117 frames.
srijay6-rock-stairway_to_heaven highway to my all 
LOG (lattice-best-path[5.1.32~1-34128]:main():lattice-best-path.cc:99) For utterance srijay6-rock-sweet_child_o_mine, best cost 501.273 + 8282.13 = 8783.4 over 117 frames.
srijay6-rock-sweet_child_o_mine sweet child o mine 
LOG (lattice-best-path[5.1.32~1-34128]:main():lattice-best-path.cc:99) For utterance srijay6-rock-welcome_to_the_jungle, best cost 471.343 + 10189.5 = 10660.8 over 117 frames.
srijay6-rock-welcome_to_the_jungle back the jungle 
LOG (lattice-best-path[5.1.32~1-34128]:main():lattice-best-path.cc:124) Overall cost per frame is 59.994 = 2.05456 [graph] + 57.9394 [acoustic] over 15422 frames.
LOG (lattice-best-path[5.1.32~1-34128]:main():lattice-best-path.cc:128) Done 96 lattices, failed for 0
# Accounting: time=0 threads=1
# Ended (code 0) at Sun Apr 30 14:00:49 IST 2017, elapsed time 0 seconds
