# lattice-best-path --lm-scale=9 --word-symbol-table=exp/tri1/graph/words.txt "ark:gunzip -c exp/tri1/decode/lat.*.gz|" ark,t:exp/tri1/decode/scoring/9.tra 
# Started at Sun Apr 30 14:00:49 IST 2017
#
lattice-best-path --lm-scale=9 --word-symbol-table=exp/tri1/graph/words.txt 'ark:gunzip -c exp/tri1/decode/lat.*.gz|' ark,t:exp/tri1/decode/scoring/9.tra 
LOG (lattice-best-path[5.1.32~1-34128]:main():lattice-best-path.cc:99) For utterance lakshya6-24, best cost 138.785 + 8841.28 = 8980.07 over 274 frames.
lakshya6-24 genre 
LOG (lattice-best-path[5.1.32~1-34128]:main():lattice-best-path.cc:99) For utterance lakshya6-25, best cost 115.283 + 9191.75 = 9307.03 over 325 frames.
lakshya6-25 genre 
LOG (lattice-best-path[5.1.32~1-34128]:main():lattice-best-path.cc:99) For utterance lakshya6-26, best cost 138.31 + 8555.63 = 8693.94 over 244 frames.
lakshya6-26 genre 
LOG (lattice-best-path[5.1.32~1-34128]:main():lattice-best-path.cc:99) For utterance lakshya6-27, best cost 172.01 + 13803.4 = 13975.4 over 323 frames.
lakshya6-27 genre 
LOG (lattice-best-path[5.1.32~1-34128]:main():lattice-best-path.cc:99) For utterance lakshya6-28, best cost 164.739 + 8515.89 = 8680.63 over 263 frames.
lakshya6-28 genre 
LOG (lattice-best-path[5.1.32~1-34128]:main():lattice-best-path.cc:99) For utterance lakshya6-indie_pop-bhool_ja, best cost 181.743 + 8343.16 = 8524.9 over 158 frames.
lakshya6-indie_pop-bhool_ja bhool ja 
LOG (lattice-best-path[5.1.32~1-34128]:main():lattice-best-path.cc:99) For utterance lakshya6-indie_pop-deewana_tera, best cost 193.249 + 10305.2 = 10498.5 over 174 frames.
lakshya6-indie_pop-deewana_tera deewana tera 
LOG (lattice-best-path[5.1.32~1-34128]:main():lattice-best-path.cc:99) For utterance lakshya6-indie_pop-indie_pop, best cost 213.324 + 11442.3 = 11655.6 over 191 frames.
lakshya6-indie_pop-indie_pop indie pop 
LOG (lattice-best-path[5.1.32~1-34128]:main():lattice-best-path.cc:99) For utterance lakshya6-indie_pop-kajra_re, best cost 160.899 + 7835.34 = 7996.24 over 140 frames.
lakshya6-indie_pop-kajra_re kajra re 
LOG (lattice-best-path[5.1.32~1-34128]:main():lattice-best-path.cc:99) For utterance lakshya6-indie_pop-o_piya, best cost 159.196 + 8315.21 = 8474.41 over 151 frames.
lakshya6-indie_pop-o_piya o piya 
LOG (lattice-best-path[5.1.32~1-34128]:main():lattice-best-path.cc:99) For utterance lakshya6-indie_pop-saathiya, best cost 111.101 + 8005.71 = 8116.81 over 135 frames.
lakshya6-indie_pop-saathiya saathiya 
LOG (lattice-best-path[5.1.32~1-34128]:main():lattice-best-path.cc:99) For utterance lakshya6-indie_pop-tanha_dil, best cost 164.051 + 9025.72 = 9189.77 over 151 frames.
lakshya6-indie_pop-tanha_dil tanha dil 
LOG (lattice-best-path[5.1.32~1-34128]:main():lattice-best-path.cc:99) For utterance lakshya6-indie_pop-tera_chehra, best cost 172.405 + 9327.65 = 9500.06 over 161 frames.
lakshya6-indie_pop-tera_chehra tera chehra 
LOG (lattice-best-path[5.1.32~1-34128]:main():lattice-best-path.cc:99) For utterance lakshya6-indie_pop-woh_chali_woh_chali, best cost 299.493 + 11662.8 = 11962.3 over 184 frames.
lakshya6-indie_pop-woh_chali_woh_chali woh chali woh chali 
LOG (lattice-best-path[5.1.32~1-34128]:main():lattice-best-path.cc:99) For utterance lakshya6-indie_pop-yaad_pia_ki, best cost 242.296 + 11878 = 12120.2 over 200 frames.
lakshya6-indie_pop-yaad_pia_ki yaad pia ki 
LOG (lattice-best-path[5.1.32~1-34128]:main():lattice-best-path.cc:99) For utterance lakshya6-indie_pop-yaaron, best cost 106.039 + 8818.2 = 8924.24 over 154 frames.
lakshya6-indie_pop-yaaron yaaron 
LOG (lattice-best-path[5.1.32~1-34128]:main():lattice-best-path.cc:99) For utterance lakshya6-jazz-all_of_me, best cost 207.848 + 8941.08 = 9148.93 over 156 frames.
lakshya6-jazz-all_of_me all of me 
LOG (lattice-best-path[5.1.32~1-34128]:main():lattice-best-path.cc:99) For utterance lakshya6-jazz-autumn_leaves, best cost 171.112 + 9646.65 = 9817.76 over 163 frames.
lakshya6-jazz-autumn_leaves autumn leaves 
LOG (lattice-best-path[5.1.32~1-34128]:main():lattice-best-path.cc:99) For utterance lakshya6-jazz-blue_monk, best cost 209.744 + 9798.17 = 10007.9 over 172 frames.
lakshya6-jazz-blue_monk blue monk 
LOG (lattice-best-path[5.1.32~1-34128]:main():lattice-best-path.cc:99) For utterance lakshya6-jazz-body_and_soul, best cost 246.097 + 10576.1 = 10822.2 over 186 frames.
lakshya6-jazz-body_and_soul body and soul 
LOG (lattice-best-path[5.1.32~1-34128]:main():lattice-best-path.cc:99) For utterance lakshya6-jazz-jazz, best cost 125.73 + 8928.51 = 9054.24 over 163 frames.
lakshya6-jazz-jazz jazz 
LOG (lattice-best-path[5.1.32~1-34128]:main():lattice-best-path.cc:99) For utterance lakshya6-jazz-misty, best cost 132.787 + 8948.65 = 9081.44 over 163 frames.
lakshya6-jazz-misty misty 
LOG (lattice-best-path[5.1.32~1-34128]:main():lattice-best-path.cc:99) For utterance lakshya6-jazz-my_funny_valentine, best cost 257.058 + 12522.8 = 12779.8 over 205 frames.
lakshya6-jazz-my_funny_valentine my funny valentine 
LOG (lattice-best-path[5.1.32~1-34128]:main():lattice-best-path.cc:99) For utterance lakshya6-jazz-sing_sing_sing, best cost 245.591 + 10284.9 = 10530.5 over 179 frames.
lakshya6-jazz-sing_sing_sing sing sing sing 
LOG (lattice-best-path[5.1.32~1-34128]:main():lattice-best-path.cc:99) For utterance lakshya6-jazz-sophisticated_lady, best cost 211.258 + 13698.3 = 13909.6 over 226 frames.
lakshya6-jazz-sophisticated_lady sophisticated lady 
LOG (lattice-best-path[5.1.32~1-34128]:main():lattice-best-path.cc:99) For utterance lakshya6-jazz-strange_fruit, best cost 162.329 + 11476.2 = 11638.5 over 181 frames.
lakshya6-jazz-strange_fruit strange fruit 
LOG (lattice-best-path[5.1.32~1-34128]:main():lattice-best-path.cc:99) For utterance lakshya6-jazz-take_five, best cost 189.497 + 9445.44 = 9634.93 over 172 frames.
lakshya6-jazz-take_five take five 
LOG (lattice-best-path[5.1.32~1-34128]:main():lattice-best-path.cc:99) For utterance lakshya6-pop-cheap_thrills, best cost 190.12 + 10458.7 = 10648.8 over 174 frames.
lakshya6-pop-cheap_thrills cheap thrills 
LOG (lattice-best-path[5.1.32~1-34128]:main():lattice-best-path.cc:99) For utterance lakshya6-pop-fake_love, best cost 188.866 + 10399.1 = 10588 over 181 frames.
lakshya6-pop-fake_love fake love 
LOG (lattice-best-path[5.1.32~1-34128]:main():lattice-best-path.cc:99) For utterance lakshya6-pop-hey_jude, best cost 174.513 + 8970.67 = 9145.18 over 156 frames.
lakshya6-pop-hey_jude hey jude 
LOG (lattice-best-path[5.1.32~1-34128]:main():lattice-best-path.cc:99) For utterance lakshya6-pop-i_love_you, best cost 209.44 + 10304.9 = 10514.3 over 170 frames.
lakshya6-pop-i_love_you o love you 
LOG (lattice-best-path[5.1.32~1-34128]:main():lattice-best-path.cc:99) For utterance lakshya6-pop-photograph, best cost 126.92 + 12113.5 = 12240.5 over 191 frames.
lakshya6-pop-photograph photograph 
LOG (lattice-best-path[5.1.32~1-34128]:main():lattice-best-path.cc:99) For utterance lakshya6-pop-play_that_song, best cost 246.796 + 10762.4 = 11009.2 over 188 frames.
lakshya6-pop-play_that_song play shape song 
LOG (lattice-best-path[5.1.32~1-34128]:main():lattice-best-path.cc:99) For utterance lakshya6-pop-pop, best cost 129.818 + 8376.23 = 8506.04 over 154 frames.
lakshya6-pop-pop pop 
LOG (lattice-best-path[5.1.32~1-34128]:main():lattice-best-path.cc:99) For utterance lakshya6-pop-rockabye, best cost 133.085 + 9992.41 = 10125.5 over 179 frames.
lakshya6-pop-rockabye rockabye 
LOG (lattice-best-path[5.1.32~1-34128]:main():lattice-best-path.cc:99) For utterance lakshya6-pop-shape_of_you, best cost 233.186 + 11971.5 = 12204.7 over 226 frames.
lakshya6-pop-shape_of_you shape of you 
LOG (lattice-best-path[5.1.32~1-34128]:main():lattice-best-path.cc:99) For utterance lakshya6-pop-something_just_like_this, best cost 321.31 + 15557.4 = 15878.7 over 246 frames.
lakshya6-pop-something_just_like_this o just like this 
LOG (lattice-best-path[5.1.32~1-34128]:main():lattice-best-path.cc:99) For utterance lakshya6-rock-back_in_black, best cost 217.695 + 8603.17 = 8820.86 over 130 frames.
lakshya6-rock-back_in_black back in black 
LOG (lattice-best-path[5.1.32~1-34128]:main():lattice-best-path.cc:99) For utterance lakshya6-rock-born_to_be_wild, best cost 357.677 + 12916 = 13273.7 over 172 frames.
lakshya6-rock-born_to_be_wild born to my all wild 
LOG (lattice-best-path[5.1.32~1-34128]:main():lattice-best-path.cc:99) For utterance lakshya6-rock-free_bird, best cost 176.43 + 8834.9 = 9011.33 over 149 frames.
lakshya6-rock-free_bird free bird 
LOG (lattice-best-path[5.1.32~1-34128]:main():lattice-best-path.cc:99) For utterance lakshya6-rock-highway_to_hell, best cost 235.001 + 9709.94 = 9944.94 over 163 frames.
lakshya6-rock-highway_to_hell highway to hell 
LOG (lattice-best-path[5.1.32~1-34128]:main():lattice-best-path.cc:99) For utterance lakshya6-rock-hotel_california, best cost 190.257 + 11794.9 = 11985.1 over 184 frames.
lakshya6-rock-hotel_california hotel california 
LOG (lattice-best-path[5.1.32~1-34128]:main():lattice-best-path.cc:99) For utterance lakshya6-rock-purple_haze, best cost 190.136 + 10215.2 = 10405.4 over 181 frames.
lakshya6-rock-purple_haze purple haze 
LOG (lattice-best-path[5.1.32~1-34128]:main():lattice-best-path.cc:99) For utterance lakshya6-rock-rock, best cost 111.255 + 8750.01 = 8861.27 over 154 frames.
lakshya6-rock-rock rock 
LOG (lattice-best-path[5.1.32~1-34128]:main():lattice-best-path.cc:99) For utterance lakshya6-rock-smoke_on_the_water, best cost 300.305 + 11619.6 = 11919.9 over 205 frames.
lakshya6-rock-smoke_on_the_water o on the water 
LOG (lattice-best-path[5.1.32~1-34128]:main():lattice-best-path.cc:99) For utterance lakshya6-rock-stairway_to_heaven, best cost 262.506 + 16035.4 = 16297.9 over 172 frames.
lakshya6-rock-stairway_to_heaven take all on 
LOG (lattice-best-path[5.1.32~1-34128]:main():lattice-best-path.cc:99) For utterance lakshya6-rock-sweet_child_o_mine, best cost 304.593 + 13384.6 = 13689.2 over 209 frames.
lakshya6-rock-sweet_child_o_mine sweet child o mine 
LOG (lattice-best-path[5.1.32~1-34128]:main():lattice-best-path.cc:99) For utterance lakshya6-rock-welcome_to_the_jungle, best cost 241.202 + 12165 = 12406.2 over 184 frames.
lakshya6-rock-welcome_to_the_jungle to the jungle 
LOG (lattice-best-path[5.1.32~1-34128]:main():lattice-best-path.cc:99) For utterance srijay6-24, best cost 104.043 + 9497.8 = 9601.85 over 274 frames.
srijay6-24 genre 
LOG (lattice-best-path[5.1.32~1-34128]:main():lattice-best-path.cc:99) For utterance srijay6-25, best cost 104.472 + 9357.71 = 9462.19 over 325 frames.
srijay6-25 genre 
LOG (lattice-best-path[5.1.32~1-34128]:main():lattice-best-path.cc:99) For utterance srijay6-26, best cost 103.744 + 8776.12 = 8879.87 over 244 frames.
srijay6-26 genre 
LOG (lattice-best-path[5.1.32~1-34128]:main():lattice-best-path.cc:99) For utterance srijay6-27, best cost 111.97 + 14526.2 = 14638.2 over 323 frames.
srijay6-27 genre 
LOG (lattice-best-path[5.1.32~1-34128]:main():lattice-best-path.cc:99) For utterance srijay6-28, best cost 129.261 + 8712.51 = 8841.77 over 263 frames.
srijay6-28 genre 
LOG (lattice-best-path[5.1.32~1-34128]:main():lattice-best-path.cc:99) For utterance srijay6-indie_pop-bhool_ja, best cost 151.581 + 7574.42 = 7726 over 117 frames.
srijay6-indie_pop-bhool_ja bhool ja 
LOG (lattice-best-path[5.1.32~1-34128]:main():lattice-best-path.cc:99) For utterance srijay6-indie_pop-deewana_tera, best cost 178.324 + 8157.35 = 8335.67 over 117 frames.
srijay6-indie_pop-deewana_tera deewana tera 
LOG (lattice-best-path[5.1.32~1-34128]:main():lattice-best-path.cc:99) For utterance srijay6-indie_pop-indie_pop, best cost 174.672 + 7412.15 = 7586.82 over 117 frames.
srijay6-indie_pop-indie_pop indie pop 
LOG (lattice-best-path[5.1.32~1-34128]:main():lattice-best-path.cc:99) For utterance srijay6-indie_pop-kajra_re, best cost 171.459 + 7375.07 = 7546.53 over 117 frames.
srijay6-indie_pop-kajra_re kajra re 
LOG (lattice-best-path[5.1.32~1-34128]:main():lattice-best-path.cc:99) For utterance srijay6-indie_pop-o_piya, best cost 147.866 + 7390.25 = 7538.12 over 117 frames.
srijay6-indie_pop-o_piya o piya 
LOG (lattice-best-path[5.1.32~1-34128]:main():lattice-best-path.cc:99) For utterance srijay6-indie_pop-saathiya, best cost 110.848 + 7473.97 = 7584.82 over 117 frames.
srijay6-indie_pop-saathiya saathiya 
LOG (lattice-best-path[5.1.32~1-34128]:main():lattice-best-path.cc:99) For utterance srijay6-indie_pop-tanha_dil, best cost 175.227 + 7627.1 = 7802.33 over 117 frames.
srijay6-indie_pop-tanha_dil tanha dil 
LOG (lattice-best-path[5.1.32~1-34128]:main():lattice-best-path.cc:99) For utterance srijay6-indie_pop-tera_chehra, best cost 180.708 + 7861.55 = 8042.25 over 117 frames.
srijay6-indie_pop-tera_chehra tera chehra 
LOG (lattice-best-path[5.1.32~1-34128]:main():lattice-best-path.cc:99) For utterance srijay6-indie_pop-woh_chali_woh_chali, best cost 279.814 + 7764.86 = 8044.68 over 117 frames.
srijay6-indie_pop-woh_chali_woh_chali woh chali woh chali 
LOG (lattice-best-path[5.1.32~1-34128]:main():lattice-best-path.cc:99) For utterance srijay6-indie_pop-yaad_pia_ki, best cost 228.988 + 7871.76 = 8100.74 over 117 frames.
srijay6-indie_pop-yaad_pia_ki yaad pia ki 
LOG (lattice-best-path[5.1.32~1-34128]:main():lattice-best-path.cc:99) For utterance srijay6-indie_pop-yaaron, best cost 103.934 + 7322.8 = 7426.73 over 117 frames.
srijay6-indie_pop-yaaron yaaron 
LOG (lattice-best-path[5.1.32~1-34128]:main():lattice-best-path.cc:99) For utterance srijay6-jazz-all_of_me, best cost 219.299 + 7674.53 = 7893.83 over 117 frames.
srijay6-jazz-all_of_me all of me 
LOG (lattice-best-path[5.1.32~1-34128]:main():lattice-best-path.cc:99) For utterance srijay6-jazz-autumn_leaves, best cost 171.233 + 7297.76 = 7469 over 117 frames.
srijay6-jazz-autumn_leaves autumn leaves 
LOG (lattice-best-path[5.1.32~1-34128]:main():lattice-best-path.cc:99) For utterance srijay6-jazz-blue_monk, best cost 166.112 + 7440.64 = 7606.75 over 117 frames.
srijay6-jazz-blue_monk blue monk 
LOG (lattice-best-path[5.1.32~1-34128]:main():lattice-best-path.cc:99) For utterance srijay6-jazz-body_and_soul, best cost 233.617 + 7590.08 = 7823.7 over 117 frames.
srijay6-jazz-body_and_soul body and soul 
LOG (lattice-best-path[5.1.32~1-34128]:main():lattice-best-path.cc:99) For utterance srijay6-jazz-jazz, best cost 121.152 + 7450.7 = 7571.85 over 117 frames.
srijay6-jazz-jazz jazz 
LOG (lattice-best-path[5.1.32~1-34128]:main():lattice-best-path.cc:99) For utterance srijay6-jazz-misty, best cost 109.812 + 7481.8 = 7591.61 over 117 frames.
srijay6-jazz-misty misty 
LOG (lattice-best-path[5.1.32~1-34128]:main():lattice-best-path.cc:99) For utterance srijay6-jazz-my_funny_valentine, best cost 211.892 + 8024.08 = 8235.97 over 117 frames.
srijay6-jazz-my_funny_valentine my funny valentine 
LOG (lattice-best-path[5.1.32~1-34128]:main():lattice-best-path.cc:99) For utterance srijay6-jazz-sing_sing_sing, best cost 259.436 + 7359.98 = 7619.41 over 117 frames.
srijay6-jazz-sing_sing_sing sing sing sing 
LOG (lattice-best-path[5.1.32~1-34128]:main():lattice-best-path.cc:99) For utterance srijay6-jazz-sophisticated_lady, best cost 181.782 + 8708.26 = 8890.04 over 117 frames.
srijay6-jazz-sophisticated_lady sophisticated lady 
LOG (lattice-best-path[5.1.32~1-34128]:main():lattice-best-path.cc:99) For utterance srijay6-jazz-strange_fruit, best cost 159.538 + 7758.11 = 7917.65 over 117 frames.
srijay6-jazz-strange_fruit strange fruit 
LOG (lattice-best-path[5.1.32~1-34128]:main():lattice-best-path.cc:99) For utterance srijay6-jazz-take_five, best cost 177.901 + 7795.71 = 7973.62 over 117 frames.
srijay6-jazz-take_five take five 
LOG (lattice-best-path[5.1.32~1-34128]:main():lattice-best-path.cc:99) For utterance srijay6-pop-cheap_thrills, best cost 161.206 + 7982.84 = 8144.05 over 117 frames.
srijay6-pop-cheap_thrills cheap thrills 
LOG (lattice-best-path[5.1.32~1-34128]:main():lattice-best-path.cc:99) For utterance srijay6-pop-fake_love, best cost 160.172 + 7395.56 = 7555.74 over 117 frames.
srijay6-pop-fake_love fake love 
LOG (lattice-best-path[5.1.32~1-34128]:main():lattice-best-path.cc:99) For utterance srijay6-pop-hey_jude, best cost 160.719 + 7717.63 = 7878.35 over 117 frames.
srijay6-pop-hey_jude hey jude 
LOG (lattice-best-path[5.1.32~1-34128]:main():lattice-best-path.cc:99) For utterance srijay6-pop-i_love_you, best cost 215.536 + 9081.2 = 9296.73 over 117 frames.
srijay6-pop-i_love_you o love you 
LOG (lattice-best-path[5.1.32~1-34128]:main():lattice-best-path.cc:99) For utterance srijay6-pop-photograph, best cost 113.404 + 7551.35 = 7664.75 over 117 frames.
srijay6-pop-photograph photograph 
LOG (lattice-best-path[5.1.32~1-34128]:main():lattice-best-path.cc:99) For utterance srijay6-pop-play_that_song, best cost 228.175 + 7930.4 = 8158.57 over 117 frames.
srijay6-pop-play_that_song play shape song 
LOG (lattice-best-path[5.1.32~1-34128]:main():lattice-best-path.cc:99) For utterance srijay6-pop-pop, best cost 105.985 + 7172.17 = 7278.15 over 117 frames.
srijay6-pop-pop pop 
LOG (lattice-best-path[5.1.32~1-34128]:main():lattice-best-path.cc:99) For utterance srijay6-pop-rockabye, best cost 118.238 + 7308.32 = 7426.56 over 117 frames.
srijay6-pop-rockabye rockabye 
LOG (lattice-best-path[5.1.32~1-34128]:main():lattice-best-path.cc:99) For utterance srijay6-pop-shape_of_you, best cost 214.903 + 7146.28 = 7361.18 over 117 frames.
srijay6-pop-shape_of_you shape of you 
LOG (lattice-best-path[5.1.32~1-34128]:main():lattice-best-path.cc:99) For utterance srijay6-pop-something_just_like_this, best cost 269.046 + 8445.78 = 8714.83 over 117 frames.
srijay6-pop-something_just_like_this o just like this 
LOG (lattice-best-path[5.1.32~1-34128]:main():lattice-best-path.cc:99) For utterance srijay6-rock-back_in_black, best cost 242.21 + 8035.4 = 8277.61 over 117 frames.
srijay6-rock-back_in_black back in black 
LOG (lattice-best-path[5.1.32~1-34128]:main():lattice-best-path.cc:99) For utterance srijay6-rock-born_to_be_wild, best cost 194.414 + 10514.6 = 10709 over 117 frames.
srijay6-rock-born_to_be_wild born wild 
LOG (lattice-best-path[5.1.32~1-34128]:main():lattice-best-path.cc:99) For utterance srijay6-rock-free_bird, best cost 151.423 + 7051.44 = 7202.86 over 117 frames.
srijay6-rock-free_bird free bird 
LOG (lattice-best-path[5.1.32~1-34128]:main():lattice-best-path.cc:99) For utterance srijay6-rock-highway_to_hell, best cost 229.24 + 7945.17 = 8174.41 over 117 frames.
srijay6-rock-highway_to_hell highway to hell 
LOG (lattice-best-path[5.1.32~1-34128]:main():lattice-best-path.cc:99) For utterance srijay6-rock-hotel_california, best cost 172.756 + 8318.81 = 8491.56 over 117 frames.
srijay6-rock-hotel_california hotel california 
LOG (lattice-best-path[5.1.32~1-34128]:main():lattice-best-path.cc:99) For utterance srijay6-rock-purple_haze, best cost 160.096 + 7536.31 = 7696.4 over 117 frames.
srijay6-rock-purple_haze purple haze 
LOG (lattice-best-path[5.1.32~1-34128]:main():lattice-best-path.cc:99) For utterance srijay6-rock-rock, best cost 116.788 + 7396.46 = 7513.25 over 117 frames.
srijay6-rock-rock rock 
LOG (lattice-best-path[5.1.32~1-34128]:main():lattice-best-path.cc:99) For utterance srijay6-rock-smoke_on_the_water, best cost 173.538 + 8668.41 = 8841.95 over 117 frames.
srijay6-rock-smoke_on_the_water the water 
LOG (lattice-best-path[5.1.32~1-34128]:main():lattice-best-path.cc:99) For utterance srijay6-rock-stairway_to_heaven, best cost 283.373 + 11369.5 = 11652.9 over 117 frames.
srijay6-rock-stairway_to_heaven highway to my all 
LOG (lattice-best-path[5.1.32~1-34128]:main():lattice-best-path.cc:99) For utterance srijay6-rock-sweet_child_o_mine, best cost 281.966 + 8282.13 = 8564.09 over 117 frames.
srijay6-rock-sweet_child_o_mine sweet child o mine 
LOG (lattice-best-path[5.1.32~1-34128]:main():lattice-best-path.cc:99) For utterance srijay6-rock-welcome_to_the_jungle, best cost 265.13 + 10189.5 = 10454.6 over 117 frames.
srijay6-rock-welcome_to_the_jungle back the jungle 
LOG (lattice-best-path[5.1.32~1-34128]:main():lattice-best-path.cc:124) Overall cost per frame is 59.0917 = 1.16198 [graph] + 57.9297 [acoustic] over 15422 frames.
LOG (lattice-best-path[5.1.32~1-34128]:main():lattice-best-path.cc:128) Done 96 lattices, failed for 0
# Accounting: time=0 threads=1
# Ended (code 0) at Sun Apr 30 14:00:49 IST 2017, elapsed time 0 seconds
