# lattice-best-path --lm-scale=12 --word-symbol-table=exp/tri1/graph/words.txt "ark:gunzip -c exp/tri1/decode/lat.*.gz|" ark,t:exp/tri1/decode/scoring/12.tra 
# Started at Sun Apr 30 14:00:49 IST 2017
#
lattice-best-path --lm-scale=12 --word-symbol-table=exp/tri1/graph/words.txt 'ark:gunzip -c exp/tri1/decode/lat.*.gz|' ark,t:exp/tri1/decode/scoring/12.tra 
LOG (lattice-best-path[5.1.32~1-34128]:main():lattice-best-path.cc:99) For utterance lakshya6-24, best cost 185.047 + 8841.28 = 9026.33 over 274 frames.
lakshya6-24 genre 
LOG (lattice-best-path[5.1.32~1-34128]:main():lattice-best-path.cc:99) For utterance lakshya6-25, best cost 153.71 + 9191.75 = 9345.46 over 325 frames.
lakshya6-25 genre 
LOG (lattice-best-path[5.1.32~1-34128]:main():lattice-best-path.cc:99) For utterance lakshya6-26, best cost 184.414 + 8555.63 = 8740.05 over 244 frames.
lakshya6-26 genre 
LOG (lattice-best-path[5.1.32~1-34128]:main():lattice-best-path.cc:99) For utterance lakshya6-27, best cost 229.347 + 13803.4 = 14032.7 over 323 frames.
lakshya6-27 genre 
LOG (lattice-best-path[5.1.32~1-34128]:main():lattice-best-path.cc:99) For utterance lakshya6-28, best cost 219.652 + 8515.89 = 8735.54 over 263 frames.
lakshya6-28 genre 
LOG (lattice-best-path[5.1.32~1-34128]:main():lattice-best-path.cc:99) For utterance lakshya6-indie_pop-bhool_ja, best cost 242.324 + 8343.16 = 8585.48 over 158 frames.
lakshya6-indie_pop-bhool_ja bhool ja 
LOG (lattice-best-path[5.1.32~1-34128]:main():lattice-best-path.cc:99) For utterance lakshya6-indie_pop-deewana_tera, best cost 257.665 + 10305.2 = 10562.9 over 174 frames.
lakshya6-indie_pop-deewana_tera deewana tera 
LOG (lattice-best-path[5.1.32~1-34128]:main():lattice-best-path.cc:99) For utterance lakshya6-indie_pop-indie_pop, best cost 284.433 + 11442.3 = 11726.7 over 191 frames.
lakshya6-indie_pop-indie_pop indie pop 
LOG (lattice-best-path[5.1.32~1-34128]:main():lattice-best-path.cc:99) For utterance lakshya6-indie_pop-kajra_re, best cost 214.532 + 7835.34 = 8049.88 over 140 frames.
lakshya6-indie_pop-kajra_re kajra re 
LOG (lattice-best-path[5.1.32~1-34128]:main():lattice-best-path.cc:99) For utterance lakshya6-indie_pop-o_piya, best cost 212.262 + 8315.21 = 8527.47 over 151 frames.
lakshya6-indie_pop-o_piya o piya 
LOG (lattice-best-path[5.1.32~1-34128]:main():lattice-best-path.cc:99) For utterance lakshya6-indie_pop-saathiya, best cost 148.135 + 8005.71 = 8153.85 over 135 frames.
lakshya6-indie_pop-saathiya saathiya 
LOG (lattice-best-path[5.1.32~1-34128]:main():lattice-best-path.cc:99) For utterance lakshya6-indie_pop-tanha_dil, best cost 218.735 + 9025.72 = 9244.45 over 151 frames.
lakshya6-indie_pop-tanha_dil tanha dil 
LOG (lattice-best-path[5.1.32~1-34128]:main():lattice-best-path.cc:99) For utterance lakshya6-indie_pop-tera_chehra, best cost 229.873 + 9327.65 = 9557.52 over 161 frames.
lakshya6-indie_pop-tera_chehra tera chehra 
LOG (lattice-best-path[5.1.32~1-34128]:main():lattice-best-path.cc:99) For utterance lakshya6-indie_pop-woh_chali_woh_chali, best cost 399.324 + 11662.8 = 12062.2 over 184 frames.
lakshya6-indie_pop-woh_chali_woh_chali woh chali woh chali 
LOG (lattice-best-path[5.1.32~1-34128]:main():lattice-best-path.cc:99) For utterance lakshya6-indie_pop-yaad_pia_ki, best cost 323.061 + 11878 = 12201 over 200 frames.
lakshya6-indie_pop-yaad_pia_ki yaad pia ki 
LOG (lattice-best-path[5.1.32~1-34128]:main():lattice-best-path.cc:99) For utterance lakshya6-indie_pop-yaaron, best cost 141.386 + 8818.2 = 8959.59 over 154 frames.
lakshya6-indie_pop-yaaron yaaron 
LOG (lattice-best-path[5.1.32~1-34128]:main():lattice-best-path.cc:99) For utterance lakshya6-jazz-all_of_me, best cost 277.131 + 8941.08 = 9218.22 over 156 frames.
lakshya6-jazz-all_of_me all of me 
LOG (lattice-best-path[5.1.32~1-34128]:main():lattice-best-path.cc:99) For utterance lakshya6-jazz-autumn_leaves, best cost 228.149 + 9646.65 = 9874.8 over 163 frames.
lakshya6-jazz-autumn_leaves autumn leaves 
LOG (lattice-best-path[5.1.32~1-34128]:main():lattice-best-path.cc:99) For utterance lakshya6-jazz-blue_monk, best cost 279.658 + 9798.17 = 10077.8 over 172 frames.
lakshya6-jazz-blue_monk blue monk 
LOG (lattice-best-path[5.1.32~1-34128]:main():lattice-best-path.cc:99) For utterance lakshya6-jazz-body_and_soul, best cost 328.13 + 10576.1 = 10904.2 over 186 frames.
lakshya6-jazz-body_and_soul body and soul 
LOG (lattice-best-path[5.1.32~1-34128]:main():lattice-best-path.cc:99) For utterance lakshya6-jazz-jazz, best cost 167.64 + 8928.51 = 9096.15 over 163 frames.
lakshya6-jazz-jazz jazz 
LOG (lattice-best-path[5.1.32~1-34128]:main():lattice-best-path.cc:99) For utterance lakshya6-jazz-misty, best cost 177.049 + 8948.65 = 9125.7 over 163 frames.
lakshya6-jazz-misty misty 
LOG (lattice-best-path[5.1.32~1-34128]:main():lattice-best-path.cc:99) For utterance lakshya6-jazz-my_funny_valentine, best cost 342.744 + 12522.8 = 12865.5 over 205 frames.
lakshya6-jazz-my_funny_valentine my funny valentine 
LOG (lattice-best-path[5.1.32~1-34128]:main():lattice-best-path.cc:99) For utterance lakshya6-jazz-sing_sing_sing, best cost 327.455 + 10284.9 = 10612.4 over 179 frames.
lakshya6-jazz-sing_sing_sing sing sing sing 
LOG (lattice-best-path[5.1.32~1-34128]:main():lattice-best-path.cc:99) For utterance lakshya6-jazz-sophisticated_lady, best cost 281.677 + 13698.3 = 13980 over 226 frames.
lakshya6-jazz-sophisticated_lady sophisticated lady 
LOG (lattice-best-path[5.1.32~1-34128]:main():lattice-best-path.cc:99) For utterance lakshya6-jazz-strange_fruit, best cost 216.439 + 11476.2 = 11692.6 over 181 frames.
lakshya6-jazz-strange_fruit strange fruit 
LOG (lattice-best-path[5.1.32~1-34128]:main():lattice-best-path.cc:99) For utterance lakshya6-jazz-take_five, best cost 252.663 + 9445.44 = 9698.1 over 172 frames.
lakshya6-jazz-take_five take five 
LOG (lattice-best-path[5.1.32~1-34128]:main():lattice-best-path.cc:99) For utterance lakshya6-pop-cheap_thrills, best cost 253.494 + 10458.7 = 10712.2 over 174 frames.
lakshya6-pop-cheap_thrills cheap thrills 
LOG (lattice-best-path[5.1.32~1-34128]:main():lattice-best-path.cc:99) For utterance lakshya6-pop-fake_love, best cost 251.821 + 10399.1 = 10650.9 over 181 frames.
lakshya6-pop-fake_love fake love 
LOG (lattice-best-path[5.1.32~1-34128]:main():lattice-best-path.cc:99) For utterance lakshya6-pop-hey_jude, best cost 232.684 + 8970.67 = 9203.35 over 156 frames.
lakshya6-pop-hey_jude hey jude 
LOG (lattice-best-path[5.1.32~1-34128]:main():lattice-best-path.cc:99) For utterance lakshya6-pop-i_love_you, best cost 279.253 + 10304.9 = 10584.1 over 170 frames.
lakshya6-pop-i_love_you o love you 
LOG (lattice-best-path[5.1.32~1-34128]:main():lattice-best-path.cc:99) For utterance lakshya6-pop-photograph, best cost 169.227 + 12113.5 = 12282.8 over 191 frames.
lakshya6-pop-photograph photograph 
LOG (lattice-best-path[5.1.32~1-34128]:main():lattice-best-path.cc:99) For utterance lakshya6-pop-play_that_song, best cost 329.062 + 10762.4 = 11091.5 over 188 frames.
lakshya6-pop-play_that_song play shape song 
LOG (lattice-best-path[5.1.32~1-34128]:main():lattice-best-path.cc:99) For utterance lakshya6-pop-pop, best cost 173.09 + 8376.23 = 8549.32 over 154 frames.
lakshya6-pop-pop pop 
LOG (lattice-best-path[5.1.32~1-34128]:main():lattice-best-path.cc:99) For utterance lakshya6-pop-rockabye, best cost 177.446 + 9992.41 = 10169.9 over 179 frames.
lakshya6-pop-rockabye rockabye 
LOG (lattice-best-path[5.1.32~1-34128]:main():lattice-best-path.cc:99) For utterance lakshya6-pop-shape_of_you, best cost 310.914 + 11971.5 = 12282.4 over 226 frames.
lakshya6-pop-shape_of_you shape of you 
LOG (lattice-best-path[5.1.32~1-34128]:main():lattice-best-path.cc:99) For utterance lakshya6-pop-something_just_like_this, best cost 428.414 + 15557.4 = 15985.8 over 246 frames.
lakshya6-pop-something_just_like_this o just like this 
LOG (lattice-best-path[5.1.32~1-34128]:main():lattice-best-path.cc:99) For utterance lakshya6-rock-back_in_black, best cost 290.26 + 8603.17 = 8893.43 over 130 frames.
lakshya6-rock-back_in_black back in black 
LOG (lattice-best-path[5.1.32~1-34128]:main():lattice-best-path.cc:99) For utterance lakshya6-rock-born_to_be_wild, best cost 476.903 + 12916 = 13392.9 over 172 frames.
lakshya6-rock-born_to_be_wild born to my all wild 
LOG (lattice-best-path[5.1.32~1-34128]:main():lattice-best-path.cc:99) For utterance lakshya6-rock-free_bird, best cost 235.24 + 8834.9 = 9070.14 over 149 frames.
lakshya6-rock-free_bird free bird 
LOG (lattice-best-path[5.1.32~1-34128]:main():lattice-best-path.cc:99) For utterance lakshya6-rock-highway_to_hell, best cost 313.335 + 9709.94 = 10023.3 over 163 frames.
lakshya6-rock-highway_to_hell highway to hell 
LOG (lattice-best-path[5.1.32~1-34128]:main():lattice-best-path.cc:99) For utterance lakshya6-rock-hotel_california, best cost 253.676 + 11794.9 = 12048.5 over 184 frames.
lakshya6-rock-hotel_california hotel california 
LOG (lattice-best-path[5.1.32~1-34128]:main():lattice-best-path.cc:99) For utterance lakshya6-rock-purple_haze, best cost 253.515 + 10215.2 = 10468.8 over 181 frames.
lakshya6-rock-purple_haze purple haze 
LOG (lattice-best-path[5.1.32~1-34128]:main():lattice-best-path.cc:99) For utterance lakshya6-rock-rock, best cost 148.34 + 8750.01 = 8898.35 over 154 frames.
lakshya6-rock-rock rock 
LOG (lattice-best-path[5.1.32~1-34128]:main():lattice-best-path.cc:99) For utterance lakshya6-rock-smoke_on_the_water, best cost 400.406 + 11619.6 = 12020 over 205 frames.
lakshya6-rock-smoke_on_the_water o on the water 
LOG (lattice-best-path[5.1.32~1-34128]:main():lattice-best-path.cc:99) For utterance lakshya6-rock-stairway_to_heaven, best cost 350.008 + 16035.4 = 16385.4 over 172 frames.
lakshya6-rock-stairway_to_heaven take all on 
LOG (lattice-best-path[5.1.32~1-34128]:main():lattice-best-path.cc:99) For utterance lakshya6-rock-sweet_child_o_mine, best cost 406.124 + 13384.6 = 13790.7 over 209 frames.
lakshya6-rock-sweet_child_o_mine sweet child o mine 
LOG (lattice-best-path[5.1.32~1-34128]:main():lattice-best-path.cc:99) For utterance lakshya6-rock-welcome_to_the_jungle, best cost 321.603 + 12165 = 12486.6 over 184 frames.
lakshya6-rock-welcome_to_the_jungle to the jungle 
LOG (lattice-best-path[5.1.32~1-34128]:main():lattice-best-path.cc:99) For utterance srijay6-24, best cost 138.724 + 9497.8 = 9636.53 over 274 frames.
srijay6-24 genre 
LOG (lattice-best-path[5.1.32~1-34128]:main():lattice-best-path.cc:99) For utterance srijay6-25, best cost 139.295 + 9357.71 = 9497.01 over 325 frames.
srijay6-25 genre 
LOG (lattice-best-path[5.1.32~1-34128]:main():lattice-best-path.cc:99) For utterance srijay6-26, best cost 138.326 + 8776.12 = 8914.45 over 244 frames.
srijay6-26 genre 
LOG (lattice-best-path[5.1.32~1-34128]:main():lattice-best-path.cc:99) For utterance srijay6-27, best cost 149.293 + 14526.2 = 14675.5 over 323 frames.
srijay6-27 genre 
LOG (lattice-best-path[5.1.32~1-34128]:main():lattice-best-path.cc:99) For utterance srijay6-28, best cost 172.348 + 8712.51 = 8884.86 over 263 frames.
srijay6-28 genre 
LOG (lattice-best-path[5.1.32~1-34128]:main():lattice-best-path.cc:99) For utterance srijay6-indie_pop-bhool_ja, best cost 202.107 + 7574.42 = 7776.52 over 117 frames.
srijay6-indie_pop-bhool_ja bhool ja 
LOG (lattice-best-path[5.1.32~1-34128]:main():lattice-best-path.cc:99) For utterance srijay6-indie_pop-deewana_tera, best cost 237.765 + 8157.35 = 8395.11 over 117 frames.
srijay6-indie_pop-deewana_tera deewana tera 
LOG (lattice-best-path[5.1.32~1-34128]:main():lattice-best-path.cc:99) For utterance srijay6-indie_pop-indie_pop, best cost 232.895 + 7412.15 = 7645.05 over 117 frames.
srijay6-indie_pop-indie_pop indie pop 
LOG (lattice-best-path[5.1.32~1-34128]:main():lattice-best-path.cc:99) For utterance srijay6-indie_pop-kajra_re, best cost 228.612 + 7375.07 = 7603.68 over 117 frames.
srijay6-indie_pop-kajra_re kajra re 
LOG (lattice-best-path[5.1.32~1-34128]:main():lattice-best-path.cc:99) For utterance srijay6-indie_pop-o_piya, best cost 197.154 + 7390.25 = 7587.4 over 117 frames.
srijay6-indie_pop-o_piya o piya 
LOG (lattice-best-path[5.1.32~1-34128]:main():lattice-best-path.cc:99) For utterance srijay6-indie_pop-saathiya, best cost 147.798 + 7473.97 = 7621.77 over 117 frames.
srijay6-indie_pop-saathiya saathiya 
LOG (lattice-best-path[5.1.32~1-34128]:main():lattice-best-path.cc:99) For utterance srijay6-indie_pop-tanha_dil, best cost 233.636 + 7627.1 = 7860.74 over 117 frames.
srijay6-indie_pop-tanha_dil tanha dil 
LOG (lattice-best-path[5.1.32~1-34128]:main():lattice-best-path.cc:99) For utterance srijay6-indie_pop-tera_chehra, best cost 240.945 + 7861.55 = 8102.49 over 117 frames.
srijay6-indie_pop-tera_chehra tera chehra 
LOG (lattice-best-path[5.1.32~1-34128]:main():lattice-best-path.cc:99) For utterance srijay6-indie_pop-woh_chali_woh_chali, best cost 373.086 + 7764.86 = 8137.95 over 117 frames.
srijay6-indie_pop-woh_chali_woh_chali woh chali woh chali 
LOG (lattice-best-path[5.1.32~1-34128]:main():lattice-best-path.cc:99) For utterance srijay6-indie_pop-yaad_pia_ki, best cost 305.318 + 7871.76 = 8177.07 over 117 frames.
srijay6-indie_pop-yaad_pia_ki yaad pia ki 
LOG (lattice-best-path[5.1.32~1-34128]:main():lattice-best-path.cc:99) For utterance srijay6-indie_pop-yaaron, best cost 138.579 + 7322.8 = 7461.38 over 117 frames.
srijay6-indie_pop-yaaron yaaron 
LOG (lattice-best-path[5.1.32~1-34128]:main():lattice-best-path.cc:99) For utterance srijay6-jazz-all_of_me, best cost 292.398 + 7674.53 = 7966.93 over 117 frames.
srijay6-jazz-all_of_me all of me 
LOG (lattice-best-path[5.1.32~1-34128]:main():lattice-best-path.cc:99) For utterance srijay6-jazz-autumn_leaves, best cost 228.311 + 7297.76 = 7526.08 over 117 frames.
srijay6-jazz-autumn_leaves autumn leaves 
LOG (lattice-best-path[5.1.32~1-34128]:main():lattice-best-path.cc:99) For utterance srijay6-jazz-blue_monk, best cost 221.483 + 7440.64 = 7662.12 over 117 frames.
srijay6-jazz-blue_monk blue monk 
LOG (lattice-best-path[5.1.32~1-34128]:main():lattice-best-path.cc:99) For utterance srijay6-jazz-body_and_soul, best cost 311.49 + 7590.08 = 7901.57 over 117 frames.
srijay6-jazz-body_and_soul body and soul 
LOG (lattice-best-path[5.1.32~1-34128]:main():lattice-best-path.cc:99) For utterance srijay6-jazz-jazz, best cost 161.536 + 7450.7 = 7612.23 over 117 frames.
srijay6-jazz-jazz jazz 
LOG (lattice-best-path[5.1.32~1-34128]:main():lattice-best-path.cc:99) For utterance srijay6-jazz-misty, best cost 146.416 + 7481.8 = 7628.21 over 117 frames.
srijay6-jazz-misty misty 
LOG (lattice-best-path[5.1.32~1-34128]:main():lattice-best-path.cc:99) For utterance srijay6-jazz-my_funny_valentine, best cost 282.523 + 8024.08 = 8306.6 over 117 frames.
srijay6-jazz-my_funny_valentine my funny valentine 
LOG (lattice-best-path[5.1.32~1-34128]:main():lattice-best-path.cc:99) For utterance srijay6-jazz-sing_sing_sing, best cost 345.915 + 7359.98 = 7705.89 over 117 frames.
srijay6-jazz-sing_sing_sing sing sing sing 
LOG (lattice-best-path[5.1.32~1-34128]:main():lattice-best-path.cc:99) For utterance srijay6-jazz-sophisticated_lady, best cost 242.376 + 8708.26 = 8950.64 over 117 frames.
srijay6-jazz-sophisticated_lady sophisticated lady 
LOG (lattice-best-path[5.1.32~1-34128]:main():lattice-best-path.cc:99) For utterance srijay6-jazz-strange_fruit, best cost 212.718 + 7758.11 = 7970.83 over 117 frames.
srijay6-jazz-strange_fruit strange fruit 
LOG (lattice-best-path[5.1.32~1-34128]:main():lattice-best-path.cc:99) For utterance srijay6-jazz-take_five, best cost 237.201 + 7795.71 = 8032.92 over 117 frames.
srijay6-jazz-take_five take five 
LOG (lattice-best-path[5.1.32~1-34128]:main():lattice-best-path.cc:99) For utterance srijay6-pop-cheap_thrills, best cost 214.941 + 7982.84 = 8197.79 over 117 frames.
srijay6-pop-cheap_thrills cheap thrills 
LOG (lattice-best-path[5.1.32~1-34128]:main():lattice-best-path.cc:99) For utterance srijay6-pop-fake_love, best cost 213.563 + 7395.56 = 7609.13 over 117 frames.
srijay6-pop-fake_love fake love 
LOG (lattice-best-path[5.1.32~1-34128]:main():lattice-best-path.cc:99) For utterance srijay6-pop-hey_jude, best cost 214.293 + 7717.63 = 7931.93 over 117 frames.
srijay6-pop-hey_jude hey jude 
LOG (lattice-best-path[5.1.32~1-34128]:main():lattice-best-path.cc:99) For utterance srijay6-pop-i_love_you, best cost 287.382 + 9081.2 = 9368.58 over 117 frames.
srijay6-pop-i_love_you o love you 
LOG (lattice-best-path[5.1.32~1-34128]:main():lattice-best-path.cc:99) For utterance srijay6-pop-photograph, best cost 151.206 + 7551.35 = 7702.55 over 117 frames.
srijay6-pop-photograph photograph 
LOG (lattice-best-path[5.1.32~1-34128]:main():lattice-best-path.cc:99) For utterance srijay6-pop-play_that_song, best cost 304.234 + 7930.4 = 8234.63 over 117 frames.
srijay6-pop-play_that_song play shape song 
LOG (lattice-best-path[5.1.32~1-34128]:main():lattice-best-path.cc:99) For utterance srijay6-pop-pop, best cost 141.313 + 7172.17 = 7313.48 over 117 frames.
srijay6-pop-pop pop 
LOG (lattice-best-path[5.1.32~1-34128]:main():lattice-best-path.cc:99) For utterance srijay6-pop-rockabye, best cost 157.651 + 7308.32 = 7465.97 over 117 frames.
srijay6-pop-rockabye rockabye 
LOG (lattice-best-path[5.1.32~1-34128]:main():lattice-best-path.cc:99) For utterance srijay6-pop-shape_of_you, best cost 286.537 + 7146.28 = 7432.82 over 117 frames.
srijay6-pop-shape_of_you shape of you 
LOG (lattice-best-path[5.1.32~1-34128]:main():lattice-best-path.cc:99) For utterance srijay6-pop-something_just_like_this, best cost 358.728 + 8445.78 = 8804.51 over 117 frames.
srijay6-pop-something_just_like_this o just like this 
LOG (lattice-best-path[5.1.32~1-34128]:main():lattice-best-path.cc:99) For utterance srijay6-rock-back_in_black, best cost 322.946 + 8035.4 = 8358.35 over 117 frames.
srijay6-rock-back_in_black back in black 
LOG (lattice-best-path[5.1.32~1-34128]:main():lattice-best-path.cc:99) For utterance srijay6-rock-born_to_be_wild, best cost 259.219 + 10514.6 = 10773.8 over 117 frames.
srijay6-rock-born_to_be_wild born wild 
LOG (lattice-best-path[5.1.32~1-34128]:main():lattice-best-path.cc:99) For utterance srijay6-rock-free_bird, best cost 201.897 + 7051.44 = 7253.34 over 117 frames.
srijay6-rock-free_bird free bird 
LOG (lattice-best-path[5.1.32~1-34128]:main():lattice-best-path.cc:99) For utterance srijay6-rock-highway_to_hell, best cost 305.653 + 7945.17 = 8250.83 over 117 frames.
srijay6-rock-highway_to_hell highway to hell 
LOG (lattice-best-path[5.1.32~1-34128]:main():lattice-best-path.cc:99) For utterance srijay6-rock-hotel_california, best cost 230.342 + 8318.81 = 8549.15 over 117 frames.
srijay6-rock-hotel_california hotel california 
LOG (lattice-best-path[5.1.32~1-34128]:main():lattice-best-path.cc:99) For utterance srijay6-rock-purple_haze, best cost 213.461 + 7536.31 = 7749.77 over 117 frames.
srijay6-rock-purple_haze purple haze 
LOG (lattice-best-path[5.1.32~1-34128]:main():lattice-best-path.cc:99) For utterance srijay6-rock-rock, best cost 155.718 + 7396.46 = 7552.18 over 117 frames.
srijay6-rock-rock rock 
LOG (lattice-best-path[5.1.32~1-34128]:main():lattice-best-path.cc:99) For utterance srijay6-rock-smoke_on_the_water, best cost 231.384 + 8668.41 = 8899.8 over 117 frames.
srijay6-rock-smoke_on_the_water the water 
LOG (lattice-best-path[5.1.32~1-34128]:main():lattice-best-path.cc:99) For utterance srijay6-rock-stairway_to_heaven, best cost 377.831 + 11369.5 = 11747.4 over 117 frames.
srijay6-rock-stairway_to_heaven highway to my all 
LOG (lattice-best-path[5.1.32~1-34128]:main():lattice-best-path.cc:99) For utterance srijay6-rock-sweet_child_o_mine, best cost 375.955 + 8282.13 = 8658.08 over 117 frames.
srijay6-rock-sweet_child_o_mine sweet child o mine 
LOG (lattice-best-path[5.1.32~1-34128]:main():lattice-best-path.cc:99) For utterance srijay6-rock-welcome_to_the_jungle, best cost 353.507 + 10189.5 = 10543 over 117 frames.
srijay6-rock-welcome_to_the_jungle back the jungle 
LOG (lattice-best-path[5.1.32~1-34128]:main():lattice-best-path.cc:124) Overall cost per frame is 59.479 = 1.54931 [graph] + 57.9297 [acoustic] over 15422 frames.
LOG (lattice-best-path[5.1.32~1-34128]:main():lattice-best-path.cc:128) Done 96 lattices, failed for 0
# Accounting: time=0 threads=1
# Ended (code 0) at Sun Apr 30 14:00:49 IST 2017, elapsed time 0 seconds
