# lattice-best-path --lm-scale=17 --word-symbol-table=exp/tri1/graph/words.txt "ark:gunzip -c exp/tri1/decode/lat.*.gz|" ark,t:exp/tri1/decode/scoring/17.tra 
# Started at Sun Apr 30 14:00:49 IST 2017
#
lattice-best-path --lm-scale=17 --word-symbol-table=exp/tri1/graph/words.txt 'ark:gunzip -c exp/tri1/decode/lat.*.gz|' ark,t:exp/tri1/decode/scoring/17.tra 
LOG (lattice-best-path[5.1.32~1-34128]:main():lattice-best-path.cc:99) For utterance lakshya6-24, best cost 262.15 + 8841.28 = 9103.43 over 274 frames.
lakshya6-24 genre 
LOG (lattice-best-path[5.1.32~1-34128]:main():lattice-best-path.cc:99) For utterance lakshya6-25, best cost 217.756 + 9191.75 = 9409.51 over 325 frames.
lakshya6-25 genre 
LOG (lattice-best-path[5.1.32~1-34128]:main():lattice-best-path.cc:99) For utterance lakshya6-26, best cost 261.253 + 8555.63 = 8816.89 over 244 frames.
lakshya6-26 genre 
LOG (lattice-best-path[5.1.32~1-34128]:main():lattice-best-path.cc:99) For utterance lakshya6-27, best cost 324.908 + 13803.4 = 14128.3 over 323 frames.
lakshya6-27 genre 
LOG (lattice-best-path[5.1.32~1-34128]:main():lattice-best-path.cc:99) For utterance lakshya6-28, best cost 311.173 + 8515.89 = 8827.07 over 263 frames.
lakshya6-28 genre 
LOG (lattice-best-path[5.1.32~1-34128]:main():lattice-best-path.cc:99) For utterance lakshya6-indie_pop-bhool_ja, best cost 343.292 + 8343.16 = 8686.45 over 158 frames.
lakshya6-indie_pop-bhool_ja bhool ja 
LOG (lattice-best-path[5.1.32~1-34128]:main():lattice-best-path.cc:99) For utterance lakshya6-indie_pop-deewana_tera, best cost 365.025 + 10305.2 = 10670.3 over 174 frames.
lakshya6-indie_pop-deewana_tera deewana tera 
LOG (lattice-best-path[5.1.32~1-34128]:main():lattice-best-path.cc:99) For utterance lakshya6-indie_pop-indie_pop, best cost 402.946 + 11442.3 = 11845.3 over 191 frames.
lakshya6-indie_pop-indie_pop indie pop 
LOG (lattice-best-path[5.1.32~1-34128]:main():lattice-best-path.cc:99) For utterance lakshya6-indie_pop-kajra_re, best cost 303.92 + 7835.34 = 8139.26 over 140 frames.
lakshya6-indie_pop-kajra_re kajra re 
LOG (lattice-best-path[5.1.32~1-34128]:main():lattice-best-path.cc:99) For utterance lakshya6-indie_pop-o_piya, best cost 300.704 + 8315.21 = 8615.92 over 151 frames.
lakshya6-indie_pop-o_piya o piya 
LOG (lattice-best-path[5.1.32~1-34128]:main():lattice-best-path.cc:99) For utterance lakshya6-indie_pop-saathiya, best cost 209.858 + 8005.71 = 8215.57 over 135 frames.
lakshya6-indie_pop-saathiya saathiya 
LOG (lattice-best-path[5.1.32~1-34128]:main():lattice-best-path.cc:99) For utterance lakshya6-indie_pop-tanha_dil, best cost 309.875 + 9025.72 = 9335.59 over 151 frames.
lakshya6-indie_pop-tanha_dil tanha dil 
LOG (lattice-best-path[5.1.32~1-34128]:main():lattice-best-path.cc:99) For utterance lakshya6-indie_pop-tera_chehra, best cost 325.654 + 9327.65 = 9653.31 over 161 frames.
lakshya6-indie_pop-tera_chehra tera chehra 
LOG (lattice-best-path[5.1.32~1-34128]:main():lattice-best-path.cc:99) For utterance lakshya6-indie_pop-woh_chali_woh_chali, best cost 565.709 + 11662.8 = 12228.5 over 184 frames.
lakshya6-indie_pop-woh_chali_woh_chali woh chali woh chali 
LOG (lattice-best-path[5.1.32~1-34128]:main():lattice-best-path.cc:99) For utterance lakshya6-indie_pop-yaad_pia_ki, best cost 457.669 + 11878 = 12335.6 over 200 frames.
lakshya6-indie_pop-yaad_pia_ki yaad pia ki 
LOG (lattice-best-path[5.1.32~1-34128]:main():lattice-best-path.cc:99) For utterance lakshya6-indie_pop-yaaron, best cost 200.297 + 8818.2 = 9018.5 over 154 frames.
lakshya6-indie_pop-yaaron yaaron 
LOG (lattice-best-path[5.1.32~1-34128]:main():lattice-best-path.cc:99) For utterance lakshya6-jazz-all_of_me, best cost 392.602 + 8941.08 = 9333.69 over 156 frames.
lakshya6-jazz-all_of_me all of me 
LOG (lattice-best-path[5.1.32~1-34128]:main():lattice-best-path.cc:99) For utterance lakshya6-jazz-autumn_leaves, best cost 323.211 + 9646.65 = 9969.86 over 163 frames.
lakshya6-jazz-autumn_leaves autumn leaves 
LOG (lattice-best-path[5.1.32~1-34128]:main():lattice-best-path.cc:99) For utterance lakshya6-jazz-blue_monk, best cost 396.183 + 9798.17 = 10194.4 over 172 frames.
lakshya6-jazz-blue_monk blue monk 
LOG (lattice-best-path[5.1.32~1-34128]:main():lattice-best-path.cc:99) For utterance lakshya6-jazz-body_and_soul, best cost 464.85 + 10576.1 = 11040.9 over 186 frames.
lakshya6-jazz-body_and_soul body and soul 
LOG (lattice-best-path[5.1.32~1-34128]:main():lattice-best-path.cc:99) For utterance lakshya6-jazz-jazz, best cost 237.49 + 8928.51 = 9166 over 163 frames.
lakshya6-jazz-jazz jazz 
LOG (lattice-best-path[5.1.32~1-34128]:main():lattice-best-path.cc:99) For utterance lakshya6-jazz-misty, best cost 250.82 + 8948.65 = 9199.47 over 163 frames.
lakshya6-jazz-misty misty 
LOG (lattice-best-path[5.1.32~1-34128]:main():lattice-best-path.cc:99) For utterance lakshya6-jazz-my_funny_valentine, best cost 485.554 + 12522.8 = 13008.3 over 205 frames.
lakshya6-jazz-my_funny_valentine my funny valentine 
LOG (lattice-best-path[5.1.32~1-34128]:main():lattice-best-path.cc:99) For utterance lakshya6-jazz-sing_sing_sing, best cost 463.894 + 10284.9 = 10748.8 over 179 frames.
lakshya6-jazz-sing_sing_sing sing sing sing 
LOG (lattice-best-path[5.1.32~1-34128]:main():lattice-best-path.cc:99) For utterance lakshya6-jazz-sophisticated_lady, best cost 399.042 + 13698.3 = 14097.4 over 226 frames.
lakshya6-jazz-sophisticated_lady sophisticated lady 
LOG (lattice-best-path[5.1.32~1-34128]:main():lattice-best-path.cc:99) For utterance lakshya6-jazz-strange_fruit, best cost 306.622 + 11476.2 = 11782.8 over 181 frames.
lakshya6-jazz-strange_fruit strange fruit 
LOG (lattice-best-path[5.1.32~1-34128]:main():lattice-best-path.cc:99) For utterance lakshya6-jazz-take_five, best cost 357.94 + 9445.44 = 9803.38 over 172 frames.
lakshya6-jazz-take_five take five 
LOG (lattice-best-path[5.1.32~1-34128]:main():lattice-best-path.cc:99) For utterance lakshya6-pop-cheap_thrills, best cost 359.116 + 10458.7 = 10817.8 over 174 frames.
lakshya6-pop-cheap_thrills cheap thrills 
LOG (lattice-best-path[5.1.32~1-34128]:main():lattice-best-path.cc:99) For utterance lakshya6-pop-fake_love, best cost 356.746 + 10399.1 = 10755.8 over 181 frames.
lakshya6-pop-fake_love fake love 
LOG (lattice-best-path[5.1.32~1-34128]:main():lattice-best-path.cc:99) For utterance lakshya6-pop-hey_jude, best cost 329.636 + 8970.67 = 9300.3 over 156 frames.
lakshya6-pop-hey_jude hey jude 
LOG (lattice-best-path[5.1.32~1-34128]:main():lattice-best-path.cc:99) For utterance lakshya6-pop-i_love_you, best cost 395.609 + 10304.9 = 10700.5 over 170 frames.
lakshya6-pop-i_love_you o love you 
LOG (lattice-best-path[5.1.32~1-34128]:main():lattice-best-path.cc:99) For utterance lakshya6-pop-photograph, best cost 239.738 + 12113.5 = 12353.3 over 191 frames.
lakshya6-pop-photograph photograph 
LOG (lattice-best-path[5.1.32~1-34128]:main():lattice-best-path.cc:99) For utterance lakshya6-pop-play_that_song, best cost 466.171 + 10762.4 = 11228.6 over 188 frames.
lakshya6-pop-play_that_song play shape song 
LOG (lattice-best-path[5.1.32~1-34128]:main():lattice-best-path.cc:99) For utterance lakshya6-pop-pop, best cost 245.211 + 8376.23 = 8621.44 over 154 frames.
lakshya6-pop-pop pop 
LOG (lattice-best-path[5.1.32~1-34128]:main():lattice-best-path.cc:99) For utterance lakshya6-pop-rockabye, best cost 251.382 + 9992.41 = 10243.8 over 179 frames.
lakshya6-pop-rockabye rockabye 
LOG (lattice-best-path[5.1.32~1-34128]:main():lattice-best-path.cc:99) For utterance lakshya6-pop-shape_of_you, best cost 440.462 + 11971.5 = 12412 over 226 frames.
lakshya6-pop-shape_of_you shape of you 
LOG (lattice-best-path[5.1.32~1-34128]:main():lattice-best-path.cc:99) For utterance lakshya6-pop-something_just_like_this, best cost 606.919 + 15557.4 = 16164.3 over 246 frames.
lakshya6-pop-something_just_like_this o just like this 
LOG (lattice-best-path[5.1.32~1-34128]:main():lattice-best-path.cc:99) For utterance lakshya6-rock-back_in_black, best cost 411.201 + 8603.17 = 9014.37 over 130 frames.
lakshya6-rock-back_in_black back in black 
LOG (lattice-best-path[5.1.32~1-34128]:main():lattice-best-path.cc:99) For utterance lakshya6-rock-born_to_be_wild, best cost 492.29 + 13066 = 13558.3 over 172 frames.
lakshya6-rock-born_to_be_wild born all wild 
LOG (lattice-best-path[5.1.32~1-34128]:main():lattice-best-path.cc:99) For utterance lakshya6-rock-free_bird, best cost 333.257 + 8834.9 = 9168.15 over 149 frames.
lakshya6-rock-free_bird free bird 
LOG (lattice-best-path[5.1.32~1-34128]:main():lattice-best-path.cc:99) For utterance lakshya6-rock-highway_to_hell, best cost 443.891 + 9709.94 = 10153.8 over 163 frames.
lakshya6-rock-highway_to_hell highway to hell 
LOG (lattice-best-path[5.1.32~1-34128]:main():lattice-best-path.cc:99) For utterance lakshya6-rock-hotel_california, best cost 359.375 + 11794.9 = 12154.2 over 184 frames.
lakshya6-rock-hotel_california hotel california 
LOG (lattice-best-path[5.1.32~1-34128]:main():lattice-best-path.cc:99) For utterance lakshya6-rock-purple_haze, best cost 359.146 + 10215.2 = 10574.4 over 181 frames.
lakshya6-rock-purple_haze purple haze 
LOG (lattice-best-path[5.1.32~1-34128]:main():lattice-best-path.cc:99) For utterance lakshya6-rock-rock, best cost 210.149 + 8750.01 = 8960.16 over 154 frames.
lakshya6-rock-rock rock 
LOG (lattice-best-path[5.1.32~1-34128]:main():lattice-best-path.cc:99) For utterance lakshya6-rock-smoke_on_the_water, best cost 496.789 + 11690 = 12186.8 over 205 frames.
lakshya6-rock-smoke_on_the_water on the water 
LOG (lattice-best-path[5.1.32~1-34128]:main():lattice-best-path.cc:99) For utterance lakshya6-rock-stairway_to_heaven, best cost 384.988 + 16145.9 = 16530.9 over 172 frames.
lakshya6-rock-stairway_to_heaven take all 
LOG (lattice-best-path[5.1.32~1-34128]:main():lattice-best-path.cc:99) For utterance lakshya6-rock-sweet_child_o_mine, best cost 575.342 + 13384.6 = 13959.9 over 209 frames.
lakshya6-rock-sweet_child_o_mine sweet child o mine 
LOG (lattice-best-path[5.1.32~1-34128]:main():lattice-best-path.cc:99) For utterance lakshya6-rock-welcome_to_the_jungle, best cost 455.604 + 12165 = 12620.6 over 184 frames.
lakshya6-rock-welcome_to_the_jungle to the jungle 
LOG (lattice-best-path[5.1.32~1-34128]:main():lattice-best-path.cc:99) For utterance srijay6-24, best cost 196.526 + 9497.8 = 9694.33 over 274 frames.
srijay6-24 genre 
LOG (lattice-best-path[5.1.32~1-34128]:main():lattice-best-path.cc:99) For utterance srijay6-25, best cost 197.335 + 9357.71 = 9555.05 over 325 frames.
srijay6-25 genre 
LOG (lattice-best-path[5.1.32~1-34128]:main():lattice-best-path.cc:99) For utterance srijay6-26, best cost 195.962 + 8776.12 = 8972.08 over 244 frames.
srijay6-26 genre 
LOG (lattice-best-path[5.1.32~1-34128]:main():lattice-best-path.cc:99) For utterance srijay6-27, best cost 211.499 + 14526.2 = 14737.7 over 323 frames.
srijay6-27 genre 
LOG (lattice-best-path[5.1.32~1-34128]:main():lattice-best-path.cc:99) For utterance srijay6-28, best cost 244.16 + 8712.51 = 8956.67 over 263 frames.
srijay6-28 genre 
LOG (lattice-best-path[5.1.32~1-34128]:main():lattice-best-path.cc:99) For utterance srijay6-indie_pop-bhool_ja, best cost 286.319 + 7574.42 = 7860.73 over 117 frames.
srijay6-indie_pop-bhool_ja bhool ja 
LOG (lattice-best-path[5.1.32~1-34128]:main():lattice-best-path.cc:99) For utterance srijay6-indie_pop-deewana_tera, best cost 336.834 + 8157.35 = 8494.18 over 117 frames.
srijay6-indie_pop-deewana_tera deewana tera 
LOG (lattice-best-path[5.1.32~1-34128]:main():lattice-best-path.cc:99) For utterance srijay6-indie_pop-indie_pop, best cost 329.935 + 7412.15 = 7742.09 over 117 frames.
srijay6-indie_pop-indie_pop indie pop 
LOG (lattice-best-path[5.1.32~1-34128]:main():lattice-best-path.cc:99) For utterance srijay6-indie_pop-kajra_re, best cost 323.868 + 7375.07 = 7698.94 over 117 frames.
srijay6-indie_pop-kajra_re kajra re 
LOG (lattice-best-path[5.1.32~1-34128]:main():lattice-best-path.cc:99) For utterance srijay6-indie_pop-o_piya, best cost 279.302 + 7390.25 = 7669.55 over 117 frames.
srijay6-indie_pop-o_piya o piya 
LOG (lattice-best-path[5.1.32~1-34128]:main():lattice-best-path.cc:99) For utterance srijay6-indie_pop-saathiya, best cost 209.38 + 7473.97 = 7683.35 over 117 frames.
srijay6-indie_pop-saathiya saathiya 
LOG (lattice-best-path[5.1.32~1-34128]:main():lattice-best-path.cc:99) For utterance srijay6-indie_pop-tanha_dil, best cost 330.984 + 7627.1 = 7958.08 over 117 frames.
srijay6-indie_pop-tanha_dil tanha dil 
LOG (lattice-best-path[5.1.32~1-34128]:main():lattice-best-path.cc:99) For utterance srijay6-indie_pop-tera_chehra, best cost 341.338 + 7861.55 = 8202.88 over 117 frames.
srijay6-indie_pop-tera_chehra tera chehra 
LOG (lattice-best-path[5.1.32~1-34128]:main():lattice-best-path.cc:99) For utterance srijay6-indie_pop-woh_chali_woh_chali, best cost 528.538 + 7764.86 = 8293.4 over 117 frames.
srijay6-indie_pop-woh_chali_woh_chali woh chali woh chali 
LOG (lattice-best-path[5.1.32~1-34128]:main():lattice-best-path.cc:99) For utterance srijay6-indie_pop-yaad_pia_ki, best cost 432.533 + 7871.76 = 8304.29 over 117 frames.
srijay6-indie_pop-yaad_pia_ki yaad pia ki 
LOG (lattice-best-path[5.1.32~1-34128]:main():lattice-best-path.cc:99) For utterance srijay6-indie_pop-yaaron, best cost 196.32 + 7322.8 = 7519.12 over 117 frames.
srijay6-indie_pop-yaaron yaaron 
LOG (lattice-best-path[5.1.32~1-34128]:main():lattice-best-path.cc:99) For utterance srijay6-jazz-all_of_me, best cost 414.231 + 7674.53 = 8088.76 over 117 frames.
srijay6-jazz-all_of_me all of me 
LOG (lattice-best-path[5.1.32~1-34128]:main():lattice-best-path.cc:99) For utterance srijay6-jazz-autumn_leaves, best cost 323.44 + 7297.76 = 7621.21 over 117 frames.
srijay6-jazz-autumn_leaves autumn leaves 
LOG (lattice-best-path[5.1.32~1-34128]:main():lattice-best-path.cc:99) For utterance srijay6-jazz-blue_monk, best cost 313.768 + 7440.64 = 7754.4 over 117 frames.
srijay6-jazz-blue_monk blue monk 
LOG (lattice-best-path[5.1.32~1-34128]:main():lattice-best-path.cc:99) For utterance srijay6-jazz-body_and_soul, best cost 441.277 + 7590.08 = 8031.36 over 117 frames.
srijay6-jazz-body_and_soul body and soul 
LOG (lattice-best-path[5.1.32~1-34128]:main():lattice-best-path.cc:99) For utterance srijay6-jazz-jazz, best cost 228.842 + 7450.7 = 7679.54 over 117 frames.
srijay6-jazz-jazz jazz 
LOG (lattice-best-path[5.1.32~1-34128]:main():lattice-best-path.cc:99) For utterance srijay6-jazz-misty, best cost 207.422 + 7481.8 = 7689.22 over 117 frames.
srijay6-jazz-misty misty 
LOG (lattice-best-path[5.1.32~1-34128]:main():lattice-best-path.cc:99) For utterance srijay6-jazz-my_funny_valentine, best cost 400.24 + 8024.08 = 8424.32 over 117 frames.
srijay6-jazz-my_funny_valentine my funny valentine 
LOG (lattice-best-path[5.1.32~1-34128]:main():lattice-best-path.cc:99) For utterance srijay6-jazz-sing_sing_sing, best cost 490.046 + 7359.98 = 7850.02 over 117 frames.
srijay6-jazz-sing_sing_sing sing sing sing 
LOG (lattice-best-path[5.1.32~1-34128]:main():lattice-best-path.cc:99) For utterance srijay6-jazz-sophisticated_lady, best cost 343.366 + 8708.26 = 9051.63 over 117 frames.
srijay6-jazz-sophisticated_lady sophisticated lady 
LOG (lattice-best-path[5.1.32~1-34128]:main():lattice-best-path.cc:99) For utterance srijay6-jazz-strange_fruit, best cost 301.35 + 7758.11 = 8059.46 over 117 frames.
srijay6-jazz-strange_fruit strange fruit 
LOG (lattice-best-path[5.1.32~1-34128]:main():lattice-best-path.cc:99) For utterance srijay6-jazz-take_five, best cost 336.035 + 7795.71 = 8131.75 over 117 frames.
srijay6-jazz-take_five take five 
LOG (lattice-best-path[5.1.32~1-34128]:main():lattice-best-path.cc:99) For utterance srijay6-pop-cheap_thrills, best cost 304.5 + 7982.84 = 8287.34 over 117 frames.
srijay6-pop-cheap_thrills cheap thrills 
LOG (lattice-best-path[5.1.32~1-34128]:main():lattice-best-path.cc:99) For utterance srijay6-pop-fake_love, best cost 302.547 + 7395.56 = 7698.11 over 117 frames.
srijay6-pop-fake_love fake love 
LOG (lattice-best-path[5.1.32~1-34128]:main():lattice-best-path.cc:99) For utterance srijay6-pop-hey_jude, best cost 303.581 + 7717.63 = 8021.21 over 117 frames.
srijay6-pop-hey_jude hey jude 
LOG (lattice-best-path[5.1.32~1-34128]:main():lattice-best-path.cc:99) For utterance srijay6-pop-i_love_you, best cost 407.124 + 9081.2 = 9488.32 over 117 frames.
srijay6-pop-i_love_you o love you 
LOG (lattice-best-path[5.1.32~1-34128]:main():lattice-best-path.cc:99) For utterance srijay6-pop-photograph, best cost 214.208 + 7551.35 = 7765.56 over 117 frames.
srijay6-pop-photograph photograph 
LOG (lattice-best-path[5.1.32~1-34128]:main():lattice-best-path.cc:99) For utterance srijay6-pop-play_that_song, best cost 430.998 + 7930.4 = 8361.4 over 117 frames.
srijay6-pop-play_that_song play shape song 
LOG (lattice-best-path[5.1.32~1-34128]:main():lattice-best-path.cc:99) For utterance srijay6-pop-pop, best cost 200.193 + 7172.17 = 7372.36 over 117 frames.
srijay6-pop-pop pop 
LOG (lattice-best-path[5.1.32~1-34128]:main():lattice-best-path.cc:99) For utterance srijay6-pop-rockabye, best cost 223.339 + 7308.32 = 7531.66 over 117 frames.
srijay6-pop-rockabye rockabye 
LOG (lattice-best-path[5.1.32~1-34128]:main():lattice-best-path.cc:99) For utterance srijay6-pop-shape_of_you, best cost 405.928 + 7146.28 = 7552.21 over 117 frames.
srijay6-pop-shape_of_you shape of you 
LOG (lattice-best-path[5.1.32~1-34128]:main():lattice-best-path.cc:99) For utterance srijay6-pop-something_just_like_this, best cost 508.199 + 8445.78 = 8953.98 over 117 frames.
srijay6-pop-something_just_like_this o just like this 
LOG (lattice-best-path[5.1.32~1-34128]:main():lattice-best-path.cc:99) For utterance srijay6-rock-back_in_black, best cost 457.507 + 8035.4 = 8492.91 over 117 frames.
srijay6-rock-back_in_black back in black 
LOG (lattice-best-path[5.1.32~1-34128]:main():lattice-best-path.cc:99) For utterance srijay6-rock-born_to_be_wild, best cost 367.227 + 10514.6 = 10881.8 over 117 frames.
srijay6-rock-born_to_be_wild born wild 
LOG (lattice-best-path[5.1.32~1-34128]:main():lattice-best-path.cc:99) For utterance srijay6-rock-free_bird, best cost 286.021 + 7051.44 = 7337.46 over 117 frames.
srijay6-rock-free_bird free bird 
LOG (lattice-best-path[5.1.32~1-34128]:main():lattice-best-path.cc:99) For utterance srijay6-rock-highway_to_hell, best cost 433.009 + 7945.17 = 8378.18 over 117 frames.
srijay6-rock-highway_to_hell highway to hell 
LOG (lattice-best-path[5.1.32~1-34128]:main():lattice-best-path.cc:99) For utterance srijay6-rock-hotel_california, best cost 326.318 + 8318.81 = 8645.12 over 117 frames.
srijay6-rock-hotel_california hotel california 
LOG (lattice-best-path[5.1.32~1-34128]:main():lattice-best-path.cc:99) For utterance srijay6-rock-purple_haze, best cost 302.403 + 7536.31 = 7838.71 over 117 frames.
srijay6-rock-purple_haze purple haze 
LOG (lattice-best-path[5.1.32~1-34128]:main():lattice-best-path.cc:99) For utterance srijay6-rock-rock, best cost 220.6 + 7396.46 = 7617.06 over 117 frames.
srijay6-rock-rock rock 
LOG (lattice-best-path[5.1.32~1-34128]:main():lattice-best-path.cc:99) For utterance srijay6-rock-smoke_on_the_water, best cost 327.794 + 8668.41 = 8996.21 over 117 frames.
srijay6-rock-smoke_on_the_water the water 
LOG (lattice-best-path[5.1.32~1-34128]:main():lattice-best-path.cc:99) For utterance srijay6-rock-stairway_to_heaven, best cost 535.26 + 11369.5 = 11904.8 over 117 frames.
srijay6-rock-stairway_to_heaven highway to my all 
LOG (lattice-best-path[5.1.32~1-34128]:main():lattice-best-path.cc:99) For utterance srijay6-rock-sweet_child_o_mine, best cost 532.602 + 8282.13 = 8814.73 over 117 frames.
srijay6-rock-sweet_child_o_mine sweet child o mine 
LOG (lattice-best-path[5.1.32~1-34128]:main():lattice-best-path.cc:99) For utterance srijay6-rock-welcome_to_the_jungle, best cost 500.802 + 10189.5 = 10690.3 over 117 frames.
srijay6-rock-welcome_to_the_jungle back the jungle 
LOG (lattice-best-path[5.1.32~1-34128]:main():lattice-best-path.cc:124) Overall cost per frame is 60.1224 = 2.17121 [graph] + 57.9512 [acoustic] over 15422 frames.
LOG (lattice-best-path[5.1.32~1-34128]:main():lattice-best-path.cc:128) Done 96 lattices, failed for 0
# Accounting: time=0 threads=1
# Ended (code 0) at Sun Apr 30 14:00:49 IST 2017, elapsed time 0 seconds
