# lattice-best-path --lm-scale=11 --word-symbol-table=exp/tri1/graph/words.txt "ark:gunzip -c exp/tri1/decode/lat.*.gz|" ark,t:exp/tri1/decode/scoring/11.tra 
# Started at Sun Apr 30 14:00:49 IST 2017
#
lattice-best-path --lm-scale=11 --word-symbol-table=exp/tri1/graph/words.txt 'ark:gunzip -c exp/tri1/decode/lat.*.gz|' ark,t:exp/tri1/decode/scoring/11.tra 
LOG (lattice-best-path[5.1.32~1-34128]:main():lattice-best-path.cc:99) For utterance lakshya6-24, best cost 169.626 + 8841.28 = 9010.91 over 274 frames.
lakshya6-24 genre 
LOG (lattice-best-path[5.1.32~1-34128]:main():lattice-best-path.cc:99) For utterance lakshya6-25, best cost 140.901 + 9191.75 = 9332.65 over 325 frames.
lakshya6-25 genre 
LOG (lattice-best-path[5.1.32~1-34128]:main():lattice-best-path.cc:99) For utterance lakshya6-26, best cost 169.046 + 8555.63 = 8724.68 over 244 frames.
lakshya6-26 genre 
LOG (lattice-best-path[5.1.32~1-34128]:main():lattice-best-path.cc:99) For utterance lakshya6-27, best cost 210.234 + 13803.4 = 14013.6 over 323 frames.
lakshya6-27 genre 
LOG (lattice-best-path[5.1.32~1-34128]:main():lattice-best-path.cc:99) For utterance lakshya6-28, best cost 201.347 + 8515.89 = 8717.24 over 263 frames.
lakshya6-28 genre 
LOG (lattice-best-path[5.1.32~1-34128]:main():lattice-best-path.cc:99) For utterance lakshya6-indie_pop-bhool_ja, best cost 222.13 + 8343.16 = 8565.29 over 158 frames.
lakshya6-indie_pop-bhool_ja bhool ja 
LOG (lattice-best-path[5.1.32~1-34128]:main():lattice-best-path.cc:99) For utterance lakshya6-indie_pop-deewana_tera, best cost 236.193 + 10305.2 = 10541.4 over 174 frames.
lakshya6-indie_pop-deewana_tera deewana tera 
LOG (lattice-best-path[5.1.32~1-34128]:main():lattice-best-path.cc:99) For utterance lakshya6-indie_pop-indie_pop, best cost 260.73 + 11442.3 = 11703 over 191 frames.
lakshya6-indie_pop-indie_pop indie pop 
LOG (lattice-best-path[5.1.32~1-34128]:main():lattice-best-path.cc:99) For utterance lakshya6-indie_pop-kajra_re, best cost 196.654 + 7835.34 = 8032 over 140 frames.
lakshya6-indie_pop-kajra_re kajra re 
LOG (lattice-best-path[5.1.32~1-34128]:main():lattice-best-path.cc:99) For utterance lakshya6-indie_pop-o_piya, best cost 194.573 + 8315.21 = 8509.79 over 151 frames.
lakshya6-indie_pop-o_piya o piya 
LOG (lattice-best-path[5.1.32~1-34128]:main():lattice-best-path.cc:99) For utterance lakshya6-indie_pop-saathiya, best cost 135.791 + 8005.71 = 8141.5 over 135 frames.
lakshya6-indie_pop-saathiya saathiya 
LOG (lattice-best-path[5.1.32~1-34128]:main():lattice-best-path.cc:99) For utterance lakshya6-indie_pop-tanha_dil, best cost 200.507 + 9025.72 = 9226.23 over 151 frames.
lakshya6-indie_pop-tanha_dil tanha dil 
LOG (lattice-best-path[5.1.32~1-34128]:main():lattice-best-path.cc:99) For utterance lakshya6-indie_pop-tera_chehra, best cost 210.717 + 9327.65 = 9538.37 over 161 frames.
lakshya6-indie_pop-tera_chehra tera chehra 
LOG (lattice-best-path[5.1.32~1-34128]:main():lattice-best-path.cc:99) For utterance lakshya6-indie_pop-woh_chali_woh_chali, best cost 366.047 + 11662.8 = 12028.9 over 184 frames.
lakshya6-indie_pop-woh_chali_woh_chali woh chali woh chali 
LOG (lattice-best-path[5.1.32~1-34128]:main():lattice-best-path.cc:99) For utterance lakshya6-indie_pop-yaad_pia_ki, best cost 296.139 + 11878 = 12174.1 over 200 frames.
lakshya6-indie_pop-yaad_pia_ki yaad pia ki 
LOG (lattice-best-path[5.1.32~1-34128]:main():lattice-best-path.cc:99) For utterance lakshya6-indie_pop-yaaron, best cost 129.604 + 8818.2 = 8947.81 over 154 frames.
lakshya6-indie_pop-yaaron yaaron 
LOG (lattice-best-path[5.1.32~1-34128]:main():lattice-best-path.cc:99) For utterance lakshya6-jazz-all_of_me, best cost 254.037 + 8941.08 = 9195.12 over 156 frames.
lakshya6-jazz-all_of_me all of me 
LOG (lattice-best-path[5.1.32~1-34128]:main():lattice-best-path.cc:99) For utterance lakshya6-jazz-autumn_leaves, best cost 209.137 + 9646.65 = 9855.79 over 163 frames.
lakshya6-jazz-autumn_leaves autumn leaves 
LOG (lattice-best-path[5.1.32~1-34128]:main():lattice-best-path.cc:99) For utterance lakshya6-jazz-blue_monk, best cost 256.354 + 9798.17 = 10054.5 over 172 frames.
lakshya6-jazz-blue_monk blue monk 
LOG (lattice-best-path[5.1.32~1-34128]:main():lattice-best-path.cc:99) For utterance lakshya6-jazz-body_and_soul, best cost 300.785 + 10576.1 = 10876.8 over 186 frames.
lakshya6-jazz-body_and_soul body and soul 
LOG (lattice-best-path[5.1.32~1-34128]:main():lattice-best-path.cc:99) For utterance lakshya6-jazz-jazz, best cost 153.67 + 8928.51 = 9082.18 over 163 frames.
lakshya6-jazz-jazz jazz 
LOG (lattice-best-path[5.1.32~1-34128]:main():lattice-best-path.cc:99) For utterance lakshya6-jazz-misty, best cost 162.295 + 8948.65 = 9110.94 over 163 frames.
lakshya6-jazz-misty misty 
LOG (lattice-best-path[5.1.32~1-34128]:main():lattice-best-path.cc:99) For utterance lakshya6-jazz-my_funny_valentine, best cost 314.182 + 12522.8 = 12836.9 over 205 frames.
lakshya6-jazz-my_funny_valentine my funny valentine 
LOG (lattice-best-path[5.1.32~1-34128]:main():lattice-best-path.cc:99) For utterance lakshya6-jazz-sing_sing_sing, best cost 300.167 + 10284.9 = 10585.1 over 179 frames.
lakshya6-jazz-sing_sing_sing sing sing sing 
LOG (lattice-best-path[5.1.32~1-34128]:main():lattice-best-path.cc:99) For utterance lakshya6-jazz-sophisticated_lady, best cost 258.204 + 13698.3 = 13956.5 over 226 frames.
lakshya6-jazz-sophisticated_lady sophisticated lady 
LOG (lattice-best-path[5.1.32~1-34128]:main():lattice-best-path.cc:99) For utterance lakshya6-jazz-strange_fruit, best cost 198.402 + 11476.2 = 11674.6 over 181 frames.
lakshya6-jazz-strange_fruit strange fruit 
LOG (lattice-best-path[5.1.32~1-34128]:main():lattice-best-path.cc:99) For utterance lakshya6-jazz-take_five, best cost 231.608 + 9445.44 = 9677.04 over 172 frames.
lakshya6-jazz-take_five take five 
LOG (lattice-best-path[5.1.32~1-34128]:main():lattice-best-path.cc:99) For utterance lakshya6-pop-cheap_thrills, best cost 232.369 + 10458.7 = 10691.1 over 174 frames.
lakshya6-pop-cheap_thrills cheap thrills 
LOG (lattice-best-path[5.1.32~1-34128]:main():lattice-best-path.cc:99) For utterance lakshya6-pop-fake_love, best cost 230.836 + 10399.1 = 10629.9 over 181 frames.
lakshya6-pop-fake_love fake love 
LOG (lattice-best-path[5.1.32~1-34128]:main():lattice-best-path.cc:99) For utterance lakshya6-pop-hey_jude, best cost 213.294 + 8970.67 = 9183.96 over 156 frames.
lakshya6-pop-hey_jude hey jude 
LOG (lattice-best-path[5.1.32~1-34128]:main():lattice-best-path.cc:99) For utterance lakshya6-pop-i_love_you, best cost 255.982 + 10304.9 = 10560.9 over 170 frames.
lakshya6-pop-i_love_you o love you 
LOG (lattice-best-path[5.1.32~1-34128]:main():lattice-best-path.cc:99) For utterance lakshya6-pop-photograph, best cost 155.125 + 12113.5 = 12268.7 over 191 frames.
lakshya6-pop-photograph photograph 
LOG (lattice-best-path[5.1.32~1-34128]:main():lattice-best-path.cc:99) For utterance lakshya6-pop-play_that_song, best cost 301.64 + 10762.4 = 11064 over 188 frames.
lakshya6-pop-play_that_song play shape song 
LOG (lattice-best-path[5.1.32~1-34128]:main():lattice-best-path.cc:99) For utterance lakshya6-pop-pop, best cost 158.666 + 8376.23 = 8534.89 over 154 frames.
lakshya6-pop-pop pop 
LOG (lattice-best-path[5.1.32~1-34128]:main():lattice-best-path.cc:99) For utterance lakshya6-pop-rockabye, best cost 162.659 + 9992.41 = 10155.1 over 179 frames.
lakshya6-pop-rockabye rockabye 
LOG (lattice-best-path[5.1.32~1-34128]:main():lattice-best-path.cc:99) For utterance lakshya6-pop-shape_of_you, best cost 285.005 + 11971.5 = 12256.5 over 226 frames.
lakshya6-pop-shape_of_you shape of you 
LOG (lattice-best-path[5.1.32~1-34128]:main():lattice-best-path.cc:99) For utterance lakshya6-pop-something_just_like_this, best cost 392.712 + 15557.4 = 15950.1 over 246 frames.
lakshya6-pop-something_just_like_this o just like this 
LOG (lattice-best-path[5.1.32~1-34128]:main():lattice-best-path.cc:99) For utterance lakshya6-rock-back_in_black, best cost 266.071 + 8603.17 = 8869.24 over 130 frames.
lakshya6-rock-back_in_black back in black 
LOG (lattice-best-path[5.1.32~1-34128]:main():lattice-best-path.cc:99) For utterance lakshya6-rock-born_to_be_wild, best cost 437.161 + 12916 = 13353.2 over 172 frames.
lakshya6-rock-born_to_be_wild born to my all wild 
LOG (lattice-best-path[5.1.32~1-34128]:main():lattice-best-path.cc:99) For utterance lakshya6-rock-free_bird, best cost 215.637 + 8834.9 = 9050.53 over 149 frames.
lakshya6-rock-free_bird free bird 
LOG (lattice-best-path[5.1.32~1-34128]:main():lattice-best-path.cc:99) For utterance lakshya6-rock-highway_to_hell, best cost 287.224 + 9709.94 = 9997.16 over 163 frames.
lakshya6-rock-highway_to_hell highway to hell 
LOG (lattice-best-path[5.1.32~1-34128]:main():lattice-best-path.cc:99) For utterance lakshya6-rock-hotel_california, best cost 232.537 + 11794.9 = 12027.4 over 184 frames.
lakshya6-rock-hotel_california hotel california 
LOG (lattice-best-path[5.1.32~1-34128]:main():lattice-best-path.cc:99) For utterance lakshya6-rock-purple_haze, best cost 232.389 + 10215.2 = 10447.6 over 181 frames.
lakshya6-rock-purple_haze purple haze 
LOG (lattice-best-path[5.1.32~1-34128]:main():lattice-best-path.cc:99) For utterance lakshya6-rock-rock, best cost 135.978 + 8750.01 = 8885.99 over 154 frames.
lakshya6-rock-rock rock 
LOG (lattice-best-path[5.1.32~1-34128]:main():lattice-best-path.cc:99) For utterance lakshya6-rock-smoke_on_the_water, best cost 367.039 + 11619.6 = 11986.7 over 205 frames.
lakshya6-rock-smoke_on_the_water o on the water 
LOG (lattice-best-path[5.1.32~1-34128]:main():lattice-best-path.cc:99) For utterance lakshya6-rock-stairway_to_heaven, best cost 320.841 + 16035.4 = 16356.2 over 172 frames.
lakshya6-rock-stairway_to_heaven take all on 
LOG (lattice-best-path[5.1.32~1-34128]:main():lattice-best-path.cc:99) For utterance lakshya6-rock-sweet_child_o_mine, best cost 372.28 + 13384.6 = 13756.9 over 209 frames.
lakshya6-rock-sweet_child_o_mine sweet child o mine 
LOG (lattice-best-path[5.1.32~1-34128]:main():lattice-best-path.cc:99) For utterance lakshya6-rock-welcome_to_the_jungle, best cost 294.803 + 12165 = 12459.8 over 184 frames.
lakshya6-rock-welcome_to_the_jungle to the jungle 
LOG (lattice-best-path[5.1.32~1-34128]:main():lattice-best-path.cc:99) For utterance srijay6-24, best cost 127.164 + 9497.8 = 9624.97 over 274 frames.
srijay6-24 genre 
LOG (lattice-best-path[5.1.32~1-34128]:main():lattice-best-path.cc:99) For utterance srijay6-25, best cost 127.687 + 9357.71 = 9485.4 over 325 frames.
srijay6-25 genre 
LOG (lattice-best-path[5.1.32~1-34128]:main():lattice-best-path.cc:99) For utterance srijay6-26, best cost 126.799 + 8776.12 = 8902.92 over 244 frames.
srijay6-26 genre 
LOG (lattice-best-path[5.1.32~1-34128]:main():lattice-best-path.cc:99) For utterance srijay6-27, best cost 136.852 + 14526.2 = 14663.1 over 323 frames.
srijay6-27 genre 
LOG (lattice-best-path[5.1.32~1-34128]:main():lattice-best-path.cc:99) For utterance srijay6-28, best cost 157.986 + 8712.51 = 8870.49 over 263 frames.
srijay6-28 genre 
LOG (lattice-best-path[5.1.32~1-34128]:main():lattice-best-path.cc:99) For utterance srijay6-indie_pop-bhool_ja, best cost 185.265 + 7574.42 = 7759.68 over 117 frames.
srijay6-indie_pop-bhool_ja bhool ja 
LOG (lattice-best-path[5.1.32~1-34128]:main():lattice-best-path.cc:99) For utterance srijay6-indie_pop-deewana_tera, best cost 217.952 + 8157.35 = 8375.3 over 117 frames.
srijay6-indie_pop-deewana_tera deewana tera 
LOG (lattice-best-path[5.1.32~1-34128]:main():lattice-best-path.cc:99) For utterance srijay6-indie_pop-indie_pop, best cost 213.487 + 7412.15 = 7625.64 over 117 frames.
srijay6-indie_pop-indie_pop indie pop 
LOG (lattice-best-path[5.1.32~1-34128]:main():lattice-best-path.cc:99) For utterance srijay6-indie_pop-kajra_re, best cost 209.561 + 7375.07 = 7584.63 over 117 frames.
srijay6-indie_pop-kajra_re kajra re 
LOG (lattice-best-path[5.1.32~1-34128]:main():lattice-best-path.cc:99) For utterance srijay6-indie_pop-o_piya, best cost 180.725 + 7390.25 = 7570.97 over 117 frames.
srijay6-indie_pop-o_piya o piya 
LOG (lattice-best-path[5.1.32~1-34128]:main():lattice-best-path.cc:99) For utterance srijay6-indie_pop-saathiya, best cost 135.482 + 7473.97 = 7609.45 over 117 frames.
srijay6-indie_pop-saathiya saathiya 
LOG (lattice-best-path[5.1.32~1-34128]:main():lattice-best-path.cc:99) For utterance srijay6-indie_pop-tanha_dil, best cost 214.166 + 7627.1 = 7841.27 over 117 frames.
srijay6-indie_pop-tanha_dil tanha dil 
LOG (lattice-best-path[5.1.32~1-34128]:main():lattice-best-path.cc:99) For utterance srijay6-indie_pop-tera_chehra, best cost 220.866 + 7861.55 = 8082.41 over 117 frames.
srijay6-indie_pop-tera_chehra tera chehra 
LOG (lattice-best-path[5.1.32~1-34128]:main():lattice-best-path.cc:99) For utterance srijay6-indie_pop-woh_chali_woh_chali, best cost 341.995 + 7764.86 = 8106.86 over 117 frames.
srijay6-indie_pop-woh_chali_woh_chali woh chali woh chali 
LOG (lattice-best-path[5.1.32~1-34128]:main():lattice-best-path.cc:99) For utterance srijay6-indie_pop-yaad_pia_ki, best cost 279.875 + 7871.76 = 8151.63 over 117 frames.
srijay6-indie_pop-yaad_pia_ki yaad pia ki 
LOG (lattice-best-path[5.1.32~1-34128]:main():lattice-best-path.cc:99) For utterance srijay6-indie_pop-yaaron, best cost 127.031 + 7322.8 = 7449.83 over 117 frames.
srijay6-indie_pop-yaaron yaaron 
LOG (lattice-best-path[5.1.32~1-34128]:main():lattice-best-path.cc:99) For utterance srijay6-jazz-all_of_me, best cost 268.032 + 7674.53 = 7942.56 over 117 frames.
srijay6-jazz-all_of_me all of me 
LOG (lattice-best-path[5.1.32~1-34128]:main():lattice-best-path.cc:99) For utterance srijay6-jazz-autumn_leaves, best cost 209.285 + 7297.76 = 7507.05 over 117 frames.
srijay6-jazz-autumn_leaves autumn leaves 
LOG (lattice-best-path[5.1.32~1-34128]:main():lattice-best-path.cc:99) For utterance srijay6-jazz-blue_monk, best cost 203.026 + 7440.64 = 7643.66 over 117 frames.
srijay6-jazz-blue_monk blue monk 
LOG (lattice-best-path[5.1.32~1-34128]:main():lattice-best-path.cc:99) For utterance srijay6-jazz-body_and_soul, best cost 285.532 + 7590.08 = 7875.61 over 117 frames.
srijay6-jazz-body_and_soul body and soul 
LOG (lattice-best-path[5.1.32~1-34128]:main():lattice-best-path.cc:99) For utterance srijay6-jazz-jazz, best cost 148.074 + 7450.7 = 7598.77 over 117 frames.
srijay6-jazz-jazz jazz 
LOG (lattice-best-path[5.1.32~1-34128]:main():lattice-best-path.cc:99) For utterance srijay6-jazz-misty, best cost 134.214 + 7481.8 = 7616.01 over 117 frames.
srijay6-jazz-misty misty 
LOG (lattice-best-path[5.1.32~1-34128]:main():lattice-best-path.cc:99) For utterance srijay6-jazz-my_funny_valentine, best cost 258.979 + 8024.08 = 8283.05 over 117 frames.
srijay6-jazz-my_funny_valentine my funny valentine 
LOG (lattice-best-path[5.1.32~1-34128]:main():lattice-best-path.cc:99) For utterance srijay6-jazz-sing_sing_sing, best cost 317.089 + 7359.98 = 7677.06 over 117 frames.
srijay6-jazz-sing_sing_sing sing sing sing 
LOG (lattice-best-path[5.1.32~1-34128]:main():lattice-best-path.cc:99) For utterance srijay6-jazz-sophisticated_lady, best cost 222.178 + 8708.26 = 8930.44 over 117 frames.
srijay6-jazz-sophisticated_lady sophisticated lady 
LOG (lattice-best-path[5.1.32~1-34128]:main():lattice-best-path.cc:99) For utterance srijay6-jazz-strange_fruit, best cost 194.991 + 7758.11 = 7953.1 over 117 frames.
srijay6-jazz-strange_fruit strange fruit 
LOG (lattice-best-path[5.1.32~1-34128]:main():lattice-best-path.cc:99) For utterance srijay6-jazz-take_five, best cost 217.434 + 7795.71 = 8013.15 over 117 frames.
srijay6-jazz-take_five take five 
LOG (lattice-best-path[5.1.32~1-34128]:main():lattice-best-path.cc:99) For utterance srijay6-pop-cheap_thrills, best cost 197.029 + 7982.84 = 8179.87 over 117 frames.
srijay6-pop-cheap_thrills cheap thrills 
LOG (lattice-best-path[5.1.32~1-34128]:main():lattice-best-path.cc:99) For utterance srijay6-pop-fake_love, best cost 195.766 + 7395.56 = 7591.33 over 117 frames.
srijay6-pop-fake_love fake love 
LOG (lattice-best-path[5.1.32~1-34128]:main():lattice-best-path.cc:99) For utterance srijay6-pop-hey_jude, best cost 196.435 + 7717.63 = 7914.07 over 117 frames.
srijay6-pop-hey_jude hey jude 
LOG (lattice-best-path[5.1.32~1-34128]:main():lattice-best-path.cc:99) For utterance srijay6-pop-i_love_you, best cost 263.433 + 9081.2 = 9344.63 over 117 frames.
srijay6-pop-i_love_you o love you 
LOG (lattice-best-path[5.1.32~1-34128]:main():lattice-best-path.cc:99) For utterance srijay6-pop-photograph, best cost 138.605 + 7551.35 = 7689.95 over 117 frames.
srijay6-pop-photograph photograph 
LOG (lattice-best-path[5.1.32~1-34128]:main():lattice-best-path.cc:99) For utterance srijay6-pop-play_that_song, best cost 278.881 + 7930.4 = 8209.28 over 117 frames.
srijay6-pop-play_that_song play shape song 
LOG (lattice-best-path[5.1.32~1-34128]:main():lattice-best-path.cc:99) For utterance srijay6-pop-pop, best cost 129.537 + 7172.17 = 7301.7 over 117 frames.
srijay6-pop-pop pop 
LOG (lattice-best-path[5.1.32~1-34128]:main():lattice-best-path.cc:99) For utterance srijay6-pop-rockabye, best cost 144.513 + 7308.32 = 7452.84 over 117 frames.
srijay6-pop-rockabye rockabye 
LOG (lattice-best-path[5.1.32~1-34128]:main():lattice-best-path.cc:99) For utterance srijay6-pop-shape_of_you, best cost 262.659 + 7146.28 = 7408.94 over 117 frames.
srijay6-pop-shape_of_you shape of you 
LOG (lattice-best-path[5.1.32~1-34128]:main():lattice-best-path.cc:99) For utterance srijay6-pop-something_just_like_this, best cost 328.834 + 8445.78 = 8774.62 over 117 frames.
srijay6-pop-something_just_like_this o just like this 
LOG (lattice-best-path[5.1.32~1-34128]:main():lattice-best-path.cc:99) For utterance srijay6-rock-back_in_black, best cost 296.034 + 8035.4 = 8331.44 over 117 frames.
srijay6-rock-back_in_black back in black 
LOG (lattice-best-path[5.1.32~1-34128]:main():lattice-best-path.cc:99) For utterance srijay6-rock-born_to_be_wild, best cost 237.617 + 10514.6 = 10752.2 over 117 frames.
srijay6-rock-born_to_be_wild born wild 
LOG (lattice-best-path[5.1.32~1-34128]:main():lattice-best-path.cc:99) For utterance srijay6-rock-free_bird, best cost 185.072 + 7051.44 = 7236.51 over 117 frames.
srijay6-rock-free_bird free bird 
LOG (lattice-best-path[5.1.32~1-34128]:main():lattice-best-path.cc:99) For utterance srijay6-rock-highway_to_hell, best cost 280.182 + 7945.17 = 8225.35 over 117 frames.
srijay6-rock-highway_to_hell highway to hell 
LOG (lattice-best-path[5.1.32~1-34128]:main():lattice-best-path.cc:99) For utterance srijay6-rock-hotel_california, best cost 211.147 + 8318.81 = 8529.95 over 117 frames.
srijay6-rock-hotel_california hotel california 
LOG (lattice-best-path[5.1.32~1-34128]:main():lattice-best-path.cc:99) For utterance srijay6-rock-purple_haze, best cost 195.672 + 7536.31 = 7731.98 over 117 frames.
srijay6-rock-purple_haze purple haze 
LOG (lattice-best-path[5.1.32~1-34128]:main():lattice-best-path.cc:99) For utterance srijay6-rock-rock, best cost 142.741 + 7396.46 = 7539.2 over 117 frames.
srijay6-rock-rock rock 
LOG (lattice-best-path[5.1.32~1-34128]:main():lattice-best-path.cc:99) For utterance srijay6-rock-smoke_on_the_water, best cost 212.102 + 8668.41 = 8880.52 over 117 frames.
srijay6-rock-smoke_on_the_water the water 
LOG (lattice-best-path[5.1.32~1-34128]:main():lattice-best-path.cc:99) For utterance srijay6-rock-stairway_to_heaven, best cost 346.345 + 11369.5 = 11715.9 over 117 frames.
srijay6-rock-stairway_to_heaven highway to my all 
LOG (lattice-best-path[5.1.32~1-34128]:main():lattice-best-path.cc:99) For utterance srijay6-rock-sweet_child_o_mine, best cost 344.625 + 8282.13 = 8626.75 over 117 frames.
srijay6-rock-sweet_child_o_mine sweet child o mine 
LOG (lattice-best-path[5.1.32~1-34128]:main():lattice-best-path.cc:99) For utterance srijay6-rock-welcome_to_the_jungle, best cost 324.048 + 10189.5 = 10513.5 over 117 frames.
srijay6-rock-welcome_to_the_jungle back the jungle 
LOG (lattice-best-path[5.1.32~1-34128]:main():lattice-best-path.cc:124) Overall cost per frame is 59.3499 = 1.4202 [graph] + 57.9297 [acoustic] over 15422 frames.
LOG (lattice-best-path[5.1.32~1-34128]:main():lattice-best-path.cc:128) Done 96 lattices, failed for 0
# Accounting: time=0 threads=1
# Ended (code 0) at Sun Apr 30 14:00:49 IST 2017, elapsed time 0 seconds
